2020-09-29 11:50:52.740 [main] INFO  org.springframework.boot.test.context.SpringBootTestContextBootstrapper - Neither @ContextConfiguration nor @ContextHierarchy found for test class [com.safe.campus.SafeCampusApplicationTests], using SpringBootContextLoader
2020-09-29 11:50:52.781 [main] INFO  org.springframework.test.context.support.AbstractContextLoader - Could not detect default resource locations for test class [com.safe.campus.SafeCampusApplicationTests]: no resource found for suffixes {-context.xml, Context.groovy}.
2020-09-29 11:50:52.789 [main] INFO  org.springframework.test.context.support.AnnotationConfigContextLoaderUtils - Could not detect default configuration classes for test class [com.safe.campus.SafeCampusApplicationTests]: SafeCampusApplicationTests does not declare any static, non-private, non-final, nested classes annotated with @Configuration.
2020-09-29 11:50:53.256 [main] INFO  org.springframework.boot.test.context.SpringBootTestContextBootstrapper - Found @SpringBootConfiguration com.safe.campus.SafeCampusApplication for test class com.safe.campus.SafeCampusApplicationTests
2020-09-29 11:50:53.954 [main] INFO  org.springframework.boot.test.context.SpringBootTestContextBootstrapper - Loaded default TestExecutionListener class names from location [META-INF/spring.factories]: [org.springframework.test.context.web.ServletTestExecutionListener, org.springframework.test.context.support.DirtiesContextBeforeModesTestExecutionListener, org.springframework.test.context.support.DependencyInjectionTestExecutionListener, org.springframework.test.context.support.DirtiesContextTestExecutionListener, org.springframework.test.context.transaction.TransactionalTestExecutionListener, org.springframework.test.context.jdbc.SqlScriptsTestExecutionListener, org.springframework.test.context.event.EventPublishingTestExecutionListener, org.springframework.boot.test.mock.mockito.MockitoTestExecutionListener, org.springframework.boot.test.mock.mockito.ResetMocksTestExecutionListener, org.springframework.boot.test.autoconfigure.restdocs.RestDocsTestExecutionListener, org.springframework.boot.test.autoconfigure.web.client.MockRestServiceServerResetTestExecutionListener, org.springframework.boot.test.autoconfigure.web.servlet.MockMvcPrintOnlyOnFailureTestExecutionListener, org.springframework.boot.test.autoconfigure.web.servlet.WebDriverTestExecutionListener]
2020-09-29 11:50:54.035 [main] INFO  org.springframework.boot.test.context.SpringBootTestContextBootstrapper - Using TestExecutionListeners: [org.springframework.test.context.web.ServletTestExecutionListener@704deff2, org.springframework.test.context.support.DirtiesContextBeforeModesTestExecutionListener@379614be, org.springframework.boot.test.mock.mockito.MockitoTestExecutionListener@404bbcbd, org.springframework.boot.test.autoconfigure.SpringBootDependencyInjectionTestExecutionListener@1e81f160, org.springframework.test.context.support.DirtiesContextTestExecutionListener@1acaf3d, org.springframework.test.context.transaction.TransactionalTestExecutionListener@6986852, org.springframework.test.context.jdbc.SqlScriptsTestExecutionListener@1bab8268, org.springframework.test.context.event.EventPublishingTestExecutionListener@a307a8c, org.springframework.boot.test.mock.mockito.ResetMocksTestExecutionListener@6e01f9b0, org.springframework.boot.test.autoconfigure.restdocs.RestDocsTestExecutionListener@2b9ed6da, org.springframework.boot.test.autoconfigure.web.client.MockRestServiceServerResetTestExecutionListener@6c61a903, org.springframework.boot.test.autoconfigure.web.servlet.MockMvcPrintOnlyOnFailureTestExecutionListener@658c5a19, org.springframework.boot.test.autoconfigure.web.servlet.WebDriverTestExecutionListener@421e361]
2020-09-29 11:50:58.676 [main] INFO  org.springframework.context.support.PostProcessorRegistrationDelegate$BeanPostProcessorChecker - Bean 'configurationPropertiesRebinderAutoConfiguration' of type [org.springframework.cloud.autoconfigure.ConfigurationPropertiesRebinderAutoConfiguration$$EnhancerBySpringCGLIB$$dbe937b5] is not eligible for getting processed by all BeanPostProcessors (for example: not eligible for auto-proxying)
2020-09-29 11:51:01.122 [main] INFO  com.safe.campus.SafeCampusApplicationTests - The following profiles are active: dev
2020-09-29 11:51:03.912 [main] INFO  org.springframework.data.repository.config.RepositoryConfigurationDelegate - Multiple Spring Data modules found, entering strict repository configuration mode!
2020-09-29 11:51:03.917 [main] INFO  org.springframework.data.repository.config.RepositoryConfigurationDelegate - Bootstrapping Spring Data Redis repositories in DEFAULT mode.
2020-09-29 11:51:04.029 [main] INFO  org.springframework.data.repository.config.RepositoryConfigurationDelegate - Finished Spring Data repository scanning in 89ms. Found 0 Redis repository interfaces.
2020-09-29 11:51:04.725 [main] INFO  org.springframework.cloud.context.scope.GenericScope - BeanFactory id=ecf7aa0f-c382-363c-8a3a-99099e5f7d85
2020-09-29 11:51:05.436 [main] INFO  org.springframework.context.support.PostProcessorRegistrationDelegate$BeanPostProcessorChecker - Bean 'org.springframework.transaction.annotation.ProxyTransactionManagementConfiguration' of type [org.springframework.transaction.annotation.ProxyTransactionManagementConfiguration] is not eligible for getting processed by all BeanPostProcessors (for example: not eligible for auto-proxying)
2020-09-29 11:51:05.939 [main] INFO  org.springframework.context.support.PostProcessorRegistrationDelegate$BeanPostProcessorChecker - Bean 'org.springframework.cloud.autoconfigure.ConfigurationPropertiesRebinderAutoConfiguration' of type [org.springframework.cloud.autoconfigure.ConfigurationPropertiesRebinderAutoConfiguration$$EnhancerBySpringCGLIB$$dbe937b5] is not eligible for getting processed by all BeanPostProcessors (for example: not eligible for auto-proxying)
2020-09-29 11:51:06.082 [main] INFO  com.alibaba.druid.spring.boot.autoconfigure.DruidDataSourceAutoConfigure - Init DruidDataSource
2020-09-29 11:51:10.571 [main] INFO  com.alibaba.druid.pool.DruidDataSource - {dataSource-1} inited
2020-09-29 11:51:10.707 [main] INFO  org.springframework.scheduling.concurrent.ThreadPoolTaskExecutor - Initializing ExecutorService 'applicationTaskExecutor'
2020-09-29 11:51:17.720 [main] INFO  springfox.documentation.spring.web.PropertySourcedRequestMappingHandlerMapping - Mapped URL path [/v2/api-docs] onto method [springfox.documentation.swagger2.web.Swagger2Controller#getDocumentation(String, HttpServletRequest)]
2020-09-29 11:51:26.208 [main] INFO  org.springframework.cloud.commons.util.InetUtils - Cannot determine local hostname
2020-09-29 11:51:26.390 [main] INFO  springfox.documentation.spring.web.plugins.DocumentationPluginsBootstrapper - Context refreshed
2020-09-29 11:51:26.532 [main] INFO  springfox.documentation.spring.web.plugins.DocumentationPluginsBootstrapper - Found 1 custom documentation plugin(s)
2020-09-29 11:51:26.671 [main] INFO  springfox.documentation.spring.web.scanners.ApiListingReferenceScanner - Scanning for api listing references
2020-09-29 11:51:27.630 [main] INFO  springfox.documentation.spring.web.readers.operation.CachingOperationNameGenerator - Generating unique operation named: listTeachersUsingGET_1
2020-09-29 11:51:28.734 [main] INFO  com.safe.campus.SafeCampusApplicationTests - Started SafeCampusApplicationTests in 34.605 seconds (JVM running for 38.657)
2020-09-29 11:51:29.636 [SpringContextShutdownHook] INFO  org.springframework.scheduling.concurrent.ThreadPoolTaskExecutor - Shutting down ExecutorService 'applicationTaskExecutor'
2020-09-29 11:51:29.670 [SpringContextShutdownHook] INFO  com.alibaba.druid.pool.DruidDataSource - {dataSource-1} closed
