2020-09-23 10:57:15.230 [main] INFO  org.springframework.boot.test.context.SpringBootTestContextBootstrapper - Neither @ContextConfiguration nor @ContextHierarchy found for test class [com.safe.campus.SafeCampusApplicationTests], using SpringBootContextLoader
2020-09-23 10:57:15.246 [main] INFO  org.springframework.test.context.support.AbstractContextLoader - Could not detect default resource locations for test class [com.safe.campus.SafeCampusApplicationTests]: no resource found for suffixes {-context.xml, Context.groovy}.
2020-09-23 10:57:15.248 [main] INFO  org.springframework.test.context.support.AnnotationConfigContextLoaderUtils - Could not detect default configuration classes for test class [com.safe.campus.SafeCampusApplicationTests]: SafeCampusApplicationTests does not declare any static, non-private, non-final, nested classes annotated with @Configuration.
2020-09-23 10:57:15.547 [main] INFO  org.springframework.boot.test.context.SpringBootTestContextBootstrapper - Found @SpringBootConfiguration com.safe.campus.SafeCampusApplication for test class com.safe.campus.SafeCampusApplicationTests
2020-09-23 10:57:15.730 [main] INFO  org.springframework.boot.test.context.SpringBootTestContextBootstrapper - Loaded default TestExecutionListener class names from location [META-INF/spring.factories]: [org.springframework.test.context.web.ServletTestExecutionListener, org.springframework.test.context.support.DirtiesContextBeforeModesTestExecutionListener, org.springframework.test.context.support.DependencyInjectionTestExecutionListener, org.springframework.test.context.support.DirtiesContextTestExecutionListener, org.springframework.test.context.transaction.TransactionalTestExecutionListener, org.springframework.test.context.jdbc.SqlScriptsTestExecutionListener, org.springframework.test.context.event.EventPublishingTestExecutionListener, org.springframework.boot.test.mock.mockito.MockitoTestExecutionListener, org.springframework.boot.test.mock.mockito.ResetMocksTestExecutionListener, org.springframework.boot.test.autoconfigure.restdocs.RestDocsTestExecutionListener, org.springframework.boot.test.autoconfigure.web.client.MockRestServiceServerResetTestExecutionListener, org.springframework.boot.test.autoconfigure.web.servlet.MockMvcPrintOnlyOnFailureTestExecutionListener, org.springframework.boot.test.autoconfigure.web.servlet.WebDriverTestExecutionListener]
2020-09-23 10:57:15.764 [main] INFO  org.springframework.boot.test.context.SpringBootTestContextBootstrapper - Using TestExecutionListeners: [org.springframework.test.context.web.ServletTestExecutionListener@704deff2, org.springframework.test.context.support.DirtiesContextBeforeModesTestExecutionListener@379614be, org.springframework.boot.test.mock.mockito.MockitoTestExecutionListener@404bbcbd, org.springframework.boot.test.autoconfigure.SpringBootDependencyInjectionTestExecutionListener@1e81f160, org.springframework.test.context.support.DirtiesContextTestExecutionListener@1acaf3d, org.springframework.test.context.transaction.TransactionalTestExecutionListener@6986852, org.springframework.test.context.jdbc.SqlScriptsTestExecutionListener@1bab8268, org.springframework.test.context.event.EventPublishingTestExecutionListener@a307a8c, org.springframework.boot.test.mock.mockito.ResetMocksTestExecutionListener@6e01f9b0, org.springframework.boot.test.autoconfigure.restdocs.RestDocsTestExecutionListener@2b9ed6da, org.springframework.boot.test.autoconfigure.web.client.MockRestServiceServerResetTestExecutionListener@6c61a903, org.springframework.boot.test.autoconfigure.web.servlet.MockMvcPrintOnlyOnFailureTestExecutionListener@658c5a19, org.springframework.boot.test.autoconfigure.web.servlet.WebDriverTestExecutionListener@421e361]
2020-09-23 10:57:18.623 [main] INFO  org.springframework.context.support.PostProcessorRegistrationDelegate$BeanPostProcessorChecker - Bean 'configurationPropertiesRebinderAutoConfiguration' of type [org.springframework.cloud.autoconfigure.ConfigurationPropertiesRebinderAutoConfiguration$$EnhancerBySpringCGLIB$$1d06f913] is not eligible for getting processed by all BeanPostProcessors (for example: not eligible for auto-proxying)
2020-09-23 10:57:20.666 [main] INFO  com.safe.campus.SafeCampusApplicationTests - The following profiles are active: dev
2020-09-23 10:57:22.661 [main] INFO  org.springframework.data.repository.config.RepositoryConfigurationDelegate - Multiple Spring Data modules found, entering strict repository configuration mode!
2020-09-23 10:57:22.667 [main] INFO  org.springframework.data.repository.config.RepositoryConfigurationDelegate - Bootstrapping Spring Data Redis repositories in DEFAULT mode.
2020-09-23 10:57:22.786 [main] INFO  org.springframework.data.repository.config.RepositoryConfigurationDelegate - Finished Spring Data repository scanning in 93ms. Found 0 Redis repository interfaces.
2020-09-23 10:57:23.588 [main] INFO  org.springframework.cloud.context.scope.GenericScope - BeanFactory id=ecf7aa0f-c382-363c-8a3a-99099e5f7d85
2020-09-23 10:57:24.448 [main] INFO  org.springframework.context.support.PostProcessorRegistrationDelegate$BeanPostProcessorChecker - Bean 'org.springframework.transaction.annotation.ProxyTransactionManagementConfiguration' of type [org.springframework.transaction.annotation.ProxyTransactionManagementConfiguration] is not eligible for getting processed by all BeanPostProcessors (for example: not eligible for auto-proxying)
2020-09-23 10:57:24.906 [main] INFO  org.springframework.context.support.PostProcessorRegistrationDelegate$BeanPostProcessorChecker - Bean 'org.springframework.cloud.autoconfigure.ConfigurationPropertiesRebinderAutoConfiguration' of type [org.springframework.cloud.autoconfigure.ConfigurationPropertiesRebinderAutoConfiguration$$EnhancerBySpringCGLIB$$1d06f913] is not eligible for getting processed by all BeanPostProcessors (for example: not eligible for auto-proxying)
2020-09-23 10:57:25.021 [main] INFO  com.alibaba.druid.spring.boot.autoconfigure.DruidDataSourceAutoConfigure - Init DruidDataSource
2020-09-23 10:57:29.734 [main] INFO  com.alibaba.druid.pool.DruidDataSource - {dataSource-1} inited
2020-09-23 10:57:29.814 [main] INFO  org.springframework.scheduling.concurrent.ThreadPoolTaskExecutor - Initializing ExecutorService 'applicationTaskExecutor'
2020-09-23 10:57:34.477 [main] INFO  springfox.documentation.spring.web.PropertySourcedRequestMappingHandlerMapping - Mapped URL path [/v2/api-docs] onto method [springfox.documentation.swagger2.web.Swagger2Controller#getDocumentation(String, HttpServletRequest)]
2020-09-23 10:57:38.583 [main] INFO  org.springframework.cloud.commons.util.InetUtils - Cannot determine local hostname
2020-09-23 10:57:38.812 [main] INFO  springfox.documentation.spring.web.plugins.DocumentationPluginsBootstrapper - Context refreshed
2020-09-23 10:57:38.845 [main] INFO  springfox.documentation.spring.web.plugins.DocumentationPluginsBootstrapper - Found 1 custom documentation plugin(s)
2020-09-23 10:57:38.906 [main] INFO  springfox.documentation.spring.web.scanners.ApiListingReferenceScanner - Scanning for api listing references
2020-09-23 10:57:39.471 [main] INFO  springfox.documentation.spring.web.readers.operation.CachingOperationNameGenerator - Generating unique operation named: listTeachersUsingGET_1
2020-09-23 10:57:40.087 [main] INFO  com.safe.campus.SafeCampusApplicationTests - Started SafeCampusApplicationTests in 24.242 seconds (JVM running for 26.331)
2020-09-23 10:57:40.771 [SpringContextShutdownHook] INFO  org.springframework.scheduling.concurrent.ThreadPoolTaskExecutor - Shutting down ExecutorService 'applicationTaskExecutor'
2020-09-23 10:57:40.798 [SpringContextShutdownHook] INFO  com.alibaba.druid.pool.DruidDataSource - {dataSource-1} closed
2020-09-23 11:23:20.280 [main] INFO  org.springframework.boot.test.context.SpringBootTestContextBootstrapper - Neither @ContextConfiguration nor @ContextHierarchy found for test class [com.safe.campus.SafeCampusApplicationTests], using SpringBootContextLoader
2020-09-23 11:23:20.324 [main] INFO  org.springframework.test.context.support.AbstractContextLoader - Could not detect default resource locations for test class [com.safe.campus.SafeCampusApplicationTests]: no resource found for suffixes {-context.xml, Context.groovy}.
2020-09-23 11:23:20.325 [main] INFO  org.springframework.test.context.support.AnnotationConfigContextLoaderUtils - Could not detect default configuration classes for test class [com.safe.campus.SafeCampusApplicationTests]: SafeCampusApplicationTests does not declare any static, non-private, non-final, nested classes annotated with @Configuration.
2020-09-23 11:23:20.700 [main] INFO  org.springframework.boot.test.context.SpringBootTestContextBootstrapper - Found @SpringBootConfiguration com.safe.campus.SafeCampusApplication for test class com.safe.campus.SafeCampusApplicationTests
2020-09-23 11:23:20.962 [main] INFO  org.springframework.boot.test.context.SpringBootTestContextBootstrapper - Loaded default TestExecutionListener class names from location [META-INF/spring.factories]: [org.springframework.test.context.web.ServletTestExecutionListener, org.springframework.test.context.support.DirtiesContextBeforeModesTestExecutionListener, org.springframework.test.context.support.DependencyInjectionTestExecutionListener, org.springframework.test.context.support.DirtiesContextTestExecutionListener, org.springframework.test.context.transaction.TransactionalTestExecutionListener, org.springframework.test.context.jdbc.SqlScriptsTestExecutionListener, org.springframework.test.context.event.EventPublishingTestExecutionListener, org.springframework.boot.test.mock.mockito.MockitoTestExecutionListener, org.springframework.boot.test.mock.mockito.ResetMocksTestExecutionListener, org.springframework.boot.test.autoconfigure.restdocs.RestDocsTestExecutionListener, org.springframework.boot.test.autoconfigure.web.client.MockRestServiceServerResetTestExecutionListener, org.springframework.boot.test.autoconfigure.web.servlet.MockMvcPrintOnlyOnFailureTestExecutionListener, org.springframework.boot.test.autoconfigure.web.servlet.WebDriverTestExecutionListener]
2020-09-23 11:23:21.026 [main] INFO  org.springframework.boot.test.context.SpringBootTestContextBootstrapper - Using TestExecutionListeners: [org.springframework.test.context.web.ServletTestExecutionListener@704deff2, org.springframework.test.context.support.DirtiesContextBeforeModesTestExecutionListener@379614be, org.springframework.boot.test.mock.mockito.MockitoTestExecutionListener@404bbcbd, org.springframework.boot.test.autoconfigure.SpringBootDependencyInjectionTestExecutionListener@1e81f160, org.springframework.test.context.support.DirtiesContextTestExecutionListener@1acaf3d, org.springframework.test.context.transaction.TransactionalTestExecutionListener@6986852, org.springframework.test.context.jdbc.SqlScriptsTestExecutionListener@1bab8268, org.springframework.test.context.event.EventPublishingTestExecutionListener@a307a8c, org.springframework.boot.test.mock.mockito.ResetMocksTestExecutionListener@6e01f9b0, org.springframework.boot.test.autoconfigure.restdocs.RestDocsTestExecutionListener@2b9ed6da, org.springframework.boot.test.autoconfigure.web.client.MockRestServiceServerResetTestExecutionListener@6c61a903, org.springframework.boot.test.autoconfigure.web.servlet.MockMvcPrintOnlyOnFailureTestExecutionListener@658c5a19, org.springframework.boot.test.autoconfigure.web.servlet.WebDriverTestExecutionListener@421e361]
2020-09-23 11:23:24.324 [main] INFO  org.springframework.context.support.PostProcessorRegistrationDelegate$BeanPostProcessorChecker - Bean 'configurationPropertiesRebinderAutoConfiguration' of type [org.springframework.cloud.autoconfigure.ConfigurationPropertiesRebinderAutoConfiguration$$EnhancerBySpringCGLIB$$1d06f913] is not eligible for getting processed by all BeanPostProcessors (for example: not eligible for auto-proxying)
2020-09-23 11:23:26.222 [main] INFO  com.safe.campus.SafeCampusApplicationTests - The following profiles are active: dev
2020-09-23 11:23:28.388 [main] INFO  org.springframework.data.repository.config.RepositoryConfigurationDelegate - Multiple Spring Data modules found, entering strict repository configuration mode!
2020-09-23 11:23:28.392 [main] INFO  org.springframework.data.repository.config.RepositoryConfigurationDelegate - Bootstrapping Spring Data Redis repositories in DEFAULT mode.
2020-09-23 11:23:28.510 [main] INFO  org.springframework.data.repository.config.RepositoryConfigurationDelegate - Finished Spring Data repository scanning in 94ms. Found 0 Redis repository interfaces.
2020-09-23 11:23:29.071 [main] INFO  org.springframework.cloud.context.scope.GenericScope - BeanFactory id=ecf7aa0f-c382-363c-8a3a-99099e5f7d85
2020-09-23 11:23:29.676 [main] INFO  org.springframework.context.support.PostProcessorRegistrationDelegate$BeanPostProcessorChecker - Bean 'org.springframework.transaction.annotation.ProxyTransactionManagementConfiguration' of type [org.springframework.transaction.annotation.ProxyTransactionManagementConfiguration] is not eligible for getting processed by all BeanPostProcessors (for example: not eligible for auto-proxying)
2020-09-23 11:23:30.042 [main] INFO  org.springframework.context.support.PostProcessorRegistrationDelegate$BeanPostProcessorChecker - Bean 'org.springframework.cloud.autoconfigure.ConfigurationPropertiesRebinderAutoConfiguration' of type [org.springframework.cloud.autoconfigure.ConfigurationPropertiesRebinderAutoConfiguration$$EnhancerBySpringCGLIB$$1d06f913] is not eligible for getting processed by all BeanPostProcessors (for example: not eligible for auto-proxying)
2020-09-23 11:23:30.132 [main] INFO  com.alibaba.druid.spring.boot.autoconfigure.DruidDataSourceAutoConfigure - Init DruidDataSource
2020-09-23 11:23:34.496 [main] INFO  com.alibaba.druid.pool.DruidDataSource - {dataSource-1} inited
2020-09-23 11:23:34.583 [main] INFO  org.springframework.scheduling.concurrent.ThreadPoolTaskExecutor - Initializing ExecutorService 'applicationTaskExecutor'
2020-09-23 11:23:39.358 [main] INFO  springfox.documentation.spring.web.PropertySourcedRequestMappingHandlerMapping - Mapped URL path [/v2/api-docs] onto method [springfox.documentation.swagger2.web.Swagger2Controller#getDocumentation(String, HttpServletRequest)]
2020-09-23 11:23:43.569 [main] INFO  org.springframework.cloud.commons.util.InetUtils - Cannot determine local hostname
2020-09-23 11:23:43.692 [main] INFO  springfox.documentation.spring.web.plugins.DocumentationPluginsBootstrapper - Context refreshed
2020-09-23 11:23:43.726 [main] INFO  springfox.documentation.spring.web.plugins.DocumentationPluginsBootstrapper - Found 1 custom documentation plugin(s)
2020-09-23 11:23:43.809 [main] INFO  springfox.documentation.spring.web.scanners.ApiListingReferenceScanner - Scanning for api listing references
2020-09-23 11:23:44.469 [main] INFO  springfox.documentation.spring.web.readers.operation.CachingOperationNameGenerator - Generating unique operation named: listTeachersUsingGET_1
2020-09-23 11:23:45.087 [main] INFO  com.safe.campus.SafeCampusApplicationTests - Started SafeCampusApplicationTests in 23.988 seconds (JVM running for 26.769)
2020-09-23 11:23:45.503 [SpringContextShutdownHook] INFO  org.springframework.scheduling.concurrent.ThreadPoolTaskExecutor - Shutting down ExecutorService 'applicationTaskExecutor'
2020-09-23 11:23:45.516 [SpringContextShutdownHook] INFO  com.alibaba.druid.pool.DruidDataSource - {dataSource-1} closed
2020-09-23 11:44:15.453 [main] INFO  org.springframework.boot.test.context.SpringBootTestContextBootstrapper - Neither @ContextConfiguration nor @ContextHierarchy found for test class [com.safe.campus.SafeCampusApplicationTests], using SpringBootContextLoader
2020-09-23 11:44:15.471 [main] INFO  org.springframework.test.context.support.AbstractContextLoader - Could not detect default resource locations for test class [com.safe.campus.SafeCampusApplicationTests]: no resource found for suffixes {-context.xml, Context.groovy}.
2020-09-23 11:44:15.476 [main] INFO  org.springframework.test.context.support.AnnotationConfigContextLoaderUtils - Could not detect default configuration classes for test class [com.safe.campus.SafeCampusApplicationTests]: SafeCampusApplicationTests does not declare any static, non-private, non-final, nested classes annotated with @Configuration.
2020-09-23 11:44:15.768 [main] INFO  org.springframework.boot.test.context.SpringBootTestContextBootstrapper - Found @SpringBootConfiguration com.safe.campus.SafeCampusApplication for test class com.safe.campus.SafeCampusApplicationTests
2020-09-23 11:44:15.938 [main] INFO  org.springframework.boot.test.context.SpringBootTestContextBootstrapper - Loaded default TestExecutionListener class names from location [META-INF/spring.factories]: [org.springframework.test.context.web.ServletTestExecutionListener, org.springframework.test.context.support.DirtiesContextBeforeModesTestExecutionListener, org.springframework.test.context.support.DependencyInjectionTestExecutionListener, org.springframework.test.context.support.DirtiesContextTestExecutionListener, org.springframework.test.context.transaction.TransactionalTestExecutionListener, org.springframework.test.context.jdbc.SqlScriptsTestExecutionListener, org.springframework.test.context.event.EventPublishingTestExecutionListener, org.springframework.boot.test.mock.mockito.MockitoTestExecutionListener, org.springframework.boot.test.mock.mockito.ResetMocksTestExecutionListener, org.springframework.boot.test.autoconfigure.restdocs.RestDocsTestExecutionListener, org.springframework.boot.test.autoconfigure.web.client.MockRestServiceServerResetTestExecutionListener, org.springframework.boot.test.autoconfigure.web.servlet.MockMvcPrintOnlyOnFailureTestExecutionListener, org.springframework.boot.test.autoconfigure.web.servlet.WebDriverTestExecutionListener]
2020-09-23 11:44:15.963 [main] INFO  org.springframework.boot.test.context.SpringBootTestContextBootstrapper - Using TestExecutionListeners: [org.springframework.test.context.web.ServletTestExecutionListener@704deff2, org.springframework.test.context.support.DirtiesContextBeforeModesTestExecutionListener@379614be, org.springframework.boot.test.mock.mockito.MockitoTestExecutionListener@404bbcbd, org.springframework.boot.test.autoconfigure.SpringBootDependencyInjectionTestExecutionListener@1e81f160, org.springframework.test.context.support.DirtiesContextTestExecutionListener@1acaf3d, org.springframework.test.context.transaction.TransactionalTestExecutionListener@6986852, org.springframework.test.context.jdbc.SqlScriptsTestExecutionListener@1bab8268, org.springframework.test.context.event.EventPublishingTestExecutionListener@a307a8c, org.springframework.boot.test.mock.mockito.ResetMocksTestExecutionListener@6e01f9b0, org.springframework.boot.test.autoconfigure.restdocs.RestDocsTestExecutionListener@2b9ed6da, org.springframework.boot.test.autoconfigure.web.client.MockRestServiceServerResetTestExecutionListener@6c61a903, org.springframework.boot.test.autoconfigure.web.servlet.MockMvcPrintOnlyOnFailureTestExecutionListener@658c5a19, org.springframework.boot.test.autoconfigure.web.servlet.WebDriverTestExecutionListener@421e361]
2020-09-23 11:44:18.747 [main] INFO  org.springframework.context.support.PostProcessorRegistrationDelegate$BeanPostProcessorChecker - Bean 'configurationPropertiesRebinderAutoConfiguration' of type [org.springframework.cloud.autoconfigure.ConfigurationPropertiesRebinderAutoConfiguration$$EnhancerBySpringCGLIB$$dbe937b5] is not eligible for getting processed by all BeanPostProcessors (for example: not eligible for auto-proxying)
2020-09-23 11:44:20.773 [main] INFO  com.safe.campus.SafeCampusApplicationTests - The following profiles are active: dev
2020-09-23 11:44:22.789 [main] INFO  org.springframework.data.repository.config.RepositoryConfigurationDelegate - Multiple Spring Data modules found, entering strict repository configuration mode!
2020-09-23 11:44:22.796 [main] INFO  org.springframework.data.repository.config.RepositoryConfigurationDelegate - Bootstrapping Spring Data Redis repositories in DEFAULT mode.
2020-09-23 11:44:22.913 [main] INFO  org.springframework.data.repository.config.RepositoryConfigurationDelegate - Finished Spring Data repository scanning in 95ms. Found 0 Redis repository interfaces.
2020-09-23 11:44:23.516 [main] INFO  org.springframework.cloud.context.scope.GenericScope - BeanFactory id=ecf7aa0f-c382-363c-8a3a-99099e5f7d85
2020-09-23 11:44:24.054 [main] INFO  org.springframework.context.support.PostProcessorRegistrationDelegate$BeanPostProcessorChecker - Bean 'org.springframework.transaction.annotation.ProxyTransactionManagementConfiguration' of type [org.springframework.transaction.annotation.ProxyTransactionManagementConfiguration] is not eligible for getting processed by all BeanPostProcessors (for example: not eligible for auto-proxying)
2020-09-23 11:44:24.475 [main] INFO  org.springframework.context.support.PostProcessorRegistrationDelegate$BeanPostProcessorChecker - Bean 'org.springframework.cloud.autoconfigure.ConfigurationPropertiesRebinderAutoConfiguration' of type [org.springframework.cloud.autoconfigure.ConfigurationPropertiesRebinderAutoConfiguration$$EnhancerBySpringCGLIB$$dbe937b5] is not eligible for getting processed by all BeanPostProcessors (for example: not eligible for auto-proxying)
2020-09-23 11:44:24.580 [main] INFO  com.alibaba.druid.spring.boot.autoconfigure.DruidDataSourceAutoConfigure - Init DruidDataSource
2020-09-23 11:44:28.939 [main] INFO  com.alibaba.druid.pool.DruidDataSource - {dataSource-1} inited
2020-09-23 11:44:29.036 [main] INFO  org.springframework.scheduling.concurrent.ThreadPoolTaskExecutor - Initializing ExecutorService 'applicationTaskExecutor'
2020-09-23 11:44:33.952 [main] INFO  springfox.documentation.spring.web.PropertySourcedRequestMappingHandlerMapping - Mapped URL path [/v2/api-docs] onto method [springfox.documentation.swagger2.web.Swagger2Controller#getDocumentation(String, HttpServletRequest)]
2020-09-23 11:44:37.988 [main] INFO  org.springframework.cloud.commons.util.InetUtils - Cannot determine local hostname
2020-09-23 11:44:38.101 [main] INFO  springfox.documentation.spring.web.plugins.DocumentationPluginsBootstrapper - Context refreshed
2020-09-23 11:44:38.135 [main] INFO  springfox.documentation.spring.web.plugins.DocumentationPluginsBootstrapper - Found 1 custom documentation plugin(s)
2020-09-23 11:44:38.203 [main] INFO  springfox.documentation.spring.web.scanners.ApiListingReferenceScanner - Scanning for api listing references
2020-09-23 11:44:38.916 [main] INFO  springfox.documentation.spring.web.readers.operation.CachingOperationNameGenerator - Generating unique operation named: listTeachersUsingGET_1
2020-09-23 11:44:39.417 [main] INFO  com.safe.campus.SafeCampusApplicationTests - Started SafeCampusApplicationTests in 23.4 seconds (JVM running for 25.346)
2020-09-23 11:44:40.308 [SpringContextShutdownHook] INFO  org.springframework.scheduling.concurrent.ThreadPoolTaskExecutor - Shutting down ExecutorService 'applicationTaskExecutor'
2020-09-23 11:44:40.327 [SpringContextShutdownHook] INFO  com.alibaba.druid.pool.DruidDataSource - {dataSource-1} closed
2020-09-23 12:00:12.812 [main] INFO  org.springframework.boot.test.context.SpringBootTestContextBootstrapper - Neither @ContextConfiguration nor @ContextHierarchy found for test class [com.safe.campus.SafeCampusApplicationTests], using SpringBootContextLoader
2020-09-23 12:00:12.847 [main] INFO  org.springframework.test.context.support.AbstractContextLoader - Could not detect default resource locations for test class [com.safe.campus.SafeCampusApplicationTests]: no resource found for suffixes {-context.xml, Context.groovy}.
2020-09-23 12:00:12.860 [main] INFO  org.springframework.test.context.support.AnnotationConfigContextLoaderUtils - Could not detect default configuration classes for test class [com.safe.campus.SafeCampusApplicationTests]: SafeCampusApplicationTests does not declare any static, non-private, non-final, nested classes annotated with @Configuration.
2020-09-23 12:00:13.340 [main] INFO  org.springframework.boot.test.context.SpringBootTestContextBootstrapper - Found @SpringBootConfiguration com.safe.campus.SafeCampusApplication for test class com.safe.campus.SafeCampusApplicationTests
2020-09-23 12:00:14.289 [main] INFO  org.springframework.boot.test.context.SpringBootTestContextBootstrapper - Loaded default TestExecutionListener class names from location [META-INF/spring.factories]: [org.springframework.test.context.web.ServletTestExecutionListener, org.springframework.test.context.support.DirtiesContextBeforeModesTestExecutionListener, org.springframework.test.context.support.DependencyInjectionTestExecutionListener, org.springframework.test.context.support.DirtiesContextTestExecutionListener, org.springframework.test.context.transaction.TransactionalTestExecutionListener, org.springframework.test.context.jdbc.SqlScriptsTestExecutionListener, org.springframework.test.context.event.EventPublishingTestExecutionListener, org.springframework.boot.test.mock.mockito.MockitoTestExecutionListener, org.springframework.boot.test.mock.mockito.ResetMocksTestExecutionListener, org.springframework.boot.test.autoconfigure.restdocs.RestDocsTestExecutionListener, org.springframework.boot.test.autoconfigure.web.client.MockRestServiceServerResetTestExecutionListener, org.springframework.boot.test.autoconfigure.web.servlet.MockMvcPrintOnlyOnFailureTestExecutionListener, org.springframework.boot.test.autoconfigure.web.servlet.WebDriverTestExecutionListener]
2020-09-23 12:00:14.450 [main] INFO  org.springframework.boot.test.context.SpringBootTestContextBootstrapper - Using TestExecutionListeners: [org.springframework.test.context.web.ServletTestExecutionListener@704deff2, org.springframework.test.context.support.DirtiesContextBeforeModesTestExecutionListener@379614be, org.springframework.boot.test.mock.mockito.MockitoTestExecutionListener@404bbcbd, org.springframework.boot.test.autoconfigure.SpringBootDependencyInjectionTestExecutionListener@1e81f160, org.springframework.test.context.support.DirtiesContextTestExecutionListener@1acaf3d, org.springframework.test.context.transaction.TransactionalTestExecutionListener@6986852, org.springframework.test.context.jdbc.SqlScriptsTestExecutionListener@1bab8268, org.springframework.test.context.event.EventPublishingTestExecutionListener@a307a8c, org.springframework.boot.test.mock.mockito.ResetMocksTestExecutionListener@6e01f9b0, org.springframework.boot.test.autoconfigure.restdocs.RestDocsTestExecutionListener@2b9ed6da, org.springframework.boot.test.autoconfigure.web.client.MockRestServiceServerResetTestExecutionListener@6c61a903, org.springframework.boot.test.autoconfigure.web.servlet.MockMvcPrintOnlyOnFailureTestExecutionListener@658c5a19, org.springframework.boot.test.autoconfigure.web.servlet.WebDriverTestExecutionListener@421e361]
2020-09-23 12:00:17.577 [main] INFO  org.springframework.context.support.PostProcessorRegistrationDelegate$BeanPostProcessorChecker - Bean 'configurationPropertiesRebinderAutoConfiguration' of type [org.springframework.cloud.autoconfigure.ConfigurationPropertiesRebinderAutoConfiguration$$EnhancerBySpringCGLIB$$1d06f913] is not eligible for getting processed by all BeanPostProcessors (for example: not eligible for auto-proxying)
2020-09-23 12:00:19.587 [main] INFO  com.safe.campus.SafeCampusApplicationTests - The following profiles are active: dev
2020-09-23 12:00:21.687 [main] INFO  org.springframework.data.repository.config.RepositoryConfigurationDelegate - Multiple Spring Data modules found, entering strict repository configuration mode!
2020-09-23 12:00:21.693 [main] INFO  org.springframework.data.repository.config.RepositoryConfigurationDelegate - Bootstrapping Spring Data Redis repositories in DEFAULT mode.
2020-09-23 12:00:21.808 [main] INFO  org.springframework.data.repository.config.RepositoryConfigurationDelegate - Finished Spring Data repository scanning in 93ms. Found 0 Redis repository interfaces.
2020-09-23 12:00:22.351 [main] INFO  org.springframework.cloud.context.scope.GenericScope - BeanFactory id=ecf7aa0f-c382-363c-8a3a-99099e5f7d85
2020-09-23 12:00:23.023 [main] INFO  org.springframework.context.support.PostProcessorRegistrationDelegate$BeanPostProcessorChecker - Bean 'org.springframework.transaction.annotation.ProxyTransactionManagementConfiguration' of type [org.springframework.transaction.annotation.ProxyTransactionManagementConfiguration] is not eligible for getting processed by all BeanPostProcessors (for example: not eligible for auto-proxying)
2020-09-23 12:00:23.316 [main] INFO  org.springframework.context.support.PostProcessorRegistrationDelegate$BeanPostProcessorChecker - Bean 'org.springframework.cloud.autoconfigure.ConfigurationPropertiesRebinderAutoConfiguration' of type [org.springframework.cloud.autoconfigure.ConfigurationPropertiesRebinderAutoConfiguration$$EnhancerBySpringCGLIB$$1d06f913] is not eligible for getting processed by all BeanPostProcessors (for example: not eligible for auto-proxying)
2020-09-23 12:00:23.408 [main] INFO  com.alibaba.druid.spring.boot.autoconfigure.DruidDataSourceAutoConfigure - Init DruidDataSource
2020-09-23 12:00:27.776 [main] INFO  com.alibaba.druid.pool.DruidDataSource - {dataSource-1} inited
2020-09-23 12:00:27.868 [main] INFO  org.springframework.scheduling.concurrent.ThreadPoolTaskExecutor - Initializing ExecutorService 'applicationTaskExecutor'
2020-09-23 12:00:32.626 [main] INFO  springfox.documentation.spring.web.PropertySourcedRequestMappingHandlerMapping - Mapped URL path [/v2/api-docs] onto method [springfox.documentation.swagger2.web.Swagger2Controller#getDocumentation(String, HttpServletRequest)]
2020-09-23 12:00:36.921 [main] INFO  org.springframework.cloud.commons.util.InetUtils - Cannot determine local hostname
2020-09-23 12:00:37.035 [main] INFO  springfox.documentation.spring.web.plugins.DocumentationPluginsBootstrapper - Context refreshed
2020-09-23 12:00:37.078 [main] INFO  springfox.documentation.spring.web.plugins.DocumentationPluginsBootstrapper - Found 1 custom documentation plugin(s)
2020-09-23 12:00:37.158 [main] INFO  springfox.documentation.spring.web.scanners.ApiListingReferenceScanner - Scanning for api listing references
2020-09-23 12:00:37.696 [main] INFO  springfox.documentation.spring.web.readers.operation.CachingOperationNameGenerator - Generating unique operation named: listTeachersUsingGET_1
2020-09-23 12:00:38.346 [main] INFO  com.safe.campus.SafeCampusApplicationTests - Started SafeCampusApplicationTests in 23.768 seconds (JVM running for 28.909)
2020-09-23 12:00:38.872 [SpringContextShutdownHook] INFO  org.springframework.scheduling.concurrent.ThreadPoolTaskExecutor - Shutting down ExecutorService 'applicationTaskExecutor'
2020-09-23 12:00:38.893 [SpringContextShutdownHook] INFO  com.alibaba.druid.pool.DruidDataSource - {dataSource-1} closed
2020-09-23 13:43:47.733 [main] INFO  org.springframework.boot.test.context.SpringBootTestContextBootstrapper - Neither @ContextConfiguration nor @ContextHierarchy found for test class [com.safe.campus.SafeCampusApplicationTests], using SpringBootContextLoader
2020-09-23 13:43:47.744 [main] INFO  org.springframework.test.context.support.AbstractContextLoader - Could not detect default resource locations for test class [com.safe.campus.SafeCampusApplicationTests]: no resource found for suffixes {-context.xml, Context.groovy}.
2020-09-23 13:43:47.745 [main] INFO  org.springframework.test.context.support.AnnotationConfigContextLoaderUtils - Could not detect default configuration classes for test class [com.safe.campus.SafeCampusApplicationTests]: SafeCampusApplicationTests does not declare any static, non-private, non-final, nested classes annotated with @Configuration.
2020-09-23 13:43:48.040 [main] INFO  org.springframework.boot.test.context.SpringBootTestContextBootstrapper - Found @SpringBootConfiguration com.safe.campus.SafeCampusApplication for test class com.safe.campus.SafeCampusApplicationTests
2020-09-23 13:43:48.224 [main] INFO  org.springframework.boot.test.context.SpringBootTestContextBootstrapper - Loaded default TestExecutionListener class names from location [META-INF/spring.factories]: [org.springframework.test.context.web.ServletTestExecutionListener, org.springframework.test.context.support.DirtiesContextBeforeModesTestExecutionListener, org.springframework.test.context.support.DependencyInjectionTestExecutionListener, org.springframework.test.context.support.DirtiesContextTestExecutionListener, org.springframework.test.context.transaction.TransactionalTestExecutionListener, org.springframework.test.context.jdbc.SqlScriptsTestExecutionListener, org.springframework.test.context.event.EventPublishingTestExecutionListener, org.springframework.boot.test.mock.mockito.MockitoTestExecutionListener, org.springframework.boot.test.mock.mockito.ResetMocksTestExecutionListener, org.springframework.boot.test.autoconfigure.restdocs.RestDocsTestExecutionListener, org.springframework.boot.test.autoconfigure.web.client.MockRestServiceServerResetTestExecutionListener, org.springframework.boot.test.autoconfigure.web.servlet.MockMvcPrintOnlyOnFailureTestExecutionListener, org.springframework.boot.test.autoconfigure.web.servlet.WebDriverTestExecutionListener]
2020-09-23 13:43:48.266 [main] INFO  org.springframework.boot.test.context.SpringBootTestContextBootstrapper - Using TestExecutionListeners: [org.springframework.test.context.web.ServletTestExecutionListener@704deff2, org.springframework.test.context.support.DirtiesContextBeforeModesTestExecutionListener@379614be, org.springframework.boot.test.mock.mockito.MockitoTestExecutionListener@404bbcbd, org.springframework.boot.test.autoconfigure.SpringBootDependencyInjectionTestExecutionListener@1e81f160, org.springframework.test.context.support.DirtiesContextTestExecutionListener@1acaf3d, org.springframework.test.context.transaction.TransactionalTestExecutionListener@6986852, org.springframework.test.context.jdbc.SqlScriptsTestExecutionListener@1bab8268, org.springframework.test.context.event.EventPublishingTestExecutionListener@a307a8c, org.springframework.boot.test.mock.mockito.ResetMocksTestExecutionListener@6e01f9b0, org.springframework.boot.test.autoconfigure.restdocs.RestDocsTestExecutionListener@2b9ed6da, org.springframework.boot.test.autoconfigure.web.client.MockRestServiceServerResetTestExecutionListener@6c61a903, org.springframework.boot.test.autoconfigure.web.servlet.MockMvcPrintOnlyOnFailureTestExecutionListener@658c5a19, org.springframework.boot.test.autoconfigure.web.servlet.WebDriverTestExecutionListener@421e361]
2020-09-23 13:43:51.214 [main] INFO  org.springframework.context.support.PostProcessorRegistrationDelegate$BeanPostProcessorChecker - Bean 'configurationPropertiesRebinderAutoConfiguration' of type [org.springframework.cloud.autoconfigure.ConfigurationPropertiesRebinderAutoConfiguration$$EnhancerBySpringCGLIB$$1d06f913] is not eligible for getting processed by all BeanPostProcessors (for example: not eligible for auto-proxying)
2020-09-23 13:43:53.347 [main] INFO  com.safe.campus.SafeCampusApplicationTests - The following profiles are active: dev
2020-09-23 13:43:55.523 [main] INFO  org.springframework.data.repository.config.RepositoryConfigurationDelegate - Multiple Spring Data modules found, entering strict repository configuration mode!
2020-09-23 13:43:55.532 [main] INFO  org.springframework.data.repository.config.RepositoryConfigurationDelegate - Bootstrapping Spring Data Redis repositories in DEFAULT mode.
2020-09-23 13:43:55.710 [main] INFO  org.springframework.data.repository.config.RepositoryConfigurationDelegate - Finished Spring Data repository scanning in 144ms. Found 0 Redis repository interfaces.
2020-09-23 13:43:56.285 [main] INFO  org.springframework.cloud.context.scope.GenericScope - BeanFactory id=ecf7aa0f-c382-363c-8a3a-99099e5f7d85
2020-09-23 13:43:56.847 [main] INFO  org.springframework.context.support.PostProcessorRegistrationDelegate$BeanPostProcessorChecker - Bean 'org.springframework.transaction.annotation.ProxyTransactionManagementConfiguration' of type [org.springframework.transaction.annotation.ProxyTransactionManagementConfiguration] is not eligible for getting processed by all BeanPostProcessors (for example: not eligible for auto-proxying)
2020-09-23 13:43:57.348 [main] INFO  org.springframework.context.support.PostProcessorRegistrationDelegate$BeanPostProcessorChecker - Bean 'org.springframework.cloud.autoconfigure.ConfigurationPropertiesRebinderAutoConfiguration' of type [org.springframework.cloud.autoconfigure.ConfigurationPropertiesRebinderAutoConfiguration$$EnhancerBySpringCGLIB$$1d06f913] is not eligible for getting processed by all BeanPostProcessors (for example: not eligible for auto-proxying)
2020-09-23 13:43:57.478 [main] INFO  com.alibaba.druid.spring.boot.autoconfigure.DruidDataSourceAutoConfigure - Init DruidDataSource
2020-09-23 13:44:01.880 [main] INFO  com.alibaba.druid.pool.DruidDataSource - {dataSource-1} inited
2020-09-23 13:44:01.969 [main] INFO  org.springframework.scheduling.concurrent.ThreadPoolTaskExecutor - Initializing ExecutorService 'applicationTaskExecutor'
2020-09-23 13:44:07.509 [main] INFO  springfox.documentation.spring.web.PropertySourcedRequestMappingHandlerMapping - Mapped URL path [/v2/api-docs] onto method [springfox.documentation.swagger2.web.Swagger2Controller#getDocumentation(String, HttpServletRequest)]
2020-09-23 13:44:12.398 [main] INFO  org.springframework.cloud.commons.util.InetUtils - Cannot determine local hostname
2020-09-23 13:44:12.565 [main] INFO  springfox.documentation.spring.web.plugins.DocumentationPluginsBootstrapper - Context refreshed
2020-09-23 13:44:12.602 [main] INFO  springfox.documentation.spring.web.plugins.DocumentationPluginsBootstrapper - Found 1 custom documentation plugin(s)
2020-09-23 13:44:12.693 [main] INFO  springfox.documentation.spring.web.scanners.ApiListingReferenceScanner - Scanning for api listing references
2020-09-23 13:44:13.426 [main] INFO  springfox.documentation.spring.web.readers.operation.CachingOperationNameGenerator - Generating unique operation named: listTeachersUsingGET_1
2020-09-23 13:44:14.017 [main] INFO  com.safe.campus.SafeCampusApplicationTests - Started SafeCampusApplicationTests in 25.655 seconds (JVM running for 27.803)
2020-09-23 13:44:14.638 [SpringContextShutdownHook] INFO  org.springframework.scheduling.concurrent.ThreadPoolTaskExecutor - Shutting down ExecutorService 'applicationTaskExecutor'
2020-09-23 13:44:14.702 [SpringContextShutdownHook] INFO  com.alibaba.druid.pool.DruidDataSource - {dataSource-1} closed
2020-09-23 13:47:57.189 [main] INFO  org.springframework.boot.test.context.SpringBootTestContextBootstrapper - Neither @ContextConfiguration nor @ContextHierarchy found for test class [com.safe.campus.SafeCampusApplicationTests], using SpringBootContextLoader
2020-09-23 13:47:57.218 [main] INFO  org.springframework.test.context.support.AbstractContextLoader - Could not detect default resource locations for test class [com.safe.campus.SafeCampusApplicationTests]: no resource found for suffixes {-context.xml, Context.groovy}.
2020-09-23 13:47:57.224 [main] INFO  org.springframework.test.context.support.AnnotationConfigContextLoaderUtils - Could not detect default configuration classes for test class [com.safe.campus.SafeCampusApplicationTests]: SafeCampusApplicationTests does not declare any static, non-private, non-final, nested classes annotated with @Configuration.
2020-09-23 13:47:57.509 [main] INFO  org.springframework.boot.test.context.SpringBootTestContextBootstrapper - Found @SpringBootConfiguration com.safe.campus.SafeCampusApplication for test class com.safe.campus.SafeCampusApplicationTests
2020-09-23 13:47:57.664 [main] INFO  org.springframework.boot.test.context.SpringBootTestContextBootstrapper - Loaded default TestExecutionListener class names from location [META-INF/spring.factories]: [org.springframework.test.context.web.ServletTestExecutionListener, org.springframework.test.context.support.DirtiesContextBeforeModesTestExecutionListener, org.springframework.test.context.support.DependencyInjectionTestExecutionListener, org.springframework.test.context.support.DirtiesContextTestExecutionListener, org.springframework.test.context.transaction.TransactionalTestExecutionListener, org.springframework.test.context.jdbc.SqlScriptsTestExecutionListener, org.springframework.test.context.event.EventPublishingTestExecutionListener, org.springframework.boot.test.mock.mockito.MockitoTestExecutionListener, org.springframework.boot.test.mock.mockito.ResetMocksTestExecutionListener, org.springframework.boot.test.autoconfigure.restdocs.RestDocsTestExecutionListener, org.springframework.boot.test.autoconfigure.web.client.MockRestServiceServerResetTestExecutionListener, org.springframework.boot.test.autoconfigure.web.servlet.MockMvcPrintOnlyOnFailureTestExecutionListener, org.springframework.boot.test.autoconfigure.web.servlet.WebDriverTestExecutionListener]
2020-09-23 13:47:57.706 [main] INFO  org.springframework.boot.test.context.SpringBootTestContextBootstrapper - Using TestExecutionListeners: [org.springframework.test.context.web.ServletTestExecutionListener@704deff2, org.springframework.test.context.support.DirtiesContextBeforeModesTestExecutionListener@379614be, org.springframework.boot.test.mock.mockito.MockitoTestExecutionListener@404bbcbd, org.springframework.boot.test.autoconfigure.SpringBootDependencyInjectionTestExecutionListener@1e81f160, org.springframework.test.context.support.DirtiesContextTestExecutionListener@1acaf3d, org.springframework.test.context.transaction.TransactionalTestExecutionListener@6986852, org.springframework.test.context.jdbc.SqlScriptsTestExecutionListener@1bab8268, org.springframework.test.context.event.EventPublishingTestExecutionListener@a307a8c, org.springframework.boot.test.mock.mockito.ResetMocksTestExecutionListener@6e01f9b0, org.springframework.boot.test.autoconfigure.restdocs.RestDocsTestExecutionListener@2b9ed6da, org.springframework.boot.test.autoconfigure.web.client.MockRestServiceServerResetTestExecutionListener@6c61a903, org.springframework.boot.test.autoconfigure.web.servlet.MockMvcPrintOnlyOnFailureTestExecutionListener@658c5a19, org.springframework.boot.test.autoconfigure.web.servlet.WebDriverTestExecutionListener@421e361]
2020-09-23 13:48:00.493 [main] INFO  org.springframework.context.support.PostProcessorRegistrationDelegate$BeanPostProcessorChecker - Bean 'configurationPropertiesRebinderAutoConfiguration' of type [org.springframework.cloud.autoconfigure.ConfigurationPropertiesRebinderAutoConfiguration$$EnhancerBySpringCGLIB$$1d06f913] is not eligible for getting processed by all BeanPostProcessors (for example: not eligible for auto-proxying)
2020-09-23 13:48:02.550 [main] INFO  com.safe.campus.SafeCampusApplicationTests - The following profiles are active: dev
2020-09-23 13:48:04.952 [main] INFO  org.springframework.data.repository.config.RepositoryConfigurationDelegate - Multiple Spring Data modules found, entering strict repository configuration mode!
2020-09-23 13:48:04.959 [main] INFO  org.springframework.data.repository.config.RepositoryConfigurationDelegate - Bootstrapping Spring Data Redis repositories in DEFAULT mode.
2020-09-23 13:48:05.084 [main] INFO  org.springframework.data.repository.config.RepositoryConfigurationDelegate - Finished Spring Data repository scanning in 93ms. Found 0 Redis repository interfaces.
2020-09-23 13:48:05.622 [main] INFO  org.springframework.cloud.context.scope.GenericScope - BeanFactory id=ecf7aa0f-c382-363c-8a3a-99099e5f7d85
2020-09-23 13:48:06.207 [main] INFO  org.springframework.context.support.PostProcessorRegistrationDelegate$BeanPostProcessorChecker - Bean 'org.springframework.transaction.annotation.ProxyTransactionManagementConfiguration' of type [org.springframework.transaction.annotation.ProxyTransactionManagementConfiguration] is not eligible for getting processed by all BeanPostProcessors (for example: not eligible for auto-proxying)
2020-09-23 13:48:06.576 [main] INFO  org.springframework.context.support.PostProcessorRegistrationDelegate$BeanPostProcessorChecker - Bean 'org.springframework.cloud.autoconfigure.ConfigurationPropertiesRebinderAutoConfiguration' of type [org.springframework.cloud.autoconfigure.ConfigurationPropertiesRebinderAutoConfiguration$$EnhancerBySpringCGLIB$$1d06f913] is not eligible for getting processed by all BeanPostProcessors (for example: not eligible for auto-proxying)
2020-09-23 13:48:06.658 [main] INFO  com.alibaba.druid.spring.boot.autoconfigure.DruidDataSourceAutoConfigure - Init DruidDataSource
2020-09-23 13:48:11.021 [main] INFO  com.alibaba.druid.pool.DruidDataSource - {dataSource-1} inited
2020-09-23 13:48:11.109 [main] INFO  org.springframework.scheduling.concurrent.ThreadPoolTaskExecutor - Initializing ExecutorService 'applicationTaskExecutor'
2020-09-23 13:48:15.799 [main] INFO  springfox.documentation.spring.web.PropertySourcedRequestMappingHandlerMapping - Mapped URL path [/v2/api-docs] onto method [springfox.documentation.swagger2.web.Swagger2Controller#getDocumentation(String, HttpServletRequest)]
2020-09-23 13:48:20.071 [main] INFO  org.springframework.cloud.commons.util.InetUtils - Cannot determine local hostname
2020-09-23 13:48:20.182 [main] INFO  springfox.documentation.spring.web.plugins.DocumentationPluginsBootstrapper - Context refreshed
2020-09-23 13:48:20.216 [main] INFO  springfox.documentation.spring.web.plugins.DocumentationPluginsBootstrapper - Found 1 custom documentation plugin(s)
2020-09-23 13:48:20.332 [main] INFO  springfox.documentation.spring.web.scanners.ApiListingReferenceScanner - Scanning for api listing references
2020-09-23 13:48:20.984 [main] INFO  springfox.documentation.spring.web.readers.operation.CachingOperationNameGenerator - Generating unique operation named: listTeachersUsingGET_1
2020-09-23 13:48:21.525 [main] INFO  com.safe.campus.SafeCampusApplicationTests - Started SafeCampusApplicationTests in 23.724 seconds (JVM running for 25.942)
2020-09-23 13:48:22.054 [SpringContextShutdownHook] INFO  org.springframework.scheduling.concurrent.ThreadPoolTaskExecutor - Shutting down ExecutorService 'applicationTaskExecutor'
2020-09-23 13:48:22.074 [SpringContextShutdownHook] INFO  com.alibaba.druid.pool.DruidDataSource - {dataSource-1} closed
2020-09-23 13:59:12.519 [main] INFO  org.springframework.boot.test.context.SpringBootTestContextBootstrapper - Neither @ContextConfiguration nor @ContextHierarchy found for test class [com.safe.campus.SafeCampusApplicationTests], using SpringBootContextLoader
2020-09-23 13:59:12.536 [main] INFO  org.springframework.test.context.support.AbstractContextLoader - Could not detect default resource locations for test class [com.safe.campus.SafeCampusApplicationTests]: no resource found for suffixes {-context.xml, Context.groovy}.
2020-09-23 13:59:12.538 [main] INFO  org.springframework.test.context.support.AnnotationConfigContextLoaderUtils - Could not detect default configuration classes for test class [com.safe.campus.SafeCampusApplicationTests]: SafeCampusApplicationTests does not declare any static, non-private, non-final, nested classes annotated with @Configuration.
2020-09-23 13:59:12.821 [main] INFO  org.springframework.boot.test.context.SpringBootTestContextBootstrapper - Found @SpringBootConfiguration com.safe.campus.SafeCampusApplication for test class com.safe.campus.SafeCampusApplicationTests
2020-09-23 13:59:13.041 [main] INFO  org.springframework.boot.test.context.SpringBootTestContextBootstrapper - Loaded default TestExecutionListener class names from location [META-INF/spring.factories]: [org.springframework.test.context.web.ServletTestExecutionListener, org.springframework.test.context.support.DirtiesContextBeforeModesTestExecutionListener, org.springframework.test.context.support.DependencyInjectionTestExecutionListener, org.springframework.test.context.support.DirtiesContextTestExecutionListener, org.springframework.test.context.transaction.TransactionalTestExecutionListener, org.springframework.test.context.jdbc.SqlScriptsTestExecutionListener, org.springframework.test.context.event.EventPublishingTestExecutionListener, org.springframework.boot.test.mock.mockito.MockitoTestExecutionListener, org.springframework.boot.test.mock.mockito.ResetMocksTestExecutionListener, org.springframework.boot.test.autoconfigure.restdocs.RestDocsTestExecutionListener, org.springframework.boot.test.autoconfigure.web.client.MockRestServiceServerResetTestExecutionListener, org.springframework.boot.test.autoconfigure.web.servlet.MockMvcPrintOnlyOnFailureTestExecutionListener, org.springframework.boot.test.autoconfigure.web.servlet.WebDriverTestExecutionListener]
2020-09-23 13:59:13.073 [main] INFO  org.springframework.boot.test.context.SpringBootTestContextBootstrapper - Using TestExecutionListeners: [org.springframework.test.context.web.ServletTestExecutionListener@704deff2, org.springframework.test.context.support.DirtiesContextBeforeModesTestExecutionListener@379614be, org.springframework.boot.test.mock.mockito.MockitoTestExecutionListener@404bbcbd, org.springframework.boot.test.autoconfigure.SpringBootDependencyInjectionTestExecutionListener@1e81f160, org.springframework.test.context.support.DirtiesContextTestExecutionListener@1acaf3d, org.springframework.test.context.transaction.TransactionalTestExecutionListener@6986852, org.springframework.test.context.jdbc.SqlScriptsTestExecutionListener@1bab8268, org.springframework.test.context.event.EventPublishingTestExecutionListener@a307a8c, org.springframework.boot.test.mock.mockito.ResetMocksTestExecutionListener@6e01f9b0, org.springframework.boot.test.autoconfigure.restdocs.RestDocsTestExecutionListener@2b9ed6da, org.springframework.boot.test.autoconfigure.web.client.MockRestServiceServerResetTestExecutionListener@6c61a903, org.springframework.boot.test.autoconfigure.web.servlet.MockMvcPrintOnlyOnFailureTestExecutionListener@658c5a19, org.springframework.boot.test.autoconfigure.web.servlet.WebDriverTestExecutionListener@421e361]
2020-09-23 13:59:16.010 [main] INFO  org.springframework.context.support.PostProcessorRegistrationDelegate$BeanPostProcessorChecker - Bean 'configurationPropertiesRebinderAutoConfiguration' of type [org.springframework.cloud.autoconfigure.ConfigurationPropertiesRebinderAutoConfiguration$$EnhancerBySpringCGLIB$$dbe937b5] is not eligible for getting processed by all BeanPostProcessors (for example: not eligible for auto-proxying)
2020-09-23 13:59:18.035 [main] INFO  com.safe.campus.SafeCampusApplicationTests - The following profiles are active: dev
2020-09-23 13:59:20.068 [main] INFO  org.springframework.data.repository.config.RepositoryConfigurationDelegate - Multiple Spring Data modules found, entering strict repository configuration mode!
2020-09-23 13:59:20.074 [main] INFO  org.springframework.data.repository.config.RepositoryConfigurationDelegate - Bootstrapping Spring Data Redis repositories in DEFAULT mode.
2020-09-23 13:59:20.181 [main] INFO  org.springframework.data.repository.config.RepositoryConfigurationDelegate - Finished Spring Data repository scanning in 85ms. Found 0 Redis repository interfaces.
2020-09-23 13:59:20.870 [main] INFO  org.springframework.cloud.context.scope.GenericScope - BeanFactory id=ecf7aa0f-c382-363c-8a3a-99099e5f7d85
2020-09-23 13:59:21.400 [main] INFO  org.springframework.context.support.PostProcessorRegistrationDelegate$BeanPostProcessorChecker - Bean 'org.springframework.transaction.annotation.ProxyTransactionManagementConfiguration' of type [org.springframework.transaction.annotation.ProxyTransactionManagementConfiguration] is not eligible for getting processed by all BeanPostProcessors (for example: not eligible for auto-proxying)
2020-09-23 13:59:21.683 [main] INFO  org.springframework.context.support.PostProcessorRegistrationDelegate$BeanPostProcessorChecker - Bean 'org.springframework.cloud.autoconfigure.ConfigurationPropertiesRebinderAutoConfiguration' of type [org.springframework.cloud.autoconfigure.ConfigurationPropertiesRebinderAutoConfiguration$$EnhancerBySpringCGLIB$$dbe937b5] is not eligible for getting processed by all BeanPostProcessors (for example: not eligible for auto-proxying)
2020-09-23 13:59:21.786 [main] INFO  com.alibaba.druid.spring.boot.autoconfigure.DruidDataSourceAutoConfigure - Init DruidDataSource
2020-09-23 13:59:26.265 [main] INFO  com.alibaba.druid.pool.DruidDataSource - {dataSource-1} inited
2020-09-23 13:59:26.359 [main] INFO  org.springframework.scheduling.concurrent.ThreadPoolTaskExecutor - Initializing ExecutorService 'applicationTaskExecutor'
2020-09-23 13:59:31.084 [main] INFO  springfox.documentation.spring.web.PropertySourcedRequestMappingHandlerMapping - Mapped URL path [/v2/api-docs] onto method [springfox.documentation.swagger2.web.Swagger2Controller#getDocumentation(String, HttpServletRequest)]
2020-09-23 13:59:35.439 [main] INFO  org.springframework.cloud.commons.util.InetUtils - Cannot determine local hostname
2020-09-23 13:59:35.545 [main] INFO  springfox.documentation.spring.web.plugins.DocumentationPluginsBootstrapper - Context refreshed
2020-09-23 13:59:35.579 [main] INFO  springfox.documentation.spring.web.plugins.DocumentationPluginsBootstrapper - Found 1 custom documentation plugin(s)
2020-09-23 13:59:35.664 [main] INFO  springfox.documentation.spring.web.scanners.ApiListingReferenceScanner - Scanning for api listing references
2020-09-23 13:59:36.342 [main] INFO  springfox.documentation.spring.web.readers.operation.CachingOperationNameGenerator - Generating unique operation named: listTeachersUsingGET_1
2020-09-23 13:59:36.999 [main] INFO  com.safe.campus.SafeCampusApplicationTests - Started SafeCampusApplicationTests in 23.845 seconds (JVM running for 25.973)
2020-09-23 13:59:37.676 [SpringContextShutdownHook] INFO  org.springframework.scheduling.concurrent.ThreadPoolTaskExecutor - Shutting down ExecutorService 'applicationTaskExecutor'
2020-09-23 13:59:37.698 [SpringContextShutdownHook] INFO  com.alibaba.druid.pool.DruidDataSource - {dataSource-1} closed
2020-09-23 15:50:53.311 [main] INFO  org.springframework.boot.test.context.SpringBootTestContextBootstrapper - Neither @ContextConfiguration nor @ContextHierarchy found for test class [com.safe.campus.SafeCampusApplicationTests], using SpringBootContextLoader
2020-09-23 15:50:53.328 [main] INFO  org.springframework.test.context.support.AbstractContextLoader - Could not detect default resource locations for test class [com.safe.campus.SafeCampusApplicationTests]: no resource found for suffixes {-context.xml, Context.groovy}.
2020-09-23 15:50:53.330 [main] INFO  org.springframework.test.context.support.AnnotationConfigContextLoaderUtils - Could not detect default configuration classes for test class [com.safe.campus.SafeCampusApplicationTests]: SafeCampusApplicationTests does not declare any static, non-private, non-final, nested classes annotated with @Configuration.
2020-09-23 15:50:53.517 [main] INFO  org.springframework.boot.test.context.SpringBootTestContextBootstrapper - Found @SpringBootConfiguration com.safe.campus.SafeCampusApplication for test class com.safe.campus.SafeCampusApplicationTests
2020-09-23 15:50:53.765 [main] INFO  org.springframework.boot.test.context.SpringBootTestContextBootstrapper - Loaded default TestExecutionListener class names from location [META-INF/spring.factories]: [org.springframework.test.context.web.ServletTestExecutionListener, org.springframework.test.context.support.DirtiesContextBeforeModesTestExecutionListener, org.springframework.test.context.support.DependencyInjectionTestExecutionListener, org.springframework.test.context.support.DirtiesContextTestExecutionListener, org.springframework.test.context.transaction.TransactionalTestExecutionListener, org.springframework.test.context.jdbc.SqlScriptsTestExecutionListener, org.springframework.test.context.event.EventPublishingTestExecutionListener, org.springframework.boot.test.mock.mockito.MockitoTestExecutionListener, org.springframework.boot.test.mock.mockito.ResetMocksTestExecutionListener, org.springframework.boot.test.autoconfigure.restdocs.RestDocsTestExecutionListener, org.springframework.boot.test.autoconfigure.web.client.MockRestServiceServerResetTestExecutionListener, org.springframework.boot.test.autoconfigure.web.servlet.MockMvcPrintOnlyOnFailureTestExecutionListener, org.springframework.boot.test.autoconfigure.web.servlet.WebDriverTestExecutionListener]
2020-09-23 15:50:53.817 [main] INFO  org.springframework.boot.test.context.SpringBootTestContextBootstrapper - Using TestExecutionListeners: [org.springframework.test.context.web.ServletTestExecutionListener@704deff2, org.springframework.test.context.support.DirtiesContextBeforeModesTestExecutionListener@379614be, org.springframework.boot.test.mock.mockito.MockitoTestExecutionListener@404bbcbd, org.springframework.boot.test.autoconfigure.SpringBootDependencyInjectionTestExecutionListener@1e81f160, org.springframework.test.context.support.DirtiesContextTestExecutionListener@1acaf3d, org.springframework.test.context.transaction.TransactionalTestExecutionListener@6986852, org.springframework.test.context.jdbc.SqlScriptsTestExecutionListener@1bab8268, org.springframework.test.context.event.EventPublishingTestExecutionListener@a307a8c, org.springframework.boot.test.mock.mockito.ResetMocksTestExecutionListener@6e01f9b0, org.springframework.boot.test.autoconfigure.restdocs.RestDocsTestExecutionListener@2b9ed6da, org.springframework.boot.test.autoconfigure.web.client.MockRestServiceServerResetTestExecutionListener@6c61a903, org.springframework.boot.test.autoconfigure.web.servlet.MockMvcPrintOnlyOnFailureTestExecutionListener@658c5a19, org.springframework.boot.test.autoconfigure.web.servlet.WebDriverTestExecutionListener@421e361]
2020-09-23 15:50:57.465 [main] INFO  org.springframework.context.support.PostProcessorRegistrationDelegate$BeanPostProcessorChecker - Bean 'configurationPropertiesRebinderAutoConfiguration' of type [org.springframework.cloud.autoconfigure.ConfigurationPropertiesRebinderAutoConfiguration$$EnhancerBySpringCGLIB$$1d06f913] is not eligible for getting processed by all BeanPostProcessors (for example: not eligible for auto-proxying)
2020-09-23 15:50:59.682 [main] INFO  com.safe.campus.SafeCampusApplicationTests - The following profiles are active: dev
2020-09-23 15:51:03.972 [main] INFO  org.springframework.data.repository.config.RepositoryConfigurationDelegate - Multiple Spring Data modules found, entering strict repository configuration mode!
2020-09-23 15:51:03.977 [main] INFO  org.springframework.data.repository.config.RepositoryConfigurationDelegate - Bootstrapping Spring Data Redis repositories in DEFAULT mode.
2020-09-23 15:51:04.161 [main] INFO  org.springframework.data.repository.config.RepositoryConfigurationDelegate - Finished Spring Data repository scanning in 134ms. Found 0 Redis repository interfaces.
2020-09-23 15:51:05.077 [main] INFO  org.springframework.cloud.context.scope.GenericScope - BeanFactory id=ecf7aa0f-c382-363c-8a3a-99099e5f7d85
2020-09-23 15:51:05.970 [main] INFO  org.springframework.context.support.PostProcessorRegistrationDelegate$BeanPostProcessorChecker - Bean 'org.springframework.transaction.annotation.ProxyTransactionManagementConfiguration' of type [org.springframework.transaction.annotation.ProxyTransactionManagementConfiguration] is not eligible for getting processed by all BeanPostProcessors (for example: not eligible for auto-proxying)
2020-09-23 15:51:06.551 [main] INFO  org.springframework.context.support.PostProcessorRegistrationDelegate$BeanPostProcessorChecker - Bean 'org.springframework.cloud.autoconfigure.ConfigurationPropertiesRebinderAutoConfiguration' of type [org.springframework.cloud.autoconfigure.ConfigurationPropertiesRebinderAutoConfiguration$$EnhancerBySpringCGLIB$$1d06f913] is not eligible for getting processed by all BeanPostProcessors (for example: not eligible for auto-proxying)
2020-09-23 15:51:06.703 [main] INFO  com.alibaba.druid.spring.boot.autoconfigure.DruidDataSourceAutoConfigure - Init DruidDataSource
2020-09-23 15:51:11.590 [main] INFO  com.alibaba.druid.pool.DruidDataSource - {dataSource-1} inited
2020-09-23 15:51:11.715 [main] INFO  org.springframework.scheduling.concurrent.ThreadPoolTaskExecutor - Initializing ExecutorService 'applicationTaskExecutor'
2020-09-23 15:51:16.440 [main] INFO  springfox.documentation.spring.web.PropertySourcedRequestMappingHandlerMapping - Mapped URL path [/v2/api-docs] onto method [springfox.documentation.swagger2.web.Swagger2Controller#getDocumentation(String, HttpServletRequest)]
2020-09-23 15:51:20.704 [main] INFO  org.springframework.cloud.commons.util.InetUtils - Cannot determine local hostname
2020-09-23 15:51:20.834 [main] INFO  springfox.documentation.spring.web.plugins.DocumentationPluginsBootstrapper - Context refreshed
2020-09-23 15:51:20.874 [main] INFO  springfox.documentation.spring.web.plugins.DocumentationPluginsBootstrapper - Found 1 custom documentation plugin(s)
2020-09-23 15:51:20.950 [main] INFO  springfox.documentation.spring.web.scanners.ApiListingReferenceScanner - Scanning for api listing references
2020-09-23 15:51:21.629 [main] INFO  springfox.documentation.spring.web.readers.operation.CachingOperationNameGenerator - Generating unique operation named: listTeachersUsingGET_1
2020-09-23 15:51:22.397 [main] INFO  com.safe.campus.SafeCampusApplicationTests - Started SafeCampusApplicationTests in 28.499 seconds (JVM running for 30.731)
2020-09-23 15:51:22.926 [SpringContextShutdownHook] INFO  org.springframework.scheduling.concurrent.ThreadPoolTaskExecutor - Shutting down ExecutorService 'applicationTaskExecutor'
2020-09-23 15:51:22.945 [SpringContextShutdownHook] INFO  com.alibaba.druid.pool.DruidDataSource - {dataSource-1} closed
2020-09-23 16:12:41.182 [main] INFO  org.springframework.boot.test.context.SpringBootTestContextBootstrapper - Neither @ContextConfiguration nor @ContextHierarchy found for test class [com.safe.campus.SafeCampusApplicationTests], using SpringBootContextLoader
2020-09-23 16:12:41.225 [main] INFO  org.springframework.test.context.support.AbstractContextLoader - Could not detect default resource locations for test class [com.safe.campus.SafeCampusApplicationTests]: no resource found for suffixes {-context.xml, Context.groovy}.
2020-09-23 16:12:41.227 [main] INFO  org.springframework.test.context.support.AnnotationConfigContextLoaderUtils - Could not detect default configuration classes for test class [com.safe.campus.SafeCampusApplicationTests]: SafeCampusApplicationTests does not declare any static, non-private, non-final, nested classes annotated with @Configuration.
2020-09-23 16:12:41.682 [main] INFO  org.springframework.boot.test.context.SpringBootTestContextBootstrapper - Found @SpringBootConfiguration com.safe.campus.SafeCampusApplication for test class com.safe.campus.SafeCampusApplicationTests
2020-09-23 16:12:41.980 [main] INFO  org.springframework.boot.test.context.SpringBootTestContextBootstrapper - Loaded default TestExecutionListener class names from location [META-INF/spring.factories]: [org.springframework.test.context.web.ServletTestExecutionListener, org.springframework.test.context.support.DirtiesContextBeforeModesTestExecutionListener, org.springframework.test.context.support.DependencyInjectionTestExecutionListener, org.springframework.test.context.support.DirtiesContextTestExecutionListener, org.springframework.test.context.transaction.TransactionalTestExecutionListener, org.springframework.test.context.jdbc.SqlScriptsTestExecutionListener, org.springframework.test.context.event.EventPublishingTestExecutionListener, org.springframework.boot.test.mock.mockito.MockitoTestExecutionListener, org.springframework.boot.test.mock.mockito.ResetMocksTestExecutionListener, org.springframework.boot.test.autoconfigure.restdocs.RestDocsTestExecutionListener, org.springframework.boot.test.autoconfigure.web.client.MockRestServiceServerResetTestExecutionListener, org.springframework.boot.test.autoconfigure.web.servlet.MockMvcPrintOnlyOnFailureTestExecutionListener, org.springframework.boot.test.autoconfigure.web.servlet.WebDriverTestExecutionListener]
2020-09-23 16:12:42.056 [main] INFO  org.springframework.boot.test.context.SpringBootTestContextBootstrapper - Using TestExecutionListeners: [org.springframework.test.context.web.ServletTestExecutionListener@704deff2, org.springframework.test.context.support.DirtiesContextBeforeModesTestExecutionListener@379614be, org.springframework.boot.test.mock.mockito.MockitoTestExecutionListener@404bbcbd, org.springframework.boot.test.autoconfigure.SpringBootDependencyInjectionTestExecutionListener@1e81f160, org.springframework.test.context.support.DirtiesContextTestExecutionListener@1acaf3d, org.springframework.test.context.transaction.TransactionalTestExecutionListener@6986852, org.springframework.test.context.jdbc.SqlScriptsTestExecutionListener@1bab8268, org.springframework.test.context.event.EventPublishingTestExecutionListener@a307a8c, org.springframework.boot.test.mock.mockito.ResetMocksTestExecutionListener@6e01f9b0, org.springframework.boot.test.autoconfigure.restdocs.RestDocsTestExecutionListener@2b9ed6da, org.springframework.boot.test.autoconfigure.web.client.MockRestServiceServerResetTestExecutionListener@6c61a903, org.springframework.boot.test.autoconfigure.web.servlet.MockMvcPrintOnlyOnFailureTestExecutionListener@658c5a19, org.springframework.boot.test.autoconfigure.web.servlet.WebDriverTestExecutionListener@421e361]
2020-09-23 16:12:46.902 [main] INFO  org.springframework.context.support.PostProcessorRegistrationDelegate$BeanPostProcessorChecker - Bean 'configurationPropertiesRebinderAutoConfiguration' of type [org.springframework.cloud.autoconfigure.ConfigurationPropertiesRebinderAutoConfiguration$$EnhancerBySpringCGLIB$$1d06f913] is not eligible for getting processed by all BeanPostProcessors (for example: not eligible for auto-proxying)
2020-09-23 16:12:49.614 [main] INFO  com.safe.campus.SafeCampusApplicationTests - The following profiles are active: dev
2020-09-23 16:12:52.672 [main] INFO  org.springframework.data.repository.config.RepositoryConfigurationDelegate - Multiple Spring Data modules found, entering strict repository configuration mode!
2020-09-23 16:12:52.687 [main] INFO  org.springframework.data.repository.config.RepositoryConfigurationDelegate - Bootstrapping Spring Data Redis repositories in DEFAULT mode.
2020-09-23 16:12:52.976 [main] INFO  org.springframework.data.repository.config.RepositoryConfigurationDelegate - Finished Spring Data repository scanning in 211ms. Found 0 Redis repository interfaces.
2020-09-23 16:12:54.287 [main] INFO  org.springframework.cloud.context.scope.GenericScope - BeanFactory id=ecf7aa0f-c382-363c-8a3a-99099e5f7d85
2020-09-23 16:12:55.152 [main] INFO  org.springframework.context.support.PostProcessorRegistrationDelegate$BeanPostProcessorChecker - Bean 'org.springframework.transaction.annotation.ProxyTransactionManagementConfiguration' of type [org.springframework.transaction.annotation.ProxyTransactionManagementConfiguration] is not eligible for getting processed by all BeanPostProcessors (for example: not eligible for auto-proxying)
2020-09-23 16:12:55.380 [main] INFO  org.springframework.context.support.PostProcessorRegistrationDelegate$BeanPostProcessorChecker - Bean 'org.springframework.cloud.autoconfigure.ConfigurationPropertiesRebinderAutoConfiguration' of type [org.springframework.cloud.autoconfigure.ConfigurationPropertiesRebinderAutoConfiguration$$EnhancerBySpringCGLIB$$1d06f913] is not eligible for getting processed by all BeanPostProcessors (for example: not eligible for auto-proxying)
2020-09-23 16:12:55.465 [main] INFO  com.alibaba.druid.spring.boot.autoconfigure.DruidDataSourceAutoConfigure - Init DruidDataSource
2020-09-23 16:12:59.862 [main] INFO  com.alibaba.druid.pool.DruidDataSource - {dataSource-1} inited
2020-09-23 16:12:59.963 [main] INFO  org.springframework.scheduling.concurrent.ThreadPoolTaskExecutor - Initializing ExecutorService 'applicationTaskExecutor'
2020-09-23 16:13:09.925 [main] INFO  springfox.documentation.spring.web.PropertySourcedRequestMappingHandlerMapping - Mapped URL path [/v2/api-docs] onto method [springfox.documentation.swagger2.web.Swagger2Controller#getDocumentation(String, HttpServletRequest)]
2020-09-23 16:13:16.457 [main] INFO  org.springframework.cloud.commons.util.InetUtils - Cannot determine local hostname
2020-09-23 16:13:16.599 [main] INFO  springfox.documentation.spring.web.plugins.DocumentationPluginsBootstrapper - Context refreshed
2020-09-23 16:13:16.639 [main] INFO  springfox.documentation.spring.web.plugins.DocumentationPluginsBootstrapper - Found 1 custom documentation plugin(s)
2020-09-23 16:13:16.723 [main] INFO  springfox.documentation.spring.web.scanners.ApiListingReferenceScanner - Scanning for api listing references
2020-09-23 16:13:17.395 [main] INFO  springfox.documentation.spring.web.readers.operation.CachingOperationNameGenerator - Generating unique operation named: listTeachersUsingGET_1
2020-09-23 16:13:18.381 [main] INFO  com.safe.campus.SafeCampusApplicationTests - Started SafeCampusApplicationTests in 36.235 seconds (JVM running for 41.362)
2020-09-23 16:13:18.877 [SpringContextShutdownHook] INFO  org.springframework.scheduling.concurrent.ThreadPoolTaskExecutor - Shutting down ExecutorService 'applicationTaskExecutor'
2020-09-23 16:13:18.907 [SpringContextShutdownHook] INFO  com.alibaba.druid.pool.DruidDataSource - {dataSource-1} closed
2020-09-23 16:26:36.435 [main] INFO  org.springframework.boot.test.context.SpringBootTestContextBootstrapper - Neither @ContextConfiguration nor @ContextHierarchy found for test class [com.safe.campus.SafeCampusApplicationTests], using SpringBootContextLoader
2020-09-23 16:26:36.454 [main] INFO  org.springframework.test.context.support.AbstractContextLoader - Could not detect default resource locations for test class [com.safe.campus.SafeCampusApplicationTests]: no resource found for suffixes {-context.xml, Context.groovy}.
2020-09-23 16:26:36.456 [main] INFO  org.springframework.test.context.support.AnnotationConfigContextLoaderUtils - Could not detect default configuration classes for test class [com.safe.campus.SafeCampusApplicationTests]: SafeCampusApplicationTests does not declare any static, non-private, non-final, nested classes annotated with @Configuration.
2020-09-23 16:26:36.810 [main] INFO  org.springframework.boot.test.context.SpringBootTestContextBootstrapper - Found @SpringBootConfiguration com.safe.campus.SafeCampusApplication for test class com.safe.campus.SafeCampusApplicationTests
2020-09-23 16:26:36.969 [main] INFO  org.springframework.boot.test.context.SpringBootTestContextBootstrapper - Loaded default TestExecutionListener class names from location [META-INF/spring.factories]: [org.springframework.test.context.web.ServletTestExecutionListener, org.springframework.test.context.support.DirtiesContextBeforeModesTestExecutionListener, org.springframework.test.context.support.DependencyInjectionTestExecutionListener, org.springframework.test.context.support.DirtiesContextTestExecutionListener, org.springframework.test.context.transaction.TransactionalTestExecutionListener, org.springframework.test.context.jdbc.SqlScriptsTestExecutionListener, org.springframework.test.context.event.EventPublishingTestExecutionListener, org.springframework.boot.test.mock.mockito.MockitoTestExecutionListener, org.springframework.boot.test.mock.mockito.ResetMocksTestExecutionListener, org.springframework.boot.test.autoconfigure.restdocs.RestDocsTestExecutionListener, org.springframework.boot.test.autoconfigure.web.client.MockRestServiceServerResetTestExecutionListener, org.springframework.boot.test.autoconfigure.web.servlet.MockMvcPrintOnlyOnFailureTestExecutionListener, org.springframework.boot.test.autoconfigure.web.servlet.WebDriverTestExecutionListener]
2020-09-23 16:26:37.010 [main] INFO  org.springframework.boot.test.context.SpringBootTestContextBootstrapper - Using TestExecutionListeners: [org.springframework.test.context.web.ServletTestExecutionListener@704deff2, org.springframework.test.context.support.DirtiesContextBeforeModesTestExecutionListener@379614be, org.springframework.boot.test.mock.mockito.MockitoTestExecutionListener@404bbcbd, org.springframework.boot.test.autoconfigure.SpringBootDependencyInjectionTestExecutionListener@1e81f160, org.springframework.test.context.support.DirtiesContextTestExecutionListener@1acaf3d, org.springframework.test.context.transaction.TransactionalTestExecutionListener@6986852, org.springframework.test.context.jdbc.SqlScriptsTestExecutionListener@1bab8268, org.springframework.test.context.event.EventPublishingTestExecutionListener@a307a8c, org.springframework.boot.test.mock.mockito.ResetMocksTestExecutionListener@6e01f9b0, org.springframework.boot.test.autoconfigure.restdocs.RestDocsTestExecutionListener@2b9ed6da, org.springframework.boot.test.autoconfigure.web.client.MockRestServiceServerResetTestExecutionListener@6c61a903, org.springframework.boot.test.autoconfigure.web.servlet.MockMvcPrintOnlyOnFailureTestExecutionListener@658c5a19, org.springframework.boot.test.autoconfigure.web.servlet.WebDriverTestExecutionListener@421e361]
2020-09-23 16:26:39.994 [main] INFO  org.springframework.context.support.PostProcessorRegistrationDelegate$BeanPostProcessorChecker - Bean 'configurationPropertiesRebinderAutoConfiguration' of type [org.springframework.cloud.autoconfigure.ConfigurationPropertiesRebinderAutoConfiguration$$EnhancerBySpringCGLIB$$1d06f913] is not eligible for getting processed by all BeanPostProcessors (for example: not eligible for auto-proxying)
2020-09-23 16:26:42.065 [main] INFO  com.safe.campus.SafeCampusApplicationTests - The following profiles are active: dev
2020-09-23 16:26:44.507 [main] INFO  org.springframework.data.repository.config.RepositoryConfigurationDelegate - Multiple Spring Data modules found, entering strict repository configuration mode!
2020-09-23 16:26:44.512 [main] INFO  org.springframework.data.repository.config.RepositoryConfigurationDelegate - Bootstrapping Spring Data Redis repositories in DEFAULT mode.
2020-09-23 16:26:44.643 [main] INFO  org.springframework.data.repository.config.RepositoryConfigurationDelegate - Finished Spring Data repository scanning in 108ms. Found 0 Redis repository interfaces.
2020-09-23 16:26:45.310 [main] INFO  org.springframework.cloud.context.scope.GenericScope - BeanFactory id=ecf7aa0f-c382-363c-8a3a-99099e5f7d85
2020-09-23 16:26:46.075 [main] INFO  org.springframework.context.support.PostProcessorRegistrationDelegate$BeanPostProcessorChecker - Bean 'org.springframework.transaction.annotation.ProxyTransactionManagementConfiguration' of type [org.springframework.transaction.annotation.ProxyTransactionManagementConfiguration] is not eligible for getting processed by all BeanPostProcessors (for example: not eligible for auto-proxying)
2020-09-23 16:26:46.358 [main] INFO  org.springframework.context.support.PostProcessorRegistrationDelegate$BeanPostProcessorChecker - Bean 'org.springframework.cloud.autoconfigure.ConfigurationPropertiesRebinderAutoConfiguration' of type [org.springframework.cloud.autoconfigure.ConfigurationPropertiesRebinderAutoConfiguration$$EnhancerBySpringCGLIB$$1d06f913] is not eligible for getting processed by all BeanPostProcessors (for example: not eligible for auto-proxying)
2020-09-23 16:26:46.440 [main] INFO  com.alibaba.druid.spring.boot.autoconfigure.DruidDataSourceAutoConfigure - Init DruidDataSource
2020-09-23 16:26:51.074 [main] INFO  com.alibaba.druid.pool.DruidDataSource - {dataSource-1} inited
2020-09-23 16:26:51.280 [main] INFO  org.springframework.scheduling.concurrent.ThreadPoolTaskExecutor - Initializing ExecutorService 'applicationTaskExecutor'
2020-09-23 16:27:02.055 [main] INFO  springfox.documentation.spring.web.PropertySourcedRequestMappingHandlerMapping - Mapped URL path [/v2/api-docs] onto method [springfox.documentation.swagger2.web.Swagger2Controller#getDocumentation(String, HttpServletRequest)]
2020-09-23 16:27:08.662 [main] INFO  org.springframework.cloud.commons.util.InetUtils - Cannot determine local hostname
2020-09-23 16:27:09.045 [main] INFO  springfox.documentation.spring.web.plugins.DocumentationPluginsBootstrapper - Context refreshed
2020-09-23 16:27:09.124 [main] INFO  springfox.documentation.spring.web.plugins.DocumentationPluginsBootstrapper - Found 1 custom documentation plugin(s)
2020-09-23 16:27:09.221 [main] INFO  springfox.documentation.spring.web.scanners.ApiListingReferenceScanner - Scanning for api listing references
2020-09-23 16:27:11.065 [main] INFO  springfox.documentation.spring.web.readers.operation.CachingOperationNameGenerator - Generating unique operation named: listTeachersUsingGET_1
2020-09-23 16:27:11.827 [main] INFO  com.safe.campus.SafeCampusApplicationTests - Started SafeCampusApplicationTests in 34.74 seconds (JVM running for 37.278)
2020-09-23 16:27:12.499 [SpringContextShutdownHook] INFO  org.springframework.scheduling.concurrent.ThreadPoolTaskExecutor - Shutting down ExecutorService 'applicationTaskExecutor'
2020-09-23 16:27:12.517 [SpringContextShutdownHook] INFO  com.alibaba.druid.pool.DruidDataSource - {dataSource-1} closed
