2020-09-24 11:02:58.077 [main] INFO  org.springframework.boot.test.context.SpringBootTestContextBootstrapper - Neither @ContextConfiguration nor @ContextHierarchy found for test class [com.safe.campus.SafeCampusApplicationTests], using SpringBootContextLoader
2020-09-24 11:02:58.096 [main] INFO  org.springframework.test.context.support.AbstractContextLoader - Could not detect default resource locations for test class [com.safe.campus.SafeCampusApplicationTests]: no resource found for suffixes {-context.xml, Context.groovy}.
2020-09-24 11:02:58.098 [main] INFO  org.springframework.test.context.support.AnnotationConfigContextLoaderUtils - Could not detect default configuration classes for test class [com.safe.campus.SafeCampusApplicationTests]: SafeCampusApplicationTests does not declare any static, non-private, non-final, nested classes annotated with @Configuration.
2020-09-24 11:02:58.340 [main] INFO  org.springframework.boot.test.context.SpringBootTestContextBootstrapper - Found @SpringBootConfiguration com.safe.campus.SafeCampusApplication for test class com.safe.campus.SafeCampusApplicationTests
2020-09-24 11:02:58.547 [main] INFO  org.springframework.boot.test.context.SpringBootTestContextBootstrapper - Loaded default TestExecutionListener class names from location [META-INF/spring.factories]: [org.springframework.test.context.web.ServletTestExecutionListener, org.springframework.test.context.support.DirtiesContextBeforeModesTestExecutionListener, org.springframework.test.context.support.DependencyInjectionTestExecutionListener, org.springframework.test.context.support.DirtiesContextTestExecutionListener, org.springframework.test.context.transaction.TransactionalTestExecutionListener, org.springframework.test.context.jdbc.SqlScriptsTestExecutionListener, org.springframework.test.context.event.EventPublishingTestExecutionListener, org.springframework.boot.test.mock.mockito.MockitoTestExecutionListener, org.springframework.boot.test.mock.mockito.ResetMocksTestExecutionListener, org.springframework.boot.test.autoconfigure.restdocs.RestDocsTestExecutionListener, org.springframework.boot.test.autoconfigure.web.client.MockRestServiceServerResetTestExecutionListener, org.springframework.boot.test.autoconfigure.web.servlet.MockMvcPrintOnlyOnFailureTestExecutionListener, org.springframework.boot.test.autoconfigure.web.servlet.WebDriverTestExecutionListener]
2020-09-24 11:02:58.584 [main] INFO  org.springframework.boot.test.context.SpringBootTestContextBootstrapper - Using TestExecutionListeners: [org.springframework.test.context.web.ServletTestExecutionListener@704deff2, org.springframework.test.context.support.DirtiesContextBeforeModesTestExecutionListener@379614be, org.springframework.boot.test.mock.mockito.MockitoTestExecutionListener@404bbcbd, org.springframework.boot.test.autoconfigure.SpringBootDependencyInjectionTestExecutionListener@1e81f160, org.springframework.test.context.support.DirtiesContextTestExecutionListener@1acaf3d, org.springframework.test.context.transaction.TransactionalTestExecutionListener@6986852, org.springframework.test.context.jdbc.SqlScriptsTestExecutionListener@1bab8268, org.springframework.test.context.event.EventPublishingTestExecutionListener@a307a8c, org.springframework.boot.test.mock.mockito.ResetMocksTestExecutionListener@6e01f9b0, org.springframework.boot.test.autoconfigure.restdocs.RestDocsTestExecutionListener@2b9ed6da, org.springframework.boot.test.autoconfigure.web.client.MockRestServiceServerResetTestExecutionListener@6c61a903, org.springframework.boot.test.autoconfigure.web.servlet.MockMvcPrintOnlyOnFailureTestExecutionListener@658c5a19, org.springframework.boot.test.autoconfigure.web.servlet.WebDriverTestExecutionListener@421e361]
2020-09-24 11:03:01.493 [main] INFO  org.springframework.context.support.PostProcessorRegistrationDelegate$BeanPostProcessorChecker - Bean 'configurationPropertiesRebinderAutoConfiguration' of type [org.springframework.cloud.autoconfigure.ConfigurationPropertiesRebinderAutoConfiguration$$EnhancerBySpringCGLIB$$dbe937b5] is not eligible for getting processed by all BeanPostProcessors (for example: not eligible for auto-proxying)
2020-09-24 11:03:03.548 [main] INFO  com.safe.campus.SafeCampusApplicationTests - The following profiles are active: dev
2020-09-24 11:03:05.889 [main] INFO  org.springframework.data.repository.config.RepositoryConfigurationDelegate - Multiple Spring Data modules found, entering strict repository configuration mode!
2020-09-24 11:03:05.897 [main] INFO  org.springframework.data.repository.config.RepositoryConfigurationDelegate - Bootstrapping Spring Data Redis repositories in DEFAULT mode.
2020-09-24 11:03:06.105 [main] INFO  org.springframework.data.repository.config.RepositoryConfigurationDelegate - Finished Spring Data repository scanning in 165ms. Found 0 Redis repository interfaces.
2020-09-24 11:03:06.988 [main] INFO  org.springframework.cloud.context.scope.GenericScope - BeanFactory id=ecf7aa0f-c382-363c-8a3a-99099e5f7d85
2020-09-24 11:03:07.966 [main] INFO  org.springframework.context.support.PostProcessorRegistrationDelegate$BeanPostProcessorChecker - Bean 'org.springframework.transaction.annotation.ProxyTransactionManagementConfiguration' of type [org.springframework.transaction.annotation.ProxyTransactionManagementConfiguration] is not eligible for getting processed by all BeanPostProcessors (for example: not eligible for auto-proxying)
2020-09-24 11:03:08.716 [main] INFO  org.springframework.context.support.PostProcessorRegistrationDelegate$BeanPostProcessorChecker - Bean 'org.springframework.cloud.autoconfigure.ConfigurationPropertiesRebinderAutoConfiguration' of type [org.springframework.cloud.autoconfigure.ConfigurationPropertiesRebinderAutoConfiguration$$EnhancerBySpringCGLIB$$dbe937b5] is not eligible for getting processed by all BeanPostProcessors (for example: not eligible for auto-proxying)
2020-09-24 11:03:08.909 [main] INFO  com.alibaba.druid.spring.boot.autoconfigure.DruidDataSourceAutoConfigure - Init DruidDataSource
2020-09-24 11:03:14.247 [main] INFO  com.alibaba.druid.pool.DruidDataSource - {dataSource-1} inited
2020-09-24 11:03:15.137 [main] INFO  org.springframework.scheduling.concurrent.ThreadPoolTaskExecutor - Initializing ExecutorService 'applicationTaskExecutor'
2020-09-24 11:03:23.425 [main] INFO  springfox.documentation.spring.web.PropertySourcedRequestMappingHandlerMapping - Mapped URL path [/v2/api-docs] onto method [springfox.documentation.swagger2.web.Swagger2Controller#getDocumentation(String, HttpServletRequest)]
2020-09-24 11:03:31.782 [main] INFO  org.springframework.cloud.commons.util.InetUtils - Cannot determine local hostname
2020-09-24 11:03:31.946 [main] INFO  springfox.documentation.spring.web.plugins.DocumentationPluginsBootstrapper - Context refreshed
2020-09-24 11:03:32.003 [main] INFO  springfox.documentation.spring.web.plugins.DocumentationPluginsBootstrapper - Found 1 custom documentation plugin(s)
2020-09-24 11:03:32.141 [main] INFO  springfox.documentation.spring.web.scanners.ApiListingReferenceScanner - Scanning for api listing references
2020-09-24 11:03:33.606 [main] INFO  springfox.documentation.spring.web.readers.operation.CachingOperationNameGenerator - Generating unique operation named: listTeachersUsingGET_1
2020-09-24 11:03:34.571 [main] INFO  com.safe.campus.SafeCampusApplicationTests - Started SafeCampusApplicationTests in 35.92 seconds (JVM running for 38.098)
2020-09-24 11:03:35.388 [SpringContextShutdownHook] INFO  org.springframework.scheduling.concurrent.ThreadPoolTaskExecutor - Shutting down ExecutorService 'applicationTaskExecutor'
2020-09-24 11:03:35.403 [SpringContextShutdownHook] INFO  com.alibaba.druid.pool.DruidDataSource - {dataSource-1} closed
2020-09-24 11:45:42.762 [main] INFO  org.springframework.boot.test.context.SpringBootTestContextBootstrapper - Neither @ContextConfiguration nor @ContextHierarchy found for test class [com.safe.campus.SafeCampusApplicationTests], using SpringBootContextLoader
2020-09-24 11:45:42.785 [main] INFO  org.springframework.test.context.support.AbstractContextLoader - Could not detect default resource locations for test class [com.safe.campus.SafeCampusApplicationTests]: no resource found for suffixes {-context.xml, Context.groovy}.
2020-09-24 11:45:42.787 [main] INFO  org.springframework.test.context.support.AnnotationConfigContextLoaderUtils - Could not detect default configuration classes for test class [com.safe.campus.SafeCampusApplicationTests]: SafeCampusApplicationTests does not declare any static, non-private, non-final, nested classes annotated with @Configuration.
2020-09-24 11:45:43.114 [main] INFO  org.springframework.boot.test.context.SpringBootTestContextBootstrapper - Found @SpringBootConfiguration com.safe.campus.SafeCampusApplication for test class com.safe.campus.SafeCampusApplicationTests
2020-09-24 11:45:43.274 [main] INFO  org.springframework.boot.test.context.SpringBootTestContextBootstrapper - Loaded default TestExecutionListener class names from location [META-INF/spring.factories]: [org.springframework.test.context.web.ServletTestExecutionListener, org.springframework.test.context.support.DirtiesContextBeforeModesTestExecutionListener, org.springframework.test.context.support.DependencyInjectionTestExecutionListener, org.springframework.test.context.support.DirtiesContextTestExecutionListener, org.springframework.test.context.transaction.TransactionalTestExecutionListener, org.springframework.test.context.jdbc.SqlScriptsTestExecutionListener, org.springframework.test.context.event.EventPublishingTestExecutionListener, org.springframework.boot.test.mock.mockito.MockitoTestExecutionListener, org.springframework.boot.test.mock.mockito.ResetMocksTestExecutionListener, org.springframework.boot.test.autoconfigure.restdocs.RestDocsTestExecutionListener, org.springframework.boot.test.autoconfigure.web.client.MockRestServiceServerResetTestExecutionListener, org.springframework.boot.test.autoconfigure.web.servlet.MockMvcPrintOnlyOnFailureTestExecutionListener, org.springframework.boot.test.autoconfigure.web.servlet.WebDriverTestExecutionListener]
2020-09-24 11:45:43.308 [main] INFO  org.springframework.boot.test.context.SpringBootTestContextBootstrapper - Using TestExecutionListeners: [org.springframework.test.context.web.ServletTestExecutionListener@704deff2, org.springframework.test.context.support.DirtiesContextBeforeModesTestExecutionListener@379614be, org.springframework.boot.test.mock.mockito.MockitoTestExecutionListener@404bbcbd, org.springframework.boot.test.autoconfigure.SpringBootDependencyInjectionTestExecutionListener@1e81f160, org.springframework.test.context.support.DirtiesContextTestExecutionListener@1acaf3d, org.springframework.test.context.transaction.TransactionalTestExecutionListener@6986852, org.springframework.test.context.jdbc.SqlScriptsTestExecutionListener@1bab8268, org.springframework.test.context.event.EventPublishingTestExecutionListener@a307a8c, org.springframework.boot.test.mock.mockito.ResetMocksTestExecutionListener@6e01f9b0, org.springframework.boot.test.autoconfigure.restdocs.RestDocsTestExecutionListener@2b9ed6da, org.springframework.boot.test.autoconfigure.web.client.MockRestServiceServerResetTestExecutionListener@6c61a903, org.springframework.boot.test.autoconfigure.web.servlet.MockMvcPrintOnlyOnFailureTestExecutionListener@658c5a19, org.springframework.boot.test.autoconfigure.web.servlet.WebDriverTestExecutionListener@421e361]
2020-09-24 11:45:46.110 [main] INFO  org.springframework.context.support.PostProcessorRegistrationDelegate$BeanPostProcessorChecker - Bean 'configurationPropertiesRebinderAutoConfiguration' of type [org.springframework.cloud.autoconfigure.ConfigurationPropertiesRebinderAutoConfiguration$$EnhancerBySpringCGLIB$$1d06f913] is not eligible for getting processed by all BeanPostProcessors (for example: not eligible for auto-proxying)
2020-09-24 11:45:48.172 [main] INFO  com.safe.campus.SafeCampusApplicationTests - The following profiles are active: dev
2020-09-24 11:45:50.204 [main] INFO  org.springframework.data.repository.config.RepositoryConfigurationDelegate - Multiple Spring Data modules found, entering strict repository configuration mode!
2020-09-24 11:45:50.209 [main] INFO  org.springframework.data.repository.config.RepositoryConfigurationDelegate - Bootstrapping Spring Data Redis repositories in DEFAULT mode.
2020-09-24 11:45:50.351 [main] INFO  org.springframework.data.repository.config.RepositoryConfigurationDelegate - Finished Spring Data repository scanning in 121ms. Found 0 Redis repository interfaces.
2020-09-24 11:45:51.020 [main] INFO  org.springframework.cloud.context.scope.GenericScope - BeanFactory id=ecf7aa0f-c382-363c-8a3a-99099e5f7d85
2020-09-24 11:45:51.689 [main] INFO  org.springframework.context.support.PostProcessorRegistrationDelegate$BeanPostProcessorChecker - Bean 'org.springframework.transaction.annotation.ProxyTransactionManagementConfiguration' of type [org.springframework.transaction.annotation.ProxyTransactionManagementConfiguration] is not eligible for getting processed by all BeanPostProcessors (for example: not eligible for auto-proxying)
2020-09-24 11:45:52.159 [main] INFO  org.springframework.context.support.PostProcessorRegistrationDelegate$BeanPostProcessorChecker - Bean 'org.springframework.cloud.autoconfigure.ConfigurationPropertiesRebinderAutoConfiguration' of type [org.springframework.cloud.autoconfigure.ConfigurationPropertiesRebinderAutoConfiguration$$EnhancerBySpringCGLIB$$1d06f913] is not eligible for getting processed by all BeanPostProcessors (for example: not eligible for auto-proxying)
2020-09-24 11:45:52.257 [main] INFO  com.alibaba.druid.spring.boot.autoconfigure.DruidDataSourceAutoConfigure - Init DruidDataSource
2020-09-24 11:45:57.463 [main] INFO  com.alibaba.druid.pool.DruidDataSource - {dataSource-1} inited
2020-09-24 11:45:57.561 [main] INFO  org.springframework.scheduling.concurrent.ThreadPoolTaskExecutor - Initializing ExecutorService 'applicationTaskExecutor'
2020-09-24 11:46:02.690 [main] INFO  springfox.documentation.spring.web.PropertySourcedRequestMappingHandlerMapping - Mapped URL path [/v2/api-docs] onto method [springfox.documentation.swagger2.web.Swagger2Controller#getDocumentation(String, HttpServletRequest)]
2020-09-24 11:46:07.523 [main] INFO  org.springframework.cloud.commons.util.InetUtils - Cannot determine local hostname
2020-09-24 11:46:07.631 [main] INFO  springfox.documentation.spring.web.plugins.DocumentationPluginsBootstrapper - Context refreshed
2020-09-24 11:46:07.674 [main] INFO  springfox.documentation.spring.web.plugins.DocumentationPluginsBootstrapper - Found 1 custom documentation plugin(s)
2020-09-24 11:46:07.750 [main] INFO  springfox.documentation.spring.web.scanners.ApiListingReferenceScanner - Scanning for api listing references
2020-09-24 11:46:08.605 [main] INFO  springfox.documentation.spring.web.readers.operation.CachingOperationNameGenerator - Generating unique operation named: listTeachersUsingGET_1
2020-09-24 11:46:09.189 [main] INFO  com.safe.campus.SafeCampusApplicationTests - Started SafeCampusApplicationTests in 25.803 seconds (JVM running for 28.152)
2020-09-24 11:46:09.964 [SpringContextShutdownHook] INFO  org.springframework.scheduling.concurrent.ThreadPoolTaskExecutor - Shutting down ExecutorService 'applicationTaskExecutor'
2020-09-24 11:46:09.981 [SpringContextShutdownHook] INFO  com.alibaba.druid.pool.DruidDataSource - {dataSource-1} closed
2020-09-24 11:47:49.999 [main] INFO  org.springframework.boot.test.context.SpringBootTestContextBootstrapper - Neither @ContextConfiguration nor @ContextHierarchy found for test class [com.safe.campus.SafeCampusApplicationTests], using SpringBootContextLoader
2020-09-24 11:47:50.071 [main] INFO  org.springframework.test.context.support.AbstractContextLoader - Could not detect default resource locations for test class [com.safe.campus.SafeCampusApplicationTests]: no resource found for suffixes {-context.xml, Context.groovy}.
2020-09-24 11:47:50.119 [main] INFO  org.springframework.test.context.support.AnnotationConfigContextLoaderUtils - Could not detect default configuration classes for test class [com.safe.campus.SafeCampusApplicationTests]: SafeCampusApplicationTests does not declare any static, non-private, non-final, nested classes annotated with @Configuration.
2020-09-24 11:47:50.802 [main] INFO  org.springframework.boot.test.context.SpringBootTestContextBootstrapper - Found @SpringBootConfiguration com.safe.campus.SafeCampusApplication for test class com.safe.campus.SafeCampusApplicationTests
2020-09-24 11:47:51.450 [main] INFO  org.springframework.boot.test.context.SpringBootTestContextBootstrapper - Loaded default TestExecutionListener class names from location [META-INF/spring.factories]: [org.springframework.test.context.web.ServletTestExecutionListener, org.springframework.test.context.support.DirtiesContextBeforeModesTestExecutionListener, org.springframework.test.context.support.DependencyInjectionTestExecutionListener, org.springframework.test.context.support.DirtiesContextTestExecutionListener, org.springframework.test.context.transaction.TransactionalTestExecutionListener, org.springframework.test.context.jdbc.SqlScriptsTestExecutionListener, org.springframework.test.context.event.EventPublishingTestExecutionListener, org.springframework.boot.test.mock.mockito.MockitoTestExecutionListener, org.springframework.boot.test.mock.mockito.ResetMocksTestExecutionListener, org.springframework.boot.test.autoconfigure.restdocs.RestDocsTestExecutionListener, org.springframework.boot.test.autoconfigure.web.client.MockRestServiceServerResetTestExecutionListener, org.springframework.boot.test.autoconfigure.web.servlet.MockMvcPrintOnlyOnFailureTestExecutionListener, org.springframework.boot.test.autoconfigure.web.servlet.WebDriverTestExecutionListener]
2020-09-24 11:47:51.501 [main] INFO  org.springframework.boot.test.context.SpringBootTestContextBootstrapper - Using TestExecutionListeners: [org.springframework.test.context.web.ServletTestExecutionListener@704deff2, org.springframework.test.context.support.DirtiesContextBeforeModesTestExecutionListener@379614be, org.springframework.boot.test.mock.mockito.MockitoTestExecutionListener@404bbcbd, org.springframework.boot.test.autoconfigure.SpringBootDependencyInjectionTestExecutionListener@1e81f160, org.springframework.test.context.support.DirtiesContextTestExecutionListener@1acaf3d, org.springframework.test.context.transaction.TransactionalTestExecutionListener@6986852, org.springframework.test.context.jdbc.SqlScriptsTestExecutionListener@1bab8268, org.springframework.test.context.event.EventPublishingTestExecutionListener@a307a8c, org.springframework.boot.test.mock.mockito.ResetMocksTestExecutionListener@6e01f9b0, org.springframework.boot.test.autoconfigure.restdocs.RestDocsTestExecutionListener@2b9ed6da, org.springframework.boot.test.autoconfigure.web.client.MockRestServiceServerResetTestExecutionListener@6c61a903, org.springframework.boot.test.autoconfigure.web.servlet.MockMvcPrintOnlyOnFailureTestExecutionListener@658c5a19, org.springframework.boot.test.autoconfigure.web.servlet.WebDriverTestExecutionListener@421e361]
2020-09-24 11:47:55.265 [main] INFO  org.springframework.context.support.PostProcessorRegistrationDelegate$BeanPostProcessorChecker - Bean 'configurationPropertiesRebinderAutoConfiguration' of type [org.springframework.cloud.autoconfigure.ConfigurationPropertiesRebinderAutoConfiguration$$EnhancerBySpringCGLIB$$1d06f913] is not eligible for getting processed by all BeanPostProcessors (for example: not eligible for auto-proxying)
2020-09-24 11:47:57.892 [main] INFO  com.safe.campus.SafeCampusApplicationTests - The following profiles are active: dev
2020-09-24 11:48:01.117 [main] INFO  org.springframework.data.repository.config.RepositoryConfigurationDelegate - Multiple Spring Data modules found, entering strict repository configuration mode!
2020-09-24 11:48:01.143 [main] INFO  org.springframework.data.repository.config.RepositoryConfigurationDelegate - Bootstrapping Spring Data Redis repositories in DEFAULT mode.
2020-09-24 11:48:01.396 [main] INFO  org.springframework.data.repository.config.RepositoryConfigurationDelegate - Finished Spring Data repository scanning in 142ms. Found 0 Redis repository interfaces.
2020-09-24 11:48:02.449 [main] INFO  org.springframework.cloud.context.scope.GenericScope - BeanFactory id=ecf7aa0f-c382-363c-8a3a-99099e5f7d85
2020-09-24 11:48:03.408 [main] INFO  org.springframework.context.support.PostProcessorRegistrationDelegate$BeanPostProcessorChecker - Bean 'org.springframework.transaction.annotation.ProxyTransactionManagementConfiguration' of type [org.springframework.transaction.annotation.ProxyTransactionManagementConfiguration] is not eligible for getting processed by all BeanPostProcessors (for example: not eligible for auto-proxying)
2020-09-24 11:48:03.665 [main] INFO  org.springframework.context.support.PostProcessorRegistrationDelegate$BeanPostProcessorChecker - Bean 'org.springframework.cloud.autoconfigure.ConfigurationPropertiesRebinderAutoConfiguration' of type [org.springframework.cloud.autoconfigure.ConfigurationPropertiesRebinderAutoConfiguration$$EnhancerBySpringCGLIB$$1d06f913] is not eligible for getting processed by all BeanPostProcessors (for example: not eligible for auto-proxying)
2020-09-24 11:48:03.742 [main] INFO  com.alibaba.druid.spring.boot.autoconfigure.DruidDataSourceAutoConfigure - Init DruidDataSource
2020-09-24 11:48:08.616 [main] INFO  com.alibaba.druid.pool.DruidDataSource - {dataSource-1} inited
2020-09-24 11:48:08.721 [main] INFO  org.springframework.scheduling.concurrent.ThreadPoolTaskExecutor - Initializing ExecutorService 'applicationTaskExecutor'
2020-09-24 11:48:13.864 [main] INFO  springfox.documentation.spring.web.PropertySourcedRequestMappingHandlerMapping - Mapped URL path [/v2/api-docs] onto method [springfox.documentation.swagger2.web.Swagger2Controller#getDocumentation(String, HttpServletRequest)]
2020-09-24 11:48:18.063 [main] INFO  org.springframework.cloud.commons.util.InetUtils - Cannot determine local hostname
2020-09-24 11:48:18.179 [main] INFO  springfox.documentation.spring.web.plugins.DocumentationPluginsBootstrapper - Context refreshed
2020-09-24 11:48:18.236 [main] INFO  springfox.documentation.spring.web.plugins.DocumentationPluginsBootstrapper - Found 1 custom documentation plugin(s)
2020-09-24 11:48:18.326 [main] INFO  springfox.documentation.spring.web.scanners.ApiListingReferenceScanner - Scanning for api listing references
2020-09-24 11:48:19.004 [main] INFO  springfox.documentation.spring.web.readers.operation.CachingOperationNameGenerator - Generating unique operation named: listTeachersUsingGET_1
2020-09-24 11:48:19.520 [main] INFO  com.safe.campus.SafeCampusApplicationTests - Started SafeCampusApplicationTests in 27.919 seconds (JVM running for 32.922)
2020-09-24 11:48:20.077 [SpringContextShutdownHook] INFO  org.springframework.scheduling.concurrent.ThreadPoolTaskExecutor - Shutting down ExecutorService 'applicationTaskExecutor'
2020-09-24 11:48:20.112 [SpringContextShutdownHook] INFO  com.alibaba.druid.pool.DruidDataSource - {dataSource-1} closed
2020-09-24 19:30:46.025 [main] INFO  org.springframework.boot.test.context.SpringBootTestContextBootstrapper - Neither @ContextConfiguration nor @ContextHierarchy found for test class [com.safe.campus.SafeCampusApplicationTests], using SpringBootContextLoader
2020-09-24 19:30:46.055 [main] INFO  org.springframework.test.context.support.AbstractContextLoader - Could not detect default resource locations for test class [com.safe.campus.SafeCampusApplicationTests]: no resource found for suffixes {-context.xml, Context.groovy}.
2020-09-24 19:30:46.061 [main] INFO  org.springframework.test.context.support.AnnotationConfigContextLoaderUtils - Could not detect default configuration classes for test class [com.safe.campus.SafeCampusApplicationTests]: SafeCampusApplicationTests does not declare any static, non-private, non-final, nested classes annotated with @Configuration.
2020-09-24 19:30:46.379 [main] INFO  org.springframework.boot.test.context.SpringBootTestContextBootstrapper - Found @SpringBootConfiguration com.safe.campus.SafeCampusApplication for test class com.safe.campus.SafeCampusApplicationTests
2020-09-24 19:30:46.574 [main] INFO  org.springframework.boot.test.context.SpringBootTestContextBootstrapper - Loaded default TestExecutionListener class names from location [META-INF/spring.factories]: [org.springframework.test.context.web.ServletTestExecutionListener, org.springframework.test.context.support.DirtiesContextBeforeModesTestExecutionListener, org.springframework.test.context.support.DependencyInjectionTestExecutionListener, org.springframework.test.context.support.DirtiesContextTestExecutionListener, org.springframework.test.context.transaction.TransactionalTestExecutionListener, org.springframework.test.context.jdbc.SqlScriptsTestExecutionListener, org.springframework.test.context.event.EventPublishingTestExecutionListener, org.springframework.boot.test.mock.mockito.MockitoTestExecutionListener, org.springframework.boot.test.mock.mockito.ResetMocksTestExecutionListener, org.springframework.boot.test.autoconfigure.restdocs.RestDocsTestExecutionListener, org.springframework.boot.test.autoconfigure.web.client.MockRestServiceServerResetTestExecutionListener, org.springframework.boot.test.autoconfigure.web.servlet.MockMvcPrintOnlyOnFailureTestExecutionListener, org.springframework.boot.test.autoconfigure.web.servlet.WebDriverTestExecutionListener]
2020-09-24 19:30:46.605 [main] INFO  org.springframework.boot.test.context.SpringBootTestContextBootstrapper - Using TestExecutionListeners: [org.springframework.test.context.web.ServletTestExecutionListener@404bbcbd, org.springframework.test.context.support.DirtiesContextBeforeModesTestExecutionListener@1e81f160, org.springframework.boot.test.mock.mockito.MockitoTestExecutionListener@1acaf3d, org.springframework.boot.test.autoconfigure.SpringBootDependencyInjectionTestExecutionListener@6986852, org.springframework.test.context.support.DirtiesContextTestExecutionListener@1bab8268, org.springframework.test.context.transaction.TransactionalTestExecutionListener@a307a8c, org.springframework.test.context.jdbc.SqlScriptsTestExecutionListener@6e01f9b0, org.springframework.test.context.event.EventPublishingTestExecutionListener@2b9ed6da, org.springframework.boot.test.mock.mockito.ResetMocksTestExecutionListener@6c61a903, org.springframework.boot.test.autoconfigure.restdocs.RestDocsTestExecutionListener@658c5a19, org.springframework.boot.test.autoconfigure.web.client.MockRestServiceServerResetTestExecutionListener@421e361, org.springframework.boot.test.autoconfigure.web.servlet.MockMvcPrintOnlyOnFailureTestExecutionListener@59d4cd39, org.springframework.boot.test.autoconfigure.web.servlet.WebDriverTestExecutionListener@389c4eb1]
2020-09-24 19:30:49.539 [main] INFO  org.springframework.context.support.PostProcessorRegistrationDelegate$BeanPostProcessorChecker - Bean 'configurationPropertiesRebinderAutoConfiguration' of type [org.springframework.cloud.autoconfigure.ConfigurationPropertiesRebinderAutoConfiguration$$EnhancerBySpringCGLIB$$32af85d1] is not eligible for getting processed by all BeanPostProcessors (for example: not eligible for auto-proxying)
2020-09-24 19:30:51.695 [main] INFO  com.safe.campus.SafeCampusApplicationTests - The following profiles are active: dev
2020-09-24 19:30:53.939 [main] INFO  org.springframework.data.repository.config.RepositoryConfigurationDelegate - Multiple Spring Data modules found, entering strict repository configuration mode!
2020-09-24 19:30:53.950 [main] INFO  org.springframework.data.repository.config.RepositoryConfigurationDelegate - Bootstrapping Spring Data Redis repositories in DEFAULT mode.
2020-09-24 19:30:54.075 [main] INFO  org.springframework.data.repository.config.RepositoryConfigurationDelegate - Finished Spring Data repository scanning in 94ms. Found 0 Redis repository interfaces.
2020-09-24 19:30:54.755 [main] INFO  org.springframework.cloud.context.scope.GenericScope - BeanFactory id=ecf7aa0f-c382-363c-8a3a-99099e5f7d85
2020-09-24 19:30:55.507 [main] INFO  org.springframework.context.support.PostProcessorRegistrationDelegate$BeanPostProcessorChecker - Bean 'org.springframework.transaction.annotation.ProxyTransactionManagementConfiguration' of type [org.springframework.transaction.annotation.ProxyTransactionManagementConfiguration] is not eligible for getting processed by all BeanPostProcessors (for example: not eligible for auto-proxying)
2020-09-24 19:30:55.847 [main] INFO  org.springframework.context.support.PostProcessorRegistrationDelegate$BeanPostProcessorChecker - Bean 'org.springframework.cloud.autoconfigure.ConfigurationPropertiesRebinderAutoConfiguration' of type [org.springframework.cloud.autoconfigure.ConfigurationPropertiesRebinderAutoConfiguration$$EnhancerBySpringCGLIB$$32af85d1] is not eligible for getting processed by all BeanPostProcessors (for example: not eligible for auto-proxying)
2020-09-24 19:30:55.955 [main] INFO  com.alibaba.druid.spring.boot.autoconfigure.DruidDataSourceAutoConfigure - Init DruidDataSource
2020-09-24 19:31:00.486 [main] INFO  com.alibaba.druid.pool.DruidDataSource - {dataSource-1} inited
2020-09-24 19:31:00.582 [main] INFO  org.springframework.scheduling.concurrent.ThreadPoolTaskExecutor - Initializing ExecutorService 'applicationTaskExecutor'
2020-09-24 19:31:07.091 [main] INFO  springfox.documentation.spring.web.PropertySourcedRequestMappingHandlerMapping - Mapped URL path [/v2/api-docs] onto method [springfox.documentation.swagger2.web.Swagger2Controller#getDocumentation(String, HttpServletRequest)]
2020-09-24 19:31:13.852 [main] INFO  org.springframework.cloud.commons.util.InetUtils - Cannot determine local hostname
2020-09-24 19:31:14.156 [main] INFO  springfox.documentation.spring.web.plugins.DocumentationPluginsBootstrapper - Context refreshed
2020-09-24 19:31:14.249 [main] INFO  springfox.documentation.spring.web.plugins.DocumentationPluginsBootstrapper - Found 1 custom documentation plugin(s)
2020-09-24 19:31:14.359 [main] INFO  springfox.documentation.spring.web.scanners.ApiListingReferenceScanner - Scanning for api listing references
2020-09-24 19:31:16.155 [main] INFO  springfox.documentation.spring.web.readers.operation.CachingOperationNameGenerator - Generating unique operation named: listTeachersUsingGET_1
2020-09-24 19:31:17.622 [main] INFO  com.safe.campus.SafeCampusApplicationTests - Started SafeCampusApplicationTests in 30.935 seconds (JVM running for 33.205)
2020-09-24 19:31:18.422 [SpringContextShutdownHook] INFO  org.springframework.scheduling.concurrent.ThreadPoolTaskExecutor - Shutting down ExecutorService 'applicationTaskExecutor'
2020-09-24 19:31:18.451 [SpringContextShutdownHook] INFO  com.alibaba.druid.pool.DruidDataSource - {dataSource-1} closed
