2020-09-13 17:13:27.022 [main] INFO  org.springframework.context.support.PostProcessorRegistrationDelegate$BeanPostProcessorChecker - Bean 'configurationPropertiesRebinderAutoConfiguration' of type [org.springframework.cloud.autoconfigure.ConfigurationPropertiesRebinderAutoConfiguration$$EnhancerBySpringCGLIB$$ac6ce252] is not eligible for getting processed by all BeanPostProcessors (for example: not eligible for auto-proxying)
2020-09-13 17:13:28.895 [main] INFO  com.safe.campus.SafeCampusApplication - The following profiles are active: dev
2020-09-13 17:13:30.367 [main] INFO  org.springframework.data.repository.config.RepositoryConfigurationDelegate - Multiple Spring Data modules found, entering strict repository configuration mode!
2020-09-13 17:13:30.377 [main] INFO  org.springframework.data.repository.config.RepositoryConfigurationDelegate - Bootstrapping Spring Data Redis repositories in DEFAULT mode.
2020-09-13 17:13:30.440 [main] INFO  org.springframework.data.repository.config.RepositoryConfigurationDelegate - Finished Spring Data repository scanning in 46ms. Found 0 Redis repository interfaces.
2020-09-13 17:13:30.787 [main] INFO  org.springframework.cloud.context.scope.GenericScope - BeanFactory id=1a7af13f-15f1-3ea2-8645-6951f575c526
2020-09-13 17:13:30.929 [main] INFO  org.springframework.context.support.PostProcessorRegistrationDelegate$BeanPostProcessorChecker - Bean 'org.springframework.transaction.annotation.ProxyTransactionManagementConfiguration' of type [org.springframework.transaction.annotation.ProxyTransactionManagementConfiguration] is not eligible for getting processed by all BeanPostProcessors (for example: not eligible for auto-proxying)
2020-09-13 17:13:30.960 [main] INFO  org.springframework.context.support.PostProcessorRegistrationDelegate$BeanPostProcessorChecker - Bean 'org.springframework.cloud.autoconfigure.ConfigurationPropertiesRebinderAutoConfiguration' of type [org.springframework.cloud.autoconfigure.ConfigurationPropertiesRebinderAutoConfiguration$$EnhancerBySpringCGLIB$$ac6ce252] is not eligible for getting processed by all BeanPostProcessors (for example: not eligible for auto-proxying)
2020-09-13 17:13:31.460 [main] INFO  org.springframework.boot.web.embedded.tomcat.TomcatWebServer - Tomcat initialized with port(s): 8070 (http)
2020-09-13 17:13:31.470 [main] INFO  org.apache.catalina.core.StandardService - Starting service [Tomcat]
2020-09-13 17:13:31.470 [main] INFO  org.apache.catalina.core.StandardEngine - Starting Servlet engine: [Apache Tomcat/9.0.30]
2020-09-13 17:13:31.472 [main] INFO  org.apache.catalina.core.AprLifecycleListener - An older version [1.2.21] of the APR based Apache Tomcat Native library is installed, while Tomcat recommends a minimum version of [1.2.23]
2020-09-13 17:13:31.473 [main] INFO  org.apache.catalina.core.AprLifecycleListener - Loaded APR based Apache Tomcat Native library [1.2.21] using APR version [1.6.5].
2020-09-13 17:13:31.474 [main] INFO  org.apache.catalina.core.AprLifecycleListener - APR capabilities: IPv6 [true], sendfile [true], accept filters [false], random [true].
2020-09-13 17:13:31.474 [main] INFO  org.apache.catalina.core.AprLifecycleListener - APR/OpenSSL configuration: useAprConnector [false], useOpenSSL [true]
2020-09-13 17:13:31.491 [main] INFO  org.apache.catalina.core.AprLifecycleListener - OpenSSL successfully initialized [OpenSSL 1.1.1a  20 Nov 2018]
2020-09-13 17:13:31.636 [main] INFO  org.apache.catalina.core.ContainerBase.[Tomcat].[localhost].[/] - Initializing Spring embedded WebApplicationContext
2020-09-13 17:13:31.636 [main] INFO  org.springframework.web.context.ContextLoader - Root WebApplicationContext: initialization completed in 2714 ms
2020-09-13 17:13:31.771 [main] INFO  com.alibaba.druid.spring.boot.autoconfigure.DruidDataSourceAutoConfigure - Init DruidDataSource
2020-09-13 17:13:35.878 [main] INFO  com.alibaba.druid.pool.DruidDataSource - {dataSource-1} inited
2020-09-13 17:13:35.918 [main] INFO  org.springframework.scheduling.concurrent.ThreadPoolTaskExecutor - Initializing ExecutorService 'applicationTaskExecutor'
2020-09-13 17:13:37.937 [main] INFO  springfox.documentation.spring.web.PropertySourcedRequestMappingHandlerMapping - Mapped URL path [/v2/api-docs] onto method [springfox.documentation.swagger2.web.Swagger2Controller#getDocumentation(String, HttpServletRequest)]
2020-09-13 17:13:39.998 [main] INFO  org.springframework.cloud.commons.util.InetUtils - Cannot determine local hostname
2020-09-13 17:13:40.133 [main] INFO  springfox.documentation.spring.web.plugins.DocumentationPluginsBootstrapper - Context refreshed
2020-09-13 17:13:40.153 [main] INFO  springfox.documentation.spring.web.plugins.DocumentationPluginsBootstrapper - Found 1 custom documentation plugin(s)
2020-09-13 17:13:40.200 [main] INFO  springfox.documentation.spring.web.scanners.ApiListingReferenceScanner - Scanning for api listing references
2020-09-13 17:13:40.526 [main] INFO  springfox.documentation.spring.web.readers.operation.CachingOperationNameGenerator - Generating unique operation named: listTeachersUsingGET_1
2020-09-13 17:13:40.783 [main] INFO  org.springframework.boot.web.embedded.tomcat.TomcatWebServer - Tomcat started on port(s): 8070 (http) with context path ''
2020-09-13 17:13:40.792 [main] INFO  com.safe.campus.SafeCampusApplication - Started SafeCampusApplication in 16.368 seconds (JVM running for 19.05)
2020-09-13 18:54:02.688 [main] INFO  org.springframework.context.support.PostProcessorRegistrationDelegate$BeanPostProcessorChecker - Bean 'configurationPropertiesRebinderAutoConfiguration' of type [org.springframework.cloud.autoconfigure.ConfigurationPropertiesRebinderAutoConfiguration$$EnhancerBySpringCGLIB$$a3358540] is not eligible for getting processed by all BeanPostProcessors (for example: not eligible for auto-proxying)
2020-09-13 18:54:04.393 [main] INFO  com.safe.campus.SafeCampusApplication - The following profiles are active: dev
2020-09-13 18:54:05.442 [main] INFO  org.springframework.data.repository.config.RepositoryConfigurationDelegate - Multiple Spring Data modules found, entering strict repository configuration mode!
2020-09-13 18:54:05.445 [main] INFO  org.springframework.data.repository.config.RepositoryConfigurationDelegate - Bootstrapping Spring Data Redis repositories in DEFAULT mode.
2020-09-13 18:54:05.514 [main] INFO  org.springframework.data.repository.config.RepositoryConfigurationDelegate - Finished Spring Data repository scanning in 55ms. Found 0 Redis repository interfaces.
2020-09-13 18:54:05.781 [main] INFO  org.springframework.cloud.context.scope.GenericScope - BeanFactory id=1a7af13f-15f1-3ea2-8645-6951f575c526
2020-09-13 18:54:05.893 [main] INFO  org.springframework.context.support.PostProcessorRegistrationDelegate$BeanPostProcessorChecker - Bean 'org.springframework.transaction.annotation.ProxyTransactionManagementConfiguration' of type [org.springframework.transaction.annotation.ProxyTransactionManagementConfiguration] is not eligible for getting processed by all BeanPostProcessors (for example: not eligible for auto-proxying)
2020-09-13 18:54:05.926 [main] INFO  org.springframework.context.support.PostProcessorRegistrationDelegate$BeanPostProcessorChecker - Bean 'org.springframework.cloud.autoconfigure.ConfigurationPropertiesRebinderAutoConfiguration' of type [org.springframework.cloud.autoconfigure.ConfigurationPropertiesRebinderAutoConfiguration$$EnhancerBySpringCGLIB$$a3358540] is not eligible for getting processed by all BeanPostProcessors (for example: not eligible for auto-proxying)
2020-09-13 18:54:06.150 [main] INFO  org.springframework.boot.web.embedded.tomcat.TomcatWebServer - Tomcat initialized with port(s): 8070 (http)
2020-09-13 18:54:06.267 [main] INFO  org.apache.catalina.core.StandardService - Starting service [Tomcat]
2020-09-13 18:54:06.267 [main] INFO  org.apache.catalina.core.StandardEngine - Starting Servlet engine: [Apache Tomcat/9.0.30]
2020-09-13 18:54:06.269 [main] INFO  org.apache.catalina.core.AprLifecycleListener - An older version [1.2.21] of the APR based Apache Tomcat Native library is installed, while Tomcat recommends a minimum version of [1.2.23]
2020-09-13 18:54:06.270 [main] INFO  org.apache.catalina.core.AprLifecycleListener - Loaded APR based Apache Tomcat Native library [1.2.21] using APR version [1.6.5].
2020-09-13 18:54:06.270 [main] INFO  org.apache.catalina.core.AprLifecycleListener - APR capabilities: IPv6 [true], sendfile [true], accept filters [false], random [true].
2020-09-13 18:54:06.270 [main] INFO  org.apache.catalina.core.AprLifecycleListener - APR/OpenSSL configuration: useAprConnector [false], useOpenSSL [true]
2020-09-13 18:54:06.274 [main] INFO  org.apache.catalina.core.AprLifecycleListener - OpenSSL successfully initialized [OpenSSL 1.1.1a  20 Nov 2018]
2020-09-13 18:54:06.410 [main] INFO  org.apache.catalina.core.ContainerBase.[Tomcat].[localhost].[/] - Initializing Spring embedded WebApplicationContext
2020-09-13 18:54:06.411 [main] INFO  org.springframework.web.context.ContextLoader - Root WebApplicationContext: initialization completed in 2005 ms
2020-09-13 18:54:06.492 [main] INFO  com.alibaba.druid.spring.boot.autoconfigure.DruidDataSourceAutoConfigure - Init DruidDataSource
2020-09-13 18:54:10.530 [main] INFO  com.alibaba.druid.pool.DruidDataSource - {dataSource-1} inited
2020-09-13 18:54:10.562 [main] INFO  org.springframework.scheduling.concurrent.ThreadPoolTaskExecutor - Initializing ExecutorService 'applicationTaskExecutor'
2020-09-13 18:54:12.312 [main] INFO  springfox.documentation.spring.web.PropertySourcedRequestMappingHandlerMapping - Mapped URL path [/v2/api-docs] onto method [springfox.documentation.swagger2.web.Swagger2Controller#getDocumentation(String, HttpServletRequest)]
2020-09-13 18:54:14.274 [main] INFO  org.springframework.cloud.commons.util.InetUtils - Cannot determine local hostname
2020-09-13 18:54:14.465 [main] INFO  springfox.documentation.spring.web.plugins.DocumentationPluginsBootstrapper - Context refreshed
2020-09-13 18:54:14.482 [main] INFO  springfox.documentation.spring.web.plugins.DocumentationPluginsBootstrapper - Found 1 custom documentation plugin(s)
2020-09-13 18:54:14.547 [main] INFO  springfox.documentation.spring.web.scanners.ApiListingReferenceScanner - Scanning for api listing references
2020-09-13 18:54:14.869 [main] INFO  springfox.documentation.spring.web.readers.operation.CachingOperationNameGenerator - Generating unique operation named: listTeachersUsingGET_1
2020-09-13 18:54:15.118 [main] INFO  org.springframework.boot.web.embedded.tomcat.TomcatWebServer - Tomcat started on port(s): 8070 (http) with context path ''
2020-09-13 18:54:15.120 [main] INFO  com.safe.campus.SafeCampusApplication - Started SafeCampusApplication in 14.968 seconds (JVM running for 16.827)
2020-09-13 18:54:24.196 [http-nio-8070-exec-2] INFO  org.apache.catalina.core.ContainerBase.[Tomcat].[localhost].[/] - Initializing Spring DispatcherServlet 'dispatcherServlet'
2020-09-13 18:54:24.197 [http-nio-8070-exec-2] INFO  org.springframework.web.servlet.DispatcherServlet - Initializing Servlet 'dispatcherServlet'
2020-09-13 18:54:24.209 [http-nio-8070-exec-2] INFO  org.springframework.web.servlet.DispatcherServlet - Completed initialization in 12 ms
2020-09-13 18:54:24.230 [http-nio-8070-exec-2] INFO  com.safe.campus.about.interceptor.TokenInterceptor - <== preHandle - 拦截器.  url=/campus/school/building/studentList
2020-09-13 18:54:24.232 [http-nio-8070-exec-2] INFO  com.safe.campus.about.interceptor.TokenInterceptor - token= eyJhbGciOiJIUzI1NiJ9.eyJzdWIiOiIyMTM5MTUxNTM2ODEyOCIsImV4cCI6MTU5OTk5OTk2NSwidXNlcklkIjoyMTM5MTUxNTM2ODEyOCwiaWF0IjoxNTk5OTEzNTY1LCJqdGkiOiI2NzhmY2JmOC0zMThhLTQ1MWUtYjEzOS1hMGIxMzg5Y2ZiMmYiLCJ0aW1lc3RhbXAiOjE1OTk5MTM1NjV9.Taz4CUOUcAgGmaSKUcJQaXyaiWNaNyXDpaNsGLBPlnQ
2020-09-13 18:54:25.106 [http-nio-8070-exec-2] INFO  com.safe.campus.about.interceptor.TokenInterceptor - userId 21391515368128
2020-09-13 18:54:25.213 [http-nio-8070-exec-2] INFO  io.lettuce.core.EpollProvider - Starting without optional epoll library
2020-09-13 18:54:25.215 [http-nio-8070-exec-2] INFO  io.lettuce.core.KqueueProvider - Starting without optional kqueue library
2020-09-13 18:54:26.014 [http-nio-8070-exec-2] INFO  com.safe.campus.about.interceptor.TokenInterceptor - <== preHandle - 权限拦截器.  loginUser=LoginTokenDto(id=21391515368128, type=3, masterId=null, userName=stest, state=null, createUser=null, createTime=1599913565, expireTime=1599999965)
2020-09-13 18:54:26.014 [http-nio-8070-exec-2] INFO  com.safe.campus.about.interceptor.TokenInterceptor - 开始验证注解 =====>>>>>
2020-09-13 18:54:26.370 [http-nio-8070-exec-2] INFO  com.safe.campus.about.interceptor.TokenInterceptor - 结束验证注解 <<<<<=====
2020-09-13 18:56:50.871 [http-nio-8070-exec-5] INFO  com.safe.campus.about.interceptor.TokenInterceptor - <== preHandle - 拦截器.  url=/campus/school/building/studentList
2020-09-13 18:56:50.873 [http-nio-8070-exec-5] INFO  com.safe.campus.about.interceptor.TokenInterceptor - token= eyJhbGciOiJIUzI1NiJ9.eyJzdWIiOiIyMTM5MTUxNTM2ODEyOCIsImV4cCI6MTU5OTk5OTk2NSwidXNlcklkIjoyMTM5MTUxNTM2ODEyOCwiaWF0IjoxNTk5OTEzNTY1LCJqdGkiOiI2NzhmY2JmOC0zMThhLTQ1MWUtYjEzOS1hMGIxMzg5Y2ZiMmYiLCJ0aW1lc3RhbXAiOjE1OTk5MTM1NjV9.Taz4CUOUcAgGmaSKUcJQaXyaiWNaNyXDpaNsGLBPlnQ
2020-09-13 18:56:50.876 [http-nio-8070-exec-5] INFO  com.safe.campus.about.interceptor.TokenInterceptor - userId 21391515368128
2020-09-13 18:56:50.907 [http-nio-8070-exec-5] INFO  com.safe.campus.about.interceptor.TokenInterceptor - <== preHandle - 权限拦截器.  loginUser=LoginTokenDto(id=21391515368128, type=3, masterId=null, userName=stest, state=null, createUser=null, createTime=1599913565, expireTime=1599999965)
2020-09-13 18:56:50.907 [http-nio-8070-exec-5] INFO  com.safe.campus.about.interceptor.TokenInterceptor - 开始验证注解 =====>>>>>
2020-09-13 18:56:51.108 [http-nio-8070-exec-5] INFO  com.safe.campus.about.interceptor.TokenInterceptor - 结束验证注解 <<<<<=====
2020-09-13 19:31:18.528 [http-nio-8070-exec-7] INFO  com.safe.campus.about.interceptor.TokenInterceptor - <== preHandle - 拦截器.  url=/campus/school/building/studentList
2020-09-13 19:31:18.529 [http-nio-8070-exec-7] INFO  com.safe.campus.about.interceptor.TokenInterceptor - token= eyJhbGciOiJIUzI1NiJ9.eyJzdWIiOiIyMTM5MTUxNTM2ODEyOCIsImV4cCI6MTU5OTk5OTk2NSwidXNlcklkIjoyMTM5MTUxNTM2ODEyOCwiaWF0IjoxNTk5OTEzNTY1LCJqdGkiOiI2NzhmY2JmOC0zMThhLTQ1MWUtYjEzOS1hMGIxMzg5Y2ZiMmYiLCJ0aW1lc3RhbXAiOjE1OTk5MTM1NjV9.Taz4CUOUcAgGmaSKUcJQaXyaiWNaNyXDpaNsGLBPlnQ
2020-09-13 19:31:18.530 [http-nio-8070-exec-7] INFO  com.safe.campus.about.interceptor.TokenInterceptor - userId 21391515368128
2020-09-13 19:31:18.563 [http-nio-8070-exec-7] INFO  com.safe.campus.about.interceptor.TokenInterceptor - <== preHandle - 权限拦截器.  loginUser=LoginTokenDto(id=21391515368128, type=3, masterId=null, userName=stest, state=null, createUser=null, createTime=1599913565, expireTime=1599999965)
2020-09-13 19:31:18.564 [http-nio-8070-exec-7] INFO  com.safe.campus.about.interceptor.TokenInterceptor - 开始验证注解 =====>>>>>
2020-09-13 19:31:18.761 [http-nio-8070-exec-7] INFO  com.safe.campus.about.interceptor.TokenInterceptor - 结束验证注解 <<<<<=====
2020-09-13 19:34:25.959 [main] INFO  org.springframework.context.support.PostProcessorRegistrationDelegate$BeanPostProcessorChecker - Bean 'configurationPropertiesRebinderAutoConfiguration' of type [org.springframework.cloud.autoconfigure.ConfigurationPropertiesRebinderAutoConfiguration$$EnhancerBySpringCGLIB$$a3358540] is not eligible for getting processed by all BeanPostProcessors (for example: not eligible for auto-proxying)
2020-09-13 19:34:28.808 [main] INFO  com.safe.campus.SafeCampusApplication - The following profiles are active: dev
2020-09-13 19:34:29.969 [main] INFO  org.springframework.data.repository.config.RepositoryConfigurationDelegate - Multiple Spring Data modules found, entering strict repository configuration mode!
2020-09-13 19:34:29.972 [main] INFO  org.springframework.data.repository.config.RepositoryConfigurationDelegate - Bootstrapping Spring Data Redis repositories in DEFAULT mode.
2020-09-13 19:34:30.045 [main] INFO  org.springframework.data.repository.config.RepositoryConfigurationDelegate - Finished Spring Data repository scanning in 57ms. Found 0 Redis repository interfaces.
2020-09-13 19:34:30.356 [main] INFO  org.springframework.cloud.context.scope.GenericScope - BeanFactory id=1a7af13f-15f1-3ea2-8645-6951f575c526
2020-09-13 19:34:30.478 [main] INFO  org.springframework.context.support.PostProcessorRegistrationDelegate$BeanPostProcessorChecker - Bean 'org.springframework.transaction.annotation.ProxyTransactionManagementConfiguration' of type [org.springframework.transaction.annotation.ProxyTransactionManagementConfiguration] is not eligible for getting processed by all BeanPostProcessors (for example: not eligible for auto-proxying)
2020-09-13 19:34:30.515 [main] INFO  org.springframework.context.support.PostProcessorRegistrationDelegate$BeanPostProcessorChecker - Bean 'org.springframework.cloud.autoconfigure.ConfigurationPropertiesRebinderAutoConfiguration' of type [org.springframework.cloud.autoconfigure.ConfigurationPropertiesRebinderAutoConfiguration$$EnhancerBySpringCGLIB$$a3358540] is not eligible for getting processed by all BeanPostProcessors (for example: not eligible for auto-proxying)
2020-09-13 19:34:30.776 [main] INFO  org.springframework.boot.web.embedded.tomcat.TomcatWebServer - Tomcat initialized with port(s): 8070 (http)
2020-09-13 19:34:30.908 [main] INFO  org.apache.catalina.core.StandardService - Starting service [Tomcat]
2020-09-13 19:34:30.908 [main] INFO  org.apache.catalina.core.StandardEngine - Starting Servlet engine: [Apache Tomcat/9.0.30]
2020-09-13 19:34:30.910 [main] INFO  org.apache.catalina.core.AprLifecycleListener - An older version [1.2.21] of the APR based Apache Tomcat Native library is installed, while Tomcat recommends a minimum version of [1.2.23]
2020-09-13 19:34:30.911 [main] INFO  org.apache.catalina.core.AprLifecycleListener - Loaded APR based Apache Tomcat Native library [1.2.21] using APR version [1.6.5].
2020-09-13 19:34:30.911 [main] INFO  org.apache.catalina.core.AprLifecycleListener - APR capabilities: IPv6 [true], sendfile [true], accept filters [false], random [true].
2020-09-13 19:34:30.911 [main] INFO  org.apache.catalina.core.AprLifecycleListener - APR/OpenSSL configuration: useAprConnector [false], useOpenSSL [true]
2020-09-13 19:34:30.915 [main] INFO  org.apache.catalina.core.AprLifecycleListener - OpenSSL successfully initialized [OpenSSL 1.1.1a  20 Nov 2018]
2020-09-13 19:34:31.089 [main] INFO  org.apache.catalina.core.ContainerBase.[Tomcat].[localhost].[/] - Initializing Spring embedded WebApplicationContext
2020-09-13 19:34:31.089 [main] INFO  org.springframework.web.context.ContextLoader - Root WebApplicationContext: initialization completed in 2268 ms
2020-09-13 19:34:31.193 [main] INFO  com.alibaba.druid.spring.boot.autoconfigure.DruidDataSourceAutoConfigure - Init DruidDataSource
2020-09-13 19:34:35.282 [main] INFO  com.alibaba.druid.pool.DruidDataSource - {dataSource-1} inited
2020-09-13 19:34:35.320 [main] INFO  org.springframework.scheduling.concurrent.ThreadPoolTaskExecutor - Initializing ExecutorService 'applicationTaskExecutor'
2020-09-13 19:34:39.307 [main] INFO  springfox.documentation.spring.web.PropertySourcedRequestMappingHandlerMapping - Mapped URL path [/v2/api-docs] onto method [springfox.documentation.swagger2.web.Swagger2Controller#getDocumentation(String, HttpServletRequest)]
2020-09-13 19:34:41.311 [main] INFO  org.springframework.cloud.commons.util.InetUtils - Cannot determine local hostname
2020-09-13 19:34:41.463 [main] INFO  springfox.documentation.spring.web.plugins.DocumentationPluginsBootstrapper - Context refreshed
2020-09-13 19:34:41.483 [main] INFO  springfox.documentation.spring.web.plugins.DocumentationPluginsBootstrapper - Found 1 custom documentation plugin(s)
2020-09-13 19:34:41.583 [main] INFO  springfox.documentation.spring.web.scanners.ApiListingReferenceScanner - Scanning for api listing references
2020-09-13 19:34:42.282 [main] INFO  springfox.documentation.spring.web.readers.operation.CachingOperationNameGenerator - Generating unique operation named: listTeachersUsingGET_1
2020-09-13 19:34:42.928 [main] INFO  org.springframework.boot.web.embedded.tomcat.TomcatWebServer - Tomcat started on port(s): 8070 (http) with context path ''
2020-09-13 19:34:42.932 [main] INFO  com.safe.campus.SafeCampusApplication - Started SafeCampusApplication in 20.483 seconds (JVM running for 22.934)
2020-09-13 19:34:46.924 [http-nio-8070-exec-1] INFO  org.apache.catalina.core.ContainerBase.[Tomcat].[localhost].[/] - Initializing Spring DispatcherServlet 'dispatcherServlet'
2020-09-13 19:34:46.926 [http-nio-8070-exec-1] INFO  org.springframework.web.servlet.DispatcherServlet - Initializing Servlet 'dispatcherServlet'
2020-09-13 19:34:46.939 [http-nio-8070-exec-1] INFO  org.springframework.web.servlet.DispatcherServlet - Completed initialization in 12 ms
2020-09-13 19:34:46.975 [http-nio-8070-exec-1] INFO  com.safe.campus.about.interceptor.TokenInterceptor - <== preHandle - 拦截器.  url=/campus/school/building/studentList
2020-09-13 19:34:46.977 [http-nio-8070-exec-1] INFO  com.safe.campus.about.interceptor.TokenInterceptor - token= eyJhbGciOiJIUzI1NiJ9.eyJzdWIiOiIyMTM5MTUxNTM2ODEyOCIsImV4cCI6MTU5OTk5OTk2NSwidXNlcklkIjoyMTM5MTUxNTM2ODEyOCwiaWF0IjoxNTk5OTEzNTY1LCJqdGkiOiI2NzhmY2JmOC0zMThhLTQ1MWUtYjEzOS1hMGIxMzg5Y2ZiMmYiLCJ0aW1lc3RhbXAiOjE1OTk5MTM1NjV9.Taz4CUOUcAgGmaSKUcJQaXyaiWNaNyXDpaNsGLBPlnQ
2020-09-13 19:34:48.481 [http-nio-8070-exec-1] INFO  com.safe.campus.about.interceptor.TokenInterceptor - userId 21391515368128
2020-09-13 19:34:48.663 [http-nio-8070-exec-1] INFO  io.lettuce.core.EpollProvider - Starting without optional epoll library
2020-09-13 19:34:48.667 [http-nio-8070-exec-1] INFO  io.lettuce.core.KqueueProvider - Starting without optional kqueue library
2020-09-13 19:34:49.684 [http-nio-8070-exec-1] INFO  com.safe.campus.about.interceptor.TokenInterceptor - <== preHandle - 权限拦截器.  loginUser=LoginTokenDto(id=21391515368128, type=3, masterId=null, userName=stest, state=null, createUser=null, createTime=1599913565, expireTime=1599999965)
2020-09-13 19:34:49.686 [http-nio-8070-exec-1] INFO  com.safe.campus.about.interceptor.TokenInterceptor - 开始验证注解 =====>>>>>
2020-09-13 19:34:49.996 [http-nio-8070-exec-1] INFO  com.safe.campus.about.interceptor.TokenInterceptor - 结束验证注解 <<<<<=====
2020-09-13 20:02:13.303 [http-nio-8070-exec-4] INFO  com.safe.campus.about.interceptor.TokenInterceptor - <== preHandle - 拦截器.  url=/doc.html
2020-09-13 20:02:13.405 [http-nio-8070-exec-6] INFO  com.safe.campus.about.interceptor.TokenInterceptor - <== preHandle - 拦截器.  url=/webjars/bycdao-ui/layer3.0.3/skin/default/layer.css
2020-09-13 20:02:13.403 [http-nio-8070-exec-5] INFO  com.safe.campus.about.interceptor.TokenInterceptor - <== preHandle - 拦截器.  url=/webjars/bycdao-ui/bootstrap/css/bootstrap.min.css
2020-09-13 20:02:13.418 [http-nio-8070-exec-9] INFO  com.safe.campus.about.interceptor.TokenInterceptor - <== preHandle - 拦截器.  url=/webjars/bycdao-ui/highlight/styles/default.css
2020-09-13 20:02:13.415 [http-nio-8070-exec-8] INFO  com.safe.campus.about.interceptor.TokenInterceptor - <== preHandle - 拦截器.  url=/webjars/bycdao-ui/highlight/styles/style.css
2020-09-13 20:02:13.416 [http-nio-8070-exec-10] INFO  com.safe.campus.about.interceptor.TokenInterceptor - <== preHandle - 拦截器.  url=/webjars/bycdao-ui/cdao/swaggerbootstrapui.css
2020-09-13 20:02:13.414 [http-nio-8070-exec-7] INFO  com.safe.campus.about.interceptor.TokenInterceptor - <== preHandle - 拦截器.  url=/webjars/bycdao-ui/highlight/styles/docco.css
2020-09-13 20:02:13.446 [http-nio-8070-exec-3] INFO  com.safe.campus.about.interceptor.TokenInterceptor - <== preHandle - 拦截器.  url=/webjars/bycdao-ui/ext/sbuadmin.css
2020-09-13 20:02:13.448 [http-nio-8070-exec-2] INFO  com.safe.campus.about.interceptor.TokenInterceptor - <== preHandle - 拦截器.  url=/webjars/bycdao-ui/iconfont/iconfont.css
2020-09-13 20:02:13.448 [http-nio-8070-exec-1] INFO  com.safe.campus.about.interceptor.TokenInterceptor - <== preHandle - 拦截器.  url=/webjars/bycdao-ui/layui/css/layui.css
2020-09-13 20:02:13.451 [http-nio-8070-exec-4] INFO  com.safe.campus.about.interceptor.TokenInterceptor - <== preHandle - 拦截器.  url=/webjars/bycdao-ui/bootstrap-tabx/css/bootstrap-tabs-x.min.css
2020-09-13 20:02:13.451 [http-nio-8070-exec-6] INFO  com.safe.campus.about.interceptor.TokenInterceptor - <== preHandle - 拦截器.  url=/webjars/bycdao-ui/ext/editormd.min.css
2020-09-13 20:02:13.463 [http-nio-8070-exec-10] INFO  com.safe.campus.about.interceptor.TokenInterceptor - <== preHandle - 拦截器.  url=/webjars/bycdao-ui/cdao/swaggerbootstrapui-md.css
2020-09-13 20:02:13.522 [http-nio-8070-exec-5] INFO  com.safe.campus.about.interceptor.TokenInterceptor - <== preHandle - 拦截器.  url=/webjars/bycdao-ui/layer3.0.3/skin/default/layer.css
2020-09-13 20:02:13.646 [http-nio-8070-exec-8] INFO  com.safe.campus.about.interceptor.TokenInterceptor - <== preHandle - 拦截器.  url=/webjars/bycdao-ui/ext/sbuadmin.js
2020-09-13 20:02:13.677 [http-nio-8070-exec-9] INFO  com.safe.campus.about.interceptor.TokenInterceptor - <== preHandle - 拦截器.  url=/webjars/bycdao-ui/layui/lay/modules/layer.js
2020-09-13 20:02:13.694 [http-nio-8070-exec-7] INFO  com.safe.campus.about.interceptor.TokenInterceptor - <== preHandle - 拦截器.  url=/webjars/bycdao-ui/layui/css/modules/layer/default/layer.css
2020-09-13 20:02:13.696 [http-nio-8070-exec-4] INFO  com.safe.campus.about.interceptor.TokenInterceptor - <== preHandle - 拦截器.  url=/webjars/bycdao-ui/layui/lay/modules/element.js
2020-09-13 20:02:13.733 [http-nio-8070-exec-1] INFO  com.safe.campus.about.interceptor.TokenInterceptor - <== preHandle - 拦截器.  url=/webjars/bycdao-ui/ext/treetable.js
2020-09-13 20:02:13.748 [http-nio-8070-exec-3] INFO  com.safe.campus.about.interceptor.TokenInterceptor - <== preHandle - 拦截器.  url=/webjars/bycdao-ui/layui/lay/modules/table.js
2020-09-13 20:02:13.762 [http-nio-8070-exec-6] INFO  com.safe.campus.about.interceptor.TokenInterceptor - <== preHandle - 拦截器.  url=/webjars/bycdao-ui/layui/lay/modules/laytpl.js
2020-09-13 20:02:13.771 [http-nio-8070-exec-2] INFO  com.safe.campus.about.interceptor.TokenInterceptor - <== preHandle - 拦截器.  url=/webjars/bycdao-ui/layui/lay/modules/laypage.js
2020-09-13 20:02:13.782 [http-nio-8070-exec-10] INFO  com.safe.campus.about.interceptor.TokenInterceptor - <== preHandle - 拦截器.  url=/webjars/bycdao-ui/layui/lay/modules/form.js
2020-09-13 20:02:13.794 [http-nio-8070-exec-5] INFO  com.safe.campus.about.interceptor.TokenInterceptor - <== preHandle - 拦截器.  url=/webjars/bycdao-ui/layui/lay/modules/util.js
2020-09-13 20:02:13.806 [http-nio-8070-exec-8] INFO  com.safe.campus.about.interceptor.TokenInterceptor - <== preHandle - 拦截器.  url=/webjars/bycdao-ui/ext/treetable-lay/treetable.css
2020-09-13 20:02:13.820 [http-nio-8070-exec-9] INFO  com.safe.campus.about.interceptor.TokenInterceptor - <== preHandle - 拦截器.  url=/swagger-resources/configuration/ui
2020-09-13 20:02:13.822 [http-nio-8070-exec-7] INFO  com.safe.campus.about.interceptor.TokenInterceptor - <== preHandle - 拦截器.  url=/swagger-resources
2020-09-13 20:02:13.851 [http-nio-8070-exec-4] INFO  com.safe.campus.about.interceptor.TokenInterceptor - <== preHandle - 拦截器.  url=/webjars/bycdao-ui/images/api.ico
2020-09-13 20:02:14.545 [http-nio-8070-exec-6] INFO  com.safe.campus.about.interceptor.TokenInterceptor - <== preHandle - 拦截器.  url=/webjars/bycdao-ui/ace-editor/theme-eclipse.js
2020-09-13 20:02:14.545 [http-nio-8070-exec-3] INFO  com.safe.campus.about.interceptor.TokenInterceptor - <== preHandle - 拦截器.  url=/webjars/bycdao-ui/ace-editor/mode-json.js
2020-09-13 20:02:14.679 [http-nio-8070-exec-2] INFO  com.safe.campus.about.interceptor.TokenInterceptor - <== preHandle - 拦截器.  url=/webjars/bycdao-ui/ace-editor/worker-json.js
2020-09-13 20:03:05.802 [main] INFO  org.springframework.context.support.PostProcessorRegistrationDelegate$BeanPostProcessorChecker - Bean 'configurationPropertiesRebinderAutoConfiguration' of type [org.springframework.cloud.autoconfigure.ConfigurationPropertiesRebinderAutoConfiguration$$EnhancerBySpringCGLIB$$cdef58db] is not eligible for getting processed by all BeanPostProcessors (for example: not eligible for auto-proxying)
2020-09-13 20:03:07.695 [main] INFO  com.safe.campus.SafeCampusApplication - The following profiles are active: dev
2020-09-13 20:03:08.757 [main] INFO  org.springframework.data.repository.config.RepositoryConfigurationDelegate - Multiple Spring Data modules found, entering strict repository configuration mode!
2020-09-13 20:03:08.758 [main] INFO  org.springframework.data.repository.config.RepositoryConfigurationDelegate - Bootstrapping Spring Data Redis repositories in DEFAULT mode.
2020-09-13 20:03:08.825 [main] INFO  org.springframework.data.repository.config.RepositoryConfigurationDelegate - Finished Spring Data repository scanning in 52ms. Found 0 Redis repository interfaces.
2020-09-13 20:03:09.096 [main] INFO  org.springframework.cloud.context.scope.GenericScope - BeanFactory id=1a7af13f-15f1-3ea2-8645-6951f575c526
2020-09-13 20:03:09.200 [main] INFO  org.springframework.context.support.PostProcessorRegistrationDelegate$BeanPostProcessorChecker - Bean 'org.springframework.transaction.annotation.ProxyTransactionManagementConfiguration' of type [org.springframework.transaction.annotation.ProxyTransactionManagementConfiguration] is not eligible for getting processed by all BeanPostProcessors (for example: not eligible for auto-proxying)
2020-09-13 20:03:09.232 [main] INFO  org.springframework.context.support.PostProcessorRegistrationDelegate$BeanPostProcessorChecker - Bean 'org.springframework.cloud.autoconfigure.ConfigurationPropertiesRebinderAutoConfiguration' of type [org.springframework.cloud.autoconfigure.ConfigurationPropertiesRebinderAutoConfiguration$$EnhancerBySpringCGLIB$$cdef58db] is not eligible for getting processed by all BeanPostProcessors (for example: not eligible for auto-proxying)
2020-09-13 20:03:09.545 [main] INFO  org.springframework.boot.web.embedded.tomcat.TomcatWebServer - Tomcat initialized with port(s): 8070 (http)
2020-09-13 20:03:09.557 [main] INFO  org.apache.catalina.core.StandardService - Starting service [Tomcat]
2020-09-13 20:03:09.558 [main] INFO  org.apache.catalina.core.StandardEngine - Starting Servlet engine: [Apache Tomcat/9.0.30]
2020-09-13 20:03:09.559 [main] INFO  org.apache.catalina.core.AprLifecycleListener - An older version [1.2.21] of the APR based Apache Tomcat Native library is installed, while Tomcat recommends a minimum version of [1.2.23]
2020-09-13 20:03:09.560 [main] INFO  org.apache.catalina.core.AprLifecycleListener - Loaded APR based Apache Tomcat Native library [1.2.21] using APR version [1.6.5].
2020-09-13 20:03:09.560 [main] INFO  org.apache.catalina.core.AprLifecycleListener - APR capabilities: IPv6 [true], sendfile [true], accept filters [false], random [true].
2020-09-13 20:03:09.560 [main] INFO  org.apache.catalina.core.AprLifecycleListener - APR/OpenSSL configuration: useAprConnector [false], useOpenSSL [true]
2020-09-13 20:03:09.563 [main] INFO  org.apache.catalina.core.AprLifecycleListener - OpenSSL successfully initialized [OpenSSL 1.1.1a  20 Nov 2018]
2020-09-13 20:03:09.690 [main] INFO  org.apache.catalina.core.ContainerBase.[Tomcat].[localhost].[/] - Initializing Spring embedded WebApplicationContext
2020-09-13 20:03:09.691 [main] INFO  org.springframework.web.context.ContextLoader - Root WebApplicationContext: initialization completed in 1983 ms
2020-09-13 20:03:09.770 [main] INFO  com.alibaba.druid.spring.boot.autoconfigure.DruidDataSourceAutoConfigure - Init DruidDataSource
2020-09-13 20:03:13.780 [main] INFO  com.alibaba.druid.pool.DruidDataSource - {dataSource-1} inited
2020-09-13 20:03:13.811 [main] INFO  org.springframework.scheduling.concurrent.ThreadPoolTaskExecutor - Initializing ExecutorService 'applicationTaskExecutor'
2020-09-13 20:03:15.481 [main] INFO  springfox.documentation.spring.web.PropertySourcedRequestMappingHandlerMapping - Mapped URL path [/v2/api-docs] onto method [springfox.documentation.swagger2.web.Swagger2Controller#getDocumentation(String, HttpServletRequest)]
2020-09-13 20:03:17.441 [main] INFO  org.springframework.cloud.commons.util.InetUtils - Cannot determine local hostname
2020-09-13 20:03:17.535 [main] INFO  springfox.documentation.spring.web.plugins.DocumentationPluginsBootstrapper - Context refreshed
2020-09-13 20:03:17.547 [main] INFO  springfox.documentation.spring.web.plugins.DocumentationPluginsBootstrapper - Found 1 custom documentation plugin(s)
2020-09-13 20:03:17.585 [main] INFO  springfox.documentation.spring.web.scanners.ApiListingReferenceScanner - Scanning for api listing references
2020-09-13 20:03:17.864 [main] INFO  springfox.documentation.spring.web.readers.operation.CachingOperationNameGenerator - Generating unique operation named: listTeachersUsingGET_1
2020-09-13 20:03:18.081 [main] INFO  org.springframework.boot.web.embedded.tomcat.TomcatWebServer - Tomcat started on port(s): 8070 (http) with context path ''
2020-09-13 20:03:18.084 [main] INFO  com.safe.campus.SafeCampusApplication - Started SafeCampusApplication in 15.036 seconds (JVM running for 16.979)
2020-09-13 20:03:43.131 [http-nio-8070-exec-1] INFO  org.apache.catalina.core.ContainerBase.[Tomcat].[localhost].[/] - Initializing Spring DispatcherServlet 'dispatcherServlet'
2020-09-13 20:03:43.132 [http-nio-8070-exec-1] INFO  org.springframework.web.servlet.DispatcherServlet - Initializing Servlet 'dispatcherServlet'
2020-09-13 20:03:43.139 [http-nio-8070-exec-1] INFO  org.springframework.web.servlet.DispatcherServlet - Completed initialization in 7 ms
2020-09-13 20:03:43.160 [http-nio-8070-exec-1] INFO  com.safe.campus.about.interceptor.TokenInterceptor - <== preHandle - 拦截器.  url=/doc.html
2020-09-13 20:03:43.483 [http-nio-8070-exec-3] INFO  com.safe.campus.about.interceptor.TokenInterceptor - <== preHandle - 拦截器.  url=/swagger-resources/configuration/ui
2020-09-13 20:03:43.487 [http-nio-8070-exec-4] INFO  com.safe.campus.about.interceptor.TokenInterceptor - <== preHandle - 拦截器.  url=/swagger-resources
2020-09-13 20:03:43.504 [http-nio-8070-exec-2] INFO  com.safe.campus.about.interceptor.TokenInterceptor - <== preHandle - 拦截器.  url=/webjars/bycdao-ui/images/api.ico
2020-09-13 20:03:49.906 [http-nio-8070-exec-6] INFO  com.safe.campus.about.interceptor.TokenInterceptor - <== preHandle - 拦截器.  url=/doc.html
2020-09-13 20:03:50.077 [http-nio-8070-exec-7] INFO  com.safe.campus.about.interceptor.TokenInterceptor - <== preHandle - 拦截器.  url=/swagger-resources/configuration/ui
2020-09-13 20:03:50.085 [http-nio-8070-exec-9] INFO  com.safe.campus.about.interceptor.TokenInterceptor - <== preHandle - 拦截器.  url=/swagger-resources
2020-09-13 20:03:50.085 [http-nio-8070-exec-8] INFO  com.safe.campus.about.interceptor.TokenInterceptor - <== preHandle - 拦截器.  url=/webjars/bycdao-ui/images/api.ico
2020-09-13 20:45:41.677 [http-nio-8070-exec-3] INFO  com.safe.campus.about.interceptor.TokenInterceptor - <== preHandle - 拦截器.  url=/campus/school/teacher/list
2020-09-13 20:45:41.679 [http-nio-8070-exec-3] INFO  com.safe.campus.about.interceptor.TokenInterceptor - token= eyJhbGciOiJIUzI1NiJ9.eyJzdWIiOiIyMTM5MTUxNTM2ODEyOCIsImV4cCI6MTU5OTk5OTk2NSwidXNlcklkIjoyMTM5MTUxNTM2ODEyOCwiaWF0IjoxNTk5OTEzNTY1LCJqdGkiOiI2NzhmY2JmOC0zMThhLTQ1MWUtYjEzOS1hMGIxMzg5Y2ZiMmYiLCJ0aW1lc3RhbXAiOjE1OTk5MTM1NjV9.Taz4CUOUcAgGmaSKUcJQaXyaiWNaNyXDpaNsGLBPlnQ
2020-09-13 20:47:45.758 [main] INFO  org.springframework.context.support.PostProcessorRegistrationDelegate$BeanPostProcessorChecker - Bean 'configurationPropertiesRebinderAutoConfiguration' of type [org.springframework.cloud.autoconfigure.ConfigurationPropertiesRebinderAutoConfiguration$$EnhancerBySpringCGLIB$$ba37cdb] is not eligible for getting processed by all BeanPostProcessors (for example: not eligible for auto-proxying)
2020-09-13 20:47:48.054 [main] INFO  com.safe.campus.SafeCampusApplication - The following profiles are active: dev
2020-09-13 20:47:49.986 [main] INFO  org.springframework.data.repository.config.RepositoryConfigurationDelegate - Multiple Spring Data modules found, entering strict repository configuration mode!
2020-09-13 20:47:49.989 [main] INFO  org.springframework.data.repository.config.RepositoryConfigurationDelegate - Bootstrapping Spring Data Redis repositories in DEFAULT mode.
2020-09-13 20:47:50.075 [main] INFO  org.springframework.data.repository.config.RepositoryConfigurationDelegate - Finished Spring Data repository scanning in 68ms. Found 0 Redis repository interfaces.
2020-09-13 20:47:50.394 [main] INFO  org.springframework.cloud.context.scope.GenericScope - BeanFactory id=1a7af13f-15f1-3ea2-8645-6951f575c526
2020-09-13 20:47:50.497 [main] INFO  org.springframework.context.support.PostProcessorRegistrationDelegate$BeanPostProcessorChecker - Bean 'org.springframework.transaction.annotation.ProxyTransactionManagementConfiguration' of type [org.springframework.transaction.annotation.ProxyTransactionManagementConfiguration] is not eligible for getting processed by all BeanPostProcessors (for example: not eligible for auto-proxying)
2020-09-13 20:47:50.529 [main] INFO  org.springframework.context.support.PostProcessorRegistrationDelegate$BeanPostProcessorChecker - Bean 'org.springframework.cloud.autoconfigure.ConfigurationPropertiesRebinderAutoConfiguration' of type [org.springframework.cloud.autoconfigure.ConfigurationPropertiesRebinderAutoConfiguration$$EnhancerBySpringCGLIB$$ba37cdb] is not eligible for getting processed by all BeanPostProcessors (for example: not eligible for auto-proxying)
2020-09-13 20:47:50.755 [main] INFO  org.springframework.boot.web.embedded.tomcat.TomcatWebServer - Tomcat initialized with port(s): 8070 (http)
2020-09-13 20:47:50.876 [main] INFO  org.apache.catalina.core.StandardService - Starting service [Tomcat]
2020-09-13 20:47:50.876 [main] INFO  org.apache.catalina.core.StandardEngine - Starting Servlet engine: [Apache Tomcat/9.0.30]
2020-09-13 20:47:50.878 [main] INFO  org.apache.catalina.core.AprLifecycleListener - An older version [1.2.21] of the APR based Apache Tomcat Native library is installed, while Tomcat recommends a minimum version of [1.2.23]
2020-09-13 20:47:50.878 [main] INFO  org.apache.catalina.core.AprLifecycleListener - Loaded APR based Apache Tomcat Native library [1.2.21] using APR version [1.6.5].
2020-09-13 20:47:50.879 [main] INFO  org.apache.catalina.core.AprLifecycleListener - APR capabilities: IPv6 [true], sendfile [true], accept filters [false], random [true].
2020-09-13 20:47:50.879 [main] INFO  org.apache.catalina.core.AprLifecycleListener - APR/OpenSSL configuration: useAprConnector [false], useOpenSSL [true]
2020-09-13 20:47:50.882 [main] INFO  org.apache.catalina.core.AprLifecycleListener - OpenSSL successfully initialized [OpenSSL 1.1.1a  20 Nov 2018]
2020-09-13 20:47:51.015 [main] INFO  org.apache.catalina.core.ContainerBase.[Tomcat].[localhost].[/] - Initializing Spring embedded WebApplicationContext
2020-09-13 20:47:51.016 [main] INFO  org.springframework.web.context.ContextLoader - Root WebApplicationContext: initialization completed in 2944 ms
2020-09-13 20:47:51.102 [main] INFO  com.alibaba.druid.spring.boot.autoconfigure.DruidDataSourceAutoConfigure - Init DruidDataSource
2020-09-13 20:47:55.135 [main] INFO  com.alibaba.druid.pool.DruidDataSource - {dataSource-1} inited
2020-09-13 20:47:55.165 [main] INFO  org.springframework.scheduling.concurrent.ThreadPoolTaskExecutor - Initializing ExecutorService 'applicationTaskExecutor'
2020-09-13 20:47:56.836 [main] INFO  springfox.documentation.spring.web.PropertySourcedRequestMappingHandlerMapping - Mapped URL path [/v2/api-docs] onto method [springfox.documentation.swagger2.web.Swagger2Controller#getDocumentation(String, HttpServletRequest)]
2020-09-13 20:47:58.835 [main] INFO  org.springframework.cloud.commons.util.InetUtils - Cannot determine local hostname
2020-09-13 20:47:58.935 [main] INFO  springfox.documentation.spring.web.plugins.DocumentationPluginsBootstrapper - Context refreshed
2020-09-13 20:47:58.947 [main] INFO  springfox.documentation.spring.web.plugins.DocumentationPluginsBootstrapper - Found 1 custom documentation plugin(s)
2020-09-13 20:47:58.986 [main] INFO  springfox.documentation.spring.web.scanners.ApiListingReferenceScanner - Scanning for api listing references
2020-09-13 20:47:59.307 [main] INFO  springfox.documentation.spring.web.readers.operation.CachingOperationNameGenerator - Generating unique operation named: listTeachersUsingGET_1
2020-09-13 20:47:59.598 [main] INFO  org.springframework.boot.web.embedded.tomcat.TomcatWebServer - Tomcat started on port(s): 8070 (http) with context path ''
2020-09-13 20:47:59.601 [main] INFO  com.safe.campus.SafeCampusApplication - Started SafeCampusApplication in 17.491 seconds (JVM running for 19.717)
2020-09-13 20:48:56.230 [http-nio-8070-exec-1] INFO  org.apache.catalina.core.ContainerBase.[Tomcat].[localhost].[/] - Initializing Spring DispatcherServlet 'dispatcherServlet'
2020-09-13 20:48:56.232 [http-nio-8070-exec-1] INFO  org.springframework.web.servlet.DispatcherServlet - Initializing Servlet 'dispatcherServlet'
2020-09-13 20:48:56.244 [http-nio-8070-exec-1] INFO  org.springframework.web.servlet.DispatcherServlet - Completed initialization in 12 ms
2020-09-13 20:48:56.276 [http-nio-8070-exec-1] INFO  com.safe.campus.about.interceptor.TokenInterceptor - <== preHandle - 拦截器.  url=/campus/school/teacher/list
2020-09-13 20:48:56.280 [http-nio-8070-exec-1] INFO  com.safe.campus.about.interceptor.TokenInterceptor - token= eyJhbGciOiJIUzI1NiJ9.eyJzdWIiOiIyMTM5MTUxNTM2ODEyOCIsImV4cCI6MTYwMDA4NjcyMiwidXNlcklkIjoyMTM5MTUxNTM2ODEyOCwiaWF0IjoxNjAwMDAwMzIyLCJqdGkiOiIxNmUwNDE2My0wMWJkLTQzYzUtYWI1YS0zMDU0NTIxMDMyZmQiLCJ0aW1lc3RhbXAiOjE2MDAwMDAzMjJ9.nefH0i_p5gVfPOugvKSDn5jCRky_STVjjTFXrxkR3B4
2020-09-13 20:48:57.843 [http-nio-8070-exec-1] INFO  com.safe.campus.about.interceptor.TokenInterceptor - userId 21391515368128
2020-09-13 20:48:58.034 [http-nio-8070-exec-1] INFO  io.lettuce.core.EpollProvider - Starting without optional epoll library
2020-09-13 20:48:58.037 [http-nio-8070-exec-1] INFO  io.lettuce.core.KqueueProvider - Starting without optional kqueue library
2020-09-13 20:48:59.021 [http-nio-8070-exec-1] INFO  com.safe.campus.about.interceptor.TokenInterceptor - <== preHandle - 权限拦截器.  loginUser=LoginTokenDto(id=21391515368128, type=3, masterId=null, userName=stest, state=null, createUser=null, createTime=1600000322, expireTime=1600086722)
2020-09-13 20:48:59.023 [http-nio-8070-exec-1] INFO  com.safe.campus.about.interceptor.TokenInterceptor - 开始验证注解 =====>>>>>
2020-09-13 20:48:59.345 [http-nio-8070-exec-1] INFO  com.safe.campus.about.interceptor.TokenInterceptor - 结束验证注解 <<<<<=====
2020-09-13 20:49:55.084 [http-nio-8070-exec-3] INFO  com.safe.campus.about.interceptor.TokenInterceptor - <== preHandle - 拦截器.  url=/campus/school/teacher/list
2020-09-13 20:49:55.085 [http-nio-8070-exec-3] INFO  com.safe.campus.about.interceptor.TokenInterceptor - token= eyJhbGciOiJIUzI1NiJ9.eyJzdWIiOiIyMTM5MTUxNTM2ODEyOCIsImV4cCI6MTYwMDA4NjcyMiwidXNlcklkIjoyMTM5MTUxNTM2ODEyOCwiaWF0IjoxNjAwMDAwMzIyLCJqdGkiOiIxNmUwNDE2My0wMWJkLTQzYzUtYWI1YS0zMDU0NTIxMDMyZmQiLCJ0aW1lc3RhbXAiOjE2MDAwMDAzMjJ9.nefH0i_p5gVfPOugvKSDn5jCRky_STVjjTFXrxkR3B4
2020-09-13 20:49:55.087 [http-nio-8070-exec-3] INFO  com.safe.campus.about.interceptor.TokenInterceptor - userId 21391515368128
2020-09-13 20:49:55.120 [http-nio-8070-exec-3] INFO  com.safe.campus.about.interceptor.TokenInterceptor - <== preHandle - 权限拦截器.  loginUser=LoginTokenDto(id=21391515368128, type=3, masterId=null, userName=stest, state=null, createUser=null, createTime=1600000322, expireTime=1600086722)
2020-09-13 20:49:55.121 [http-nio-8070-exec-3] INFO  com.safe.campus.about.interceptor.TokenInterceptor - 开始验证注解 =====>>>>>
2020-09-13 20:49:55.314 [http-nio-8070-exec-3] INFO  com.safe.campus.about.interceptor.TokenInterceptor - 结束验证注解 <<<<<=====
2020-09-13 20:49:55.752 [http-nio-8070-exec-3] INFO  com.safe.campus.GlobalExceptionHandler - 保存全局异常信息 ex=nested exception is org.apache.ibatis.exceptions.TooManyResultsException: Expected one result (or null) to be returned by selectOne(), but found: 2
org.mybatis.spring.MyBatisSystemException: nested exception is org.apache.ibatis.exceptions.TooManyResultsException: Expected one result (or null) to be returned by selectOne(), but found: 2
	at org.mybatis.spring.MyBatisExceptionTranslator.translateExceptionIfPossible(MyBatisExceptionTranslator.java:77)
	at org.mybatis.spring.SqlSessionTemplate$SqlSessionInterceptor.invoke(SqlSessionTemplate.java:446)
	at com.sun.proxy.$Proxy99.selectOne(Unknown Source)
	at org.mybatis.spring.SqlSessionTemplate.selectOne(SqlSessionTemplate.java:166)
	at com.baomidou.mybatisplus.core.override.MybatisMapperMethod.execute(MybatisMapperMethod.java:89)
	at com.baomidou.mybatisplus.core.override.MybatisMapperProxy.invoke(MybatisMapperProxy.java:62)
	at com.sun.proxy.$Proxy111.getClassInfoByTid(Unknown Source)
	at com.safe.campus.service.Impl.SchoolTeacherServiceImpl.lambda$listTeacherInfo$0(SchoolTeacherServiceImpl.java:130)
	at java.util.ArrayList.forEach(ArrayList.java:1249)
	at com.safe.campus.service.Impl.SchoolTeacherServiceImpl.listTeacherInfo(SchoolTeacherServiceImpl.java:126)
	at com.safe.campus.service.Impl.SchoolTeacherServiceImpl$$FastClassBySpringCGLIB$$5ddc5621.invoke(<generated>)
	at org.springframework.cglib.proxy.MethodProxy.invoke(MethodProxy.java:218)
	at org.springframework.aop.framework.CglibAopProxy$CglibMethodInvocation.invokeJoinpoint(CglibAopProxy.java:769)
	at org.springframework.aop.framework.ReflectiveMethodInvocation.proceed(ReflectiveMethodInvocation.java:163)
	at org.springframework.aop.framework.CglibAopProxy$CglibMethodInvocation.proceed(CglibAopProxy.java:747)
	at org.springframework.transaction.interceptor.TransactionAspectSupport.invokeWithinTransaction(TransactionAspectSupport.java:366)
	at org.springframework.transaction.interceptor.TransactionInterceptor.invoke(TransactionInterceptor.java:99)
	at org.springframework.aop.framework.ReflectiveMethodInvocation.proceed(ReflectiveMethodInvocation.java:186)
	at org.springframework.aop.framework.CglibAopProxy$CglibMethodInvocation.proceed(CglibAopProxy.java:747)
	at org.springframework.aop.framework.CglibAopProxy$DynamicAdvisedInterceptor.intercept(CglibAopProxy.java:689)
	at com.safe.campus.service.Impl.SchoolTeacherServiceImpl$$EnhancerBySpringCGLIB$$8d8410e2.listTeacherInfo(<generated>)
	at com.safe.campus.controller.SchoolTeacherController.listTeacherInfo(SchoolTeacherController.java:60)
	at sun.reflect.NativeMethodAccessorImpl.invoke0(Native Method)
	at sun.reflect.NativeMethodAccessorImpl.invoke(NativeMethodAccessorImpl.java:62)
	at sun.reflect.DelegatingMethodAccessorImpl.invoke(DelegatingMethodAccessorImpl.java:43)
	at java.lang.reflect.Method.invoke(Method.java:498)
	at org.springframework.web.method.support.InvocableHandlerMethod.doInvoke(InvocableHandlerMethod.java:190)
	at org.springframework.web.method.support.InvocableHandlerMethod.invokeForRequest(InvocableHandlerMethod.java:138)
	at org.springframework.web.servlet.mvc.method.annotation.ServletInvocableHandlerMethod.invokeAndHandle(ServletInvocableHandlerMethod.java:106)
	at org.springframework.web.servlet.mvc.method.annotation.RequestMappingHandlerAdapter.invokeHandlerMethod(RequestMappingHandlerAdapter.java:888)
	at org.springframework.web.servlet.mvc.method.annotation.RequestMappingHandlerAdapter.handleInternal(RequestMappingHandlerAdapter.java:793)
	at org.springframework.web.servlet.mvc.method.AbstractHandlerMethodAdapter.handle(AbstractHandlerMethodAdapter.java:87)
	at org.springframework.web.servlet.DispatcherServlet.doDispatch(DispatcherServlet.java:1040)
	at org.springframework.web.servlet.DispatcherServlet.doService(DispatcherServlet.java:943)
	at org.springframework.web.servlet.FrameworkServlet.processRequest(FrameworkServlet.java:1006)
	at org.springframework.web.servlet.FrameworkServlet.doGet(FrameworkServlet.java:898)
	at javax.servlet.http.HttpServlet.service(HttpServlet.java:634)
	at org.springframework.web.servlet.FrameworkServlet.service(FrameworkServlet.java:883)
	at javax.servlet.http.HttpServlet.service(HttpServlet.java:741)
	at org.apache.catalina.core.ApplicationFilterChain.internalDoFilter(ApplicationFilterChain.java:231)
	at org.apache.catalina.core.ApplicationFilterChain.doFilter(ApplicationFilterChain.java:166)
	at org.apache.tomcat.websocket.server.WsFilter.doFilter(WsFilter.java:53)
	at org.apache.catalina.core.ApplicationFilterChain.internalDoFilter(ApplicationFilterChain.java:193)
	at org.apache.catalina.core.ApplicationFilterChain.doFilter(ApplicationFilterChain.java:166)
	at com.alibaba.druid.support.http.WebStatFilter.doFilter(WebStatFilter.java:123)
	at org.apache.catalina.core.ApplicationFilterChain.internalDoFilter(ApplicationFilterChain.java:193)
	at org.apache.catalina.core.ApplicationFilterChain.doFilter(ApplicationFilterChain.java:166)
	at org.springframework.web.filter.CharacterEncodingFilter.doFilterInternal(CharacterEncodingFilter.java:201)
	at org.springframework.web.filter.OncePerRequestFilter.doFilter(OncePerRequestFilter.java:119)
	at org.apache.catalina.core.ApplicationFilterChain.internalDoFilter(ApplicationFilterChain.java:193)
	at org.apache.catalina.core.ApplicationFilterChain.doFilter(ApplicationFilterChain.java:166)
	at org.apache.catalina.core.StandardWrapperValve.invoke(StandardWrapperValve.java:202)
	at org.apache.catalina.core.StandardContextValve.invoke(StandardContextValve.java:96)
	at org.apache.catalina.authenticator.AuthenticatorBase.invoke(AuthenticatorBase.java:541)
	at org.apache.catalina.core.StandardHostValve.invoke(StandardHostValve.java:139)
	at org.apache.catalina.valves.ErrorReportValve.invoke(ErrorReportValve.java:92)
	at org.apache.catalina.core.StandardEngineValve.invoke(StandardEngineValve.java:74)
	at org.apache.catalina.connector.CoyoteAdapter.service(CoyoteAdapter.java:343)
	at org.apache.coyote.http11.Http11Processor.service(Http11Processor.java:367)
	at org.apache.coyote.AbstractProcessorLight.process(AbstractProcessorLight.java:65)
	at org.apache.coyote.AbstractProtocol$ConnectionHandler.process(AbstractProtocol.java:860)
	at org.apache.tomcat.util.net.NioEndpoint$SocketProcessor.doRun(NioEndpoint.java:1598)
	at org.apache.tomcat.util.net.SocketProcessorBase.run(SocketProcessorBase.java:49)
	at java.util.concurrent.ThreadPoolExecutor.runWorker(ThreadPoolExecutor.java:1142)
	at java.util.concurrent.ThreadPoolExecutor$Worker.run(ThreadPoolExecutor.java:617)
	at org.apache.tomcat.util.threads.TaskThread$WrappingRunnable.run(TaskThread.java:61)
	at java.lang.Thread.run(Thread.java:748)
Caused by: org.apache.ibatis.exceptions.TooManyResultsException: Expected one result (or null) to be returned by selectOne(), but found: 2
	at org.apache.ibatis.session.defaults.DefaultSqlSession.selectOne(DefaultSqlSession.java:80)
	at sun.reflect.GeneratedMethodAccessor155.invoke(Unknown Source)
	at sun.reflect.DelegatingMethodAccessorImpl.invoke(DelegatingMethodAccessorImpl.java:43)
	at java.lang.reflect.Method.invoke(Method.java:498)
	at org.mybatis.spring.SqlSessionTemplate$SqlSessionInterceptor.invoke(SqlSessionTemplate.java:433)
	... 65 common frames omitted
2020-09-13 20:49:55.753 [task-1] INFO  com.safe.campus.GlobalExceptionHandler - ---------->>>>>>>>>>>
2020-09-13 20:55:25.838 [main] INFO  org.springframework.context.support.PostProcessorRegistrationDelegate$BeanPostProcessorChecker - Bean 'configurationPropertiesRebinderAutoConfiguration' of type [org.springframework.cloud.autoconfigure.ConfigurationPropertiesRebinderAutoConfiguration$$EnhancerBySpringCGLIB$$ba37cdb] is not eligible for getting processed by all BeanPostProcessors (for example: not eligible for auto-proxying)
2020-09-13 20:55:27.527 [main] INFO  com.safe.campus.SafeCampusApplication - The following profiles are active: dev
2020-09-13 20:55:28.588 [main] INFO  org.springframework.data.repository.config.RepositoryConfigurationDelegate - Multiple Spring Data modules found, entering strict repository configuration mode!
2020-09-13 20:55:28.590 [main] INFO  org.springframework.data.repository.config.RepositoryConfigurationDelegate - Bootstrapping Spring Data Redis repositories in DEFAULT mode.
2020-09-13 20:55:28.654 [main] INFO  org.springframework.data.repository.config.RepositoryConfigurationDelegate - Finished Spring Data repository scanning in 50ms. Found 0 Redis repository interfaces.
2020-09-13 20:55:28.917 [main] INFO  org.springframework.cloud.context.scope.GenericScope - BeanFactory id=1a7af13f-15f1-3ea2-8645-6951f575c526
2020-09-13 20:55:29.024 [main] INFO  org.springframework.context.support.PostProcessorRegistrationDelegate$BeanPostProcessorChecker - Bean 'org.springframework.transaction.annotation.ProxyTransactionManagementConfiguration' of type [org.springframework.transaction.annotation.ProxyTransactionManagementConfiguration] is not eligible for getting processed by all BeanPostProcessors (for example: not eligible for auto-proxying)
2020-09-13 20:55:29.058 [main] INFO  org.springframework.context.support.PostProcessorRegistrationDelegate$BeanPostProcessorChecker - Bean 'org.springframework.cloud.autoconfigure.ConfigurationPropertiesRebinderAutoConfiguration' of type [org.springframework.cloud.autoconfigure.ConfigurationPropertiesRebinderAutoConfiguration$$EnhancerBySpringCGLIB$$ba37cdb] is not eligible for getting processed by all BeanPostProcessors (for example: not eligible for auto-proxying)
2020-09-13 20:55:29.273 [main] INFO  org.springframework.boot.web.embedded.tomcat.TomcatWebServer - Tomcat initialized with port(s): 8070 (http)
2020-09-13 20:55:29.394 [main] INFO  org.apache.catalina.core.StandardService - Starting service [Tomcat]
2020-09-13 20:55:29.394 [main] INFO  org.apache.catalina.core.StandardEngine - Starting Servlet engine: [Apache Tomcat/9.0.30]
2020-09-13 20:55:29.396 [main] INFO  org.apache.catalina.core.AprLifecycleListener - An older version [1.2.21] of the APR based Apache Tomcat Native library is installed, while Tomcat recommends a minimum version of [1.2.23]
2020-09-13 20:55:29.396 [main] INFO  org.apache.catalina.core.AprLifecycleListener - Loaded APR based Apache Tomcat Native library [1.2.21] using APR version [1.6.5].
2020-09-13 20:55:29.396 [main] INFO  org.apache.catalina.core.AprLifecycleListener - APR capabilities: IPv6 [true], sendfile [true], accept filters [false], random [true].
2020-09-13 20:55:29.396 [main] INFO  org.apache.catalina.core.AprLifecycleListener - APR/OpenSSL configuration: useAprConnector [false], useOpenSSL [true]
2020-09-13 20:55:29.400 [main] INFO  org.apache.catalina.core.AprLifecycleListener - OpenSSL successfully initialized [OpenSSL 1.1.1a  20 Nov 2018]
2020-09-13 20:55:29.533 [main] INFO  org.apache.catalina.core.ContainerBase.[Tomcat].[localhost].[/] - Initializing Spring embedded WebApplicationContext
2020-09-13 20:55:29.534 [main] INFO  org.springframework.web.context.ContextLoader - Root WebApplicationContext: initialization completed in 1993 ms
2020-09-13 20:55:29.611 [main] INFO  com.alibaba.druid.spring.boot.autoconfigure.DruidDataSourceAutoConfigure - Init DruidDataSource
2020-09-13 20:55:33.710 [main] INFO  com.alibaba.druid.pool.DruidDataSource - {dataSource-1} inited
2020-09-13 20:55:33.739 [main] INFO  org.springframework.scheduling.concurrent.ThreadPoolTaskExecutor - Initializing ExecutorService 'applicationTaskExecutor'
2020-09-13 20:55:35.407 [main] INFO  springfox.documentation.spring.web.PropertySourcedRequestMappingHandlerMapping - Mapped URL path [/v2/api-docs] onto method [springfox.documentation.swagger2.web.Swagger2Controller#getDocumentation(String, HttpServletRequest)]
2020-09-13 20:55:37.361 [main] INFO  org.springframework.cloud.commons.util.InetUtils - Cannot determine local hostname
2020-09-13 20:55:37.457 [main] INFO  springfox.documentation.spring.web.plugins.DocumentationPluginsBootstrapper - Context refreshed
2020-09-13 20:55:37.470 [main] INFO  springfox.documentation.spring.web.plugins.DocumentationPluginsBootstrapper - Found 1 custom documentation plugin(s)
2020-09-13 20:55:37.527 [main] INFO  springfox.documentation.spring.web.scanners.ApiListingReferenceScanner - Scanning for api listing references
2020-09-13 20:55:37.801 [main] INFO  springfox.documentation.spring.web.readers.operation.CachingOperationNameGenerator - Generating unique operation named: listTeachersUsingGET_1
2020-09-13 20:55:38.028 [main] INFO  org.springframework.boot.web.embedded.tomcat.TomcatWebServer - Tomcat started on port(s): 8070 (http) with context path ''
2020-09-13 20:55:38.031 [main] INFO  com.safe.campus.SafeCampusApplication - Started SafeCampusApplication in 14.656 seconds (JVM running for 17.591)
2020-09-13 20:55:48.100 [http-nio-8070-exec-2] INFO  org.apache.catalina.core.ContainerBase.[Tomcat].[localhost].[/] - Initializing Spring DispatcherServlet 'dispatcherServlet'
2020-09-13 20:55:48.101 [http-nio-8070-exec-2] INFO  org.springframework.web.servlet.DispatcherServlet - Initializing Servlet 'dispatcherServlet'
2020-09-13 20:55:48.111 [http-nio-8070-exec-2] INFO  org.springframework.web.servlet.DispatcherServlet - Completed initialization in 10 ms
2020-09-13 20:55:48.130 [http-nio-8070-exec-2] INFO  com.safe.campus.about.interceptor.TokenInterceptor - <== preHandle - 拦截器.  url=/campus/school/teacher/list
2020-09-13 20:55:48.132 [http-nio-8070-exec-2] INFO  com.safe.campus.about.interceptor.TokenInterceptor - token= eyJhbGciOiJIUzI1NiJ9.eyJzdWIiOiIyMTM5MTUxNTM2ODEyOCIsImV4cCI6MTYwMDA4NjcyMiwidXNlcklkIjoyMTM5MTUxNTM2ODEyOCwiaWF0IjoxNjAwMDAwMzIyLCJqdGkiOiIxNmUwNDE2My0wMWJkLTQzYzUtYWI1YS0zMDU0NTIxMDMyZmQiLCJ0aW1lc3RhbXAiOjE2MDAwMDAzMjJ9.nefH0i_p5gVfPOugvKSDn5jCRky_STVjjTFXrxkR3B4
2020-09-13 20:55:48.983 [http-nio-8070-exec-2] INFO  com.safe.campus.about.interceptor.TokenInterceptor - userId 21391515368128
2020-09-13 20:55:49.091 [http-nio-8070-exec-2] INFO  io.lettuce.core.EpollProvider - Starting without optional epoll library
2020-09-13 20:55:49.093 [http-nio-8070-exec-2] INFO  io.lettuce.core.KqueueProvider - Starting without optional kqueue library
2020-09-13 20:55:49.892 [http-nio-8070-exec-2] INFO  com.safe.campus.about.interceptor.TokenInterceptor - <== preHandle - 权限拦截器.  loginUser=LoginTokenDto(id=21391515368128, type=3, masterId=null, userName=stest, state=null, createUser=null, createTime=1600000322, expireTime=1600086722)
2020-09-13 20:55:49.893 [http-nio-8070-exec-2] INFO  com.safe.campus.about.interceptor.TokenInterceptor - 开始验证注解 =====>>>>>
2020-09-13 20:55:50.217 [http-nio-8070-exec-2] INFO  com.safe.campus.about.interceptor.TokenInterceptor - 结束验证注解 <<<<<=====
2020-09-13 20:56:07.417 [http-nio-8070-exec-3] INFO  com.safe.campus.about.interceptor.TokenInterceptor - <== preHandle - 拦截器.  url=/campus/school/teacher/list
2020-09-13 20:56:07.418 [http-nio-8070-exec-3] INFO  com.safe.campus.about.interceptor.TokenInterceptor - token= eyJhbGciOiJIUzI1NiJ9.eyJzdWIiOiIyMTM5MTUxNTM2ODEyOCIsImV4cCI6MTYwMDA4NjcyMiwidXNlcklkIjoyMTM5MTUxNTM2ODEyOCwiaWF0IjoxNjAwMDAwMzIyLCJqdGkiOiIxNmUwNDE2My0wMWJkLTQzYzUtYWI1YS0zMDU0NTIxMDMyZmQiLCJ0aW1lc3RhbXAiOjE2MDAwMDAzMjJ9.nefH0i_p5gVfPOugvKSDn5jCRky_STVjjTFXrxkR3B4
2020-09-13 20:56:07.419 [http-nio-8070-exec-3] INFO  com.safe.campus.about.interceptor.TokenInterceptor - userId 21391515368128
2020-09-13 20:56:07.456 [http-nio-8070-exec-3] INFO  com.safe.campus.about.interceptor.TokenInterceptor - <== preHandle - 权限拦截器.  loginUser=LoginTokenDto(id=21391515368128, type=3, masterId=null, userName=stest, state=null, createUser=null, createTime=1600000322, expireTime=1600086722)
2020-09-13 20:56:07.456 [http-nio-8070-exec-3] INFO  com.safe.campus.about.interceptor.TokenInterceptor - 开始验证注解 =====>>>>>
2020-09-13 20:56:07.667 [http-nio-8070-exec-3] INFO  com.safe.campus.about.interceptor.TokenInterceptor - 结束验证注解 <<<<<=====
2020-09-13 21:01:17.854 [http-nio-8070-exec-5] INFO  com.safe.campus.about.interceptor.TokenInterceptor - <== preHandle - 拦截器.  url=/doc.html
2020-09-13 21:01:18.244 [http-nio-8070-exec-8] INFO  com.safe.campus.about.interceptor.TokenInterceptor - <== preHandle - 拦截器.  url=/swagger-resources
2020-09-13 21:01:18.236 [http-nio-8070-exec-7] INFO  com.safe.campus.about.interceptor.TokenInterceptor - <== preHandle - 拦截器.  url=/swagger-resources/configuration/ui
2020-09-13 21:01:18.257 [http-nio-8070-exec-6] INFO  com.safe.campus.about.interceptor.TokenInterceptor - <== preHandle - 拦截器.  url=/webjars/bycdao-ui/images/api.ico
2020-09-13 21:09:43.032 [main] INFO  org.springframework.context.support.PostProcessorRegistrationDelegate$BeanPostProcessorChecker - Bean 'configurationPropertiesRebinderAutoConfiguration' of type [org.springframework.cloud.autoconfigure.ConfigurationPropertiesRebinderAutoConfiguration$$EnhancerBySpringCGLIB$$e24e99cd] is not eligible for getting processed by all BeanPostProcessors (for example: not eligible for auto-proxying)
2020-09-13 21:09:44.848 [main] INFO  com.safe.campus.SafeCampusApplication - The following profiles are active: dev
2020-09-13 21:09:45.961 [main] INFO  org.springframework.data.repository.config.RepositoryConfigurationDelegate - Multiple Spring Data modules found, entering strict repository configuration mode!
2020-09-13 21:09:45.963 [main] INFO  org.springframework.data.repository.config.RepositoryConfigurationDelegate - Bootstrapping Spring Data Redis repositories in DEFAULT mode.
2020-09-13 21:09:46.028 [main] INFO  org.springframework.data.repository.config.RepositoryConfigurationDelegate - Finished Spring Data repository scanning in 51ms. Found 0 Redis repository interfaces.
2020-09-13 21:09:46.321 [main] INFO  org.springframework.cloud.context.scope.GenericScope - BeanFactory id=1a7af13f-15f1-3ea2-8645-6951f575c526
2020-09-13 21:09:46.446 [main] INFO  org.springframework.context.support.PostProcessorRegistrationDelegate$BeanPostProcessorChecker - Bean 'org.springframework.transaction.annotation.ProxyTransactionManagementConfiguration' of type [org.springframework.transaction.annotation.ProxyTransactionManagementConfiguration] is not eligible for getting processed by all BeanPostProcessors (for example: not eligible for auto-proxying)
2020-09-13 21:09:46.479 [main] INFO  org.springframework.context.support.PostProcessorRegistrationDelegate$BeanPostProcessorChecker - Bean 'org.springframework.cloud.autoconfigure.ConfigurationPropertiesRebinderAutoConfiguration' of type [org.springframework.cloud.autoconfigure.ConfigurationPropertiesRebinderAutoConfiguration$$EnhancerBySpringCGLIB$$e24e99cd] is not eligible for getting processed by all BeanPostProcessors (for example: not eligible for auto-proxying)
2020-09-13 21:09:46.709 [main] INFO  org.springframework.boot.web.embedded.tomcat.TomcatWebServer - Tomcat initialized with port(s): 8070 (http)
2020-09-13 21:09:46.830 [main] INFO  org.apache.catalina.core.StandardService - Starting service [Tomcat]
2020-09-13 21:09:46.830 [main] INFO  org.apache.catalina.core.StandardEngine - Starting Servlet engine: [Apache Tomcat/9.0.30]
2020-09-13 21:09:46.832 [main] INFO  org.apache.catalina.core.AprLifecycleListener - An older version [1.2.21] of the APR based Apache Tomcat Native library is installed, while Tomcat recommends a minimum version of [1.2.23]
2020-09-13 21:09:46.832 [main] INFO  org.apache.catalina.core.AprLifecycleListener - Loaded APR based Apache Tomcat Native library [1.2.21] using APR version [1.6.5].
2020-09-13 21:09:46.832 [main] INFO  org.apache.catalina.core.AprLifecycleListener - APR capabilities: IPv6 [true], sendfile [true], accept filters [false], random [true].
2020-09-13 21:09:46.833 [main] INFO  org.apache.catalina.core.AprLifecycleListener - APR/OpenSSL configuration: useAprConnector [false], useOpenSSL [true]
2020-09-13 21:09:46.837 [main] INFO  org.apache.catalina.core.AprLifecycleListener - OpenSSL successfully initialized [OpenSSL 1.1.1a  20 Nov 2018]
2020-09-13 21:09:46.981 [main] INFO  org.apache.catalina.core.ContainerBase.[Tomcat].[localhost].[/] - Initializing Spring embedded WebApplicationContext
2020-09-13 21:09:46.982 [main] INFO  org.springframework.web.context.ContextLoader - Root WebApplicationContext: initialization completed in 2118 ms
2020-09-13 21:09:47.067 [main] INFO  com.alibaba.druid.spring.boot.autoconfigure.DruidDataSourceAutoConfigure - Init DruidDataSource
2020-09-13 21:09:51.058 [main] INFO  com.alibaba.druid.pool.DruidDataSource - {dataSource-1} inited
2020-09-13 21:09:51.088 [main] INFO  org.springframework.scheduling.concurrent.ThreadPoolTaskExecutor - Initializing ExecutorService 'applicationTaskExecutor'
2020-09-13 21:09:53.025 [main] INFO  springfox.documentation.spring.web.PropertySourcedRequestMappingHandlerMapping - Mapped URL path [/v2/api-docs] onto method [springfox.documentation.swagger2.web.Swagger2Controller#getDocumentation(String, HttpServletRequest)]
2020-09-13 21:09:55.031 [main] INFO  org.springframework.cloud.commons.util.InetUtils - Cannot determine local hostname
2020-09-13 21:09:55.135 [main] INFO  springfox.documentation.spring.web.plugins.DocumentationPluginsBootstrapper - Context refreshed
2020-09-13 21:09:55.147 [main] INFO  springfox.documentation.spring.web.plugins.DocumentationPluginsBootstrapper - Found 1 custom documentation plugin(s)
2020-09-13 21:09:55.185 [main] INFO  springfox.documentation.spring.web.scanners.ApiListingReferenceScanner - Scanning for api listing references
2020-09-13 21:09:55.477 [main] INFO  springfox.documentation.spring.web.readers.operation.CachingOperationNameGenerator - Generating unique operation named: listTeachersUsingGET_1
2020-09-13 21:09:55.705 [main] INFO  org.springframework.boot.web.embedded.tomcat.TomcatWebServer - Tomcat started on port(s): 8070 (http) with context path ''
2020-09-13 21:09:55.708 [main] INFO  com.safe.campus.SafeCampusApplication - Started SafeCampusApplication in 16.097 seconds (JVM running for 18.476)
2020-09-13 21:10:35.103 [http-nio-8070-exec-1] INFO  org.apache.catalina.core.ContainerBase.[Tomcat].[localhost].[/] - Initializing Spring DispatcherServlet 'dispatcherServlet'
2020-09-13 21:10:35.105 [http-nio-8070-exec-1] INFO  org.springframework.web.servlet.DispatcherServlet - Initializing Servlet 'dispatcherServlet'
2020-09-13 21:10:35.115 [http-nio-8070-exec-1] INFO  org.springframework.web.servlet.DispatcherServlet - Completed initialization in 9 ms
2020-09-13 21:10:35.136 [http-nio-8070-exec-1] INFO  com.safe.campus.about.interceptor.TokenInterceptor - <== preHandle - 拦截器.  url=/campus/school/teacher/list
2020-09-13 21:10:35.140 [http-nio-8070-exec-1] INFO  com.safe.campus.about.interceptor.TokenInterceptor - token= eyJhbGciOiJIUzI1NiJ9.eyJzdWIiOiIyMTM5MTUxNTM2ODEyOCIsImV4cCI6MTYwMDA4NjcyMiwidXNlcklkIjoyMTM5MTUxNTM2ODEyOCwiaWF0IjoxNjAwMDAwMzIyLCJqdGkiOiIxNmUwNDE2My0wMWJkLTQzYzUtYWI1YS0zMDU0NTIxMDMyZmQiLCJ0aW1lc3RhbXAiOjE2MDAwMDAzMjJ9.nefH0i_p5gVfPOugvKSDn5jCRky_STVjjTFXrxkR3B4
2020-09-13 21:10:36.013 [http-nio-8070-exec-1] INFO  com.safe.campus.about.interceptor.TokenInterceptor - userId 21391515368128
2020-09-13 21:10:36.118 [http-nio-8070-exec-1] INFO  io.lettuce.core.EpollProvider - Starting without optional epoll library
2020-09-13 21:10:36.121 [http-nio-8070-exec-1] INFO  io.lettuce.core.KqueueProvider - Starting without optional kqueue library
2020-09-13 21:10:49.385 [http-nio-8070-exec-3] INFO  com.safe.campus.about.interceptor.TokenInterceptor - <== preHandle - 拦截器.  url=/campus/school/teacher/list
2020-09-13 21:10:49.386 [http-nio-8070-exec-3] INFO  com.safe.campus.about.interceptor.TokenInterceptor - token= eyJhbGciOiJIUzI1NiJ9.eyJzdWIiOiIyMTM5MTUxNTM2ODEyOCIsImV4cCI6MTYwMDA4ODU1MywidXNlcklkIjoyMTM5MTUxNTM2ODEyOCwiaWF0IjoxNjAwMDAyMTUzLCJqdGkiOiIyYTQ2OGU4Zi1lNjM1LTQxYTUtYmQ1YS04ZmY1NzNjMTEzODQiLCJ0aW1lc3RhbXAiOjE2MDAwMDIxNTN9.Tr5Wy_O5sH6Ovb5jNHhYwp-RiN0iJTVUjxO_0-jnVOM
2020-09-13 21:10:49.386 [http-nio-8070-exec-3] INFO  com.safe.campus.about.interceptor.TokenInterceptor - userId 21391515368128
2020-09-13 21:10:49.420 [http-nio-8070-exec-3] INFO  com.safe.campus.about.interceptor.TokenInterceptor - <== preHandle - 权限拦截器.  loginUser=LoginTokenDto(id=21391515368128, type=3, masterId=null, userName=stest, state=null, createUser=null, createTime=1600002153, expireTime=1600088553)
2020-09-13 21:10:49.421 [http-nio-8070-exec-3] INFO  com.safe.campus.about.interceptor.TokenInterceptor - 开始验证注解 =====>>>>>
2020-09-13 21:10:49.716 [http-nio-8070-exec-3] INFO  com.safe.campus.about.interceptor.TokenInterceptor - 结束验证注解 <<<<<=====
2020-09-13 21:16:01.478 [http-nio-8070-exec-5] INFO  com.safe.campus.about.interceptor.TokenInterceptor - <== preHandle - 拦截器.  url=/doc.html
2020-09-13 21:16:01.780 [http-nio-8070-exec-6] INFO  com.safe.campus.about.interceptor.TokenInterceptor - <== preHandle - 拦截器.  url=/swagger-resources/configuration/ui
2020-09-13 21:16:01.786 [http-nio-8070-exec-7] INFO  com.safe.campus.about.interceptor.TokenInterceptor - <== preHandle - 拦截器.  url=/swagger-resources
2020-09-13 21:16:01.825 [http-nio-8070-exec-8] INFO  com.safe.campus.about.interceptor.TokenInterceptor - <== preHandle - 拦截器.  url=/webjars/bycdao-ui/images/api.ico
2020-09-13 21:16:25.038 [http-nio-8070-exec-10] INFO  com.safe.campus.about.interceptor.TokenInterceptor - <== preHandle - 拦截器.  url=/doc.html
2020-09-13 21:16:25.225 [http-nio-8070-exec-2] INFO  com.safe.campus.about.interceptor.TokenInterceptor - <== preHandle - 拦截器.  url=/webjars/bycdao-ui/images/api.ico
2020-09-13 21:16:25.241 [http-nio-8070-exec-1] INFO  com.safe.campus.about.interceptor.TokenInterceptor - <== preHandle - 拦截器.  url=/swagger-resources/configuration/ui
2020-09-13 21:16:25.245 [http-nio-8070-exec-3] INFO  com.safe.campus.about.interceptor.TokenInterceptor - <== preHandle - 拦截器.  url=/swagger-resources
2020-09-13 21:18:14.935 [http-nio-8070-exec-8] INFO  com.safe.campus.about.interceptor.TokenInterceptor - <== preHandle - 拦截器.  url=/doc.html
2020-09-13 21:18:15.168 [http-nio-8070-exec-9] INFO  com.safe.campus.about.interceptor.TokenInterceptor - <== preHandle - 拦截器.  url=/swagger-resources/configuration/ui
2020-09-13 21:18:15.174 [http-nio-8070-exec-10] INFO  com.safe.campus.about.interceptor.TokenInterceptor - <== preHandle - 拦截器.  url=/swagger-resources
2020-09-13 21:18:15.176 [http-nio-8070-exec-2] INFO  com.safe.campus.about.interceptor.TokenInterceptor - <== preHandle - 拦截器.  url=/webjars/bycdao-ui/images/api.ico
2020-09-13 21:19:37.913 [main] INFO  org.springframework.context.support.PostProcessorRegistrationDelegate$BeanPostProcessorChecker - Bean 'configurationPropertiesRebinderAutoConfiguration' of type [org.springframework.cloud.autoconfigure.ConfigurationPropertiesRebinderAutoConfiguration$$EnhancerBySpringCGLIB$$776b115e] is not eligible for getting processed by all BeanPostProcessors (for example: not eligible for auto-proxying)
2020-09-13 21:19:40.235 [main] INFO  com.safe.campus.SafeCampusApplication - The following profiles are active: dev
2020-09-13 21:19:41.767 [main] INFO  org.springframework.data.repository.config.RepositoryConfigurationDelegate - Multiple Spring Data modules found, entering strict repository configuration mode!
2020-09-13 21:19:41.771 [main] INFO  org.springframework.data.repository.config.RepositoryConfigurationDelegate - Bootstrapping Spring Data Redis repositories in DEFAULT mode.
2020-09-13 21:19:41.862 [main] INFO  org.springframework.data.repository.config.RepositoryConfigurationDelegate - Finished Spring Data repository scanning in 71ms. Found 0 Redis repository interfaces.
2020-09-13 21:19:42.274 [main] INFO  org.springframework.cloud.context.scope.GenericScope - BeanFactory id=1a7af13f-15f1-3ea2-8645-6951f575c526
2020-09-13 21:19:42.481 [main] INFO  org.springframework.context.support.PostProcessorRegistrationDelegate$BeanPostProcessorChecker - Bean 'org.springframework.transaction.annotation.ProxyTransactionManagementConfiguration' of type [org.springframework.transaction.annotation.ProxyTransactionManagementConfiguration] is not eligible for getting processed by all BeanPostProcessors (for example: not eligible for auto-proxying)
2020-09-13 21:19:42.533 [main] INFO  org.springframework.context.support.PostProcessorRegistrationDelegate$BeanPostProcessorChecker - Bean 'org.springframework.cloud.autoconfigure.ConfigurationPropertiesRebinderAutoConfiguration' of type [org.springframework.cloud.autoconfigure.ConfigurationPropertiesRebinderAutoConfiguration$$EnhancerBySpringCGLIB$$776b115e] is not eligible for getting processed by all BeanPostProcessors (for example: not eligible for auto-proxying)
2020-09-13 21:19:43.180 [main] INFO  org.springframework.boot.web.embedded.tomcat.TomcatWebServer - Tomcat initialized with port(s): 8070 (http)
2020-09-13 21:19:43.194 [main] INFO  org.apache.catalina.core.StandardService - Starting service [Tomcat]
2020-09-13 21:19:43.195 [main] INFO  org.apache.catalina.core.StandardEngine - Starting Servlet engine: [Apache Tomcat/9.0.30]
2020-09-13 21:19:43.197 [main] INFO  org.apache.catalina.core.AprLifecycleListener - An older version [1.2.21] of the APR based Apache Tomcat Native library is installed, while Tomcat recommends a minimum version of [1.2.23]
2020-09-13 21:19:43.198 [main] INFO  org.apache.catalina.core.AprLifecycleListener - Loaded APR based Apache Tomcat Native library [1.2.21] using APR version [1.6.5].
2020-09-13 21:19:43.198 [main] INFO  org.apache.catalina.core.AprLifecycleListener - APR capabilities: IPv6 [true], sendfile [true], accept filters [false], random [true].
2020-09-13 21:19:43.198 [main] INFO  org.apache.catalina.core.AprLifecycleListener - APR/OpenSSL configuration: useAprConnector [false], useOpenSSL [true]
2020-09-13 21:19:43.202 [main] INFO  org.apache.catalina.core.AprLifecycleListener - OpenSSL successfully initialized [OpenSSL 1.1.1a  20 Nov 2018]
2020-09-13 21:19:43.419 [main] INFO  org.apache.catalina.core.ContainerBase.[Tomcat].[localhost].[/] - Initializing Spring embedded WebApplicationContext
2020-09-13 21:19:43.423 [main] INFO  org.springframework.web.context.ContextLoader - Root WebApplicationContext: initialization completed in 3161 ms
2020-09-13 21:19:43.563 [main] INFO  com.alibaba.druid.spring.boot.autoconfigure.DruidDataSourceAutoConfigure - Init DruidDataSource
2020-09-13 21:19:47.854 [main] INFO  com.alibaba.druid.pool.DruidDataSource - {dataSource-1} inited
2020-09-13 21:19:47.883 [main] INFO  org.springframework.scheduling.concurrent.ThreadPoolTaskExecutor - Initializing ExecutorService 'applicationTaskExecutor'
2020-09-13 21:19:49.529 [main] INFO  springfox.documentation.spring.web.PropertySourcedRequestMappingHandlerMapping - Mapped URL path [/v2/api-docs] onto method [springfox.documentation.swagger2.web.Swagger2Controller#getDocumentation(String, HttpServletRequest)]
2020-09-13 21:19:51.517 [main] INFO  org.springframework.cloud.commons.util.InetUtils - Cannot determine local hostname
2020-09-13 21:19:51.611 [main] INFO  springfox.documentation.spring.web.plugins.DocumentationPluginsBootstrapper - Context refreshed
2020-09-13 21:19:51.622 [main] INFO  springfox.documentation.spring.web.plugins.DocumentationPluginsBootstrapper - Found 1 custom documentation plugin(s)
2020-09-13 21:19:51.658 [main] INFO  springfox.documentation.spring.web.scanners.ApiListingReferenceScanner - Scanning for api listing references
2020-09-13 21:19:51.937 [main] INFO  springfox.documentation.spring.web.readers.operation.CachingOperationNameGenerator - Generating unique operation named: listTeachersUsingGET_1
2020-09-13 21:19:52.158 [main] INFO  org.springframework.boot.web.embedded.tomcat.TomcatWebServer - Tomcat started on port(s): 8070 (http) with context path ''
2020-09-13 21:19:52.161 [main] INFO  com.safe.campus.SafeCampusApplication - Started SafeCampusApplication in 17.257 seconds (JVM running for 20.204)
2020-09-13 21:19:56.029 [http-nio-8070-exec-2] INFO  org.apache.catalina.core.ContainerBase.[Tomcat].[localhost].[/] - Initializing Spring DispatcherServlet 'dispatcherServlet'
2020-09-13 21:19:56.031 [http-nio-8070-exec-2] INFO  org.springframework.web.servlet.DispatcherServlet - Initializing Servlet 'dispatcherServlet'
2020-09-13 21:19:56.042 [http-nio-8070-exec-2] INFO  org.springframework.web.servlet.DispatcherServlet - Completed initialization in 10 ms
2020-09-13 21:19:56.061 [http-nio-8070-exec-2] INFO  com.safe.campus.about.interceptor.TokenInterceptor - <== preHandle - 拦截器.  url=/campus/school/teacher/list
2020-09-13 21:19:56.063 [http-nio-8070-exec-2] INFO  com.safe.campus.about.interceptor.TokenInterceptor - token= eyJhbGciOiJIUzI1NiJ9.eyJzdWIiOiIyMTM5MTUxNTM2ODEyOCIsImV4cCI6MTYwMDA4ODU1MywidXNlcklkIjoyMTM5MTUxNTM2ODEyOCwiaWF0IjoxNjAwMDAyMTUzLCJqdGkiOiIyYTQ2OGU4Zi1lNjM1LTQxYTUtYmQ1YS04ZmY1NzNjMTEzODQiLCJ0aW1lc3RhbXAiOjE2MDAwMDIxNTN9.Tr5Wy_O5sH6Ovb5jNHhYwp-RiN0iJTVUjxO_0-jnVOM
2020-09-13 21:19:56.902 [http-nio-8070-exec-2] INFO  com.safe.campus.about.interceptor.TokenInterceptor - userId 21391515368128
2020-09-13 21:19:57.006 [http-nio-8070-exec-2] INFO  io.lettuce.core.EpollProvider - Starting without optional epoll library
2020-09-13 21:19:57.008 [http-nio-8070-exec-2] INFO  io.lettuce.core.KqueueProvider - Starting without optional kqueue library
2020-09-13 21:19:57.806 [http-nio-8070-exec-2] INFO  com.safe.campus.about.interceptor.TokenInterceptor - <== preHandle - 权限拦截器.  loginUser=LoginTokenDto(id=21391515368128, type=3, masterId=null, userName=stest, state=null, createUser=null, createTime=1600002153, expireTime=1600088553)
2020-09-13 21:19:57.808 [http-nio-8070-exec-2] INFO  com.safe.campus.about.interceptor.TokenInterceptor - 开始验证注解 =====>>>>>
2020-09-13 21:19:58.120 [http-nio-8070-exec-2] INFO  com.safe.campus.about.interceptor.TokenInterceptor - 结束验证注解 <<<<<=====
2020-09-13 21:20:06.130 [http-nio-8070-exec-3] INFO  com.safe.campus.about.interceptor.TokenInterceptor - <== preHandle - 拦截器.  url=/doc.html
2020-09-13 21:20:06.335 [http-nio-8070-exec-5] INFO  com.safe.campus.about.interceptor.TokenInterceptor - <== preHandle - 拦截器.  url=/swagger-resources/configuration/ui
2020-09-13 21:20:06.341 [http-nio-8070-exec-6] INFO  com.safe.campus.about.interceptor.TokenInterceptor - <== preHandle - 拦截器.  url=/swagger-resources
2020-09-13 21:20:06.350 [http-nio-8070-exec-4] INFO  com.safe.campus.about.interceptor.TokenInterceptor - <== preHandle - 拦截器.  url=/webjars/bycdao-ui/images/api.ico
2020-09-13 21:31:23.358 [main] INFO  org.springframework.context.support.PostProcessorRegistrationDelegate$BeanPostProcessorChecker - Bean 'configurationPropertiesRebinderAutoConfiguration' of type [org.springframework.cloud.autoconfigure.ConfigurationPropertiesRebinderAutoConfiguration$$EnhancerBySpringCGLIB$$48ac77b5] is not eligible for getting processed by all BeanPostProcessors (for example: not eligible for auto-proxying)
2020-09-13 21:31:25.724 [main] INFO  com.safe.campus.SafeCampusApplication - The following profiles are active: dev
2020-09-13 21:31:27.021 [main] INFO  org.springframework.data.repository.config.RepositoryConfigurationDelegate - Multiple Spring Data modules found, entering strict repository configuration mode!
2020-09-13 21:31:27.025 [main] INFO  org.springframework.data.repository.config.RepositoryConfigurationDelegate - Bootstrapping Spring Data Redis repositories in DEFAULT mode.
2020-09-13 21:31:27.107 [main] INFO  org.springframework.data.repository.config.RepositoryConfigurationDelegate - Finished Spring Data repository scanning in 60ms. Found 0 Redis repository interfaces.
2020-09-13 21:31:27.451 [main] INFO  org.springframework.cloud.context.scope.GenericScope - BeanFactory id=1a7af13f-15f1-3ea2-8645-6951f575c526
2020-09-13 21:31:27.585 [main] INFO  org.springframework.context.support.PostProcessorRegistrationDelegate$BeanPostProcessorChecker - Bean 'org.springframework.transaction.annotation.ProxyTransactionManagementConfiguration' of type [org.springframework.transaction.annotation.ProxyTransactionManagementConfiguration] is not eligible for getting processed by all BeanPostProcessors (for example: not eligible for auto-proxying)
2020-09-13 21:31:27.629 [main] INFO  org.springframework.context.support.PostProcessorRegistrationDelegate$BeanPostProcessorChecker - Bean 'org.springframework.cloud.autoconfigure.ConfigurationPropertiesRebinderAutoConfiguration' of type [org.springframework.cloud.autoconfigure.ConfigurationPropertiesRebinderAutoConfiguration$$EnhancerBySpringCGLIB$$48ac77b5] is not eligible for getting processed by all BeanPostProcessors (for example: not eligible for auto-proxying)
2020-09-13 21:31:27.899 [main] INFO  org.springframework.boot.web.embedded.tomcat.TomcatWebServer - Tomcat initialized with port(s): 8070 (http)
2020-09-13 21:31:28.019 [main] INFO  org.apache.catalina.core.StandardService - Starting service [Tomcat]
2020-09-13 21:31:28.020 [main] INFO  org.apache.catalina.core.StandardEngine - Starting Servlet engine: [Apache Tomcat/9.0.30]
2020-09-13 21:31:28.021 [main] INFO  org.apache.catalina.core.AprLifecycleListener - An older version [1.2.21] of the APR based Apache Tomcat Native library is installed, while Tomcat recommends a minimum version of [1.2.23]
2020-09-13 21:31:28.021 [main] INFO  org.apache.catalina.core.AprLifecycleListener - Loaded APR based Apache Tomcat Native library [1.2.21] using APR version [1.6.5].
2020-09-13 21:31:28.021 [main] INFO  org.apache.catalina.core.AprLifecycleListener - APR capabilities: IPv6 [true], sendfile [true], accept filters [false], random [true].
2020-09-13 21:31:28.022 [main] INFO  org.apache.catalina.core.AprLifecycleListener - APR/OpenSSL configuration: useAprConnector [false], useOpenSSL [true]
2020-09-13 21:31:28.027 [main] INFO  org.apache.catalina.core.AprLifecycleListener - OpenSSL successfully initialized [OpenSSL 1.1.1a  20 Nov 2018]
2020-09-13 21:31:28.255 [main] INFO  org.apache.catalina.core.ContainerBase.[Tomcat].[localhost].[/] - Initializing Spring embedded WebApplicationContext
2020-09-13 21:31:28.256 [main] INFO  org.springframework.web.context.ContextLoader - Root WebApplicationContext: initialization completed in 2512 ms
2020-09-13 21:31:28.353 [main] INFO  com.alibaba.druid.spring.boot.autoconfigure.DruidDataSourceAutoConfigure - Init DruidDataSource
2020-09-13 21:31:33.533 [main] INFO  com.alibaba.druid.pool.DruidDataSource - {dataSource-1} inited
2020-09-13 21:31:33.565 [main] INFO  org.springframework.scheduling.concurrent.ThreadPoolTaskExecutor - Initializing ExecutorService 'applicationTaskExecutor'
2020-09-13 21:31:36.399 [main] INFO  springfox.documentation.spring.web.PropertySourcedRequestMappingHandlerMapping - Mapped URL path [/v2/api-docs] onto method [springfox.documentation.swagger2.web.Swagger2Controller#getDocumentation(String, HttpServletRequest)]
2020-09-13 21:31:39.026 [main] INFO  org.springframework.cloud.commons.util.InetUtils - Cannot determine local hostname
2020-09-13 21:31:39.297 [main] INFO  springfox.documentation.spring.web.plugins.DocumentationPluginsBootstrapper - Context refreshed
2020-09-13 21:31:39.349 [main] INFO  springfox.documentation.spring.web.plugins.DocumentationPluginsBootstrapper - Found 1 custom documentation plugin(s)
2020-09-13 21:31:39.445 [main] INFO  springfox.documentation.spring.web.scanners.ApiListingReferenceScanner - Scanning for api listing references
2020-09-13 21:31:39.955 [main] INFO  springfox.documentation.spring.web.readers.operation.CachingOperationNameGenerator - Generating unique operation named: listTeachersUsingGET_1
2020-09-13 21:31:40.417 [main] INFO  org.springframework.boot.web.embedded.tomcat.TomcatWebServer - Tomcat started on port(s): 8070 (http) with context path ''
2020-09-13 21:31:40.421 [main] INFO  com.safe.campus.SafeCampusApplication - Started SafeCampusApplication in 20.606 seconds (JVM running for 23.089)
2020-09-13 21:31:43.455 [http-nio-8070-exec-2] INFO  org.apache.catalina.core.ContainerBase.[Tomcat].[localhost].[/] - Initializing Spring DispatcherServlet 'dispatcherServlet'
2020-09-13 21:31:43.457 [http-nio-8070-exec-2] INFO  org.springframework.web.servlet.DispatcherServlet - Initializing Servlet 'dispatcherServlet'
2020-09-13 21:31:43.464 [http-nio-8070-exec-2] INFO  org.springframework.web.servlet.DispatcherServlet - Completed initialization in 7 ms
2020-09-13 21:31:43.482 [http-nio-8070-exec-2] INFO  com.safe.campus.about.interceptor.TokenInterceptor - <== preHandle - 拦截器.  url=/campus/school/teacher/listRoles
2020-09-13 21:31:43.482 [http-nio-8070-exec-2] INFO  com.safe.campus.about.interceptor.TokenInterceptor - token= eyJhbGciOiJIUzI1NiJ9.eyJzdWIiOiIyMTM5MTUxNTM2ODEyOCIsImV4cCI6MTYwMDA4ODU1MywidXNlcklkIjoyMTM5MTUxNTM2ODEyOCwiaWF0IjoxNjAwMDAyMTUzLCJqdGkiOiIyYTQ2OGU4Zi1lNjM1LTQxYTUtYmQ1YS04ZmY1NzNjMTEzODQiLCJ0aW1lc3RhbXAiOjE2MDAwMDIxNTN9.Tr5Wy_O5sH6Ovb5jNHhYwp-RiN0iJTVUjxO_0-jnVOM
2020-09-13 21:31:44.308 [http-nio-8070-exec-2] INFO  com.safe.campus.about.interceptor.TokenInterceptor - userId 21391515368128
2020-09-13 21:31:44.406 [http-nio-8070-exec-2] INFO  io.lettuce.core.EpollProvider - Starting without optional epoll library
2020-09-13 21:31:44.407 [http-nio-8070-exec-2] INFO  io.lettuce.core.KqueueProvider - Starting without optional kqueue library
2020-09-13 21:31:45.193 [http-nio-8070-exec-2] INFO  com.safe.campus.about.interceptor.TokenInterceptor - <== preHandle - 权限拦截器.  loginUser=LoginTokenDto(id=21391515368128, type=3, masterId=null, userName=stest, state=null, createUser=null, createTime=1600002153, expireTime=1600088553)
2020-09-13 21:32:42.944 [http-nio-8070-exec-3] INFO  com.safe.campus.about.interceptor.TokenInterceptor - <== preHandle - 拦截器.  url=/campus/school/teacher/listRoles
2020-09-13 21:32:42.945 [http-nio-8070-exec-3] INFO  com.safe.campus.about.interceptor.TokenInterceptor - token= eyJhbGciOiJIUzI1NiJ9.eyJzdWIiOiIyMTM5MTUxNTM2ODEyOCIsImV4cCI6MTYwMDA4ODU1MywidXNlcklkIjoyMTM5MTUxNTM2ODEyOCwiaWF0IjoxNjAwMDAyMTUzLCJqdGkiOiIyYTQ2OGU4Zi1lNjM1LTQxYTUtYmQ1YS04ZmY1NzNjMTEzODQiLCJ0aW1lc3RhbXAiOjE2MDAwMDIxNTN9.Tr5Wy_O5sH6Ovb5jNHhYwp-RiN0iJTVUjxO_0-jnVOM
2020-09-13 21:32:42.947 [http-nio-8070-exec-3] INFO  com.safe.campus.about.interceptor.TokenInterceptor - userId 21391515368128
2020-09-13 21:32:42.997 [http-nio-8070-exec-3] INFO  com.safe.campus.about.interceptor.TokenInterceptor - <== preHandle - 权限拦截器.  loginUser=LoginTokenDto(id=21391515368128, type=3, masterId=null, userName=stest, state=null, createUser=null, createTime=1600002153, expireTime=1600088553)
