2020-08-12 11:29:21.737 [main] WARN  org.mybatis.spring.mapper.ClassPathMapperScanner - Skipping MapperFactoryBean with name 'buildingLevelMapper' and 'com.safe.campus.mapper.BuildingLevelMapper' mapperInterface. Bean already defined with the same name!
2020-08-12 11:29:21.738 [main] WARN  org.mybatis.spring.mapper.ClassPathMapperScanner - Skipping MapperFactoryBean with name 'buildingNoMapper' and 'com.safe.campus.mapper.BuildingNoMapper' mapperInterface. Bean already defined with the same name!
2020-08-12 11:29:21.745 [main] WARN  org.mybatis.spring.mapper.ClassPathMapperScanner - Skipping MapperFactoryBean with name 'buildingRoomMapper' and 'com.safe.campus.mapper.BuildingRoomMapper' mapperInterface. Bean already defined with the same name!
2020-08-12 11:29:21.746 [main] WARN  org.mybatis.spring.mapper.ClassPathMapperScanner - Skipping MapperFactoryBean with name 'roleMapper' and 'com.safe.campus.mapper.RoleMapper' mapperInterface. Bean already defined with the same name!
2020-08-12 11:29:21.746 [main] WARN  org.mybatis.spring.mapper.ClassPathMapperScanner - Skipping MapperFactoryBean with name 'schoolBuildingMapper' and 'com.safe.campus.mapper.SchoolBuildingMapper' mapperInterface. Bean already defined with the same name!
2020-08-12 11:29:21.746 [main] WARN  org.mybatis.spring.mapper.ClassPathMapperScanner - Skipping MapperFactoryBean with name 'schoolClassInfoMapper' and 'com.safe.campus.mapper.SchoolClassInfoMapper' mapperInterface. Bean already defined with the same name!
2020-08-12 11:29:21.747 [main] WARN  org.mybatis.spring.mapper.ClassPathMapperScanner - Skipping MapperFactoryBean with name 'schoolClassMapper' and 'com.safe.campus.mapper.SchoolClassMapper' mapperInterface. Bean already defined with the same name!
2020-08-12 11:29:21.748 [main] WARN  org.mybatis.spring.mapper.ClassPathMapperScanner - Skipping MapperFactoryBean with name 'schoolMasterMapper' and 'com.safe.campus.mapper.SchoolMasterMapper' mapperInterface. Bean already defined with the same name!
2020-08-12 11:29:21.749 [main] WARN  org.mybatis.spring.mapper.ClassPathMapperScanner - Skipping MapperFactoryBean with name 'schoolSectionMapper' and 'com.safe.campus.mapper.SchoolSectionMapper' mapperInterface. Bean already defined with the same name!
2020-08-12 11:29:21.749 [main] WARN  org.mybatis.spring.mapper.ClassPathMapperScanner - Skipping MapperFactoryBean with name 'schoolStudentMapper' and 'com.safe.campus.mapper.SchoolStudentMapper' mapperInterface. Bean already defined with the same name!
2020-08-12 11:29:21.749 [main] WARN  org.mybatis.spring.mapper.ClassPathMapperScanner - Skipping MapperFactoryBean with name 'schoolTeacherMapper' and 'com.safe.campus.mapper.SchoolTeacherMapper' mapperInterface. Bean already defined with the same name!
2020-08-12 11:29:21.750 [main] WARN  org.mybatis.spring.mapper.ClassPathMapperScanner - Skipping MapperFactoryBean with name 'sysFileMapper' and 'com.safe.campus.mapper.SysFileMapper' mapperInterface. Bean already defined with the same name!
2020-08-12 11:29:21.750 [main] WARN  org.mybatis.spring.mapper.ClassPathMapperScanner - No MyBatis mapper was found in '[com.safe.campus]' package. Please check your configuration.
2020-08-12 11:29:21.784 [main] WARN  org.mybatis.spring.mapper.ClassPathMapperScanner - Skipping MapperFactoryBean with name 'buildingLevelMapper' and 'com.safe.campus.mapper.BuildingLevelMapper' mapperInterface. Bean already defined with the same name!
2020-08-12 11:29:21.785 [main] WARN  org.mybatis.spring.mapper.ClassPathMapperScanner - Skipping MapperFactoryBean with name 'buildingNoMapper' and 'com.safe.campus.mapper.BuildingNoMapper' mapperInterface. Bean already defined with the same name!
2020-08-12 11:29:21.785 [main] WARN  org.mybatis.spring.mapper.ClassPathMapperScanner - Skipping MapperFactoryBean with name 'buildingRoomMapper' and 'com.safe.campus.mapper.BuildingRoomMapper' mapperInterface. Bean already defined with the same name!
2020-08-12 11:29:21.785 [main] WARN  org.mybatis.spring.mapper.ClassPathMapperScanner - Skipping MapperFactoryBean with name 'roleMapper' and 'com.safe.campus.mapper.RoleMapper' mapperInterface. Bean already defined with the same name!
2020-08-12 11:29:21.786 [main] WARN  org.mybatis.spring.mapper.ClassPathMapperScanner - Skipping MapperFactoryBean with name 'schoolBuildingMapper' and 'com.safe.campus.mapper.SchoolBuildingMapper' mapperInterface. Bean already defined with the same name!
2020-08-12 11:29:21.786 [main] WARN  org.mybatis.spring.mapper.ClassPathMapperScanner - Skipping MapperFactoryBean with name 'schoolClassInfoMapper' and 'com.safe.campus.mapper.SchoolClassInfoMapper' mapperInterface. Bean already defined with the same name!
2020-08-12 11:29:21.787 [main] WARN  org.mybatis.spring.mapper.ClassPathMapperScanner - Skipping MapperFactoryBean with name 'schoolClassMapper' and 'com.safe.campus.mapper.SchoolClassMapper' mapperInterface. Bean already defined with the same name!
2020-08-12 11:29:21.788 [main] WARN  org.mybatis.spring.mapper.ClassPathMapperScanner - Skipping MapperFactoryBean with name 'schoolMasterMapper' and 'com.safe.campus.mapper.SchoolMasterMapper' mapperInterface. Bean already defined with the same name!
2020-08-12 11:29:21.788 [main] WARN  org.mybatis.spring.mapper.ClassPathMapperScanner - Skipping MapperFactoryBean with name 'schoolSectionMapper' and 'com.safe.campus.mapper.SchoolSectionMapper' mapperInterface. Bean already defined with the same name!
2020-08-12 11:29:21.788 [main] WARN  org.mybatis.spring.mapper.ClassPathMapperScanner - Skipping MapperFactoryBean with name 'schoolStudentMapper' and 'com.safe.campus.mapper.SchoolStudentMapper' mapperInterface. Bean already defined with the same name!
2020-08-12 11:29:21.788 [main] WARN  org.mybatis.spring.mapper.ClassPathMapperScanner - Skipping MapperFactoryBean with name 'schoolTeacherMapper' and 'com.safe.campus.mapper.SchoolTeacherMapper' mapperInterface. Bean already defined with the same name!
2020-08-12 11:29:21.789 [main] WARN  org.mybatis.spring.mapper.ClassPathMapperScanner - Skipping MapperFactoryBean with name 'sysFileMapper' and 'com.safe.campus.mapper.SysFileMapper' mapperInterface. Bean already defined with the same name!
2020-08-12 11:29:21.789 [main] WARN  org.mybatis.spring.mapper.ClassPathMapperScanner - No MyBatis mapper was found in '[com.safe.campus]' package. Please check your configuration.
2020-08-12 15:08:14.510 [main] WARN  org.mybatis.spring.mapper.ClassPathMapperScanner - Skipping MapperFactoryBean with name 'buildingLevelMapper' and 'com.safe.campus.mapper.BuildingLevelMapper' mapperInterface. Bean already defined with the same name!
2020-08-12 15:08:14.511 [main] WARN  org.mybatis.spring.mapper.ClassPathMapperScanner - Skipping MapperFactoryBean with name 'buildingNoMapper' and 'com.safe.campus.mapper.BuildingNoMapper' mapperInterface. Bean already defined with the same name!
2020-08-12 15:08:14.511 [main] WARN  org.mybatis.spring.mapper.ClassPathMapperScanner - Skipping MapperFactoryBean with name 'buildingRoomMapper' and 'com.safe.campus.mapper.BuildingRoomMapper' mapperInterface. Bean already defined with the same name!
2020-08-12 15:08:14.511 [main] WARN  org.mybatis.spring.mapper.ClassPathMapperScanner - Skipping MapperFactoryBean with name 'roleMapper' and 'com.safe.campus.mapper.RoleMapper' mapperInterface. Bean already defined with the same name!
2020-08-12 15:08:14.512 [main] WARN  org.mybatis.spring.mapper.ClassPathMapperScanner - Skipping MapperFactoryBean with name 'schoolBuildingMapper' and 'com.safe.campus.mapper.SchoolBuildingMapper' mapperInterface. Bean already defined with the same name!
2020-08-12 15:08:14.512 [main] WARN  org.mybatis.spring.mapper.ClassPathMapperScanner - Skipping MapperFactoryBean with name 'schoolClassInfoMapper' and 'com.safe.campus.mapper.SchoolClassInfoMapper' mapperInterface. Bean already defined with the same name!
2020-08-12 15:08:14.512 [main] WARN  org.mybatis.spring.mapper.ClassPathMapperScanner - Skipping MapperFactoryBean with name 'schoolClassMapper' and 'com.safe.campus.mapper.SchoolClassMapper' mapperInterface. Bean already defined with the same name!
2020-08-12 15:08:14.512 [main] WARN  org.mybatis.spring.mapper.ClassPathMapperScanner - Skipping MapperFactoryBean with name 'schoolMasterMapper' and 'com.safe.campus.mapper.SchoolMasterMapper' mapperInterface. Bean already defined with the same name!
2020-08-12 15:08:14.512 [main] WARN  org.mybatis.spring.mapper.ClassPathMapperScanner - Skipping MapperFactoryBean with name 'schoolSectionMapper' and 'com.safe.campus.mapper.SchoolSectionMapper' mapperInterface. Bean already defined with the same name!
2020-08-12 15:08:14.513 [main] WARN  org.mybatis.spring.mapper.ClassPathMapperScanner - Skipping MapperFactoryBean with name 'schoolStudentMapper' and 'com.safe.campus.mapper.SchoolStudentMapper' mapperInterface. Bean already defined with the same name!
2020-08-12 15:08:14.513 [main] WARN  org.mybatis.spring.mapper.ClassPathMapperScanner - Skipping MapperFactoryBean with name 'schoolTeacherMapper' and 'com.safe.campus.mapper.SchoolTeacherMapper' mapperInterface. Bean already defined with the same name!
2020-08-12 15:08:14.513 [main] WARN  org.mybatis.spring.mapper.ClassPathMapperScanner - Skipping MapperFactoryBean with name 'sysFileMapper' and 'com.safe.campus.mapper.SysFileMapper' mapperInterface. Bean already defined with the same name!
2020-08-12 15:08:14.514 [main] WARN  org.mybatis.spring.mapper.ClassPathMapperScanner - No MyBatis mapper was found in '[com.safe.campus]' package. Please check your configuration.
2020-08-12 15:08:14.539 [main] WARN  org.mybatis.spring.mapper.ClassPathMapperScanner - Skipping MapperFactoryBean with name 'buildingLevelMapper' and 'com.safe.campus.mapper.BuildingLevelMapper' mapperInterface. Bean already defined with the same name!
2020-08-12 15:08:14.540 [main] WARN  org.mybatis.spring.mapper.ClassPathMapperScanner - Skipping MapperFactoryBean with name 'buildingNoMapper' and 'com.safe.campus.mapper.BuildingNoMapper' mapperInterface. Bean already defined with the same name!
2020-08-12 15:08:14.540 [main] WARN  org.mybatis.spring.mapper.ClassPathMapperScanner - Skipping MapperFactoryBean with name 'buildingRoomMapper' and 'com.safe.campus.mapper.BuildingRoomMapper' mapperInterface. Bean already defined with the same name!
2020-08-12 15:08:14.540 [main] WARN  org.mybatis.spring.mapper.ClassPathMapperScanner - Skipping MapperFactoryBean with name 'roleMapper' and 'com.safe.campus.mapper.RoleMapper' mapperInterface. Bean already defined with the same name!
2020-08-12 15:08:14.541 [main] WARN  org.mybatis.spring.mapper.ClassPathMapperScanner - Skipping MapperFactoryBean with name 'schoolBuildingMapper' and 'com.safe.campus.mapper.SchoolBuildingMapper' mapperInterface. Bean already defined with the same name!
2020-08-12 15:08:14.541 [main] WARN  org.mybatis.spring.mapper.ClassPathMapperScanner - Skipping MapperFactoryBean with name 'schoolClassInfoMapper' and 'com.safe.campus.mapper.SchoolClassInfoMapper' mapperInterface. Bean already defined with the same name!
2020-08-12 15:08:14.541 [main] WARN  org.mybatis.spring.mapper.ClassPathMapperScanner - Skipping MapperFactoryBean with name 'schoolClassMapper' and 'com.safe.campus.mapper.SchoolClassMapper' mapperInterface. Bean already defined with the same name!
2020-08-12 15:08:14.542 [main] WARN  org.mybatis.spring.mapper.ClassPathMapperScanner - Skipping MapperFactoryBean with name 'schoolMasterMapper' and 'com.safe.campus.mapper.SchoolMasterMapper' mapperInterface. Bean already defined with the same name!
2020-08-12 15:08:14.542 [main] WARN  org.mybatis.spring.mapper.ClassPathMapperScanner - Skipping MapperFactoryBean with name 'schoolSectionMapper' and 'com.safe.campus.mapper.SchoolSectionMapper' mapperInterface. Bean already defined with the same name!
2020-08-12 15:08:14.542 [main] WARN  org.mybatis.spring.mapper.ClassPathMapperScanner - Skipping MapperFactoryBean with name 'schoolStudentMapper' and 'com.safe.campus.mapper.SchoolStudentMapper' mapperInterface. Bean already defined with the same name!
2020-08-12 15:08:14.542 [main] WARN  org.mybatis.spring.mapper.ClassPathMapperScanner - Skipping MapperFactoryBean with name 'schoolTeacherMapper' and 'com.safe.campus.mapper.SchoolTeacherMapper' mapperInterface. Bean already defined with the same name!
2020-08-12 15:08:14.543 [main] WARN  org.mybatis.spring.mapper.ClassPathMapperScanner - Skipping MapperFactoryBean with name 'sysFileMapper' and 'com.safe.campus.mapper.SysFileMapper' mapperInterface. Bean already defined with the same name!
2020-08-12 15:08:14.543 [main] WARN  org.mybatis.spring.mapper.ClassPathMapperScanner - No MyBatis mapper was found in '[com.safe.campus]' package. Please check your configuration.
2020-08-12 15:14:13.697 [http-nio-8070-exec-9] WARN  org.springframework.web.servlet.mvc.support.DefaultHandlerExceptionResolver - Resolved [org.springframework.web.HttpRequestMethodNotSupportedException: Request method 'POST' not supported]
2020-08-12 15:16:10.352 [main] WARN  org.mybatis.spring.mapper.ClassPathMapperScanner - Skipping MapperFactoryBean with name 'buildingLevelMapper' and 'com.safe.campus.mapper.BuildingLevelMapper' mapperInterface. Bean already defined with the same name!
2020-08-12 15:16:10.353 [main] WARN  org.mybatis.spring.mapper.ClassPathMapperScanner - Skipping MapperFactoryBean with name 'buildingNoMapper' and 'com.safe.campus.mapper.BuildingNoMapper' mapperInterface. Bean already defined with the same name!
2020-08-12 15:16:10.354 [main] WARN  org.mybatis.spring.mapper.ClassPathMapperScanner - Skipping MapperFactoryBean with name 'buildingRoomMapper' and 'com.safe.campus.mapper.BuildingRoomMapper' mapperInterface. Bean already defined with the same name!
2020-08-12 15:16:10.354 [main] WARN  org.mybatis.spring.mapper.ClassPathMapperScanner - Skipping MapperFactoryBean with name 'roleMapper' and 'com.safe.campus.mapper.RoleMapper' mapperInterface. Bean already defined with the same name!
2020-08-12 15:16:10.355 [main] WARN  org.mybatis.spring.mapper.ClassPathMapperScanner - Skipping MapperFactoryBean with name 'schoolBuildingMapper' and 'com.safe.campus.mapper.SchoolBuildingMapper' mapperInterface. Bean already defined with the same name!
2020-08-12 15:16:10.355 [main] WARN  org.mybatis.spring.mapper.ClassPathMapperScanner - Skipping MapperFactoryBean with name 'schoolClassInfoMapper' and 'com.safe.campus.mapper.SchoolClassInfoMapper' mapperInterface. Bean already defined with the same name!
2020-08-12 15:16:10.356 [main] WARN  org.mybatis.spring.mapper.ClassPathMapperScanner - Skipping MapperFactoryBean with name 'schoolClassMapper' and 'com.safe.campus.mapper.SchoolClassMapper' mapperInterface. Bean already defined with the same name!
2020-08-12 15:16:10.356 [main] WARN  org.mybatis.spring.mapper.ClassPathMapperScanner - Skipping MapperFactoryBean with name 'schoolMasterMapper' and 'com.safe.campus.mapper.SchoolMasterMapper' mapperInterface. Bean already defined with the same name!
2020-08-12 15:16:10.357 [main] WARN  org.mybatis.spring.mapper.ClassPathMapperScanner - Skipping MapperFactoryBean with name 'schoolSectionMapper' and 'com.safe.campus.mapper.SchoolSectionMapper' mapperInterface. Bean already defined with the same name!
2020-08-12 15:16:10.357 [main] WARN  org.mybatis.spring.mapper.ClassPathMapperScanner - Skipping MapperFactoryBean with name 'schoolStudentMapper' and 'com.safe.campus.mapper.SchoolStudentMapper' mapperInterface. Bean already defined with the same name!
2020-08-12 15:16:10.357 [main] WARN  org.mybatis.spring.mapper.ClassPathMapperScanner - Skipping MapperFactoryBean with name 'schoolTeacherMapper' and 'com.safe.campus.mapper.SchoolTeacherMapper' mapperInterface. Bean already defined with the same name!
2020-08-12 15:16:10.358 [main] WARN  org.mybatis.spring.mapper.ClassPathMapperScanner - Skipping MapperFactoryBean with name 'sysFileMapper' and 'com.safe.campus.mapper.SysFileMapper' mapperInterface. Bean already defined with the same name!
2020-08-12 15:16:10.358 [main] WARN  org.mybatis.spring.mapper.ClassPathMapperScanner - No MyBatis mapper was found in '[com.safe.campus]' package. Please check your configuration.
2020-08-12 15:16:10.410 [main] WARN  org.mybatis.spring.mapper.ClassPathMapperScanner - Skipping MapperFactoryBean with name 'buildingLevelMapper' and 'com.safe.campus.mapper.BuildingLevelMapper' mapperInterface. Bean already defined with the same name!
2020-08-12 15:16:10.410 [main] WARN  org.mybatis.spring.mapper.ClassPathMapperScanner - Skipping MapperFactoryBean with name 'buildingNoMapper' and 'com.safe.campus.mapper.BuildingNoMapper' mapperInterface. Bean already defined with the same name!
2020-08-12 15:16:10.411 [main] WARN  org.mybatis.spring.mapper.ClassPathMapperScanner - Skipping MapperFactoryBean with name 'buildingRoomMapper' and 'com.safe.campus.mapper.BuildingRoomMapper' mapperInterface. Bean already defined with the same name!
2020-08-12 15:16:10.411 [main] WARN  org.mybatis.spring.mapper.ClassPathMapperScanner - Skipping MapperFactoryBean with name 'roleMapper' and 'com.safe.campus.mapper.RoleMapper' mapperInterface. Bean already defined with the same name!
2020-08-12 15:16:10.411 [main] WARN  org.mybatis.spring.mapper.ClassPathMapperScanner - Skipping MapperFactoryBean with name 'schoolBuildingMapper' and 'com.safe.campus.mapper.SchoolBuildingMapper' mapperInterface. Bean already defined with the same name!
2020-08-12 15:16:10.411 [main] WARN  org.mybatis.spring.mapper.ClassPathMapperScanner - Skipping MapperFactoryBean with name 'schoolClassInfoMapper' and 'com.safe.campus.mapper.SchoolClassInfoMapper' mapperInterface. Bean already defined with the same name!
2020-08-12 15:16:10.412 [main] WARN  org.mybatis.spring.mapper.ClassPathMapperScanner - Skipping MapperFactoryBean with name 'schoolClassMapper' and 'com.safe.campus.mapper.SchoolClassMapper' mapperInterface. Bean already defined with the same name!
2020-08-12 15:16:10.412 [main] WARN  org.mybatis.spring.mapper.ClassPathMapperScanner - Skipping MapperFactoryBean with name 'schoolMasterMapper' and 'com.safe.campus.mapper.SchoolMasterMapper' mapperInterface. Bean already defined with the same name!
2020-08-12 15:16:10.412 [main] WARN  org.mybatis.spring.mapper.ClassPathMapperScanner - Skipping MapperFactoryBean with name 'schoolSectionMapper' and 'com.safe.campus.mapper.SchoolSectionMapper' mapperInterface. Bean already defined with the same name!
2020-08-12 15:16:10.413 [main] WARN  org.mybatis.spring.mapper.ClassPathMapperScanner - Skipping MapperFactoryBean with name 'schoolStudentMapper' and 'com.safe.campus.mapper.SchoolStudentMapper' mapperInterface. Bean already defined with the same name!
2020-08-12 15:16:10.413 [main] WARN  org.mybatis.spring.mapper.ClassPathMapperScanner - Skipping MapperFactoryBean with name 'schoolTeacherMapper' and 'com.safe.campus.mapper.SchoolTeacherMapper' mapperInterface. Bean already defined with the same name!
2020-08-12 15:16:10.413 [main] WARN  org.mybatis.spring.mapper.ClassPathMapperScanner - Skipping MapperFactoryBean with name 'sysFileMapper' and 'com.safe.campus.mapper.SysFileMapper' mapperInterface. Bean already defined with the same name!
2020-08-12 15:16:10.414 [main] WARN  org.mybatis.spring.mapper.ClassPathMapperScanner - No MyBatis mapper was found in '[com.safe.campus]' package. Please check your configuration.
2020-08-12 17:32:36.177 [main] WARN  org.mybatis.spring.mapper.ClassPathMapperScanner - Skipping MapperFactoryBean with name 'buildingLevelMapper' and 'com.safe.campus.mapper.BuildingLevelMapper' mapperInterface. Bean already defined with the same name!
2020-08-12 17:32:36.179 [main] WARN  org.mybatis.spring.mapper.ClassPathMapperScanner - Skipping MapperFactoryBean with name 'buildingNoMapper' and 'com.safe.campus.mapper.BuildingNoMapper' mapperInterface. Bean already defined with the same name!
2020-08-12 17:32:36.180 [main] WARN  org.mybatis.spring.mapper.ClassPathMapperScanner - Skipping MapperFactoryBean with name 'buildingRoomMapper' and 'com.safe.campus.mapper.BuildingRoomMapper' mapperInterface. Bean already defined with the same name!
2020-08-12 17:32:36.203 [main] WARN  org.mybatis.spring.mapper.ClassPathMapperScanner - Skipping MapperFactoryBean with name 'roleMapper' and 'com.safe.campus.mapper.RoleMapper' mapperInterface. Bean already defined with the same name!
2020-08-12 17:32:36.204 [main] WARN  org.mybatis.spring.mapper.ClassPathMapperScanner - Skipping MapperFactoryBean with name 'schoolBuildingMapper' and 'com.safe.campus.mapper.SchoolBuildingMapper' mapperInterface. Bean already defined with the same name!
2020-08-12 17:32:36.206 [main] WARN  org.mybatis.spring.mapper.ClassPathMapperScanner - Skipping MapperFactoryBean with name 'schoolClassInfoMapper' and 'com.safe.campus.mapper.SchoolClassInfoMapper' mapperInterface. Bean already defined with the same name!
2020-08-12 17:32:36.218 [main] WARN  org.mybatis.spring.mapper.ClassPathMapperScanner - Skipping MapperFactoryBean with name 'schoolClassMapper' and 'com.safe.campus.mapper.SchoolClassMapper' mapperInterface. Bean already defined with the same name!
2020-08-12 17:32:36.220 [main] WARN  org.mybatis.spring.mapper.ClassPathMapperScanner - Skipping MapperFactoryBean with name 'schoolMasterMapper' and 'com.safe.campus.mapper.SchoolMasterMapper' mapperInterface. Bean already defined with the same name!
2020-08-12 17:32:36.225 [main] WARN  org.mybatis.spring.mapper.ClassPathMapperScanner - Skipping MapperFactoryBean with name 'schoolSectionMapper' and 'com.safe.campus.mapper.SchoolSectionMapper' mapperInterface. Bean already defined with the same name!
2020-08-12 17:32:36.226 [main] WARN  org.mybatis.spring.mapper.ClassPathMapperScanner - Skipping MapperFactoryBean with name 'schoolStudentMapper' and 'com.safe.campus.mapper.SchoolStudentMapper' mapperInterface. Bean already defined with the same name!
2020-08-12 17:32:36.227 [main] WARN  org.mybatis.spring.mapper.ClassPathMapperScanner - Skipping MapperFactoryBean with name 'schoolTeacherMapper' and 'com.safe.campus.mapper.SchoolTeacherMapper' mapperInterface. Bean already defined with the same name!
2020-08-12 17:32:36.228 [main] WARN  org.mybatis.spring.mapper.ClassPathMapperScanner - Skipping MapperFactoryBean with name 'sysFileMapper' and 'com.safe.campus.mapper.SysFileMapper' mapperInterface. Bean already defined with the same name!
2020-08-12 17:32:36.228 [main] WARN  org.mybatis.spring.mapper.ClassPathMapperScanner - No MyBatis mapper was found in '[com.safe.campus]' package. Please check your configuration.
2020-08-12 17:32:36.303 [main] WARN  org.mybatis.spring.mapper.ClassPathMapperScanner - Skipping MapperFactoryBean with name 'buildingLevelMapper' and 'com.safe.campus.mapper.BuildingLevelMapper' mapperInterface. Bean already defined with the same name!
2020-08-12 17:32:36.305 [main] WARN  org.mybatis.spring.mapper.ClassPathMapperScanner - Skipping MapperFactoryBean with name 'buildingNoMapper' and 'com.safe.campus.mapper.BuildingNoMapper' mapperInterface. Bean already defined with the same name!
2020-08-12 17:32:36.305 [main] WARN  org.mybatis.spring.mapper.ClassPathMapperScanner - Skipping MapperFactoryBean with name 'buildingRoomMapper' and 'com.safe.campus.mapper.BuildingRoomMapper' mapperInterface. Bean already defined with the same name!
2020-08-12 17:32:36.307 [main] WARN  org.mybatis.spring.mapper.ClassPathMapperScanner - Skipping MapperFactoryBean with name 'roleMapper' and 'com.safe.campus.mapper.RoleMapper' mapperInterface. Bean already defined with the same name!
2020-08-12 17:32:36.307 [main] WARN  org.mybatis.spring.mapper.ClassPathMapperScanner - Skipping MapperFactoryBean with name 'schoolBuildingMapper' and 'com.safe.campus.mapper.SchoolBuildingMapper' mapperInterface. Bean already defined with the same name!
2020-08-12 17:32:36.308 [main] WARN  org.mybatis.spring.mapper.ClassPathMapperScanner - Skipping MapperFactoryBean with name 'schoolClassInfoMapper' and 'com.safe.campus.mapper.SchoolClassInfoMapper' mapperInterface. Bean already defined with the same name!
2020-08-12 17:32:36.311 [main] WARN  org.mybatis.spring.mapper.ClassPathMapperScanner - Skipping MapperFactoryBean with name 'schoolClassMapper' and 'com.safe.campus.mapper.SchoolClassMapper' mapperInterface. Bean already defined with the same name!
2020-08-12 17:32:36.311 [main] WARN  org.mybatis.spring.mapper.ClassPathMapperScanner - Skipping MapperFactoryBean with name 'schoolMasterMapper' and 'com.safe.campus.mapper.SchoolMasterMapper' mapperInterface. Bean already defined with the same name!
2020-08-12 17:32:36.311 [main] WARN  org.mybatis.spring.mapper.ClassPathMapperScanner - Skipping MapperFactoryBean with name 'schoolSectionMapper' and 'com.safe.campus.mapper.SchoolSectionMapper' mapperInterface. Bean already defined with the same name!
2020-08-12 17:32:36.312 [main] WARN  org.mybatis.spring.mapper.ClassPathMapperScanner - Skipping MapperFactoryBean with name 'schoolStudentMapper' and 'com.safe.campus.mapper.SchoolStudentMapper' mapperInterface. Bean already defined with the same name!
2020-08-12 17:32:36.312 [main] WARN  org.mybatis.spring.mapper.ClassPathMapperScanner - Skipping MapperFactoryBean with name 'schoolTeacherMapper' and 'com.safe.campus.mapper.SchoolTeacherMapper' mapperInterface. Bean already defined with the same name!
2020-08-12 17:32:36.313 [main] WARN  org.mybatis.spring.mapper.ClassPathMapperScanner - Skipping MapperFactoryBean with name 'sysFileMapper' and 'com.safe.campus.mapper.SysFileMapper' mapperInterface. Bean already defined with the same name!
2020-08-12 17:32:36.313 [main] WARN  org.mybatis.spring.mapper.ClassPathMapperScanner - No MyBatis mapper was found in '[com.safe.campus]' package. Please check your configuration.
2020-08-12 17:34:25.715 [main] WARN  org.mybatis.spring.mapper.ClassPathMapperScanner - Skipping MapperFactoryBean with name 'buildingLevelMapper' and 'com.safe.campus.mapper.BuildingLevelMapper' mapperInterface. Bean already defined with the same name!
2020-08-12 17:34:25.716 [main] WARN  org.mybatis.spring.mapper.ClassPathMapperScanner - Skipping MapperFactoryBean with name 'buildingNoMapper' and 'com.safe.campus.mapper.BuildingNoMapper' mapperInterface. Bean already defined with the same name!
2020-08-12 17:34:25.716 [main] WARN  org.mybatis.spring.mapper.ClassPathMapperScanner - Skipping MapperFactoryBean with name 'buildingRoomMapper' and 'com.safe.campus.mapper.BuildingRoomMapper' mapperInterface. Bean already defined with the same name!
2020-08-12 17:34:25.717 [main] WARN  org.mybatis.spring.mapper.ClassPathMapperScanner - Skipping MapperFactoryBean with name 'roleMapper' and 'com.safe.campus.mapper.RoleMapper' mapperInterface. Bean already defined with the same name!
2020-08-12 17:34:25.717 [main] WARN  org.mybatis.spring.mapper.ClassPathMapperScanner - Skipping MapperFactoryBean with name 'schoolBuildingMapper' and 'com.safe.campus.mapper.SchoolBuildingMapper' mapperInterface. Bean already defined with the same name!
2020-08-12 17:34:25.718 [main] WARN  org.mybatis.spring.mapper.ClassPathMapperScanner - Skipping MapperFactoryBean with name 'schoolClassInfoMapper' and 'com.safe.campus.mapper.SchoolClassInfoMapper' mapperInterface. Bean already defined with the same name!
2020-08-12 17:34:25.718 [main] WARN  org.mybatis.spring.mapper.ClassPathMapperScanner - Skipping MapperFactoryBean with name 'schoolClassMapper' and 'com.safe.campus.mapper.SchoolClassMapper' mapperInterface. Bean already defined with the same name!
2020-08-12 17:34:25.719 [main] WARN  org.mybatis.spring.mapper.ClassPathMapperScanner - Skipping MapperFactoryBean with name 'schoolMasterMapper' and 'com.safe.campus.mapper.SchoolMasterMapper' mapperInterface. Bean already defined with the same name!
2020-08-12 17:34:25.719 [main] WARN  org.mybatis.spring.mapper.ClassPathMapperScanner - Skipping MapperFactoryBean with name 'schoolSectionMapper' and 'com.safe.campus.mapper.SchoolSectionMapper' mapperInterface. Bean already defined with the same name!
2020-08-12 17:34:25.719 [main] WARN  org.mybatis.spring.mapper.ClassPathMapperScanner - Skipping MapperFactoryBean with name 'schoolStudentMapper' and 'com.safe.campus.mapper.SchoolStudentMapper' mapperInterface. Bean already defined with the same name!
2020-08-12 17:34:25.720 [main] WARN  org.mybatis.spring.mapper.ClassPathMapperScanner - Skipping MapperFactoryBean with name 'schoolTeacherMapper' and 'com.safe.campus.mapper.SchoolTeacherMapper' mapperInterface. Bean already defined with the same name!
2020-08-12 17:34:25.720 [main] WARN  org.mybatis.spring.mapper.ClassPathMapperScanner - Skipping MapperFactoryBean with name 'sysFileMapper' and 'com.safe.campus.mapper.SysFileMapper' mapperInterface. Bean already defined with the same name!
2020-08-12 17:34:25.721 [main] WARN  org.mybatis.spring.mapper.ClassPathMapperScanner - No MyBatis mapper was found in '[com.safe.campus]' package. Please check your configuration.
2020-08-12 17:34:25.768 [main] WARN  org.mybatis.spring.mapper.ClassPathMapperScanner - Skipping MapperFactoryBean with name 'buildingLevelMapper' and 'com.safe.campus.mapper.BuildingLevelMapper' mapperInterface. Bean already defined with the same name!
2020-08-12 17:34:25.769 [main] WARN  org.mybatis.spring.mapper.ClassPathMapperScanner - Skipping MapperFactoryBean with name 'buildingNoMapper' and 'com.safe.campus.mapper.BuildingNoMapper' mapperInterface. Bean already defined with the same name!
2020-08-12 17:34:25.770 [main] WARN  org.mybatis.spring.mapper.ClassPathMapperScanner - Skipping MapperFactoryBean with name 'buildingRoomMapper' and 'com.safe.campus.mapper.BuildingRoomMapper' mapperInterface. Bean already defined with the same name!
2020-08-12 17:34:25.770 [main] WARN  org.mybatis.spring.mapper.ClassPathMapperScanner - Skipping MapperFactoryBean with name 'roleMapper' and 'com.safe.campus.mapper.RoleMapper' mapperInterface. Bean already defined with the same name!
2020-08-12 17:34:25.773 [main] WARN  org.mybatis.spring.mapper.ClassPathMapperScanner - Skipping MapperFactoryBean with name 'schoolBuildingMapper' and 'com.safe.campus.mapper.SchoolBuildingMapper' mapperInterface. Bean already defined with the same name!
2020-08-12 17:34:25.774 [main] WARN  org.mybatis.spring.mapper.ClassPathMapperScanner - Skipping MapperFactoryBean with name 'schoolClassInfoMapper' and 'com.safe.campus.mapper.SchoolClassInfoMapper' mapperInterface. Bean already defined with the same name!
2020-08-12 17:34:25.775 [main] WARN  org.mybatis.spring.mapper.ClassPathMapperScanner - Skipping MapperFactoryBean with name 'schoolClassMapper' and 'com.safe.campus.mapper.SchoolClassMapper' mapperInterface. Bean already defined with the same name!
2020-08-12 17:34:25.775 [main] WARN  org.mybatis.spring.mapper.ClassPathMapperScanner - Skipping MapperFactoryBean with name 'schoolMasterMapper' and 'com.safe.campus.mapper.SchoolMasterMapper' mapperInterface. Bean already defined with the same name!
2020-08-12 17:34:25.775 [main] WARN  org.mybatis.spring.mapper.ClassPathMapperScanner - Skipping MapperFactoryBean with name 'schoolSectionMapper' and 'com.safe.campus.mapper.SchoolSectionMapper' mapperInterface. Bean already defined with the same name!
2020-08-12 17:34:25.777 [main] WARN  org.mybatis.spring.mapper.ClassPathMapperScanner - Skipping MapperFactoryBean with name 'schoolStudentMapper' and 'com.safe.campus.mapper.SchoolStudentMapper' mapperInterface. Bean already defined with the same name!
2020-08-12 17:34:25.778 [main] WARN  org.mybatis.spring.mapper.ClassPathMapperScanner - Skipping MapperFactoryBean with name 'schoolTeacherMapper' and 'com.safe.campus.mapper.SchoolTeacherMapper' mapperInterface. Bean already defined with the same name!
2020-08-12 17:34:25.779 [main] WARN  org.mybatis.spring.mapper.ClassPathMapperScanner - Skipping MapperFactoryBean with name 'sysFileMapper' and 'com.safe.campus.mapper.SysFileMapper' mapperInterface. Bean already defined with the same name!
2020-08-12 17:34:25.780 [main] WARN  org.mybatis.spring.mapper.ClassPathMapperScanner - No MyBatis mapper was found in '[com.safe.campus]' package. Please check your configuration.
2020-08-12 22:28:55.149 [main] WARN  org.mybatis.spring.mapper.ClassPathMapperScanner - Skipping MapperFactoryBean with name 'buildingLevelMapper' and 'com.safe.campus.mapper.BuildingLevelMapper' mapperInterface. Bean already defined with the same name!
2020-08-12 22:28:55.150 [main] WARN  org.mybatis.spring.mapper.ClassPathMapperScanner - Skipping MapperFactoryBean with name 'buildingNoMapper' and 'com.safe.campus.mapper.BuildingNoMapper' mapperInterface. Bean already defined with the same name!
2020-08-12 22:28:55.156 [main] WARN  org.mybatis.spring.mapper.ClassPathMapperScanner - Skipping MapperFactoryBean with name 'buildingRoomMapper' and 'com.safe.campus.mapper.BuildingRoomMapper' mapperInterface. Bean already defined with the same name!
2020-08-12 22:28:55.157 [main] WARN  org.mybatis.spring.mapper.ClassPathMapperScanner - Skipping MapperFactoryBean with name 'buildingStudentMapper' and 'com.safe.campus.mapper.BuildingStudentMapper' mapperInterface. Bean already defined with the same name!
2020-08-12 22:28:55.157 [main] WARN  org.mybatis.spring.mapper.ClassPathMapperScanner - Skipping MapperFactoryBean with name 'roleMapper' and 'com.safe.campus.mapper.RoleMapper' mapperInterface. Bean already defined with the same name!
2020-08-12 22:28:55.157 [main] WARN  org.mybatis.spring.mapper.ClassPathMapperScanner - Skipping MapperFactoryBean with name 'schoolBuildingMapper' and 'com.safe.campus.mapper.SchoolBuildingMapper' mapperInterface. Bean already defined with the same name!
2020-08-12 22:28:55.158 [main] WARN  org.mybatis.spring.mapper.ClassPathMapperScanner - Skipping MapperFactoryBean with name 'schoolClassInfoMapper' and 'com.safe.campus.mapper.SchoolClassInfoMapper' mapperInterface. Bean already defined with the same name!
2020-08-12 22:28:55.159 [main] WARN  org.mybatis.spring.mapper.ClassPathMapperScanner - Skipping MapperFactoryBean with name 'schoolClassMapper' and 'com.safe.campus.mapper.SchoolClassMapper' mapperInterface. Bean already defined with the same name!
2020-08-12 22:28:55.160 [main] WARN  org.mybatis.spring.mapper.ClassPathMapperScanner - Skipping MapperFactoryBean with name 'schoolMasterMapper' and 'com.safe.campus.mapper.SchoolMasterMapper' mapperInterface. Bean already defined with the same name!
2020-08-12 22:28:55.160 [main] WARN  org.mybatis.spring.mapper.ClassPathMapperScanner - Skipping MapperFactoryBean with name 'schoolSectionMapper' and 'com.safe.campus.mapper.SchoolSectionMapper' mapperInterface. Bean already defined with the same name!
2020-08-12 22:28:55.161 [main] WARN  org.mybatis.spring.mapper.ClassPathMapperScanner - Skipping MapperFactoryBean with name 'schoolStudentMapper' and 'com.safe.campus.mapper.SchoolStudentMapper' mapperInterface. Bean already defined with the same name!
2020-08-12 22:28:55.161 [main] WARN  org.mybatis.spring.mapper.ClassPathMapperScanner - Skipping MapperFactoryBean with name 'schoolTeacherMapper' and 'com.safe.campus.mapper.SchoolTeacherMapper' mapperInterface. Bean already defined with the same name!
2020-08-12 22:28:55.165 [main] WARN  org.mybatis.spring.mapper.ClassPathMapperScanner - Skipping MapperFactoryBean with name 'sysFileMapper' and 'com.safe.campus.mapper.SysFileMapper' mapperInterface. Bean already defined with the same name!
2020-08-12 22:28:55.166 [main] WARN  org.mybatis.spring.mapper.ClassPathMapperScanner - No MyBatis mapper was found in '[com.safe.campus]' package. Please check your configuration.
2020-08-12 22:28:55.218 [main] WARN  org.mybatis.spring.mapper.ClassPathMapperScanner - Skipping MapperFactoryBean with name 'buildingLevelMapper' and 'com.safe.campus.mapper.BuildingLevelMapper' mapperInterface. Bean already defined with the same name!
2020-08-12 22:28:55.219 [main] WARN  org.mybatis.spring.mapper.ClassPathMapperScanner - Skipping MapperFactoryBean with name 'buildingNoMapper' and 'com.safe.campus.mapper.BuildingNoMapper' mapperInterface. Bean already defined with the same name!
2020-08-12 22:28:55.219 [main] WARN  org.mybatis.spring.mapper.ClassPathMapperScanner - Skipping MapperFactoryBean with name 'buildingRoomMapper' and 'com.safe.campus.mapper.BuildingRoomMapper' mapperInterface. Bean already defined with the same name!
2020-08-12 22:28:55.220 [main] WARN  org.mybatis.spring.mapper.ClassPathMapperScanner - Skipping MapperFactoryBean with name 'buildingStudentMapper' and 'com.safe.campus.mapper.BuildingStudentMapper' mapperInterface. Bean already defined with the same name!
2020-08-12 22:28:55.221 [main] WARN  org.mybatis.spring.mapper.ClassPathMapperScanner - Skipping MapperFactoryBean with name 'roleMapper' and 'com.safe.campus.mapper.RoleMapper' mapperInterface. Bean already defined with the same name!
2020-08-12 22:28:55.221 [main] WARN  org.mybatis.spring.mapper.ClassPathMapperScanner - Skipping MapperFactoryBean with name 'schoolBuildingMapper' and 'com.safe.campus.mapper.SchoolBuildingMapper' mapperInterface. Bean already defined with the same name!
2020-08-12 22:28:55.222 [main] WARN  org.mybatis.spring.mapper.ClassPathMapperScanner - Skipping MapperFactoryBean with name 'schoolClassInfoMapper' and 'com.safe.campus.mapper.SchoolClassInfoMapper' mapperInterface. Bean already defined with the same name!
2020-08-12 22:28:55.222 [main] WARN  org.mybatis.spring.mapper.ClassPathMapperScanner - Skipping MapperFactoryBean with name 'schoolClassMapper' and 'com.safe.campus.mapper.SchoolClassMapper' mapperInterface. Bean already defined with the same name!
2020-08-12 22:28:55.222 [main] WARN  org.mybatis.spring.mapper.ClassPathMapperScanner - Skipping MapperFactoryBean with name 'schoolMasterMapper' and 'com.safe.campus.mapper.SchoolMasterMapper' mapperInterface. Bean already defined with the same name!
2020-08-12 22:28:55.222 [main] WARN  org.mybatis.spring.mapper.ClassPathMapperScanner - Skipping MapperFactoryBean with name 'schoolSectionMapper' and 'com.safe.campus.mapper.SchoolSectionMapper' mapperInterface. Bean already defined with the same name!
2020-08-12 22:28:55.223 [main] WARN  org.mybatis.spring.mapper.ClassPathMapperScanner - Skipping MapperFactoryBean with name 'schoolStudentMapper' and 'com.safe.campus.mapper.SchoolStudentMapper' mapperInterface. Bean already defined with the same name!
2020-08-12 22:28:55.223 [main] WARN  org.mybatis.spring.mapper.ClassPathMapperScanner - Skipping MapperFactoryBean with name 'schoolTeacherMapper' and 'com.safe.campus.mapper.SchoolTeacherMapper' mapperInterface. Bean already defined with the same name!
2020-08-12 22:28:55.224 [main] WARN  org.mybatis.spring.mapper.ClassPathMapperScanner - Skipping MapperFactoryBean with name 'sysFileMapper' and 'com.safe.campus.mapper.SysFileMapper' mapperInterface. Bean already defined with the same name!
2020-08-12 22:28:55.224 [main] WARN  org.mybatis.spring.mapper.ClassPathMapperScanner - No MyBatis mapper was found in '[com.safe.campus]' package. Please check your configuration.
