2020-09-15 15:19:07.943 [main] INFO  org.springframework.boot.test.context.SpringBootTestContextBootstrapper - Neither @ContextConfiguration nor @ContextHierarchy found for test class [com.safe.campus.SafeCampusApplicationTests], using SpringBootContextLoader
2020-09-15 15:19:07.962 [main] INFO  org.springframework.test.context.support.AbstractContextLoader - Could not detect default resource locations for test class [com.safe.campus.SafeCampusApplicationTests]: no resource found for suffixes {-context.xml, Context.groovy}.
2020-09-15 15:19:07.964 [main] INFO  org.springframework.test.context.support.AnnotationConfigContextLoaderUtils - Could not detect default configuration classes for test class [com.safe.campus.SafeCampusApplicationTests]: SafeCampusApplicationTests does not declare any static, non-private, non-final, nested classes annotated with @Configuration.
2020-09-15 15:19:08.137 [main] INFO  org.springframework.boot.test.context.SpringBootTestContextBootstrapper - Found @SpringBootConfiguration com.safe.campus.SafeCampusApplication for test class com.safe.campus.SafeCampusApplicationTests
2020-09-15 15:19:08.344 [main] INFO  org.springframework.boot.test.context.SpringBootTestContextBootstrapper - Loaded default TestExecutionListener class names from location [META-INF/spring.factories]: [org.springframework.test.context.web.ServletTestExecutionListener, org.springframework.test.context.support.DirtiesContextBeforeModesTestExecutionListener, org.springframework.test.context.support.DependencyInjectionTestExecutionListener, org.springframework.test.context.support.DirtiesContextTestExecutionListener, org.springframework.test.context.transaction.TransactionalTestExecutionListener, org.springframework.test.context.jdbc.SqlScriptsTestExecutionListener, org.springframework.test.context.event.EventPublishingTestExecutionListener, org.springframework.boot.test.mock.mockito.MockitoTestExecutionListener, org.springframework.boot.test.mock.mockito.ResetMocksTestExecutionListener, org.springframework.boot.test.autoconfigure.restdocs.RestDocsTestExecutionListener, org.springframework.boot.test.autoconfigure.web.client.MockRestServiceServerResetTestExecutionListener, org.springframework.boot.test.autoconfigure.web.servlet.MockMvcPrintOnlyOnFailureTestExecutionListener, org.springframework.boot.test.autoconfigure.web.servlet.WebDriverTestExecutionListener]
2020-09-15 15:19:08.383 [main] INFO  org.springframework.boot.test.context.SpringBootTestContextBootstrapper - Using TestExecutionListeners: [org.springframework.test.context.web.ServletTestExecutionListener@704deff2, org.springframework.test.context.support.DirtiesContextBeforeModesTestExecutionListener@379614be, org.springframework.boot.test.mock.mockito.MockitoTestExecutionListener@404bbcbd, org.springframework.boot.test.autoconfigure.SpringBootDependencyInjectionTestExecutionListener@1e81f160, org.springframework.test.context.support.DirtiesContextTestExecutionListener@1acaf3d, org.springframework.test.context.transaction.TransactionalTestExecutionListener@6986852, org.springframework.test.context.jdbc.SqlScriptsTestExecutionListener@1bab8268, org.springframework.test.context.event.EventPublishingTestExecutionListener@a307a8c, org.springframework.boot.test.mock.mockito.ResetMocksTestExecutionListener@6e01f9b0, org.springframework.boot.test.autoconfigure.restdocs.RestDocsTestExecutionListener@2b9ed6da, org.springframework.boot.test.autoconfigure.web.client.MockRestServiceServerResetTestExecutionListener@6c61a903, org.springframework.boot.test.autoconfigure.web.servlet.MockMvcPrintOnlyOnFailureTestExecutionListener@658c5a19, org.springframework.boot.test.autoconfigure.web.servlet.WebDriverTestExecutionListener@421e361]
2020-09-15 15:19:10.967 [main] INFO  org.springframework.context.support.PostProcessorRegistrationDelegate$BeanPostProcessorChecker - Bean 'configurationPropertiesRebinderAutoConfiguration' of type [org.springframework.cloud.autoconfigure.ConfigurationPropertiesRebinderAutoConfiguration$$EnhancerBySpringCGLIB$$1d06f913] is not eligible for getting processed by all BeanPostProcessors (for example: not eligible for auto-proxying)
2020-09-15 15:19:12.960 [main] INFO  com.safe.campus.SafeCampusApplicationTests - The following profiles are active: dev
2020-09-15 15:19:14.736 [main] INFO  org.springframework.data.repository.config.RepositoryConfigurationDelegate - Multiple Spring Data modules found, entering strict repository configuration mode!
2020-09-15 15:19:14.741 [main] INFO  org.springframework.data.repository.config.RepositoryConfigurationDelegate - Bootstrapping Spring Data Redis repositories in DEFAULT mode.
2020-09-15 15:19:14.830 [main] INFO  org.springframework.data.repository.config.RepositoryConfigurationDelegate - Finished Spring Data repository scanning in 66ms. Found 0 Redis repository interfaces.
2020-09-15 15:19:15.333 [main] INFO  org.springframework.cloud.context.scope.GenericScope - BeanFactory id=8a1a8808-3f3d-3393-a9b2-e1866e819699
2020-09-15 15:19:15.908 [main] INFO  org.springframework.context.support.PostProcessorRegistrationDelegate$BeanPostProcessorChecker - Bean 'org.springframework.transaction.annotation.ProxyTransactionManagementConfiguration' of type [org.springframework.transaction.annotation.ProxyTransactionManagementConfiguration] is not eligible for getting processed by all BeanPostProcessors (for example: not eligible for auto-proxying)
2020-09-15 15:19:16.229 [main] INFO  org.springframework.context.support.PostProcessorRegistrationDelegate$BeanPostProcessorChecker - Bean 'org.springframework.cloud.autoconfigure.ConfigurationPropertiesRebinderAutoConfiguration' of type [org.springframework.cloud.autoconfigure.ConfigurationPropertiesRebinderAutoConfiguration$$EnhancerBySpringCGLIB$$1d06f913] is not eligible for getting processed by all BeanPostProcessors (for example: not eligible for auto-proxying)
2020-09-15 15:19:16.313 [main] INFO  com.alibaba.druid.spring.boot.autoconfigure.DruidDataSourceAutoConfigure - Init DruidDataSource
2020-09-15 15:19:20.659 [main] INFO  com.alibaba.druid.pool.DruidDataSource - {dataSource-1} inited
2020-09-15 15:19:20.735 [main] INFO  org.springframework.scheduling.concurrent.ThreadPoolTaskExecutor - Initializing ExecutorService 'applicationTaskExecutor'
2020-09-15 15:19:24.901 [main] INFO  springfox.documentation.spring.web.PropertySourcedRequestMappingHandlerMapping - Mapped URL path [/v2/api-docs] onto method [springfox.documentation.swagger2.web.Swagger2Controller#getDocumentation(String, HttpServletRequest)]
2020-09-15 15:19:28.791 [main] INFO  org.springframework.cloud.commons.util.InetUtils - Cannot determine local hostname
2020-09-15 15:19:28.952 [main] INFO  springfox.documentation.spring.web.plugins.DocumentationPluginsBootstrapper - Context refreshed
2020-09-15 15:19:28.985 [main] INFO  springfox.documentation.spring.web.plugins.DocumentationPluginsBootstrapper - Found 1 custom documentation plugin(s)
2020-09-15 15:19:29.059 [main] INFO  springfox.documentation.spring.web.scanners.ApiListingReferenceScanner - Scanning for api listing references
2020-09-15 15:19:29.627 [main] INFO  springfox.documentation.spring.web.readers.operation.CachingOperationNameGenerator - Generating unique operation named: listTeachersUsingGET_1
2020-09-15 15:19:30.058 [main] INFO  com.safe.campus.SafeCampusApplicationTests - Started SafeCampusApplicationTests in 21.608 seconds (JVM running for 23.442)
2020-09-15 15:19:30.744 [SpringContextShutdownHook] INFO  org.springframework.scheduling.concurrent.ThreadPoolTaskExecutor - Shutting down ExecutorService 'applicationTaskExecutor'
2020-09-15 15:19:30.763 [SpringContextShutdownHook] INFO  com.alibaba.druid.pool.DruidDataSource - {dataSource-1} closed
2020-09-15 21:53:23.323 [main] INFO  org.springframework.boot.test.context.SpringBootTestContextBootstrapper - Neither @ContextConfiguration nor @ContextHierarchy found for test class [com.safe.campus.SafeCampusApplicationTests], using SpringBootContextLoader
2020-09-15 21:53:23.343 [main] INFO  org.springframework.test.context.support.AbstractContextLoader - Could not detect default resource locations for test class [com.safe.campus.SafeCampusApplicationTests]: no resource found for suffixes {-context.xml, Context.groovy}.
2020-09-15 21:53:23.348 [main] INFO  org.springframework.test.context.support.AnnotationConfigContextLoaderUtils - Could not detect default configuration classes for test class [com.safe.campus.SafeCampusApplicationTests]: SafeCampusApplicationTests does not declare any static, non-private, non-final, nested classes annotated with @Configuration.
2020-09-15 21:53:23.584 [main] INFO  org.springframework.boot.test.context.SpringBootTestContextBootstrapper - Found @SpringBootConfiguration com.safe.campus.SafeCampusApplication for test class com.safe.campus.SafeCampusApplicationTests
2020-09-15 21:53:23.765 [main] INFO  org.springframework.boot.test.context.SpringBootTestContextBootstrapper - Loaded default TestExecutionListener class names from location [META-INF/spring.factories]: [org.springframework.test.context.web.ServletTestExecutionListener, org.springframework.test.context.support.DirtiesContextBeforeModesTestExecutionListener, org.springframework.test.context.support.DependencyInjectionTestExecutionListener, org.springframework.test.context.support.DirtiesContextTestExecutionListener, org.springframework.test.context.transaction.TransactionalTestExecutionListener, org.springframework.test.context.jdbc.SqlScriptsTestExecutionListener, org.springframework.test.context.event.EventPublishingTestExecutionListener, org.springframework.boot.test.mock.mockito.MockitoTestExecutionListener, org.springframework.boot.test.mock.mockito.ResetMocksTestExecutionListener, org.springframework.boot.test.autoconfigure.restdocs.RestDocsTestExecutionListener, org.springframework.boot.test.autoconfigure.web.client.MockRestServiceServerResetTestExecutionListener, org.springframework.boot.test.autoconfigure.web.servlet.MockMvcPrintOnlyOnFailureTestExecutionListener, org.springframework.boot.test.autoconfigure.web.servlet.WebDriverTestExecutionListener]
2020-09-15 21:53:23.805 [main] INFO  org.springframework.boot.test.context.SpringBootTestContextBootstrapper - Using TestExecutionListeners: [org.springframework.test.context.web.ServletTestExecutionListener@704deff2, org.springframework.test.context.support.DirtiesContextBeforeModesTestExecutionListener@379614be, org.springframework.boot.test.mock.mockito.MockitoTestExecutionListener@404bbcbd, org.springframework.boot.test.autoconfigure.SpringBootDependencyInjectionTestExecutionListener@1e81f160, org.springframework.test.context.support.DirtiesContextTestExecutionListener@1acaf3d, org.springframework.test.context.transaction.TransactionalTestExecutionListener@6986852, org.springframework.test.context.jdbc.SqlScriptsTestExecutionListener@1bab8268, org.springframework.test.context.event.EventPublishingTestExecutionListener@a307a8c, org.springframework.boot.test.mock.mockito.ResetMocksTestExecutionListener@6e01f9b0, org.springframework.boot.test.autoconfigure.restdocs.RestDocsTestExecutionListener@2b9ed6da, org.springframework.boot.test.autoconfigure.web.client.MockRestServiceServerResetTestExecutionListener@6c61a903, org.springframework.boot.test.autoconfigure.web.servlet.MockMvcPrintOnlyOnFailureTestExecutionListener@658c5a19, org.springframework.boot.test.autoconfigure.web.servlet.WebDriverTestExecutionListener@421e361]
2020-09-15 21:53:26.328 [main] INFO  org.springframework.context.support.PostProcessorRegistrationDelegate$BeanPostProcessorChecker - Bean 'configurationPropertiesRebinderAutoConfiguration' of type [org.springframework.cloud.autoconfigure.ConfigurationPropertiesRebinderAutoConfiguration$$EnhancerBySpringCGLIB$$1d06f913] is not eligible for getting processed by all BeanPostProcessors (for example: not eligible for auto-proxying)
2020-09-15 21:53:28.130 [main] INFO  com.safe.campus.SafeCampusApplicationTests - The following profiles are active: dev
2020-09-15 21:53:30.051 [main] INFO  org.springframework.data.repository.config.RepositoryConfigurationDelegate - Multiple Spring Data modules found, entering strict repository configuration mode!
2020-09-15 21:53:30.056 [main] INFO  org.springframework.data.repository.config.RepositoryConfigurationDelegate - Bootstrapping Spring Data Redis repositories in DEFAULT mode.
2020-09-15 21:53:30.148 [main] INFO  org.springframework.data.repository.config.RepositoryConfigurationDelegate - Finished Spring Data repository scanning in 71ms. Found 0 Redis repository interfaces.
2020-09-15 21:53:30.641 [main] INFO  org.springframework.cloud.context.scope.GenericScope - BeanFactory id=8a1a8808-3f3d-3393-a9b2-e1866e819699
2020-09-15 21:53:31.158 [main] INFO  org.springframework.context.support.PostProcessorRegistrationDelegate$BeanPostProcessorChecker - Bean 'org.springframework.transaction.annotation.ProxyTransactionManagementConfiguration' of type [org.springframework.transaction.annotation.ProxyTransactionManagementConfiguration] is not eligible for getting processed by all BeanPostProcessors (for example: not eligible for auto-proxying)
2020-09-15 21:53:31.381 [main] INFO  org.springframework.context.support.PostProcessorRegistrationDelegate$BeanPostProcessorChecker - Bean 'org.springframework.cloud.autoconfigure.ConfigurationPropertiesRebinderAutoConfiguration' of type [org.springframework.cloud.autoconfigure.ConfigurationPropertiesRebinderAutoConfiguration$$EnhancerBySpringCGLIB$$1d06f913] is not eligible for getting processed by all BeanPostProcessors (for example: not eligible for auto-proxying)
2020-09-15 21:53:31.463 [main] INFO  com.alibaba.druid.spring.boot.autoconfigure.DruidDataSourceAutoConfigure - Init DruidDataSource
2020-09-15 21:53:35.619 [main] INFO  com.alibaba.druid.pool.DruidDataSource - {dataSource-1} inited
2020-09-15 21:53:35.734 [main] INFO  org.springframework.scheduling.concurrent.ThreadPoolTaskExecutor - Initializing ExecutorService 'applicationTaskExecutor'
2020-09-15 21:53:39.799 [main] INFO  springfox.documentation.spring.web.PropertySourcedRequestMappingHandlerMapping - Mapped URL path [/v2/api-docs] onto method [springfox.documentation.swagger2.web.Swagger2Controller#getDocumentation(String, HttpServletRequest)]
2020-09-15 21:53:43.433 [main] INFO  org.springframework.cloud.commons.util.InetUtils - Cannot determine local hostname
2020-09-15 21:53:43.546 [main] INFO  springfox.documentation.spring.web.plugins.DocumentationPluginsBootstrapper - Context refreshed
2020-09-15 21:53:43.577 [main] INFO  springfox.documentation.spring.web.plugins.DocumentationPluginsBootstrapper - Found 1 custom documentation plugin(s)
2020-09-15 21:53:43.638 [main] INFO  springfox.documentation.spring.web.scanners.ApiListingReferenceScanner - Scanning for api listing references
2020-09-15 21:53:44.112 [main] INFO  springfox.documentation.spring.web.readers.operation.CachingOperationNameGenerator - Generating unique operation named: listTeachersUsingGET_1
2020-09-15 21:53:44.561 [main] INFO  com.safe.campus.SafeCampusApplicationTests - Started SafeCampusApplicationTests in 20.699 seconds (JVM running for 22.535)
2020-09-15 21:53:45.281 [SpringContextShutdownHook] INFO  org.springframework.scheduling.concurrent.ThreadPoolTaskExecutor - Shutting down ExecutorService 'applicationTaskExecutor'
2020-09-15 21:53:45.317 [SpringContextShutdownHook] INFO  com.alibaba.druid.pool.DruidDataSource - {dataSource-1} closed
2020-09-15 22:01:19.573 [main] INFO  org.springframework.boot.test.context.SpringBootTestContextBootstrapper - Neither @ContextConfiguration nor @ContextHierarchy found for test class [com.safe.campus.SafeCampusApplicationTests], using SpringBootContextLoader
2020-09-15 22:01:19.600 [main] INFO  org.springframework.test.context.support.AbstractContextLoader - Could not detect default resource locations for test class [com.safe.campus.SafeCampusApplicationTests]: no resource found for suffixes {-context.xml, Context.groovy}.
2020-09-15 22:01:19.606 [main] INFO  org.springframework.test.context.support.AnnotationConfigContextLoaderUtils - Could not detect default configuration classes for test class [com.safe.campus.SafeCampusApplicationTests]: SafeCampusApplicationTests does not declare any static, non-private, non-final, nested classes annotated with @Configuration.
2020-09-15 22:01:19.878 [main] INFO  org.springframework.boot.test.context.SpringBootTestContextBootstrapper - Found @SpringBootConfiguration com.safe.campus.SafeCampusApplication for test class com.safe.campus.SafeCampusApplicationTests
2020-09-15 22:01:20.081 [main] INFO  org.springframework.boot.test.context.SpringBootTestContextBootstrapper - Loaded default TestExecutionListener class names from location [META-INF/spring.factories]: [org.springframework.test.context.web.ServletTestExecutionListener, org.springframework.test.context.support.DirtiesContextBeforeModesTestExecutionListener, org.springframework.test.context.support.DependencyInjectionTestExecutionListener, org.springframework.test.context.support.DirtiesContextTestExecutionListener, org.springframework.test.context.transaction.TransactionalTestExecutionListener, org.springframework.test.context.jdbc.SqlScriptsTestExecutionListener, org.springframework.test.context.event.EventPublishingTestExecutionListener, org.springframework.boot.test.mock.mockito.MockitoTestExecutionListener, org.springframework.boot.test.mock.mockito.ResetMocksTestExecutionListener, org.springframework.boot.test.autoconfigure.restdocs.RestDocsTestExecutionListener, org.springframework.boot.test.autoconfigure.web.client.MockRestServiceServerResetTestExecutionListener, org.springframework.boot.test.autoconfigure.web.servlet.MockMvcPrintOnlyOnFailureTestExecutionListener, org.springframework.boot.test.autoconfigure.web.servlet.WebDriverTestExecutionListener]
2020-09-15 22:01:20.118 [main] INFO  org.springframework.boot.test.context.SpringBootTestContextBootstrapper - Using TestExecutionListeners: [org.springframework.test.context.web.ServletTestExecutionListener@704deff2, org.springframework.test.context.support.DirtiesContextBeforeModesTestExecutionListener@379614be, org.springframework.boot.test.mock.mockito.MockitoTestExecutionListener@404bbcbd, org.springframework.boot.test.autoconfigure.SpringBootDependencyInjectionTestExecutionListener@1e81f160, org.springframework.test.context.support.DirtiesContextTestExecutionListener@1acaf3d, org.springframework.test.context.transaction.TransactionalTestExecutionListener@6986852, org.springframework.test.context.jdbc.SqlScriptsTestExecutionListener@1bab8268, org.springframework.test.context.event.EventPublishingTestExecutionListener@a307a8c, org.springframework.boot.test.mock.mockito.ResetMocksTestExecutionListener@6e01f9b0, org.springframework.boot.test.autoconfigure.restdocs.RestDocsTestExecutionListener@2b9ed6da, org.springframework.boot.test.autoconfigure.web.client.MockRestServiceServerResetTestExecutionListener@6c61a903, org.springframework.boot.test.autoconfigure.web.servlet.MockMvcPrintOnlyOnFailureTestExecutionListener@658c5a19, org.springframework.boot.test.autoconfigure.web.servlet.WebDriverTestExecutionListener@421e361]
2020-09-15 22:01:24.800 [main] INFO  org.springframework.context.support.PostProcessorRegistrationDelegate$BeanPostProcessorChecker - Bean 'configurationPropertiesRebinderAutoConfiguration' of type [org.springframework.cloud.autoconfigure.ConfigurationPropertiesRebinderAutoConfiguration$$EnhancerBySpringCGLIB$$1d06f913] is not eligible for getting processed by all BeanPostProcessors (for example: not eligible for auto-proxying)
2020-09-15 22:01:27.032 [main] INFO  com.safe.campus.SafeCampusApplicationTests - The following profiles are active: dev
2020-09-15 22:01:29.938 [main] INFO  org.springframework.data.repository.config.RepositoryConfigurationDelegate - Multiple Spring Data modules found, entering strict repository configuration mode!
2020-09-15 22:01:29.948 [main] INFO  org.springframework.data.repository.config.RepositoryConfigurationDelegate - Bootstrapping Spring Data Redis repositories in DEFAULT mode.
2020-09-15 22:01:30.113 [main] INFO  org.springframework.data.repository.config.RepositoryConfigurationDelegate - Finished Spring Data repository scanning in 129ms. Found 0 Redis repository interfaces.
2020-09-15 22:01:30.625 [main] INFO  org.springframework.cloud.context.scope.GenericScope - BeanFactory id=8a1a8808-3f3d-3393-a9b2-e1866e819699
2020-09-15 22:01:31.040 [main] INFO  org.springframework.context.support.PostProcessorRegistrationDelegate$BeanPostProcessorChecker - Bean 'org.springframework.transaction.annotation.ProxyTransactionManagementConfiguration' of type [org.springframework.transaction.annotation.ProxyTransactionManagementConfiguration] is not eligible for getting processed by all BeanPostProcessors (for example: not eligible for auto-proxying)
2020-09-15 22:01:31.399 [main] INFO  org.springframework.context.support.PostProcessorRegistrationDelegate$BeanPostProcessorChecker - Bean 'org.springframework.cloud.autoconfigure.ConfigurationPropertiesRebinderAutoConfiguration' of type [org.springframework.cloud.autoconfigure.ConfigurationPropertiesRebinderAutoConfiguration$$EnhancerBySpringCGLIB$$1d06f913] is not eligible for getting processed by all BeanPostProcessors (for example: not eligible for auto-proxying)
2020-09-15 22:01:31.473 [main] INFO  com.alibaba.druid.spring.boot.autoconfigure.DruidDataSourceAutoConfigure - Init DruidDataSource
2020-09-15 22:01:35.706 [main] INFO  com.alibaba.druid.pool.DruidDataSource - {dataSource-1} inited
2020-09-15 22:01:35.791 [main] INFO  org.springframework.scheduling.concurrent.ThreadPoolTaskExecutor - Initializing ExecutorService 'applicationTaskExecutor'
2020-09-15 22:01:39.673 [main] INFO  springfox.documentation.spring.web.PropertySourcedRequestMappingHandlerMapping - Mapped URL path [/v2/api-docs] onto method [springfox.documentation.swagger2.web.Swagger2Controller#getDocumentation(String, HttpServletRequest)]
2020-09-15 22:01:43.258 [main] INFO  org.springframework.cloud.commons.util.InetUtils - Cannot determine local hostname
2020-09-15 22:01:43.361 [main] INFO  springfox.documentation.spring.web.plugins.DocumentationPluginsBootstrapper - Context refreshed
2020-09-15 22:01:43.390 [main] INFO  springfox.documentation.spring.web.plugins.DocumentationPluginsBootstrapper - Found 1 custom documentation plugin(s)
2020-09-15 22:01:43.460 [main] INFO  springfox.documentation.spring.web.scanners.ApiListingReferenceScanner - Scanning for api listing references
2020-09-15 22:01:44.004 [main] INFO  springfox.documentation.spring.web.readers.operation.CachingOperationNameGenerator - Generating unique operation named: listTeachersUsingGET_1
2020-09-15 22:01:44.481 [main] INFO  com.safe.campus.SafeCampusApplicationTests - Started SafeCampusApplicationTests in 24.285 seconds (JVM running for 26.827)
2020-09-15 22:01:44.910 [SpringContextShutdownHook] INFO  org.springframework.scheduling.concurrent.ThreadPoolTaskExecutor - Shutting down ExecutorService 'applicationTaskExecutor'
2020-09-15 22:01:44.925 [SpringContextShutdownHook] INFO  com.alibaba.druid.pool.DruidDataSource - {dataSource-1} closed
2020-09-15 22:14:02.445 [main] INFO  org.springframework.boot.test.context.SpringBootTestContextBootstrapper - Neither @ContextConfiguration nor @ContextHierarchy found for test class [com.safe.campus.SafeCampusApplicationTests], using SpringBootContextLoader
2020-09-15 22:14:02.479 [main] INFO  org.springframework.test.context.support.AbstractContextLoader - Could not detect default resource locations for test class [com.safe.campus.SafeCampusApplicationTests]: no resource found for suffixes {-context.xml, Context.groovy}.
2020-09-15 22:14:02.485 [main] INFO  org.springframework.test.context.support.AnnotationConfigContextLoaderUtils - Could not detect default configuration classes for test class [com.safe.campus.SafeCampusApplicationTests]: SafeCampusApplicationTests does not declare any static, non-private, non-final, nested classes annotated with @Configuration.
2020-09-15 22:14:02.770 [main] INFO  org.springframework.boot.test.context.SpringBootTestContextBootstrapper - Found @SpringBootConfiguration com.safe.campus.SafeCampusApplication for test class com.safe.campus.SafeCampusApplicationTests
2020-09-15 22:14:03.055 [main] INFO  org.springframework.boot.test.context.SpringBootTestContextBootstrapper - Loaded default TestExecutionListener class names from location [META-INF/spring.factories]: [org.springframework.test.context.web.ServletTestExecutionListener, org.springframework.test.context.support.DirtiesContextBeforeModesTestExecutionListener, org.springframework.test.context.support.DependencyInjectionTestExecutionListener, org.springframework.test.context.support.DirtiesContextTestExecutionListener, org.springframework.test.context.transaction.TransactionalTestExecutionListener, org.springframework.test.context.jdbc.SqlScriptsTestExecutionListener, org.springframework.test.context.event.EventPublishingTestExecutionListener, org.springframework.boot.test.mock.mockito.MockitoTestExecutionListener, org.springframework.boot.test.mock.mockito.ResetMocksTestExecutionListener, org.springframework.boot.test.autoconfigure.restdocs.RestDocsTestExecutionListener, org.springframework.boot.test.autoconfigure.web.client.MockRestServiceServerResetTestExecutionListener, org.springframework.boot.test.autoconfigure.web.servlet.MockMvcPrintOnlyOnFailureTestExecutionListener, org.springframework.boot.test.autoconfigure.web.servlet.WebDriverTestExecutionListener]
2020-09-15 22:14:03.133 [main] INFO  org.springframework.boot.test.context.SpringBootTestContextBootstrapper - Using TestExecutionListeners: [org.springframework.test.context.web.ServletTestExecutionListener@704deff2, org.springframework.test.context.support.DirtiesContextBeforeModesTestExecutionListener@379614be, org.springframework.boot.test.mock.mockito.MockitoTestExecutionListener@404bbcbd, org.springframework.boot.test.autoconfigure.SpringBootDependencyInjectionTestExecutionListener@1e81f160, org.springframework.test.context.support.DirtiesContextTestExecutionListener@1acaf3d, org.springframework.test.context.transaction.TransactionalTestExecutionListener@6986852, org.springframework.test.context.jdbc.SqlScriptsTestExecutionListener@1bab8268, org.springframework.test.context.event.EventPublishingTestExecutionListener@a307a8c, org.springframework.boot.test.mock.mockito.ResetMocksTestExecutionListener@6e01f9b0, org.springframework.boot.test.autoconfigure.restdocs.RestDocsTestExecutionListener@2b9ed6da, org.springframework.boot.test.autoconfigure.web.client.MockRestServiceServerResetTestExecutionListener@6c61a903, org.springframework.boot.test.autoconfigure.web.servlet.MockMvcPrintOnlyOnFailureTestExecutionListener@658c5a19, org.springframework.boot.test.autoconfigure.web.servlet.WebDriverTestExecutionListener@421e361]
2020-09-15 22:14:06.386 [main] INFO  org.springframework.context.support.PostProcessorRegistrationDelegate$BeanPostProcessorChecker - Bean 'configurationPropertiesRebinderAutoConfiguration' of type [org.springframework.cloud.autoconfigure.ConfigurationPropertiesRebinderAutoConfiguration$$EnhancerBySpringCGLIB$$1d06f913] is not eligible for getting processed by all BeanPostProcessors (for example: not eligible for auto-proxying)
2020-09-15 22:14:08.199 [main] INFO  com.safe.campus.SafeCampusApplicationTests - The following profiles are active: dev
2020-09-15 22:14:10.020 [main] INFO  org.springframework.data.repository.config.RepositoryConfigurationDelegate - Multiple Spring Data modules found, entering strict repository configuration mode!
2020-09-15 22:14:10.025 [main] INFO  org.springframework.data.repository.config.RepositoryConfigurationDelegate - Bootstrapping Spring Data Redis repositories in DEFAULT mode.
2020-09-15 22:14:10.130 [main] INFO  org.springframework.data.repository.config.RepositoryConfigurationDelegate - Finished Spring Data repository scanning in 85ms. Found 0 Redis repository interfaces.
2020-09-15 22:14:10.653 [main] INFO  org.springframework.cloud.context.scope.GenericScope - BeanFactory id=8a1a8808-3f3d-3393-a9b2-e1866e819699
2020-09-15 22:14:11.203 [main] INFO  org.springframework.context.support.PostProcessorRegistrationDelegate$BeanPostProcessorChecker - Bean 'org.springframework.transaction.annotation.ProxyTransactionManagementConfiguration' of type [org.springframework.transaction.annotation.ProxyTransactionManagementConfiguration] is not eligible for getting processed by all BeanPostProcessors (for example: not eligible for auto-proxying)
2020-09-15 22:14:11.486 [main] INFO  org.springframework.context.support.PostProcessorRegistrationDelegate$BeanPostProcessorChecker - Bean 'org.springframework.cloud.autoconfigure.ConfigurationPropertiesRebinderAutoConfiguration' of type [org.springframework.cloud.autoconfigure.ConfigurationPropertiesRebinderAutoConfiguration$$EnhancerBySpringCGLIB$$1d06f913] is not eligible for getting processed by all BeanPostProcessors (for example: not eligible for auto-proxying)
2020-09-15 22:14:11.562 [main] INFO  com.alibaba.druid.spring.boot.autoconfigure.DruidDataSourceAutoConfigure - Init DruidDataSource
2020-09-15 22:14:15.875 [main] INFO  com.alibaba.druid.pool.DruidDataSource - {dataSource-1} inited
2020-09-15 22:14:15.990 [main] INFO  org.springframework.scheduling.concurrent.ThreadPoolTaskExecutor - Initializing ExecutorService 'applicationTaskExecutor'
2020-09-15 22:14:19.928 [main] INFO  springfox.documentation.spring.web.PropertySourcedRequestMappingHandlerMapping - Mapped URL path [/v2/api-docs] onto method [springfox.documentation.swagger2.web.Swagger2Controller#getDocumentation(String, HttpServletRequest)]
2020-09-15 22:14:23.512 [main] INFO  org.springframework.cloud.commons.util.InetUtils - Cannot determine local hostname
2020-09-15 22:14:23.656 [main] INFO  springfox.documentation.spring.web.plugins.DocumentationPluginsBootstrapper - Context refreshed
2020-09-15 22:14:23.690 [main] INFO  springfox.documentation.spring.web.plugins.DocumentationPluginsBootstrapper - Found 1 custom documentation plugin(s)
2020-09-15 22:14:23.752 [main] INFO  springfox.documentation.spring.web.scanners.ApiListingReferenceScanner - Scanning for api listing references
2020-09-15 22:14:24.348 [main] INFO  springfox.documentation.spring.web.readers.operation.CachingOperationNameGenerator - Generating unique operation named: listTeachersUsingGET_1
2020-09-15 22:14:25.006 [main] INFO  com.safe.campus.SafeCampusApplicationTests - Started SafeCampusApplicationTests in 21.799 seconds (JVM running for 24.391)
2020-09-15 22:14:25.496 [SpringContextShutdownHook] INFO  org.springframework.scheduling.concurrent.ThreadPoolTaskExecutor - Shutting down ExecutorService 'applicationTaskExecutor'
2020-09-15 22:14:25.515 [SpringContextShutdownHook] INFO  com.alibaba.druid.pool.DruidDataSource - {dataSource-1} closed
