2020-08-09 16:41:24.521 [main] WARN  org.mybatis.spring.mapper.ClassPathMapperScanner - Skipping MapperFactoryBean with name 'buildingLevelMapper' and 'com.safe.campus.mapper.BuildingLevelMapper' mapperInterface. Bean already defined with the same name!
2020-08-09 16:41:24.522 [main] WARN  org.mybatis.spring.mapper.ClassPathMapperScanner - Skipping MapperFactoryBean with name 'buildingNoMapper' and 'com.safe.campus.mapper.BuildingNoMapper' mapperInterface. Bean already defined with the same name!
2020-08-09 16:41:24.524 [main] WARN  org.mybatis.spring.mapper.ClassPathMapperScanner - Skipping MapperFactoryBean with name 'buildingRoomMapper' and 'com.safe.campus.mapper.BuildingRoomMapper' mapperInterface. Bean already defined with the same name!
2020-08-09 16:41:24.525 [main] WARN  org.mybatis.spring.mapper.ClassPathMapperScanner - Skipping MapperFactoryBean with name 'roleMapper' and 'com.safe.campus.mapper.RoleMapper' mapperInterface. Bean already defined with the same name!
2020-08-09 16:41:24.526 [main] WARN  org.mybatis.spring.mapper.ClassPathMapperScanner - Skipping MapperFactoryBean with name 'schoolBranchMapper' and 'com.safe.campus.mapper.SchoolBranchMapper' mapperInterface. Bean already defined with the same name!
2020-08-09 16:41:24.526 [main] WARN  org.mybatis.spring.mapper.ClassPathMapperScanner - Skipping MapperFactoryBean with name 'schoolBuildingMapper' and 'com.safe.campus.mapper.SchoolBuildingMapper' mapperInterface. Bean already defined with the same name!
2020-08-09 16:41:24.526 [main] WARN  org.mybatis.spring.mapper.ClassPathMapperScanner - Skipping MapperFactoryBean with name 'schoolClassInfoMapper' and 'com.safe.campus.mapper.SchoolClassInfoMapper' mapperInterface. Bean already defined with the same name!
2020-08-09 16:41:24.528 [main] WARN  org.mybatis.spring.mapper.ClassPathMapperScanner - Skipping MapperFactoryBean with name 'schoolClassMapper' and 'com.safe.campus.mapper.SchoolClassMapper' mapperInterface. Bean already defined with the same name!
2020-08-09 16:41:24.529 [main] WARN  org.mybatis.spring.mapper.ClassPathMapperScanner - Skipping MapperFactoryBean with name 'schoolSectionMapper' and 'com.safe.campus.mapper.SchoolSectionMapper' mapperInterface. Bean already defined with the same name!
2020-08-09 16:41:24.532 [main] WARN  org.mybatis.spring.mapper.ClassPathMapperScanner - Skipping MapperFactoryBean with name 'schoolStudentMapper' and 'com.safe.campus.mapper.SchoolStudentMapper' mapperInterface. Bean already defined with the same name!
2020-08-09 16:41:24.532 [main] WARN  org.mybatis.spring.mapper.ClassPathMapperScanner - Skipping MapperFactoryBean with name 'schoolTeacherMapper' and 'com.safe.campus.mapper.SchoolTeacherMapper' mapperInterface. Bean already defined with the same name!
2020-08-09 16:41:24.533 [main] WARN  org.mybatis.spring.mapper.ClassPathMapperScanner - Skipping MapperFactoryBean with name 'sysFileMapper' and 'com.safe.campus.mapper.SysFileMapper' mapperInterface. Bean already defined with the same name!
2020-08-09 16:41:24.533 [main] WARN  org.mybatis.spring.mapper.ClassPathMapperScanner - No MyBatis mapper was found in '[com.safe.campus]' package. Please check your configuration.
2020-08-09 16:41:24.560 [main] WARN  org.mybatis.spring.mapper.ClassPathMapperScanner - Skipping MapperFactoryBean with name 'buildingLevelMapper' and 'com.safe.campus.mapper.BuildingLevelMapper' mapperInterface. Bean already defined with the same name!
2020-08-09 16:41:24.560 [main] WARN  org.mybatis.spring.mapper.ClassPathMapperScanner - Skipping MapperFactoryBean with name 'buildingNoMapper' and 'com.safe.campus.mapper.BuildingNoMapper' mapperInterface. Bean already defined with the same name!
2020-08-09 16:41:24.561 [main] WARN  org.mybatis.spring.mapper.ClassPathMapperScanner - Skipping MapperFactoryBean with name 'buildingRoomMapper' and 'com.safe.campus.mapper.BuildingRoomMapper' mapperInterface. Bean already defined with the same name!
2020-08-09 16:41:24.561 [main] WARN  org.mybatis.spring.mapper.ClassPathMapperScanner - Skipping MapperFactoryBean with name 'roleMapper' and 'com.safe.campus.mapper.RoleMapper' mapperInterface. Bean already defined with the same name!
2020-08-09 16:41:24.562 [main] WARN  org.mybatis.spring.mapper.ClassPathMapperScanner - Skipping MapperFactoryBean with name 'schoolBranchMapper' and 'com.safe.campus.mapper.SchoolBranchMapper' mapperInterface. Bean already defined with the same name!
2020-08-09 16:41:24.562 [main] WARN  org.mybatis.spring.mapper.ClassPathMapperScanner - Skipping MapperFactoryBean with name 'schoolBuildingMapper' and 'com.safe.campus.mapper.SchoolBuildingMapper' mapperInterface. Bean already defined with the same name!
2020-08-09 16:41:24.562 [main] WARN  org.mybatis.spring.mapper.ClassPathMapperScanner - Skipping MapperFactoryBean with name 'schoolClassInfoMapper' and 'com.safe.campus.mapper.SchoolClassInfoMapper' mapperInterface. Bean already defined with the same name!
2020-08-09 16:41:24.562 [main] WARN  org.mybatis.spring.mapper.ClassPathMapperScanner - Skipping MapperFactoryBean with name 'schoolClassMapper' and 'com.safe.campus.mapper.SchoolClassMapper' mapperInterface. Bean already defined with the same name!
2020-08-09 16:41:24.562 [main] WARN  org.mybatis.spring.mapper.ClassPathMapperScanner - Skipping MapperFactoryBean with name 'schoolSectionMapper' and 'com.safe.campus.mapper.SchoolSectionMapper' mapperInterface. Bean already defined with the same name!
2020-08-09 16:41:24.562 [main] WARN  org.mybatis.spring.mapper.ClassPathMapperScanner - Skipping MapperFactoryBean with name 'schoolStudentMapper' and 'com.safe.campus.mapper.SchoolStudentMapper' mapperInterface. Bean already defined with the same name!
2020-08-09 16:41:24.563 [main] WARN  org.mybatis.spring.mapper.ClassPathMapperScanner - Skipping MapperFactoryBean with name 'schoolTeacherMapper' and 'com.safe.campus.mapper.SchoolTeacherMapper' mapperInterface. Bean already defined with the same name!
2020-08-09 16:41:24.563 [main] WARN  org.mybatis.spring.mapper.ClassPathMapperScanner - Skipping MapperFactoryBean with name 'sysFileMapper' and 'com.safe.campus.mapper.SysFileMapper' mapperInterface. Bean already defined with the same name!
2020-08-09 16:41:24.563 [main] WARN  org.mybatis.spring.mapper.ClassPathMapperScanner - No MyBatis mapper was found in '[com.safe.campus]' package. Please check your configuration.
