2020-08-16 15:36:39.943 [main] WARN  org.mybatis.spring.mapper.ClassPathMapperScanner - Skipping MapperFactoryBean with name 'buildingLevelMapper' and 'com.safe.campus.mapper.BuildingLevelMapper' mapperInterface. Bean already defined with the same name!
2020-08-16 15:36:39.946 [main] WARN  org.mybatis.spring.mapper.ClassPathMapperScanner - Skipping MapperFactoryBean with name 'buildingNoMapper' and 'com.safe.campus.mapper.BuildingNoMapper' mapperInterface. Bean already defined with the same name!
2020-08-16 15:36:39.947 [main] WARN  org.mybatis.spring.mapper.ClassPathMapperScanner - Skipping MapperFactoryBean with name 'buildingRoomMapper' and 'com.safe.campus.mapper.BuildingRoomMapper' mapperInterface. Bean already defined with the same name!
2020-08-16 15:36:39.957 [main] WARN  org.mybatis.spring.mapper.ClassPathMapperScanner - Skipping MapperFactoryBean with name 'buildingStudentMapper' and 'com.safe.campus.mapper.BuildingStudentMapper' mapperInterface. Bean already defined with the same name!
2020-08-16 15:36:39.958 [main] WARN  org.mybatis.spring.mapper.ClassPathMapperScanner - Skipping MapperFactoryBean with name 'roleMapper' and 'com.safe.campus.mapper.RoleMapper' mapperInterface. Bean already defined with the same name!
2020-08-16 15:36:39.959 [main] WARN  org.mybatis.spring.mapper.ClassPathMapperScanner - Skipping MapperFactoryBean with name 'schoolBuildingMapper' and 'com.safe.campus.mapper.SchoolBuildingMapper' mapperInterface. Bean already defined with the same name!
2020-08-16 15:36:39.959 [main] WARN  org.mybatis.spring.mapper.ClassPathMapperScanner - Skipping MapperFactoryBean with name 'schoolClassInfoMapper' and 'com.safe.campus.mapper.SchoolClassInfoMapper' mapperInterface. Bean already defined with the same name!
2020-08-16 15:36:39.959 [main] WARN  org.mybatis.spring.mapper.ClassPathMapperScanner - Skipping MapperFactoryBean with name 'schoolClassMapper' and 'com.safe.campus.mapper.SchoolClassMapper' mapperInterface. Bean already defined with the same name!
2020-08-16 15:36:39.960 [main] WARN  org.mybatis.spring.mapper.ClassPathMapperScanner - Skipping MapperFactoryBean with name 'schoolMasterMapper' and 'com.safe.campus.mapper.SchoolMasterMapper' mapperInterface. Bean already defined with the same name!
2020-08-16 15:36:39.961 [main] WARN  org.mybatis.spring.mapper.ClassPathMapperScanner - Skipping MapperFactoryBean with name 'schoolSectionMapper' and 'com.safe.campus.mapper.SchoolSectionMapper' mapperInterface. Bean already defined with the same name!
2020-08-16 15:36:39.961 [main] WARN  org.mybatis.spring.mapper.ClassPathMapperScanner - Skipping MapperFactoryBean with name 'schoolStudentMapper' and 'com.safe.campus.mapper.SchoolStudentMapper' mapperInterface. Bean already defined with the same name!
2020-08-16 15:36:39.962 [main] WARN  org.mybatis.spring.mapper.ClassPathMapperScanner - Skipping MapperFactoryBean with name 'schoolTeacherMapper' and 'com.safe.campus.mapper.SchoolTeacherMapper' mapperInterface. Bean already defined with the same name!
2020-08-16 15:36:39.962 [main] WARN  org.mybatis.spring.mapper.ClassPathMapperScanner - Skipping MapperFactoryBean with name 'sysAdminUserMapper' and 'com.safe.campus.mapper.SysAdminUserMapper' mapperInterface. Bean already defined with the same name!
2020-08-16 15:36:39.962 [main] WARN  org.mybatis.spring.mapper.ClassPathMapperScanner - Skipping MapperFactoryBean with name 'sysFileMapper' and 'com.safe.campus.mapper.SysFileMapper' mapperInterface. Bean already defined with the same name!
2020-08-16 15:36:39.963 [main] WARN  org.mybatis.spring.mapper.ClassPathMapperScanner - No MyBatis mapper was found in '[com.safe.campus]' package. Please check your configuration.
2020-08-16 15:36:40.019 [main] WARN  org.mybatis.spring.mapper.ClassPathMapperScanner - Skipping MapperFactoryBean with name 'buildingLevelMapper' and 'com.safe.campus.mapper.BuildingLevelMapper' mapperInterface. Bean already defined with the same name!
2020-08-16 15:36:40.021 [main] WARN  org.mybatis.spring.mapper.ClassPathMapperScanner - Skipping MapperFactoryBean with name 'buildingNoMapper' and 'com.safe.campus.mapper.BuildingNoMapper' mapperInterface. Bean already defined with the same name!
2020-08-16 15:36:40.022 [main] WARN  org.mybatis.spring.mapper.ClassPathMapperScanner - Skipping MapperFactoryBean with name 'buildingRoomMapper' and 'com.safe.campus.mapper.BuildingRoomMapper' mapperInterface. Bean already defined with the same name!
2020-08-16 15:36:40.023 [main] WARN  org.mybatis.spring.mapper.ClassPathMapperScanner - Skipping MapperFactoryBean with name 'buildingStudentMapper' and 'com.safe.campus.mapper.BuildingStudentMapper' mapperInterface. Bean already defined with the same name!
2020-08-16 15:36:40.024 [main] WARN  org.mybatis.spring.mapper.ClassPathMapperScanner - Skipping MapperFactoryBean with name 'roleMapper' and 'com.safe.campus.mapper.RoleMapper' mapperInterface. Bean already defined with the same name!
2020-08-16 15:36:40.024 [main] WARN  org.mybatis.spring.mapper.ClassPathMapperScanner - Skipping MapperFactoryBean with name 'schoolBuildingMapper' and 'com.safe.campus.mapper.SchoolBuildingMapper' mapperInterface. Bean already defined with the same name!
2020-08-16 15:36:40.025 [main] WARN  org.mybatis.spring.mapper.ClassPathMapperScanner - Skipping MapperFactoryBean with name 'schoolClassInfoMapper' and 'com.safe.campus.mapper.SchoolClassInfoMapper' mapperInterface. Bean already defined with the same name!
2020-08-16 15:36:40.025 [main] WARN  org.mybatis.spring.mapper.ClassPathMapperScanner - Skipping MapperFactoryBean with name 'schoolClassMapper' and 'com.safe.campus.mapper.SchoolClassMapper' mapperInterface. Bean already defined with the same name!
2020-08-16 15:36:40.026 [main] WARN  org.mybatis.spring.mapper.ClassPathMapperScanner - Skipping MapperFactoryBean with name 'schoolMasterMapper' and 'com.safe.campus.mapper.SchoolMasterMapper' mapperInterface. Bean already defined with the same name!
2020-08-16 15:36:40.026 [main] WARN  org.mybatis.spring.mapper.ClassPathMapperScanner - Skipping MapperFactoryBean with name 'schoolSectionMapper' and 'com.safe.campus.mapper.SchoolSectionMapper' mapperInterface. Bean already defined with the same name!
2020-08-16 15:36:40.027 [main] WARN  org.mybatis.spring.mapper.ClassPathMapperScanner - Skipping MapperFactoryBean with name 'schoolStudentMapper' and 'com.safe.campus.mapper.SchoolStudentMapper' mapperInterface. Bean already defined with the same name!
2020-08-16 15:36:40.028 [main] WARN  org.mybatis.spring.mapper.ClassPathMapperScanner - Skipping MapperFactoryBean with name 'schoolTeacherMapper' and 'com.safe.campus.mapper.SchoolTeacherMapper' mapperInterface. Bean already defined with the same name!
2020-08-16 15:36:40.028 [main] WARN  org.mybatis.spring.mapper.ClassPathMapperScanner - Skipping MapperFactoryBean with name 'sysAdminUserMapper' and 'com.safe.campus.mapper.SysAdminUserMapper' mapperInterface. Bean already defined with the same name!
2020-08-16 15:36:40.029 [main] WARN  org.mybatis.spring.mapper.ClassPathMapperScanner - Skipping MapperFactoryBean with name 'sysFileMapper' and 'com.safe.campus.mapper.SysFileMapper' mapperInterface. Bean already defined with the same name!
2020-08-16 15:36:40.030 [main] WARN  org.mybatis.spring.mapper.ClassPathMapperScanner - No MyBatis mapper was found in '[com.safe.campus]' package. Please check your configuration.
