2020-09-12 12:50:36.602 [main] INFO  org.springframework.context.support.PostProcessorRegistrationDelegate$BeanPostProcessorChecker - Bean 'configurationPropertiesRebinderAutoConfiguration' of type [org.springframework.cloud.autoconfigure.ConfigurationPropertiesRebinderAutoConfiguration$$EnhancerBySpringCGLIB$$9dd05328] is not eligible for getting processed by all BeanPostProcessors (for example: not eligible for auto-proxying)
2020-09-12 12:50:38.500 [main] INFO  com.safe.campus.SafeCampusApplication - The following profiles are active: dev
2020-09-12 12:50:40.099 [main] INFO  org.springframework.data.repository.config.RepositoryConfigurationDelegate - Multiple Spring Data modules found, entering strict repository configuration mode!
2020-09-12 12:50:40.109 [main] INFO  org.springframework.data.repository.config.RepositoryConfigurationDelegate - Bootstrapping Spring Data Redis repositories in DEFAULT mode.
2020-09-12 12:50:40.175 [main] INFO  org.springframework.data.repository.config.RepositoryConfigurationDelegate - Finished Spring Data repository scanning in 49ms. Found 0 Redis repository interfaces.
2020-09-12 12:50:40.480 [main] INFO  org.springframework.cloud.context.scope.GenericScope - BeanFactory id=1a7af13f-15f1-3ea2-8645-6951f575c526
2020-09-12 12:50:40.629 [main] INFO  org.springframework.context.support.PostProcessorRegistrationDelegate$BeanPostProcessorChecker - Bean 'org.springframework.transaction.annotation.ProxyTransactionManagementConfiguration' of type [org.springframework.transaction.annotation.ProxyTransactionManagementConfiguration] is not eligible for getting processed by all BeanPostProcessors (for example: not eligible for auto-proxying)
2020-09-12 12:50:40.692 [main] INFO  org.springframework.context.support.PostProcessorRegistrationDelegate$BeanPostProcessorChecker - Bean 'org.springframework.cloud.autoconfigure.ConfigurationPropertiesRebinderAutoConfiguration' of type [org.springframework.cloud.autoconfigure.ConfigurationPropertiesRebinderAutoConfiguration$$EnhancerBySpringCGLIB$$9dd05328] is not eligible for getting processed by all BeanPostProcessors (for example: not eligible for auto-proxying)
2020-09-12 12:50:41.111 [main] INFO  org.springframework.boot.web.embedded.tomcat.TomcatWebServer - Tomcat initialized with port(s): 8070 (http)
2020-09-12 12:50:41.237 [main] INFO  org.apache.catalina.core.StandardService - Starting service [Tomcat]
2020-09-12 12:50:41.237 [main] INFO  org.apache.catalina.core.StandardEngine - Starting Servlet engine: [Apache Tomcat/9.0.30]
2020-09-12 12:50:41.239 [main] INFO  org.apache.catalina.core.AprLifecycleListener - An older version [1.2.21] of the APR based Apache Tomcat Native library is installed, while Tomcat recommends a minimum version of [1.2.23]
2020-09-12 12:50:41.239 [main] INFO  org.apache.catalina.core.AprLifecycleListener - Loaded APR based Apache Tomcat Native library [1.2.21] using APR version [1.6.5].
2020-09-12 12:50:41.240 [main] INFO  org.apache.catalina.core.AprLifecycleListener - APR capabilities: IPv6 [true], sendfile [true], accept filters [false], random [true].
2020-09-12 12:50:41.240 [main] INFO  org.apache.catalina.core.AprLifecycleListener - APR/OpenSSL configuration: useAprConnector [false], useOpenSSL [true]
2020-09-12 12:50:41.284 [main] INFO  org.apache.catalina.core.AprLifecycleListener - OpenSSL successfully initialized [OpenSSL 1.1.1a  20 Nov 2018]
2020-09-12 12:50:41.476 [main] INFO  org.apache.catalina.core.ContainerBase.[Tomcat].[localhost].[/] - Initializing Spring embedded WebApplicationContext
2020-09-12 12:50:41.476 [main] INFO  org.springframework.web.context.ContextLoader - Root WebApplicationContext: initialization completed in 2941 ms
2020-09-12 12:50:41.609 [main] INFO  com.alibaba.druid.spring.boot.autoconfigure.DruidDataSourceAutoConfigure - Init DruidDataSource
2020-09-12 12:50:46.242 [main] INFO  com.alibaba.druid.pool.DruidDataSource - {dataSource-1} inited
2020-09-12 12:50:46.269 [main] INFO  org.springframework.scheduling.concurrent.ThreadPoolTaskExecutor - Initializing ExecutorService 'applicationTaskExecutor'
2020-09-12 12:50:48.664 [main] INFO  springfox.documentation.spring.web.PropertySourcedRequestMappingHandlerMapping - Mapped URL path [/v2/api-docs] onto method [springfox.documentation.swagger2.web.Swagger2Controller#getDocumentation(String, HttpServletRequest)]
2020-09-12 12:50:50.947 [main] INFO  org.springframework.cloud.commons.util.InetUtils - Cannot determine local hostname
2020-09-12 12:50:51.108 [main] INFO  springfox.documentation.spring.web.plugins.DocumentationPluginsBootstrapper - Context refreshed
2020-09-12 12:50:51.142 [main] INFO  springfox.documentation.spring.web.plugins.DocumentationPluginsBootstrapper - Found 1 custom documentation plugin(s)
2020-09-12 12:50:51.195 [main] INFO  springfox.documentation.spring.web.scanners.ApiListingReferenceScanner - Scanning for api listing references
2020-09-12 12:50:51.796 [main] INFO  org.springframework.boot.web.embedded.tomcat.TomcatWebServer - Tomcat started on port(s): 8070 (http) with context path ''
2020-09-12 12:50:51.798 [main] INFO  com.safe.campus.SafeCampusApplication - Started SafeCampusApplication in 17.852 seconds (JVM running for 20.36)
2020-09-12 12:50:54.709 [http-nio-8070-exec-2] INFO  org.apache.catalina.core.ContainerBase.[Tomcat].[localhost].[/] - Initializing Spring DispatcherServlet 'dispatcherServlet'
2020-09-12 12:50:54.711 [http-nio-8070-exec-2] INFO  org.springframework.web.servlet.DispatcherServlet - Initializing Servlet 'dispatcherServlet'
2020-09-12 12:50:54.723 [http-nio-8070-exec-2] INFO  org.springframework.web.servlet.DispatcherServlet - Completed initialization in 12 ms
2020-09-12 12:50:54.800 [http-nio-8070-exec-2] INFO  com.safe.campus.about.interceptor.TokenInterceptor - <== preHandle - 拦截器.  url=/campus/school/building/managerList
2020-09-12 12:50:54.806 [http-nio-8070-exec-2] INFO  com.safe.campus.about.interceptor.TokenInterceptor - token= eyJhbGciOiJIUzI1NiJ9.eyJzdWIiOiIyMTM5MTUxNTM2ODEyOCIsImV4cCI6MTU5OTg4MTAyOCwidXNlcklkIjoyMTM5MTUxNTM2ODEyOCwiaWF0IjoxNTk5Nzk0NjI4LCJqdGkiOiJjNDI3N2U2MC00YTU2LTRlOTktYmFmYy0wYmY5NWVkYzk5YTciLCJ0aW1lc3RhbXAiOjE1OTk3OTQ2Mjh9.lum8i7iYGy5aptp2pWMmKd2QOEXdzq2662XQ0H0wtug
2020-09-12 12:51:47.259 [http-nio-8070-exec-3] INFO  com.safe.campus.about.interceptor.TokenInterceptor - <== preHandle - 拦截器.  url=/campus/school/building/managerList
2020-09-12 12:51:47.259 [http-nio-8070-exec-3] INFO  com.safe.campus.about.interceptor.TokenInterceptor - token= eyJhbGciOiJIUzI1NiJ9.eyJzdWIiOiIyMTM5MTUxNTM2ODEyOCIsImV4cCI6MTU5OTk3MjY4OSwidXNlcklkIjoyMTM5MTUxNTM2ODEyOCwiaWF0IjoxNTk5ODg2Mjg5LCJqdGkiOiJhZDY5ODM1NS04YzdjLTQ2YjUtYjA1My0yOGY1MTg3MmRkMjYiLCJ0aW1lc3RhbXAiOjE1OTk4ODYyODl9._8Pt2SVJvF8CCPCX29s23vYHz4PQ14Hwzizs_fmHyi8
2020-09-12 12:51:47.261 [http-nio-8070-exec-3] INFO  com.safe.campus.about.interceptor.TokenInterceptor - userId 21391515368128
2020-09-12 12:51:47.442 [http-nio-8070-exec-3] INFO  io.lettuce.core.EpollProvider - Starting without optional epoll library
2020-09-12 12:51:47.444 [http-nio-8070-exec-3] INFO  io.lettuce.core.KqueueProvider - Starting without optional kqueue library
2020-09-12 12:51:48.349 [http-nio-8070-exec-3] INFO  com.safe.campus.about.interceptor.TokenInterceptor - <== preHandle - 权限拦截器.  loginUser=LoginTokenDto(id=21391515368128, type=3, masterId=null, userName=stest, state=null, createUser=null, createTime=1599886289, expireTime=1599972689)
2020-09-12 12:51:48.349 [http-nio-8070-exec-3] INFO  com.safe.campus.about.interceptor.TokenInterceptor - 开始验证注解 =====>>>>>
2020-09-12 12:51:48.692 [http-nio-8070-exec-3] INFO  com.safe.campus.about.interceptor.TokenInterceptor - 结束验证注解 <<<<<=====
2020-09-12 12:52:50.189 [http-nio-8070-exec-5] INFO  com.safe.campus.about.interceptor.TokenInterceptor - <== preHandle - 拦截器.  url=/campus/school/building/managerList
2020-09-12 12:52:50.190 [http-nio-8070-exec-5] INFO  com.safe.campus.about.interceptor.TokenInterceptor - token= eyJhbGciOiJIUzI1NiJ9.eyJzdWIiOiIyMTM5MTUxNTM2ODEyOCIsImV4cCI6MTU5OTk3MjY4OSwidXNlcklkIjoyMTM5MTUxNTM2ODEyOCwiaWF0IjoxNTk5ODg2Mjg5LCJqdGkiOiJhZDY5ODM1NS04YzdjLTQ2YjUtYjA1My0yOGY1MTg3MmRkMjYiLCJ0aW1lc3RhbXAiOjE1OTk4ODYyODl9._8Pt2SVJvF8CCPCX29s23vYHz4PQ14Hwzizs_fmHyi8
2020-09-12 12:52:50.192 [http-nio-8070-exec-5] INFO  com.safe.campus.about.interceptor.TokenInterceptor - userId 21391515368128
2020-09-12 12:52:50.228 [http-nio-8070-exec-5] INFO  com.safe.campus.about.interceptor.TokenInterceptor - <== preHandle - 权限拦截器.  loginUser=LoginTokenDto(id=21391515368128, type=3, masterId=null, userName=stest, state=null, createUser=null, createTime=1599886289, expireTime=1599972689)
2020-09-12 12:52:50.229 [http-nio-8070-exec-5] INFO  com.safe.campus.about.interceptor.TokenInterceptor - 开始验证注解 =====>>>>>
2020-09-12 12:52:50.422 [http-nio-8070-exec-5] INFO  com.safe.campus.about.interceptor.TokenInterceptor - 结束验证注解 <<<<<=====
2020-09-12 21:16:06.746 [main] INFO  org.springframework.context.support.PostProcessorRegistrationDelegate$BeanPostProcessorChecker - Bean 'configurationPropertiesRebinderAutoConfiguration' of type [org.springframework.cloud.autoconfigure.ConfigurationPropertiesRebinderAutoConfiguration$$EnhancerBySpringCGLIB$$9d3945c3] is not eligible for getting processed by all BeanPostProcessors (for example: not eligible for auto-proxying)
2020-09-12 21:16:09.028 [main] INFO  com.safe.campus.SafeCampusApplication - The following profiles are active: dev
2020-09-12 21:16:10.081 [main] INFO  org.springframework.data.repository.config.RepositoryConfigurationDelegate - Multiple Spring Data modules found, entering strict repository configuration mode!
2020-09-12 21:16:10.085 [main] INFO  org.springframework.data.repository.config.RepositoryConfigurationDelegate - Bootstrapping Spring Data Redis repositories in DEFAULT mode.
2020-09-12 21:16:10.152 [main] INFO  org.springframework.data.repository.config.RepositoryConfigurationDelegate - Finished Spring Data repository scanning in 53ms. Found 0 Redis repository interfaces.
2020-09-12 21:16:10.414 [main] INFO  org.springframework.cloud.context.scope.GenericScope - BeanFactory id=1a7af13f-15f1-3ea2-8645-6951f575c526
2020-09-12 21:16:10.522 [main] INFO  org.springframework.context.support.PostProcessorRegistrationDelegate$BeanPostProcessorChecker - Bean 'org.springframework.transaction.annotation.ProxyTransactionManagementConfiguration' of type [org.springframework.transaction.annotation.ProxyTransactionManagementConfiguration] is not eligible for getting processed by all BeanPostProcessors (for example: not eligible for auto-proxying)
2020-09-12 21:16:10.553 [main] INFO  org.springframework.context.support.PostProcessorRegistrationDelegate$BeanPostProcessorChecker - Bean 'org.springframework.cloud.autoconfigure.ConfigurationPropertiesRebinderAutoConfiguration' of type [org.springframework.cloud.autoconfigure.ConfigurationPropertiesRebinderAutoConfiguration$$EnhancerBySpringCGLIB$$9d3945c3] is not eligible for getting processed by all BeanPostProcessors (for example: not eligible for auto-proxying)
2020-09-12 21:16:10.918 [main] INFO  org.springframework.boot.web.embedded.tomcat.TomcatWebServer - Tomcat initialized with port(s): 8070 (http)
2020-09-12 21:16:11.042 [main] INFO  org.apache.catalina.core.StandardService - Starting service [Tomcat]
2020-09-12 21:16:11.042 [main] INFO  org.apache.catalina.core.StandardEngine - Starting Servlet engine: [Apache Tomcat/9.0.30]
2020-09-12 21:16:11.044 [main] INFO  org.apache.catalina.core.AprLifecycleListener - An older version [1.2.21] of the APR based Apache Tomcat Native library is installed, while Tomcat recommends a minimum version of [1.2.23]
2020-09-12 21:16:11.045 [main] INFO  org.apache.catalina.core.AprLifecycleListener - Loaded APR based Apache Tomcat Native library [1.2.21] using APR version [1.6.5].
2020-09-12 21:16:11.045 [main] INFO  org.apache.catalina.core.AprLifecycleListener - APR capabilities: IPv6 [true], sendfile [true], accept filters [false], random [true].
2020-09-12 21:16:11.045 [main] INFO  org.apache.catalina.core.AprLifecycleListener - APR/OpenSSL configuration: useAprConnector [false], useOpenSSL [true]
2020-09-12 21:16:11.048 [main] INFO  org.apache.catalina.core.AprLifecycleListener - OpenSSL successfully initialized [OpenSSL 1.1.1a  20 Nov 2018]
2020-09-12 21:16:11.207 [main] INFO  org.apache.catalina.core.ContainerBase.[Tomcat].[localhost].[/] - Initializing Spring embedded WebApplicationContext
2020-09-12 21:16:11.208 [main] INFO  org.springframework.web.context.ContextLoader - Root WebApplicationContext: initialization completed in 2165 ms
2020-09-12 21:16:11.286 [main] INFO  com.alibaba.druid.spring.boot.autoconfigure.DruidDataSourceAutoConfigure - Init DruidDataSource
2020-09-12 21:16:15.269 [main] INFO  com.alibaba.druid.pool.DruidDataSource - {dataSource-1} inited
2020-09-12 21:16:15.295 [main] INFO  org.springframework.scheduling.concurrent.ThreadPoolTaskExecutor - Initializing ExecutorService 'applicationTaskExecutor'
2020-09-12 21:16:16.984 [main] INFO  springfox.documentation.spring.web.PropertySourcedRequestMappingHandlerMapping - Mapped URL path [/v2/api-docs] onto method [springfox.documentation.swagger2.web.Swagger2Controller#getDocumentation(String, HttpServletRequest)]
2020-09-12 21:16:19.023 [main] INFO  org.springframework.cloud.commons.util.InetUtils - Cannot determine local hostname
2020-09-12 21:16:19.132 [main] INFO  springfox.documentation.spring.web.plugins.DocumentationPluginsBootstrapper - Context refreshed
2020-09-12 21:16:19.145 [main] INFO  springfox.documentation.spring.web.plugins.DocumentationPluginsBootstrapper - Found 1 custom documentation plugin(s)
2020-09-12 21:16:19.189 [main] INFO  springfox.documentation.spring.web.scanners.ApiListingReferenceScanner - Scanning for api listing references
2020-09-12 21:16:19.718 [main] INFO  org.springframework.boot.web.embedded.tomcat.TomcatWebServer - Tomcat started on port(s): 8070 (http) with context path ''
2020-09-12 21:16:19.721 [main] INFO  com.safe.campus.SafeCampusApplication - Started SafeCampusApplication in 16.385 seconds (JVM running for 19.196)
2020-09-12 21:16:31.016 [http-nio-8070-exec-1] INFO  org.apache.catalina.core.ContainerBase.[Tomcat].[localhost].[/] - Initializing Spring DispatcherServlet 'dispatcherServlet'
2020-09-12 21:16:31.017 [http-nio-8070-exec-1] INFO  org.springframework.web.servlet.DispatcherServlet - Initializing Servlet 'dispatcherServlet'
2020-09-12 21:16:31.029 [http-nio-8070-exec-1] INFO  org.springframework.web.servlet.DispatcherServlet - Completed initialization in 12 ms
2020-09-12 21:16:31.051 [http-nio-8070-exec-1] INFO  com.safe.campus.about.interceptor.TokenInterceptor - <== preHandle - 拦截器.  url=/campus/school/building/managerList
2020-09-12 21:16:31.052 [http-nio-8070-exec-1] INFO  com.safe.campus.about.interceptor.TokenInterceptor - token= eyJhbGciOiJIUzI1NiJ9.eyJzdWIiOiIyMTM5MTUxNTM2ODEyOCIsImV4cCI6MTU5OTk5OTk2NSwidXNlcklkIjoyMTM5MTUxNTM2ODEyOCwiaWF0IjoxNTk5OTEzNTY1LCJqdGkiOiI2NzhmY2JmOC0zMThhLTQ1MWUtYjEzOS1hMGIxMzg5Y2ZiMmYiLCJ0aW1lc3RhbXAiOjE1OTk5MTM1NjV9.Taz4CUOUcAgGmaSKUcJQaXyaiWNaNyXDpaNsGLBPlnQ
2020-09-12 21:16:32.432 [http-nio-8070-exec-1] INFO  com.safe.campus.about.interceptor.TokenInterceptor - userId 21391515368128
2020-09-12 21:16:32.539 [http-nio-8070-exec-1] INFO  io.lettuce.core.EpollProvider - Starting without optional epoll library
2020-09-12 21:16:32.542 [http-nio-8070-exec-1] INFO  io.lettuce.core.KqueueProvider - Starting without optional kqueue library
2020-09-12 21:16:33.325 [http-nio-8070-exec-1] INFO  com.safe.campus.about.interceptor.TokenInterceptor - <== preHandle - 权限拦截器.  loginUser=LoginTokenDto(id=21391515368128, type=3, masterId=null, userName=stest, state=null, createUser=null, createTime=1599913565, expireTime=1599999965)
2020-09-12 21:16:33.327 [http-nio-8070-exec-1] INFO  com.safe.campus.about.interceptor.TokenInterceptor - 开始验证注解 =====>>>>>
2020-09-12 21:16:33.630 [http-nio-8070-exec-1] INFO  com.safe.campus.about.interceptor.TokenInterceptor - 结束验证注解 <<<<<=====
2020-09-12 21:38:32.017 [main] INFO  org.springframework.context.support.PostProcessorRegistrationDelegate$BeanPostProcessorChecker - Bean 'configurationPropertiesRebinderAutoConfiguration' of type [org.springframework.cloud.autoconfigure.ConfigurationPropertiesRebinderAutoConfiguration$$EnhancerBySpringCGLIB$$1e7d5e6d] is not eligible for getting processed by all BeanPostProcessors (for example: not eligible for auto-proxying)
2020-09-12 21:38:34.052 [main] INFO  com.safe.campus.SafeCampusApplication - The following profiles are active: dev
2020-09-12 21:38:35.337 [main] INFO  org.springframework.data.repository.config.RepositoryConfigurationDelegate - Multiple Spring Data modules found, entering strict repository configuration mode!
2020-09-12 21:38:35.339 [main] INFO  org.springframework.data.repository.config.RepositoryConfigurationDelegate - Bootstrapping Spring Data Redis repositories in DEFAULT mode.
2020-09-12 21:38:35.401 [main] INFO  org.springframework.data.repository.config.RepositoryConfigurationDelegate - Finished Spring Data repository scanning in 47ms. Found 0 Redis repository interfaces.
2020-09-12 21:38:35.680 [main] INFO  org.springframework.cloud.context.scope.GenericScope - BeanFactory id=1a7af13f-15f1-3ea2-8645-6951f575c526
2020-09-12 21:38:35.798 [main] INFO  org.springframework.context.support.PostProcessorRegistrationDelegate$BeanPostProcessorChecker - Bean 'org.springframework.transaction.annotation.ProxyTransactionManagementConfiguration' of type [org.springframework.transaction.annotation.ProxyTransactionManagementConfiguration] is not eligible for getting processed by all BeanPostProcessors (for example: not eligible for auto-proxying)
2020-09-12 21:38:35.832 [main] INFO  org.springframework.context.support.PostProcessorRegistrationDelegate$BeanPostProcessorChecker - Bean 'org.springframework.cloud.autoconfigure.ConfigurationPropertiesRebinderAutoConfiguration' of type [org.springframework.cloud.autoconfigure.ConfigurationPropertiesRebinderAutoConfiguration$$EnhancerBySpringCGLIB$$1e7d5e6d] is not eligible for getting processed by all BeanPostProcessors (for example: not eligible for auto-proxying)
2020-09-12 21:38:36.062 [main] INFO  org.springframework.boot.web.embedded.tomcat.TomcatWebServer - Tomcat initialized with port(s): 8070 (http)
2020-09-12 21:38:36.175 [main] INFO  org.apache.catalina.core.StandardService - Starting service [Tomcat]
2020-09-12 21:38:36.175 [main] INFO  org.apache.catalina.core.StandardEngine - Starting Servlet engine: [Apache Tomcat/9.0.30]
2020-09-12 21:38:36.177 [main] INFO  org.apache.catalina.core.AprLifecycleListener - An older version [1.2.21] of the APR based Apache Tomcat Native library is installed, while Tomcat recommends a minimum version of [1.2.23]
2020-09-12 21:38:36.178 [main] INFO  org.apache.catalina.core.AprLifecycleListener - Loaded APR based Apache Tomcat Native library [1.2.21] using APR version [1.6.5].
2020-09-12 21:38:36.178 [main] INFO  org.apache.catalina.core.AprLifecycleListener - APR capabilities: IPv6 [true], sendfile [true], accept filters [false], random [true].
2020-09-12 21:38:36.179 [main] INFO  org.apache.catalina.core.AprLifecycleListener - APR/OpenSSL configuration: useAprConnector [false], useOpenSSL [true]
2020-09-12 21:38:36.183 [main] INFO  org.apache.catalina.core.AprLifecycleListener - OpenSSL successfully initialized [OpenSSL 1.1.1a  20 Nov 2018]
2020-09-12 21:38:36.359 [main] INFO  org.apache.catalina.core.ContainerBase.[Tomcat].[localhost].[/] - Initializing Spring embedded WebApplicationContext
2020-09-12 21:38:36.359 [main] INFO  org.springframework.web.context.ContextLoader - Root WebApplicationContext: initialization completed in 2292 ms
2020-09-12 21:38:36.465 [main] INFO  com.alibaba.druid.spring.boot.autoconfigure.DruidDataSourceAutoConfigure - Init DruidDataSource
2020-09-12 21:38:40.510 [main] INFO  com.alibaba.druid.pool.DruidDataSource - {dataSource-1} inited
2020-09-12 21:38:40.541 [main] INFO  org.springframework.scheduling.concurrent.ThreadPoolTaskExecutor - Initializing ExecutorService 'applicationTaskExecutor'
2020-09-12 21:38:42.493 [main] INFO  springfox.documentation.spring.web.PropertySourcedRequestMappingHandlerMapping - Mapped URL path [/v2/api-docs] onto method [springfox.documentation.swagger2.web.Swagger2Controller#getDocumentation(String, HttpServletRequest)]
2020-09-12 21:38:44.566 [main] INFO  org.springframework.cloud.commons.util.InetUtils - Cannot determine local hostname
2020-09-12 21:38:44.660 [main] INFO  springfox.documentation.spring.web.plugins.DocumentationPluginsBootstrapper - Context refreshed
2020-09-12 21:38:44.672 [main] INFO  springfox.documentation.spring.web.plugins.DocumentationPluginsBootstrapper - Found 1 custom documentation plugin(s)
2020-09-12 21:38:44.710 [main] INFO  springfox.documentation.spring.web.scanners.ApiListingReferenceScanner - Scanning for api listing references
2020-09-12 21:38:45.261 [main] INFO  org.springframework.boot.web.embedded.tomcat.TomcatWebServer - Tomcat started on port(s): 8070 (http) with context path ''
2020-09-12 21:38:45.263 [main] INFO  com.safe.campus.SafeCampusApplication - Started SafeCampusApplication in 16.361 seconds (JVM running for 18.76)
2020-09-12 21:38:49.898 [http-nio-8070-exec-1] INFO  org.apache.catalina.core.ContainerBase.[Tomcat].[localhost].[/] - Initializing Spring DispatcherServlet 'dispatcherServlet'
2020-09-12 21:38:49.909 [http-nio-8070-exec-1] INFO  org.springframework.web.servlet.DispatcherServlet - Initializing Servlet 'dispatcherServlet'
2020-09-12 21:38:49.927 [http-nio-8070-exec-1] INFO  org.springframework.web.servlet.DispatcherServlet - Completed initialization in 16 ms
2020-09-12 21:38:49.948 [http-nio-8070-exec-1] INFO  com.safe.campus.about.interceptor.TokenInterceptor - <== preHandle - 拦截器.  url=/campus/school/building/managerList
2020-09-12 21:38:49.950 [http-nio-8070-exec-1] INFO  com.safe.campus.about.interceptor.TokenInterceptor - token= eyJhbGciOiJIUzI1NiJ9.eyJzdWIiOiIyMTM5MTUxNTM2ODEyOCIsImV4cCI6MTU5OTk5OTk2NSwidXNlcklkIjoyMTM5MTUxNTM2ODEyOCwiaWF0IjoxNTk5OTEzNTY1LCJqdGkiOiI2NzhmY2JmOC0zMThhLTQ1MWUtYjEzOS1hMGIxMzg5Y2ZiMmYiLCJ0aW1lc3RhbXAiOjE1OTk5MTM1NjV9.Taz4CUOUcAgGmaSKUcJQaXyaiWNaNyXDpaNsGLBPlnQ
2020-09-12 21:38:51.595 [http-nio-8070-exec-1] INFO  com.safe.campus.about.interceptor.TokenInterceptor - userId 21391515368128
2020-09-12 21:38:51.833 [http-nio-8070-exec-1] INFO  io.lettuce.core.EpollProvider - Starting without optional epoll library
2020-09-12 21:38:51.836 [http-nio-8070-exec-1] INFO  io.lettuce.core.KqueueProvider - Starting without optional kqueue library
2020-09-12 21:38:52.944 [http-nio-8070-exec-1] INFO  com.safe.campus.about.interceptor.TokenInterceptor - <== preHandle - 权限拦截器.  loginUser=LoginTokenDto(id=21391515368128, type=3, masterId=null, userName=stest, state=null, createUser=null, createTime=1599913565, expireTime=1599999965)
2020-09-12 21:38:52.946 [http-nio-8070-exec-1] INFO  com.safe.campus.about.interceptor.TokenInterceptor - 开始验证注解 =====>>>>>
2020-09-12 21:38:53.320 [http-nio-8070-exec-1] INFO  com.safe.campus.about.interceptor.TokenInterceptor - 结束验证注解 <<<<<=====
2020-09-12 21:55:59.007 [main] INFO  org.springframework.context.support.PostProcessorRegistrationDelegate$BeanPostProcessorChecker - Bean 'configurationPropertiesRebinderAutoConfiguration' of type [org.springframework.cloud.autoconfigure.ConfigurationPropertiesRebinderAutoConfiguration$$EnhancerBySpringCGLIB$$58c1b31f] is not eligible for getting processed by all BeanPostProcessors (for example: not eligible for auto-proxying)
2020-09-12 21:56:00.748 [main] INFO  com.safe.campus.SafeCampusApplication - The following profiles are active: dev
2020-09-12 21:56:01.758 [main] INFO  org.springframework.data.repository.config.RepositoryConfigurationDelegate - Multiple Spring Data modules found, entering strict repository configuration mode!
2020-09-12 21:56:01.761 [main] INFO  org.springframework.data.repository.config.RepositoryConfigurationDelegate - Bootstrapping Spring Data Redis repositories in DEFAULT mode.
2020-09-12 21:56:01.821 [main] INFO  org.springframework.data.repository.config.RepositoryConfigurationDelegate - Finished Spring Data repository scanning in 45ms. Found 0 Redis repository interfaces.
2020-09-12 21:56:02.090 [main] INFO  org.springframework.cloud.context.scope.GenericScope - BeanFactory id=1a7af13f-15f1-3ea2-8645-6951f575c526
2020-09-12 21:56:02.198 [main] INFO  org.springframework.context.support.PostProcessorRegistrationDelegate$BeanPostProcessorChecker - Bean 'org.springframework.transaction.annotation.ProxyTransactionManagementConfiguration' of type [org.springframework.transaction.annotation.ProxyTransactionManagementConfiguration] is not eligible for getting processed by all BeanPostProcessors (for example: not eligible for auto-proxying)
2020-09-12 21:56:02.230 [main] INFO  org.springframework.context.support.PostProcessorRegistrationDelegate$BeanPostProcessorChecker - Bean 'org.springframework.cloud.autoconfigure.ConfigurationPropertiesRebinderAutoConfiguration' of type [org.springframework.cloud.autoconfigure.ConfigurationPropertiesRebinderAutoConfiguration$$EnhancerBySpringCGLIB$$58c1b31f] is not eligible for getting processed by all BeanPostProcessors (for example: not eligible for auto-proxying)
2020-09-12 21:56:02.562 [main] INFO  org.springframework.boot.web.embedded.tomcat.TomcatWebServer - Tomcat initialized with port(s): 8070 (http)
2020-09-12 21:56:02.572 [main] INFO  org.apache.catalina.core.StandardService - Starting service [Tomcat]
2020-09-12 21:56:02.573 [main] INFO  org.apache.catalina.core.StandardEngine - Starting Servlet engine: [Apache Tomcat/9.0.30]
2020-09-12 21:56:02.575 [main] INFO  org.apache.catalina.core.AprLifecycleListener - An older version [1.2.21] of the APR based Apache Tomcat Native library is installed, while Tomcat recommends a minimum version of [1.2.23]
2020-09-12 21:56:02.575 [main] INFO  org.apache.catalina.core.AprLifecycleListener - Loaded APR based Apache Tomcat Native library [1.2.21] using APR version [1.6.5].
2020-09-12 21:56:02.575 [main] INFO  org.apache.catalina.core.AprLifecycleListener - APR capabilities: IPv6 [true], sendfile [true], accept filters [false], random [true].
2020-09-12 21:56:02.576 [main] INFO  org.apache.catalina.core.AprLifecycleListener - APR/OpenSSL configuration: useAprConnector [false], useOpenSSL [true]
2020-09-12 21:56:02.578 [main] INFO  org.apache.catalina.core.AprLifecycleListener - OpenSSL successfully initialized [OpenSSL 1.1.1a  20 Nov 2018]
2020-09-12 21:56:02.706 [main] INFO  org.apache.catalina.core.ContainerBase.[Tomcat].[localhost].[/] - Initializing Spring embedded WebApplicationContext
2020-09-12 21:56:02.706 [main] INFO  org.springframework.web.context.ContextLoader - Root WebApplicationContext: initialization completed in 1944 ms
2020-09-12 21:56:02.786 [main] INFO  com.alibaba.druid.spring.boot.autoconfigure.DruidDataSourceAutoConfigure - Init DruidDataSource
2020-09-12 21:56:06.804 [main] INFO  com.alibaba.druid.pool.DruidDataSource - {dataSource-1} inited
2020-09-12 21:56:06.833 [main] INFO  org.springframework.scheduling.concurrent.ThreadPoolTaskExecutor - Initializing ExecutorService 'applicationTaskExecutor'
2020-09-12 21:56:08.516 [main] INFO  springfox.documentation.spring.web.PropertySourcedRequestMappingHandlerMapping - Mapped URL path [/v2/api-docs] onto method [springfox.documentation.swagger2.web.Swagger2Controller#getDocumentation(String, HttpServletRequest)]
2020-09-12 21:56:10.477 [main] INFO  org.springframework.cloud.commons.util.InetUtils - Cannot determine local hostname
2020-09-12 21:56:10.572 [main] INFO  springfox.documentation.spring.web.plugins.DocumentationPluginsBootstrapper - Context refreshed
2020-09-12 21:56:10.586 [main] INFO  springfox.documentation.spring.web.plugins.DocumentationPluginsBootstrapper - Found 1 custom documentation plugin(s)
2020-09-12 21:56:10.626 [main] INFO  springfox.documentation.spring.web.scanners.ApiListingReferenceScanner - Scanning for api listing references
2020-09-12 21:56:11.148 [main] INFO  org.springframework.boot.web.embedded.tomcat.TomcatWebServer - Tomcat started on port(s): 8070 (http) with context path ''
2020-09-12 21:56:11.150 [main] INFO  com.safe.campus.SafeCampusApplication - Started SafeCampusApplication in 14.735 seconds (JVM running for 16.583)
2020-09-12 21:57:24.531 [main] INFO  org.springframework.context.support.PostProcessorRegistrationDelegate$BeanPostProcessorChecker - Bean 'configurationPropertiesRebinderAutoConfiguration' of type [org.springframework.cloud.autoconfigure.ConfigurationPropertiesRebinderAutoConfiguration$$EnhancerBySpringCGLIB$$ab1e5f8d] is not eligible for getting processed by all BeanPostProcessors (for example: not eligible for auto-proxying)
2020-09-12 21:57:27.632 [main] INFO  com.safe.campus.SafeCampusApplication - The following profiles are active: dev
2020-09-12 21:57:29.410 [main] INFO  org.springframework.data.repository.config.RepositoryConfigurationDelegate - Multiple Spring Data modules found, entering strict repository configuration mode!
2020-09-12 21:57:29.413 [main] INFO  org.springframework.data.repository.config.RepositoryConfigurationDelegate - Bootstrapping Spring Data Redis repositories in DEFAULT mode.
2020-09-12 21:57:29.512 [main] INFO  org.springframework.data.repository.config.RepositoryConfigurationDelegate - Finished Spring Data repository scanning in 74ms. Found 0 Redis repository interfaces.
2020-09-12 21:57:30.013 [main] INFO  org.springframework.cloud.context.scope.GenericScope - BeanFactory id=1a7af13f-15f1-3ea2-8645-6951f575c526
2020-09-12 21:57:30.257 [main] INFO  org.springframework.context.support.PostProcessorRegistrationDelegate$BeanPostProcessorChecker - Bean 'org.springframework.transaction.annotation.ProxyTransactionManagementConfiguration' of type [org.springframework.transaction.annotation.ProxyTransactionManagementConfiguration] is not eligible for getting processed by all BeanPostProcessors (for example: not eligible for auto-proxying)
2020-09-12 21:57:30.318 [main] INFO  org.springframework.context.support.PostProcessorRegistrationDelegate$BeanPostProcessorChecker - Bean 'org.springframework.cloud.autoconfigure.ConfigurationPropertiesRebinderAutoConfiguration' of type [org.springframework.cloud.autoconfigure.ConfigurationPropertiesRebinderAutoConfiguration$$EnhancerBySpringCGLIB$$ab1e5f8d] is not eligible for getting processed by all BeanPostProcessors (for example: not eligible for auto-proxying)
2020-09-12 21:57:30.789 [main] INFO  org.springframework.boot.web.embedded.tomcat.TomcatWebServer - Tomcat initialized with port(s): 8070 (http)
2020-09-12 21:57:30.955 [main] INFO  org.apache.catalina.core.StandardService - Starting service [Tomcat]
2020-09-12 21:57:30.956 [main] INFO  org.apache.catalina.core.StandardEngine - Starting Servlet engine: [Apache Tomcat/9.0.30]
2020-09-12 21:57:30.959 [main] INFO  org.apache.catalina.core.AprLifecycleListener - An older version [1.2.21] of the APR based Apache Tomcat Native library is installed, while Tomcat recommends a minimum version of [1.2.23]
2020-09-12 21:57:30.959 [main] INFO  org.apache.catalina.core.AprLifecycleListener - Loaded APR based Apache Tomcat Native library [1.2.21] using APR version [1.6.5].
2020-09-12 21:57:30.960 [main] INFO  org.apache.catalina.core.AprLifecycleListener - APR capabilities: IPv6 [true], sendfile [true], accept filters [false], random [true].
2020-09-12 21:57:30.960 [main] INFO  org.apache.catalina.core.AprLifecycleListener - APR/OpenSSL configuration: useAprConnector [false], useOpenSSL [true]
2020-09-12 21:57:30.966 [main] INFO  org.apache.catalina.core.AprLifecycleListener - OpenSSL successfully initialized [OpenSSL 1.1.1a  20 Nov 2018]
2020-09-12 21:57:31.307 [main] INFO  org.apache.catalina.core.ContainerBase.[Tomcat].[localhost].[/] - Initializing Spring embedded WebApplicationContext
2020-09-12 21:57:31.308 [main] INFO  org.springframework.web.context.ContextLoader - Root WebApplicationContext: initialization completed in 3651 ms
2020-09-12 21:57:31.446 [main] INFO  com.alibaba.druid.spring.boot.autoconfigure.DruidDataSourceAutoConfigure - Init DruidDataSource
2020-09-12 21:57:35.646 [main] INFO  com.alibaba.druid.pool.DruidDataSource - {dataSource-1} inited
2020-09-12 21:57:35.678 [main] INFO  org.springframework.scheduling.concurrent.ThreadPoolTaskExecutor - Initializing ExecutorService 'applicationTaskExecutor'
2020-09-12 21:57:37.346 [main] INFO  springfox.documentation.spring.web.PropertySourcedRequestMappingHandlerMapping - Mapped URL path [/v2/api-docs] onto method [springfox.documentation.swagger2.web.Swagger2Controller#getDocumentation(String, HttpServletRequest)]
2020-09-12 21:57:39.281 [main] INFO  org.springframework.cloud.commons.util.InetUtils - Cannot determine local hostname
2020-09-12 21:57:39.371 [main] INFO  springfox.documentation.spring.web.plugins.DocumentationPluginsBootstrapper - Context refreshed
2020-09-12 21:57:39.383 [main] INFO  springfox.documentation.spring.web.plugins.DocumentationPluginsBootstrapper - Found 1 custom documentation plugin(s)
2020-09-12 21:57:39.423 [main] INFO  springfox.documentation.spring.web.scanners.ApiListingReferenceScanner - Scanning for api listing references
2020-09-12 21:57:39.948 [main] INFO  org.springframework.boot.web.embedded.tomcat.TomcatWebServer - Tomcat started on port(s): 8070 (http) with context path ''
2020-09-12 21:57:39.951 [main] INFO  com.safe.campus.SafeCampusApplication - Started SafeCampusApplication in 19.457 seconds (JVM running for 21.934)
2020-09-12 22:16:03.107 [main] INFO  org.springframework.context.support.PostProcessorRegistrationDelegate$BeanPostProcessorChecker - Bean 'configurationPropertiesRebinderAutoConfiguration' of type [org.springframework.cloud.autoconfigure.ConfigurationPropertiesRebinderAutoConfiguration$$EnhancerBySpringCGLIB$$a3358540] is not eligible for getting processed by all BeanPostProcessors (for example: not eligible for auto-proxying)
2020-09-12 22:16:05.101 [main] INFO  com.safe.campus.SafeCampusApplication - The following profiles are active: dev
2020-09-12 22:16:07.461 [main] INFO  org.springframework.data.repository.config.RepositoryConfigurationDelegate - Multiple Spring Data modules found, entering strict repository configuration mode!
2020-09-12 22:16:07.468 [main] INFO  org.springframework.data.repository.config.RepositoryConfigurationDelegate - Bootstrapping Spring Data Redis repositories in DEFAULT mode.
2020-09-12 22:16:07.651 [main] INFO  org.springframework.data.repository.config.RepositoryConfigurationDelegate - Finished Spring Data repository scanning in 155ms. Found 0 Redis repository interfaces.
2020-09-12 22:16:08.325 [main] INFO  org.springframework.cloud.context.scope.GenericScope - BeanFactory id=1a7af13f-15f1-3ea2-8645-6951f575c526
2020-09-12 22:16:08.570 [main] INFO  org.springframework.context.support.PostProcessorRegistrationDelegate$BeanPostProcessorChecker - Bean 'org.springframework.transaction.annotation.ProxyTransactionManagementConfiguration' of type [org.springframework.transaction.annotation.ProxyTransactionManagementConfiguration] is not eligible for getting processed by all BeanPostProcessors (for example: not eligible for auto-proxying)
2020-09-12 22:16:08.626 [main] INFO  org.springframework.context.support.PostProcessorRegistrationDelegate$BeanPostProcessorChecker - Bean 'org.springframework.cloud.autoconfigure.ConfigurationPropertiesRebinderAutoConfiguration' of type [org.springframework.cloud.autoconfigure.ConfigurationPropertiesRebinderAutoConfiguration$$EnhancerBySpringCGLIB$$a3358540] is not eligible for getting processed by all BeanPostProcessors (for example: not eligible for auto-proxying)
2020-09-12 22:16:09.065 [main] INFO  org.springframework.boot.web.embedded.tomcat.TomcatWebServer - Tomcat initialized with port(s): 8070 (http)
2020-09-12 22:16:09.184 [main] INFO  org.apache.catalina.core.StandardService - Starting service [Tomcat]
2020-09-12 22:16:09.185 [main] INFO  org.apache.catalina.core.StandardEngine - Starting Servlet engine: [Apache Tomcat/9.0.30]
2020-09-12 22:16:09.190 [main] INFO  org.apache.catalina.core.AprLifecycleListener - An older version [1.2.21] of the APR based Apache Tomcat Native library is installed, while Tomcat recommends a minimum version of [1.2.23]
2020-09-12 22:16:09.190 [main] INFO  org.apache.catalina.core.AprLifecycleListener - Loaded APR based Apache Tomcat Native library [1.2.21] using APR version [1.6.5].
2020-09-12 22:16:09.190 [main] INFO  org.apache.catalina.core.AprLifecycleListener - APR capabilities: IPv6 [true], sendfile [true], accept filters [false], random [true].
2020-09-12 22:16:09.191 [main] INFO  org.apache.catalina.core.AprLifecycleListener - APR/OpenSSL configuration: useAprConnector [false], useOpenSSL [true]
2020-09-12 22:16:09.196 [main] INFO  org.apache.catalina.core.AprLifecycleListener - OpenSSL successfully initialized [OpenSSL 1.1.1a  20 Nov 2018]
2020-09-12 22:16:09.661 [main] INFO  org.apache.catalina.core.ContainerBase.[Tomcat].[localhost].[/] - Initializing Spring embedded WebApplicationContext
2020-09-12 22:16:09.661 [main] INFO  org.springframework.web.context.ContextLoader - Root WebApplicationContext: initialization completed in 4540 ms
2020-09-12 22:16:09.826 [main] INFO  com.alibaba.druid.spring.boot.autoconfigure.DruidDataSourceAutoConfigure - Init DruidDataSource
2020-09-12 22:16:14.047 [main] INFO  com.alibaba.druid.pool.DruidDataSource - {dataSource-1} inited
2020-09-12 22:16:14.078 [main] INFO  org.springframework.scheduling.concurrent.ThreadPoolTaskExecutor - Initializing ExecutorService 'applicationTaskExecutor'
2020-09-12 22:16:16.353 [main] INFO  springfox.documentation.spring.web.PropertySourcedRequestMappingHandlerMapping - Mapped URL path [/v2/api-docs] onto method [springfox.documentation.swagger2.web.Swagger2Controller#getDocumentation(String, HttpServletRequest)]
2020-09-12 22:16:18.480 [main] INFO  org.springframework.cloud.commons.util.InetUtils - Cannot determine local hostname
2020-09-12 22:16:18.594 [main] INFO  springfox.documentation.spring.web.plugins.DocumentationPluginsBootstrapper - Context refreshed
2020-09-12 22:16:18.610 [main] INFO  springfox.documentation.spring.web.plugins.DocumentationPluginsBootstrapper - Found 1 custom documentation plugin(s)
2020-09-12 22:16:18.653 [main] INFO  springfox.documentation.spring.web.scanners.ApiListingReferenceScanner - Scanning for api listing references
2020-09-12 22:16:19.030 [main] INFO  springfox.documentation.spring.web.readers.operation.CachingOperationNameGenerator - Generating unique operation named: listTeachersUsingGET_1
2020-09-12 22:16:19.434 [main] INFO  org.springframework.boot.web.embedded.tomcat.TomcatWebServer - Tomcat started on port(s): 8070 (http) with context path ''
2020-09-12 22:16:19.437 [main] INFO  com.safe.campus.SafeCampusApplication - Started SafeCampusApplication in 19.375 seconds (JVM running for 21.593)
2020-09-12 22:16:51.630 [http-nio-8070-exec-10] INFO  org.apache.catalina.core.ContainerBase.[Tomcat].[localhost].[/] - Initializing Spring DispatcherServlet 'dispatcherServlet'
2020-09-12 22:16:51.631 [http-nio-8070-exec-10] INFO  org.springframework.web.servlet.DispatcherServlet - Initializing Servlet 'dispatcherServlet'
2020-09-12 22:16:51.642 [http-nio-8070-exec-10] INFO  org.springframework.web.servlet.DispatcherServlet - Completed initialization in 10 ms
2020-09-12 22:16:51.673 [http-nio-8070-exec-10] INFO  com.safe.campus.about.interceptor.TokenInterceptor - <== preHandle - 拦截器.  url=/error
2020-09-12 22:16:51.675 [http-nio-8070-exec-10] INFO  com.safe.campus.about.interceptor.TokenInterceptor - token= eyJhbGciOiJIUzI1NiJ9.eyJzdWIiOiIyMTM5MTUxNTM2ODEyOCIsImV4cCI6MTU5OTk5OTk2NSwidXNlcklkIjoyMTM5MTUxNTM2ODEyOCwiaWF0IjoxNTk5OTEzNTY1LCJqdGkiOiI2NzhmY2JmOC0zMThhLTQ1MWUtYjEzOS1hMGIxMzg5Y2ZiMmYiLCJ0aW1lc3RhbXAiOjE1OTk5MTM1NjV9.Taz4CUOUcAgGmaSKUcJQaXyaiWNaNyXDpaNsGLBPlnQ
2020-09-12 22:16:52.617 [http-nio-8070-exec-10] INFO  com.safe.campus.about.interceptor.TokenInterceptor - userId 21391515368128
2020-09-12 22:16:52.720 [http-nio-8070-exec-10] INFO  io.lettuce.core.EpollProvider - Starting without optional epoll library
2020-09-12 22:16:52.721 [http-nio-8070-exec-10] INFO  io.lettuce.core.KqueueProvider - Starting without optional kqueue library
2020-09-12 22:16:53.519 [http-nio-8070-exec-10] INFO  com.safe.campus.about.interceptor.TokenInterceptor - <== preHandle - 权限拦截器.  loginUser=LoginTokenDto(id=21391515368128, type=3, masterId=null, userName=stest, state=null, createUser=null, createTime=1599913565, expireTime=1599999965)
2020-09-12 22:17:01.088 [http-nio-8070-exec-9] INFO  com.safe.campus.about.interceptor.TokenInterceptor - <== preHandle - 拦截器.  url=/error
2020-09-12 22:17:01.089 [http-nio-8070-exec-9] INFO  com.safe.campus.about.interceptor.TokenInterceptor - token= eyJhbGciOiJIUzI1NiJ9.eyJzdWIiOiIyMTM5MTUxNTM2ODEyOCIsImV4cCI6MTU5OTk5OTk2NSwidXNlcklkIjoyMTM5MTUxNTM2ODEyOCwiaWF0IjoxNTk5OTEzNTY1LCJqdGkiOiI2NzhmY2JmOC0zMThhLTQ1MWUtYjEzOS1hMGIxMzg5Y2ZiMmYiLCJ0aW1lc3RhbXAiOjE1OTk5MTM1NjV9.Taz4CUOUcAgGmaSKUcJQaXyaiWNaNyXDpaNsGLBPlnQ
2020-09-12 22:17:01.091 [http-nio-8070-exec-9] INFO  com.safe.campus.about.interceptor.TokenInterceptor - userId 21391515368128
2020-09-12 22:17:01.131 [http-nio-8070-exec-9] INFO  com.safe.campus.about.interceptor.TokenInterceptor - <== preHandle - 权限拦截器.  loginUser=LoginTokenDto(id=21391515368128, type=3, masterId=null, userName=stest, state=null, createUser=null, createTime=1599913565, expireTime=1599999965)
2020-09-12 22:17:08.830 [http-nio-8070-exec-8] INFO  com.safe.campus.about.interceptor.TokenInterceptor - <== preHandle - 拦截器.  url=/campus/school/building/get/buildingTeachers
2020-09-12 22:17:08.831 [http-nio-8070-exec-8] INFO  com.safe.campus.about.interceptor.TokenInterceptor - token= eyJhbGciOiJIUzI1NiJ9.eyJzdWIiOiIyMTM5MTUxNTM2ODEyOCIsImV4cCI6MTU5OTk5OTk2NSwidXNlcklkIjoyMTM5MTUxNTM2ODEyOCwiaWF0IjoxNTk5OTEzNTY1LCJqdGkiOiI2NzhmY2JmOC0zMThhLTQ1MWUtYjEzOS1hMGIxMzg5Y2ZiMmYiLCJ0aW1lc3RhbXAiOjE1OTk5MTM1NjV9.Taz4CUOUcAgGmaSKUcJQaXyaiWNaNyXDpaNsGLBPlnQ
2020-09-12 22:17:08.835 [http-nio-8070-exec-8] INFO  com.safe.campus.about.interceptor.TokenInterceptor - userId 21391515368128
2020-09-12 22:17:08.876 [http-nio-8070-exec-8] INFO  com.safe.campus.about.interceptor.TokenInterceptor - <== preHandle - 权限拦截器.  loginUser=LoginTokenDto(id=21391515368128, type=3, masterId=null, userName=stest, state=null, createUser=null, createTime=1599913565, expireTime=1599999965)
2020-09-12 22:21:24.808 [main] INFO  org.springframework.context.support.PostProcessorRegistrationDelegate$BeanPostProcessorChecker - Bean 'configurationPropertiesRebinderAutoConfiguration' of type [org.springframework.cloud.autoconfigure.ConfigurationPropertiesRebinderAutoConfiguration$$EnhancerBySpringCGLIB$$cdef58db] is not eligible for getting processed by all BeanPostProcessors (for example: not eligible for auto-proxying)
2020-09-12 22:21:26.778 [main] INFO  com.safe.campus.SafeCampusApplication - The following profiles are active: dev
2020-09-12 22:21:28.023 [main] INFO  org.springframework.data.repository.config.RepositoryConfigurationDelegate - Multiple Spring Data modules found, entering strict repository configuration mode!
2020-09-12 22:21:28.026 [main] INFO  org.springframework.data.repository.config.RepositoryConfigurationDelegate - Bootstrapping Spring Data Redis repositories in DEFAULT mode.
2020-09-12 22:21:28.111 [main] INFO  org.springframework.data.repository.config.RepositoryConfigurationDelegate - Finished Spring Data repository scanning in 68ms. Found 0 Redis repository interfaces.
2020-09-12 22:21:28.413 [main] INFO  org.springframework.cloud.context.scope.GenericScope - BeanFactory id=1a7af13f-15f1-3ea2-8645-6951f575c526
2020-09-12 22:21:28.536 [main] INFO  org.springframework.context.support.PostProcessorRegistrationDelegate$BeanPostProcessorChecker - Bean 'org.springframework.transaction.annotation.ProxyTransactionManagementConfiguration' of type [org.springframework.transaction.annotation.ProxyTransactionManagementConfiguration] is not eligible for getting processed by all BeanPostProcessors (for example: not eligible for auto-proxying)
2020-09-12 22:21:28.567 [main] INFO  org.springframework.context.support.PostProcessorRegistrationDelegate$BeanPostProcessorChecker - Bean 'org.springframework.cloud.autoconfigure.ConfigurationPropertiesRebinderAutoConfiguration' of type [org.springframework.cloud.autoconfigure.ConfigurationPropertiesRebinderAutoConfiguration$$EnhancerBySpringCGLIB$$cdef58db] is not eligible for getting processed by all BeanPostProcessors (for example: not eligible for auto-proxying)
2020-09-12 22:21:28.786 [main] INFO  org.springframework.boot.web.embedded.tomcat.TomcatWebServer - Tomcat initialized with port(s): 8070 (http)
2020-09-12 22:21:28.893 [main] INFO  org.apache.catalina.core.StandardService - Starting service [Tomcat]
2020-09-12 22:21:28.893 [main] INFO  org.apache.catalina.core.StandardEngine - Starting Servlet engine: [Apache Tomcat/9.0.30]
2020-09-12 22:21:28.895 [main] INFO  org.apache.catalina.core.AprLifecycleListener - An older version [1.2.21] of the APR based Apache Tomcat Native library is installed, while Tomcat recommends a minimum version of [1.2.23]
2020-09-12 22:21:28.895 [main] INFO  org.apache.catalina.core.AprLifecycleListener - Loaded APR based Apache Tomcat Native library [1.2.21] using APR version [1.6.5].
2020-09-12 22:21:28.895 [main] INFO  org.apache.catalina.core.AprLifecycleListener - APR capabilities: IPv6 [true], sendfile [true], accept filters [false], random [true].
2020-09-12 22:21:28.895 [main] INFO  org.apache.catalina.core.AprLifecycleListener - APR/OpenSSL configuration: useAprConnector [false], useOpenSSL [true]
2020-09-12 22:21:28.899 [main] INFO  org.apache.catalina.core.AprLifecycleListener - OpenSSL successfully initialized [OpenSSL 1.1.1a  20 Nov 2018]
2020-09-12 22:21:29.040 [main] INFO  org.apache.catalina.core.ContainerBase.[Tomcat].[localhost].[/] - Initializing Spring embedded WebApplicationContext
2020-09-12 22:21:29.040 [main] INFO  org.springframework.web.context.ContextLoader - Root WebApplicationContext: initialization completed in 2248 ms
2020-09-12 22:21:29.122 [main] INFO  com.alibaba.druid.spring.boot.autoconfigure.DruidDataSourceAutoConfigure - Init DruidDataSource
2020-09-12 22:21:33.119 [main] INFO  com.alibaba.druid.pool.DruidDataSource - {dataSource-1} inited
2020-09-12 22:21:33.179 [main] INFO  org.springframework.scheduling.concurrent.ThreadPoolTaskExecutor - Initializing ExecutorService 'applicationTaskExecutor'
2020-09-12 22:21:35.582 [main] INFO  springfox.documentation.spring.web.PropertySourcedRequestMappingHandlerMapping - Mapped URL path [/v2/api-docs] onto method [springfox.documentation.swagger2.web.Swagger2Controller#getDocumentation(String, HttpServletRequest)]
2020-09-12 22:21:38.362 [main] INFO  org.springframework.cloud.commons.util.InetUtils - Cannot determine local hostname
2020-09-12 22:21:38.502 [main] INFO  springfox.documentation.spring.web.plugins.DocumentationPluginsBootstrapper - Context refreshed
2020-09-12 22:21:38.520 [main] INFO  springfox.documentation.spring.web.plugins.DocumentationPluginsBootstrapper - Found 1 custom documentation plugin(s)
2020-09-12 22:21:38.571 [main] INFO  springfox.documentation.spring.web.scanners.ApiListingReferenceScanner - Scanning for api listing references
2020-09-12 22:21:38.925 [main] INFO  springfox.documentation.spring.web.readers.operation.CachingOperationNameGenerator - Generating unique operation named: listTeachersUsingGET_1
2020-09-12 22:21:39.195 [main] INFO  org.springframework.boot.web.embedded.tomcat.TomcatWebServer - Tomcat started on port(s): 8070 (http) with context path ''
2020-09-12 22:21:39.198 [main] INFO  com.safe.campus.SafeCampusApplication - Started SafeCampusApplication in 16.831 seconds (JVM running for 21.632)
2020-09-12 22:21:53.410 [main] INFO  org.springframework.context.support.PostProcessorRegistrationDelegate$BeanPostProcessorChecker - Bean 'configurationPropertiesRebinderAutoConfiguration' of type [org.springframework.cloud.autoconfigure.ConfigurationPropertiesRebinderAutoConfiguration$$EnhancerBySpringCGLIB$$cdef58db] is not eligible for getting processed by all BeanPostProcessors (for example: not eligible for auto-proxying)
2020-09-12 22:21:55.321 [main] INFO  com.safe.campus.SafeCampusApplication - The following profiles are active: dev
2020-09-12 22:21:56.674 [main] INFO  org.springframework.data.repository.config.RepositoryConfigurationDelegate - Multiple Spring Data modules found, entering strict repository configuration mode!
2020-09-12 22:21:56.677 [main] INFO  org.springframework.data.repository.config.RepositoryConfigurationDelegate - Bootstrapping Spring Data Redis repositories in DEFAULT mode.
2020-09-12 22:21:56.769 [main] INFO  org.springframework.data.repository.config.RepositoryConfigurationDelegate - Finished Spring Data repository scanning in 73ms. Found 0 Redis repository interfaces.
2020-09-12 22:21:57.068 [main] INFO  org.springframework.cloud.context.scope.GenericScope - BeanFactory id=1a7af13f-15f1-3ea2-8645-6951f575c526
2020-09-12 22:21:57.205 [main] INFO  org.springframework.context.support.PostProcessorRegistrationDelegate$BeanPostProcessorChecker - Bean 'org.springframework.transaction.annotation.ProxyTransactionManagementConfiguration' of type [org.springframework.transaction.annotation.ProxyTransactionManagementConfiguration] is not eligible for getting processed by all BeanPostProcessors (for example: not eligible for auto-proxying)
2020-09-12 22:21:57.239 [main] INFO  org.springframework.context.support.PostProcessorRegistrationDelegate$BeanPostProcessorChecker - Bean 'org.springframework.cloud.autoconfigure.ConfigurationPropertiesRebinderAutoConfiguration' of type [org.springframework.cloud.autoconfigure.ConfigurationPropertiesRebinderAutoConfiguration$$EnhancerBySpringCGLIB$$cdef58db] is not eligible for getting processed by all BeanPostProcessors (for example: not eligible for auto-proxying)
2020-09-12 22:21:57.459 [main] INFO  org.springframework.boot.web.embedded.tomcat.TomcatWebServer - Tomcat initialized with port(s): 8070 (http)
2020-09-12 22:21:57.571 [main] INFO  org.apache.catalina.core.StandardService - Starting service [Tomcat]
2020-09-12 22:21:57.572 [main] INFO  org.apache.catalina.core.StandardEngine - Starting Servlet engine: [Apache Tomcat/9.0.30]
2020-09-12 22:21:57.574 [main] INFO  org.apache.catalina.core.AprLifecycleListener - An older version [1.2.21] of the APR based Apache Tomcat Native library is installed, while Tomcat recommends a minimum version of [1.2.23]
2020-09-12 22:21:57.574 [main] INFO  org.apache.catalina.core.AprLifecycleListener - Loaded APR based Apache Tomcat Native library [1.2.21] using APR version [1.6.5].
2020-09-12 22:21:57.574 [main] INFO  org.apache.catalina.core.AprLifecycleListener - APR capabilities: IPv6 [true], sendfile [true], accept filters [false], random [true].
2020-09-12 22:21:57.574 [main] INFO  org.apache.catalina.core.AprLifecycleListener - APR/OpenSSL configuration: useAprConnector [false], useOpenSSL [true]
2020-09-12 22:21:57.578 [main] INFO  org.apache.catalina.core.AprLifecycleListener - OpenSSL successfully initialized [OpenSSL 1.1.1a  20 Nov 2018]
2020-09-12 22:21:57.722 [main] INFO  org.apache.catalina.core.ContainerBase.[Tomcat].[localhost].[/] - Initializing Spring embedded WebApplicationContext
2020-09-12 22:21:57.722 [main] INFO  org.springframework.web.context.ContextLoader - Root WebApplicationContext: initialization completed in 2384 ms
2020-09-12 22:21:57.805 [main] INFO  com.alibaba.druid.spring.boot.autoconfigure.DruidDataSourceAutoConfigure - Init DruidDataSource
2020-09-12 22:22:01.793 [main] INFO  com.alibaba.druid.pool.DruidDataSource - {dataSource-1} inited
2020-09-12 22:22:01.821 [main] INFO  org.springframework.scheduling.concurrent.ThreadPoolTaskExecutor - Initializing ExecutorService 'applicationTaskExecutor'
2020-09-12 22:22:03.542 [main] INFO  springfox.documentation.spring.web.PropertySourcedRequestMappingHandlerMapping - Mapped URL path [/v2/api-docs] onto method [springfox.documentation.swagger2.web.Swagger2Controller#getDocumentation(String, HttpServletRequest)]
2020-09-12 22:22:05.551 [main] INFO  org.springframework.cloud.commons.util.InetUtils - Cannot determine local hostname
2020-09-12 22:22:05.646 [main] INFO  springfox.documentation.spring.web.plugins.DocumentationPluginsBootstrapper - Context refreshed
2020-09-12 22:22:05.659 [main] INFO  springfox.documentation.spring.web.plugins.DocumentationPluginsBootstrapper - Found 1 custom documentation plugin(s)
2020-09-12 22:22:05.696 [main] INFO  springfox.documentation.spring.web.scanners.ApiListingReferenceScanner - Scanning for api listing references
2020-09-12 22:22:05.969 [main] INFO  springfox.documentation.spring.web.readers.operation.CachingOperationNameGenerator - Generating unique operation named: listTeachersUsingGET_1
2020-09-12 22:22:06.221 [main] INFO  org.springframework.boot.web.embedded.tomcat.TomcatWebServer - Tomcat started on port(s): 8070 (http) with context path ''
2020-09-12 22:22:06.225 [main] INFO  com.safe.campus.SafeCampusApplication - Started SafeCampusApplication in 15.651 seconds (JVM running for 17.993)
2020-09-12 22:22:37.652 [http-nio-8070-exec-2] INFO  org.apache.catalina.core.ContainerBase.[Tomcat].[localhost].[/] - Initializing Spring DispatcherServlet 'dispatcherServlet'
2020-09-12 22:22:37.654 [http-nio-8070-exec-2] INFO  org.springframework.web.servlet.DispatcherServlet - Initializing Servlet 'dispatcherServlet'
2020-09-12 22:22:37.661 [http-nio-8070-exec-2] INFO  org.springframework.web.servlet.DispatcherServlet - Completed initialization in 7 ms
2020-09-12 22:22:37.681 [http-nio-8070-exec-2] INFO  com.safe.campus.about.interceptor.TokenInterceptor - <== preHandle - 拦截器.  url=/campus/school/building/get/buildingInfo
2020-09-12 22:22:37.683 [http-nio-8070-exec-2] INFO  com.safe.campus.about.interceptor.TokenInterceptor - token= eyJhbGciOiJIUzI1NiJ9.eyJzdWIiOiIyMTM5MTUxNTM2ODEyOCIsImV4cCI6MTU5OTk5OTk2NSwidXNlcklkIjoyMTM5MTUxNTM2ODEyOCwiaWF0IjoxNTk5OTEzNTY1LCJqdGkiOiI2NzhmY2JmOC0zMThhLTQ1MWUtYjEzOS1hMGIxMzg5Y2ZiMmYiLCJ0aW1lc3RhbXAiOjE1OTk5MTM1NjV9.Taz4CUOUcAgGmaSKUcJQaXyaiWNaNyXDpaNsGLBPlnQ
2020-09-12 22:22:38.536 [http-nio-8070-exec-2] INFO  com.safe.campus.about.interceptor.TokenInterceptor - userId 21391515368128
2020-09-12 22:22:38.636 [http-nio-8070-exec-2] INFO  io.lettuce.core.EpollProvider - Starting without optional epoll library
2020-09-12 22:22:38.638 [http-nio-8070-exec-2] INFO  io.lettuce.core.KqueueProvider - Starting without optional kqueue library
2020-09-12 22:22:39.441 [http-nio-8070-exec-2] INFO  com.safe.campus.about.interceptor.TokenInterceptor - <== preHandle - 权限拦截器.  loginUser=LoginTokenDto(id=21391515368128, type=3, masterId=null, userName=stest, state=null, createUser=null, createTime=1599913565, expireTime=1599999965)
