2020-08-14 08:52:16.557 [http-nio-8070-exec-2] INFO  org.apache.catalina.core.ContainerBase.[Tomcat].[localhost].[/] - Initializing Spring DispatcherServlet 'dispatcherServlet'
2020-08-14 08:52:16.572 [http-nio-8070-exec-2] INFO  org.springframework.web.servlet.DispatcherServlet - Initializing Servlet 'dispatcherServlet'
2020-08-14 08:52:16.652 [http-nio-8070-exec-2] INFO  org.springframework.web.servlet.DispatcherServlet - Completed initialization in 77 ms
2020-08-14 08:52:16.873 [http-nio-8070-exec-2] INFO  com.safe.campus.about.interceptor.TokenInterceptor - <== preHandle - 拦截器.  url=/webjars/bycdao-ui/ace/bootstrap.min.js
2020-08-14 08:52:16.873 [http-nio-8070-exec-3] INFO  com.safe.campus.about.interceptor.TokenInterceptor - <== preHandle - 拦截器.  url=/webjars/bycdao-ui/jquery/jquery-1.12.4.min.js
2020-08-14 08:52:16.873 [http-nio-8070-exec-1] INFO  com.safe.campus.about.interceptor.TokenInterceptor - <== preHandle - 拦截器.  url=/webjars/bycdao-ui/ext/i18n.js
2020-08-14 08:52:17.272 [http-nio-8070-exec-4] INFO  com.safe.campus.about.interceptor.TokenInterceptor - <== preHandle - 拦截器.  url=/webjars/bycdao-ui/ace/ace.min.js
2020-08-14 08:52:17.276 [http-nio-8070-exec-5] INFO  com.safe.campus.about.interceptor.TokenInterceptor - <== preHandle - 拦截器.  url=/webjars/bycdao-ui/jquery/clipboard/clipboard.min.js
2020-08-14 08:52:17.289 [http-nio-8070-exec-6] INFO  com.safe.campus.about.interceptor.TokenInterceptor - <== preHandle - 拦截器.  url=/webjars/bycdao-ui/layer3.0.3/layer.js
2020-08-14 08:52:17.299 [http-nio-8070-exec-7] INFO  com.safe.campus.about.interceptor.TokenInterceptor - <== preHandle - 拦截器.  url=/webjars/bycdao-ui/highlight/highlight.pack.js
2020-08-14 08:52:17.358 [http-nio-8070-exec-8] INFO  com.safe.campus.about.interceptor.TokenInterceptor - <== preHandle - 拦截器.  url=/webjars/bycdao-ui/jquery/marked.js
2020-08-14 08:52:17.374 [http-nio-8070-exec-9] INFO  com.safe.campus.about.interceptor.TokenInterceptor - <== preHandle - 拦截器.  url=/webjars/bycdao-ui/jquery/template-web.js
2020-08-14 08:52:17.455 [http-nio-8070-exec-10] INFO  com.safe.campus.about.interceptor.TokenInterceptor - <== preHandle - 拦截器.  url=/webjars/bycdao-ui/jquery/axios.min.js
2020-08-14 08:52:17.488 [http-nio-8070-exec-1] INFO  com.safe.campus.about.interceptor.TokenInterceptor - <== preHandle - 拦截器.  url=/webjars/bycdao-ui/bootstrap-tabx/js/bootstrap-tabs-x.min.js
2020-08-14 08:52:17.505 [http-nio-8070-exec-2] INFO  com.safe.campus.about.interceptor.TokenInterceptor - <== preHandle - 拦截器.  url=/webjars/bycdao-ui/layui/layui.js
2020-08-14 08:52:17.608 [http-nio-8070-exec-3] INFO  com.safe.campus.about.interceptor.TokenInterceptor - <== preHandle - 拦截器.  url=/webjars/bycdao-ui/ace-editor/ace.js
2020-08-14 08:52:17.680 [http-nio-8070-exec-4] INFO  com.safe.campus.about.interceptor.TokenInterceptor - <== preHandle - 拦截器.  url=/webjars/bycdao-ui/jquery/showdown.min.js
2020-08-14 08:52:17.698 [http-nio-8070-exec-5] INFO  com.safe.campus.about.interceptor.TokenInterceptor - <== preHandle - 拦截器.  url=/webjars/bycdao-ui/jquery/async.min.js
2020-08-14 08:52:17.709 [http-nio-8070-exec-6] INFO  com.safe.campus.about.interceptor.TokenInterceptor - <== preHandle - 拦截器.  url=/webjars/bycdao-ui/jquery/md5.min.js
2020-08-14 08:52:17.820 [http-nio-8070-exec-7] INFO  com.safe.campus.about.interceptor.TokenInterceptor - <== preHandle - 拦截器.  url=/webjars/bycdao-ui/jquery/json5.js
2020-08-14 08:52:17.824 [http-nio-8070-exec-8] INFO  com.safe.campus.about.interceptor.TokenInterceptor - <== preHandle - 拦截器.  url=/webjars/bycdao-ui/cdao/swaggerbootstrapui.js
2020-08-14 08:52:20.418 [http-nio-8070-exec-9] INFO  com.safe.campus.about.interceptor.TokenInterceptor - <== preHandle - 拦截器.  url=/swagger-resources/configuration/ui
2020-08-14 08:52:20.426 [http-nio-8070-exec-10] INFO  com.safe.campus.about.interceptor.TokenInterceptor - <== preHandle - 拦截器.  url=/swagger-resources
2020-08-14 08:52:23.007 [http-nio-8070-exec-2] INFO  com.safe.campus.about.interceptor.TokenInterceptor - <== preHandle - 拦截器.  url=/webjars/bycdao-ui/layui/font/iconfont.woff
2020-08-14 14:20:58.869 [main] INFO  org.springframework.context.support.PostProcessorRegistrationDelegate$BeanPostProcessorChecker - Bean 'configurationPropertiesRebinderAutoConfiguration' of type [org.springframework.cloud.autoconfigure.ConfigurationPropertiesRebinderAutoConfiguration$$EnhancerBySpringCGLIB$$b9f413f5] is not eligible for getting processed by all BeanPostProcessors (for example: not eligible for auto-proxying)
2020-08-14 14:21:00.568 [main] INFO  com.safe.campus.SafeCampusApplication - The following profiles are active: dev
2020-08-14 14:21:01.589 [main] INFO  org.springframework.data.repository.config.RepositoryConfigurationDelegate - Multiple Spring Data modules found, entering strict repository configuration mode!
2020-08-14 14:21:01.591 [main] INFO  org.springframework.data.repository.config.RepositoryConfigurationDelegate - Bootstrapping Spring Data Redis repositories in DEFAULT mode.
2020-08-14 14:21:01.640 [main] INFO  org.springframework.data.repository.config.RepositoryConfigurationDelegate - Finished Spring Data repository scanning in 34ms. Found 0 Redis repository interfaces.
2020-08-14 14:21:01.903 [main] INFO  org.springframework.cloud.context.scope.GenericScope - BeanFactory id=2cef5fc9-71e1-3cc1-a62c-ea5402e774aa
2020-08-14 14:21:02.009 [main] INFO  org.springframework.context.support.PostProcessorRegistrationDelegate$BeanPostProcessorChecker - Bean 'org.springframework.transaction.annotation.ProxyTransactionManagementConfiguration' of type [org.springframework.transaction.annotation.ProxyTransactionManagementConfiguration] is not eligible for getting processed by all BeanPostProcessors (for example: not eligible for auto-proxying)
2020-08-14 14:21:02.040 [main] INFO  org.springframework.context.support.PostProcessorRegistrationDelegate$BeanPostProcessorChecker - Bean 'org.springframework.cloud.autoconfigure.ConfigurationPropertiesRebinderAutoConfiguration' of type [org.springframework.cloud.autoconfigure.ConfigurationPropertiesRebinderAutoConfiguration$$EnhancerBySpringCGLIB$$b9f413f5] is not eligible for getting processed by all BeanPostProcessors (for example: not eligible for auto-proxying)
2020-08-14 14:21:02.247 [main] INFO  org.springframework.boot.web.embedded.tomcat.TomcatWebServer - Tomcat initialized with port(s): 8070 (http)
2020-08-14 14:21:02.357 [main] INFO  org.apache.catalina.core.StandardService - Starting service [Tomcat]
2020-08-14 14:21:02.357 [main] INFO  org.apache.catalina.core.StandardEngine - Starting Servlet engine: [Apache Tomcat/9.0.30]
2020-08-14 14:21:02.359 [main] INFO  org.apache.catalina.core.AprLifecycleListener - An older version [1.2.21] of the APR based Apache Tomcat Native library is installed, while Tomcat recommends a minimum version of [1.2.23]
2020-08-14 14:21:02.359 [main] INFO  org.apache.catalina.core.AprLifecycleListener - Loaded APR based Apache Tomcat Native library [1.2.21] using APR version [1.6.5].
2020-08-14 14:21:02.359 [main] INFO  org.apache.catalina.core.AprLifecycleListener - APR capabilities: IPv6 [true], sendfile [true], accept filters [false], random [true].
2020-08-14 14:21:02.360 [main] INFO  org.apache.catalina.core.AprLifecycleListener - APR/OpenSSL configuration: useAprConnector [false], useOpenSSL [true]
2020-08-14 14:21:02.431 [main] INFO  org.apache.catalina.core.AprLifecycleListener - OpenSSL successfully initialized [OpenSSL 1.1.1a  20 Nov 2018]
2020-08-14 14:21:02.597 [main] INFO  org.apache.catalina.core.ContainerBase.[Tomcat].[localhost].[/] - Initializing Spring embedded WebApplicationContext
2020-08-14 14:21:02.597 [main] INFO  org.springframework.web.context.ContextLoader - Root WebApplicationContext: initialization completed in 2012 ms
2020-08-14 14:21:02.693 [main] INFO  com.alibaba.druid.spring.boot.autoconfigure.DruidDataSourceAutoConfigure - Init DruidDataSource
2020-08-14 14:21:06.764 [main] INFO  com.alibaba.druid.pool.DruidDataSource - {dataSource-1} inited
2020-08-14 14:21:06.789 [main] INFO  org.springframework.scheduling.concurrent.ThreadPoolTaskExecutor - Initializing ExecutorService 'applicationTaskExecutor'
2020-08-14 14:21:08.231 [main] INFO  springfox.documentation.spring.web.PropertySourcedRequestMappingHandlerMapping - Mapped URL path [/v2/api-docs] onto method [springfox.documentation.swagger2.web.Swagger2Controller#getDocumentation(String, HttpServletRequest)]
2020-08-14 14:21:10.323 [main] INFO  org.springframework.cloud.commons.util.InetUtils - Cannot determine local hostname
2020-08-14 14:21:10.417 [main] INFO  springfox.documentation.spring.web.plugins.DocumentationPluginsBootstrapper - Context refreshed
2020-08-14 14:21:10.428 [main] INFO  springfox.documentation.spring.web.plugins.DocumentationPluginsBootstrapper - Found 1 custom documentation plugin(s)
2020-08-14 14:21:10.465 [main] INFO  springfox.documentation.spring.web.scanners.ApiListingReferenceScanner - Scanning for api listing references
2020-08-14 14:21:10.916 [main] INFO  org.springframework.boot.web.embedded.tomcat.TomcatWebServer - Tomcat started on port(s): 8070 (http) with context path ''
2020-08-14 14:21:10.919 [main] INFO  com.safe.campus.SafeCampusApplication - Started SafeCampusApplication in 15.088 seconds (JVM running for 17.224)
2020-08-14 14:22:38.786 [http-nio-8070-exec-1] INFO  org.apache.catalina.core.ContainerBase.[Tomcat].[localhost].[/] - Initializing Spring DispatcherServlet 'dispatcherServlet'
2020-08-14 14:22:38.787 [http-nio-8070-exec-1] INFO  org.springframework.web.servlet.DispatcherServlet - Initializing Servlet 'dispatcherServlet'
2020-08-14 14:22:38.796 [http-nio-8070-exec-1] INFO  org.springframework.web.servlet.DispatcherServlet - Completed initialization in 9 ms
2020-08-14 14:22:38.833 [http-nio-8070-exec-1] INFO  com.safe.campus.about.interceptor.TokenInterceptor - <== preHandle - 拦截器.  url=/file/img/upload
2020-08-14 14:22:38.834 [http-nio-8070-exec-1] INFO  com.safe.campus.about.interceptor.TokenInterceptor - token= null
2020-08-14 14:22:57.437 [http-nio-8070-exec-4] INFO  com.safe.campus.about.interceptor.TokenInterceptor - <== preHandle - 拦截器.  url=/file/img/upload
2020-08-14 14:22:57.440 [http-nio-8070-exec-4] INFO  com.safe.campus.about.interceptor.TokenInterceptor - token= eyJhbGciOiJIUzI1NiJ9.eyJzdWIiOiIxODU1NTk3Mjg2OTMyNSIsImV4cCI6MTU5NzQ3MDAxMywidXNlcklkIjoxODU1NTk3Mjg2OTMyNSwiaWF0IjoxNTk3MzgzNjEzLCJqdGkiOiJkOTljODc3Zi0xYzU3LTQ3MmQtOTViMC0zMzYxNmZiNmIzYWMiLCJ0aW1lc3RhbXAiOjE1OTczODM2MTN9.G3boRpErRPhYDgcPpXidZqUy4I7nx4t2IqXAbhl9d1w
2020-08-14 14:22:58.184 [http-nio-8070-exec-4] INFO  com.safe.campus.about.interceptor.TokenInterceptor - userId 18555972869325
2020-08-14 14:22:58.542 [http-nio-8070-exec-4] INFO  io.lettuce.core.EpollProvider - Starting without optional epoll library
2020-08-14 14:22:58.544 [http-nio-8070-exec-4] INFO  io.lettuce.core.KqueueProvider - Starting without optional kqueue library
2020-08-14 14:22:59.455 [http-nio-8070-exec-4] INFO  com.safe.campus.about.interceptor.TokenInterceptor - <== preHandle - 权限拦截器.  loginUser=LoginTokenDto(id=18555972869325, password=null, type=null, userName=Emma, state=null, createUser=null, createTime=1597383613, expireTime=1597470013)
2020-08-14 14:22:59.552 [http-nio-8070-exec-4] INFO  com.safe.campus.service.Impl.SysFileServiceImpl - imgPath /images
2020-08-14 14:22:59.553 [http-nio-8070-exec-4] INFO  com.safe.campus.service.Impl.SysFileServiceImpl - fileName 316202420117649138.jpg
2020-08-14 14:22:59.559 [http-nio-8070-exec-4] INFO  com.safe.campus.service.Impl.SysFileServiceImpl - save dest \images\dhvmc5phem5oemorn0gekd5axe76r8.jpg
2020-08-14 14:24:41.330 [main] INFO  org.springframework.context.support.PostProcessorRegistrationDelegate$BeanPostProcessorChecker - Bean 'configurationPropertiesRebinderAutoConfiguration' of type [org.springframework.cloud.autoconfigure.ConfigurationPropertiesRebinderAutoConfiguration$$EnhancerBySpringCGLIB$$313a5ae3] is not eligible for getting processed by all BeanPostProcessors (for example: not eligible for auto-proxying)
2020-08-14 14:24:43.190 [main] INFO  com.safe.campus.SafeCampusApplication - The following profiles are active: dev
2020-08-14 14:24:44.180 [main] INFO  org.springframework.data.repository.config.RepositoryConfigurationDelegate - Multiple Spring Data modules found, entering strict repository configuration mode!
2020-08-14 14:24:44.183 [main] INFO  org.springframework.data.repository.config.RepositoryConfigurationDelegate - Bootstrapping Spring Data Redis repositories in DEFAULT mode.
2020-08-14 14:24:44.230 [main] INFO  org.springframework.data.repository.config.RepositoryConfigurationDelegate - Finished Spring Data repository scanning in 34ms. Found 0 Redis repository interfaces.
2020-08-14 14:24:44.563 [main] INFO  org.springframework.cloud.context.scope.GenericScope - BeanFactory id=2cef5fc9-71e1-3cc1-a62c-ea5402e774aa
2020-08-14 14:24:44.694 [main] INFO  org.springframework.context.support.PostProcessorRegistrationDelegate$BeanPostProcessorChecker - Bean 'org.springframework.transaction.annotation.ProxyTransactionManagementConfiguration' of type [org.springframework.transaction.annotation.ProxyTransactionManagementConfiguration] is not eligible for getting processed by all BeanPostProcessors (for example: not eligible for auto-proxying)
2020-08-14 14:24:44.737 [main] INFO  org.springframework.context.support.PostProcessorRegistrationDelegate$BeanPostProcessorChecker - Bean 'org.springframework.cloud.autoconfigure.ConfigurationPropertiesRebinderAutoConfiguration' of type [org.springframework.cloud.autoconfigure.ConfigurationPropertiesRebinderAutoConfiguration$$EnhancerBySpringCGLIB$$313a5ae3] is not eligible for getting processed by all BeanPostProcessors (for example: not eligible for auto-proxying)
2020-08-14 14:24:44.958 [main] INFO  org.springframework.boot.web.embedded.tomcat.TomcatWebServer - Tomcat initialized with port(s): 8070 (http)
2020-08-14 14:24:45.070 [main] INFO  org.apache.catalina.core.StandardService - Starting service [Tomcat]
2020-08-14 14:24:45.071 [main] INFO  org.apache.catalina.core.StandardEngine - Starting Servlet engine: [Apache Tomcat/9.0.30]
2020-08-14 14:24:45.073 [main] INFO  org.apache.catalina.core.AprLifecycleListener - An older version [1.2.21] of the APR based Apache Tomcat Native library is installed, while Tomcat recommends a minimum version of [1.2.23]
2020-08-14 14:24:45.073 [main] INFO  org.apache.catalina.core.AprLifecycleListener - Loaded APR based Apache Tomcat Native library [1.2.21] using APR version [1.6.5].
2020-08-14 14:24:45.073 [main] INFO  org.apache.catalina.core.AprLifecycleListener - APR capabilities: IPv6 [true], sendfile [true], accept filters [false], random [true].
2020-08-14 14:24:45.073 [main] INFO  org.apache.catalina.core.AprLifecycleListener - APR/OpenSSL configuration: useAprConnector [false], useOpenSSL [true]
2020-08-14 14:24:45.076 [main] INFO  org.apache.catalina.core.AprLifecycleListener - OpenSSL successfully initialized [OpenSSL 1.1.1a  20 Nov 2018]
2020-08-14 14:24:45.199 [main] INFO  org.apache.catalina.core.ContainerBase.[Tomcat].[localhost].[/] - Initializing Spring embedded WebApplicationContext
2020-08-14 14:24:45.199 [main] INFO  org.springframework.web.context.ContextLoader - Root WebApplicationContext: initialization completed in 1988 ms
2020-08-14 14:24:45.286 [main] INFO  com.alibaba.druid.spring.boot.autoconfigure.DruidDataSourceAutoConfigure - Init DruidDataSource
2020-08-14 14:24:49.758 [main] INFO  com.alibaba.druid.pool.DruidDataSource - {dataSource-1} inited
2020-08-14 14:24:49.785 [main] INFO  org.springframework.scheduling.concurrent.ThreadPoolTaskExecutor - Initializing ExecutorService 'applicationTaskExecutor'
2020-08-14 14:24:51.341 [main] INFO  springfox.documentation.spring.web.PropertySourcedRequestMappingHandlerMapping - Mapped URL path [/v2/api-docs] onto method [springfox.documentation.swagger2.web.Swagger2Controller#getDocumentation(String, HttpServletRequest)]
2020-08-14 14:24:53.320 [main] INFO  org.springframework.cloud.commons.util.InetUtils - Cannot determine local hostname
2020-08-14 14:24:53.413 [main] INFO  springfox.documentation.spring.web.plugins.DocumentationPluginsBootstrapper - Context refreshed
2020-08-14 14:24:53.426 [main] INFO  springfox.documentation.spring.web.plugins.DocumentationPluginsBootstrapper - Found 1 custom documentation plugin(s)
2020-08-14 14:24:53.462 [main] INFO  springfox.documentation.spring.web.scanners.ApiListingReferenceScanner - Scanning for api listing references
2020-08-14 14:24:53.874 [main] INFO  org.springframework.boot.web.embedded.tomcat.TomcatWebServer - Tomcat started on port(s): 8070 (http) with context path ''
2020-08-14 14:24:53.876 [main] INFO  com.safe.campus.SafeCampusApplication - Started SafeCampusApplication in 16.002 seconds (JVM running for 18.216)
2020-08-14 14:26:05.040 [http-nio-8070-exec-2] INFO  org.apache.catalina.core.ContainerBase.[Tomcat].[localhost].[/] - Initializing Spring DispatcherServlet 'dispatcherServlet'
2020-08-14 14:26:05.042 [http-nio-8070-exec-2] INFO  org.springframework.web.servlet.DispatcherServlet - Initializing Servlet 'dispatcherServlet'
2020-08-14 14:26:05.051 [http-nio-8070-exec-2] INFO  org.springframework.web.servlet.DispatcherServlet - Completed initialization in 9 ms
2020-08-14 14:26:05.101 [http-nio-8070-exec-2] INFO  com.safe.campus.about.interceptor.TokenInterceptor - <== preHandle - 拦截器.  url=/file/img/upload
2020-08-14 14:26:05.103 [http-nio-8070-exec-2] INFO  com.safe.campus.about.interceptor.TokenInterceptor - token= eyJhbGciOiJIUzI1NiJ9.eyJzdWIiOiIxODU1NTk3Mjg2OTMyNSIsImV4cCI6MTU5NzQ3MDAxMywidXNlcklkIjoxODU1NTk3Mjg2OTMyNSwiaWF0IjoxNTk3MzgzNjEzLCJqdGkiOiJkOTljODc3Zi0xYzU3LTQ3MmQtOTViMC0zMzYxNmZiNmIzYWMiLCJ0aW1lc3RhbXAiOjE1OTczODM2MTN9.G3boRpErRPhYDgcPpXidZqUy4I7nx4t2IqXAbhl9d1w
2020-08-14 14:26:05.738 [http-nio-8070-exec-2] INFO  com.safe.campus.about.interceptor.TokenInterceptor - userId 18555972869325
2020-08-14 14:26:06.062 [http-nio-8070-exec-2] INFO  io.lettuce.core.EpollProvider - Starting without optional epoll library
2020-08-14 14:26:06.063 [http-nio-8070-exec-2] INFO  io.lettuce.core.KqueueProvider - Starting without optional kqueue library
2020-08-14 14:26:06.907 [http-nio-8070-exec-2] INFO  com.safe.campus.about.interceptor.TokenInterceptor - <== preHandle - 权限拦截器.  loginUser=LoginTokenDto(id=18555972869325, password=null, type=null, userName=Emma, state=null, createUser=null, createTime=1597383613, expireTime=1597470013)
2020-08-14 14:26:07.001 [http-nio-8070-exec-2] INFO  com.safe.campus.service.Impl.SysFileServiceImpl - imgPath C:\Users\14256\Desktop\导入excel5.0
2020-08-14 14:26:07.001 [http-nio-8070-exec-2] INFO  com.safe.campus.service.Impl.SysFileServiceImpl - fileName 316202420117649138.jpg
2020-08-14 14:26:07.008 [http-nio-8070-exec-2] INFO  com.safe.campus.service.Impl.SysFileServiceImpl - save dest C:\Users\14256\Desktop\导入excel5.0\zwq1mfo7lsukps8pybsbiyfnju6ak0.jpg
2020-08-14 14:40:12.817 [main] INFO  org.springframework.boot.test.context.SpringBootTestContextBootstrapper - Neither @ContextConfiguration nor @ContextHierarchy found for test class [com.safe.campus.SafeCampusApplicationTests], using SpringBootContextLoader
2020-08-14 14:40:12.838 [main] INFO  org.springframework.test.context.support.AbstractContextLoader - Could not detect default resource locations for test class [com.safe.campus.SafeCampusApplicationTests]: no resource found for suffixes {-context.xml, Context.groovy}.
2020-08-14 14:40:12.840 [main] INFO  org.springframework.test.context.support.AnnotationConfigContextLoaderUtils - Could not detect default configuration classes for test class [com.safe.campus.SafeCampusApplicationTests]: SafeCampusApplicationTests does not declare any static, non-private, non-final, nested classes annotated with @Configuration.
2020-08-14 14:40:13.114 [main] INFO  org.springframework.boot.test.context.SpringBootTestContextBootstrapper - Found @SpringBootConfiguration com.safe.campus.SafeCampusApplication for test class com.safe.campus.SafeCampusApplicationTests
2020-08-14 14:40:13.309 [main] INFO  org.springframework.boot.test.context.SpringBootTestContextBootstrapper - Loaded default TestExecutionListener class names from location [META-INF/spring.factories]: [org.springframework.boot.test.mock.mockito.MockitoTestExecutionListener, org.springframework.boot.test.mock.mockito.ResetMocksTestExecutionListener, org.springframework.boot.test.autoconfigure.restdocs.RestDocsTestExecutionListener, org.springframework.boot.test.autoconfigure.web.client.MockRestServiceServerResetTestExecutionListener, org.springframework.boot.test.autoconfigure.web.servlet.MockMvcPrintOnlyOnFailureTestExecutionListener, org.springframework.boot.test.autoconfigure.web.servlet.WebDriverTestExecutionListener, org.springframework.test.context.web.ServletTestExecutionListener, org.springframework.test.context.support.DirtiesContextBeforeModesTestExecutionListener, org.springframework.test.context.support.DependencyInjectionTestExecutionListener, org.springframework.test.context.support.DirtiesContextTestExecutionListener, org.springframework.test.context.transaction.TransactionalTestExecutionListener, org.springframework.test.context.jdbc.SqlScriptsTestExecutionListener, org.springframework.test.context.event.EventPublishingTestExecutionListener]
2020-08-14 14:40:13.378 [main] INFO  org.springframework.boot.test.context.SpringBootTestContextBootstrapper - Using TestExecutionListeners: [org.springframework.test.context.web.ServletTestExecutionListener@1e81f160, org.springframework.test.context.support.DirtiesContextBeforeModesTestExecutionListener@1acaf3d, org.springframework.boot.test.mock.mockito.MockitoTestExecutionListener@6986852, org.springframework.boot.test.autoconfigure.SpringBootDependencyInjectionTestExecutionListener@1bab8268, org.springframework.test.context.support.DirtiesContextTestExecutionListener@a307a8c, org.springframework.test.context.transaction.TransactionalTestExecutionListener@6e01f9b0, org.springframework.test.context.jdbc.SqlScriptsTestExecutionListener@2b9ed6da, org.springframework.test.context.event.EventPublishingTestExecutionListener@6c61a903, org.springframework.boot.test.mock.mockito.ResetMocksTestExecutionListener@658c5a19, org.springframework.boot.test.autoconfigure.restdocs.RestDocsTestExecutionListener@421e361, org.springframework.boot.test.autoconfigure.web.client.MockRestServiceServerResetTestExecutionListener@59d4cd39, org.springframework.boot.test.autoconfigure.web.servlet.MockMvcPrintOnlyOnFailureTestExecutionListener@389c4eb1, org.springframework.boot.test.autoconfigure.web.servlet.WebDriverTestExecutionListener@3fc79729]
2020-08-14 14:40:16.421 [main] INFO  org.springframework.context.support.PostProcessorRegistrationDelegate$BeanPostProcessorChecker - Bean 'configurationPropertiesRebinderAutoConfiguration' of type [org.springframework.cloud.autoconfigure.ConfigurationPropertiesRebinderAutoConfiguration$$EnhancerBySpringCGLIB$$da52ddb4] is not eligible for getting processed by all BeanPostProcessors (for example: not eligible for auto-proxying)
2020-08-14 14:40:18.574 [main] INFO  com.safe.campus.SafeCampusApplicationTests - The following profiles are active: dev
2020-08-14 14:40:20.610 [main] INFO  org.springframework.data.repository.config.RepositoryConfigurationDelegate - Multiple Spring Data modules found, entering strict repository configuration mode!
2020-08-14 14:40:20.615 [main] INFO  org.springframework.data.repository.config.RepositoryConfigurationDelegate - Bootstrapping Spring Data Redis repositories in DEFAULT mode.
2020-08-14 14:40:20.708 [main] INFO  org.springframework.data.repository.config.RepositoryConfigurationDelegate - Finished Spring Data repository scanning in 65ms. Found 0 Redis repository interfaces.
2020-08-14 14:40:21.238 [main] INFO  org.springframework.cloud.context.scope.GenericScope - BeanFactory id=74212091-54ab-3d05-a271-cd57972654c8
2020-08-14 14:40:21.803 [main] INFO  org.springframework.context.support.PostProcessorRegistrationDelegate$BeanPostProcessorChecker - Bean 'org.springframework.transaction.annotation.ProxyTransactionManagementConfiguration' of type [org.springframework.transaction.annotation.ProxyTransactionManagementConfiguration] is not eligible for getting processed by all BeanPostProcessors (for example: not eligible for auto-proxying)
2020-08-14 14:40:22.225 [main] INFO  org.springframework.context.support.PostProcessorRegistrationDelegate$BeanPostProcessorChecker - Bean 'org.springframework.cloud.autoconfigure.ConfigurationPropertiesRebinderAutoConfiguration' of type [org.springframework.cloud.autoconfigure.ConfigurationPropertiesRebinderAutoConfiguration$$EnhancerBySpringCGLIB$$da52ddb4] is not eligible for getting processed by all BeanPostProcessors (for example: not eligible for auto-proxying)
2020-08-14 14:40:22.306 [main] INFO  com.alibaba.druid.spring.boot.autoconfigure.DruidDataSourceAutoConfigure - Init DruidDataSource
2020-08-14 14:40:26.819 [main] INFO  com.alibaba.druid.pool.DruidDataSource - {dataSource-1} inited
2020-08-14 14:40:26.907 [main] INFO  org.springframework.scheduling.concurrent.ThreadPoolTaskExecutor - Initializing ExecutorService 'applicationTaskExecutor'
2020-08-14 14:40:30.761 [main] INFO  springfox.documentation.spring.web.PropertySourcedRequestMappingHandlerMapping - Mapped URL path [/v2/api-docs] onto method [springfox.documentation.swagger2.web.Swagger2Controller#getDocumentation(String, HttpServletRequest)]
2020-08-14 14:40:34.820 [main] INFO  org.springframework.cloud.commons.util.InetUtils - Cannot determine local hostname
2020-08-14 14:40:34.935 [main] INFO  springfox.documentation.spring.web.plugins.DocumentationPluginsBootstrapper - Context refreshed
2020-08-14 14:40:34.964 [main] INFO  springfox.documentation.spring.web.plugins.DocumentationPluginsBootstrapper - Found 1 custom documentation plugin(s)
2020-08-14 14:40:35.024 [main] INFO  springfox.documentation.spring.web.scanners.ApiListingReferenceScanner - Scanning for api listing references
2020-08-14 14:40:35.792 [main] INFO  com.safe.campus.SafeCampusApplicationTests - Started SafeCampusApplicationTests in 22.327 seconds (JVM running for 24.941)
2020-08-14 14:40:36.359 [SpringContextShutdownHook] INFO  org.springframework.scheduling.concurrent.ThreadPoolTaskExecutor - Shutting down ExecutorService 'applicationTaskExecutor'
2020-08-14 14:40:36.430 [SpringContextShutdownHook] INFO  com.alibaba.druid.pool.DruidDataSource - {dataSource-1} closed
2020-08-14 15:34:24.824 [main] INFO  org.springframework.boot.test.context.SpringBootTestContextBootstrapper - Neither @ContextConfiguration nor @ContextHierarchy found for test class [com.safe.campus.SafeCampusApplicationTests], using SpringBootContextLoader
2020-08-14 15:34:24.846 [main] INFO  org.springframework.test.context.support.AbstractContextLoader - Could not detect default resource locations for test class [com.safe.campus.SafeCampusApplicationTests]: no resource found for suffixes {-context.xml, Context.groovy}.
2020-08-14 15:34:24.848 [main] INFO  org.springframework.test.context.support.AnnotationConfigContextLoaderUtils - Could not detect default configuration classes for test class [com.safe.campus.SafeCampusApplicationTests]: SafeCampusApplicationTests does not declare any static, non-private, non-final, nested classes annotated with @Configuration.
2020-08-14 15:34:25.123 [main] INFO  org.springframework.boot.test.context.SpringBootTestContextBootstrapper - Found @SpringBootConfiguration com.safe.campus.SafeCampusApplication for test class com.safe.campus.SafeCampusApplicationTests
2020-08-14 15:34:25.330 [main] INFO  org.springframework.boot.test.context.SpringBootTestContextBootstrapper - Loaded default TestExecutionListener class names from location [META-INF/spring.factories]: [org.springframework.boot.test.mock.mockito.MockitoTestExecutionListener, org.springframework.boot.test.mock.mockito.ResetMocksTestExecutionListener, org.springframework.boot.test.autoconfigure.restdocs.RestDocsTestExecutionListener, org.springframework.boot.test.autoconfigure.web.client.MockRestServiceServerResetTestExecutionListener, org.springframework.boot.test.autoconfigure.web.servlet.MockMvcPrintOnlyOnFailureTestExecutionListener, org.springframework.boot.test.autoconfigure.web.servlet.WebDriverTestExecutionListener, org.springframework.test.context.web.ServletTestExecutionListener, org.springframework.test.context.support.DirtiesContextBeforeModesTestExecutionListener, org.springframework.test.context.support.DependencyInjectionTestExecutionListener, org.springframework.test.context.support.DirtiesContextTestExecutionListener, org.springframework.test.context.transaction.TransactionalTestExecutionListener, org.springframework.test.context.jdbc.SqlScriptsTestExecutionListener, org.springframework.test.context.event.EventPublishingTestExecutionListener]
2020-08-14 15:34:25.399 [main] INFO  org.springframework.boot.test.context.SpringBootTestContextBootstrapper - Using TestExecutionListeners: [org.springframework.test.context.web.ServletTestExecutionListener@a307a8c, org.springframework.test.context.support.DirtiesContextBeforeModesTestExecutionListener@6e01f9b0, org.springframework.boot.test.mock.mockito.MockitoTestExecutionListener@2b9ed6da, org.springframework.boot.test.autoconfigure.SpringBootDependencyInjectionTestExecutionListener@6c61a903, org.springframework.test.context.support.DirtiesContextTestExecutionListener@658c5a19, org.springframework.test.context.transaction.TransactionalTestExecutionListener@421e361, org.springframework.test.context.jdbc.SqlScriptsTestExecutionListener@59d4cd39, org.springframework.test.context.event.EventPublishingTestExecutionListener@389c4eb1, org.springframework.boot.test.mock.mockito.ResetMocksTestExecutionListener@3fc79729, org.springframework.boot.test.autoconfigure.restdocs.RestDocsTestExecutionListener@34f6515b, org.springframework.boot.test.autoconfigure.web.client.MockRestServiceServerResetTestExecutionListener@4b34fff9, org.springframework.boot.test.autoconfigure.web.servlet.MockMvcPrintOnlyOnFailureTestExecutionListener@1187c9e8, org.springframework.boot.test.autoconfigure.web.servlet.WebDriverTestExecutionListener@127a7a2e]
2020-08-14 15:34:28.317 [main] INFO  org.springframework.context.support.PostProcessorRegistrationDelegate$BeanPostProcessorChecker - Bean 'configurationPropertiesRebinderAutoConfiguration' of type [org.springframework.cloud.autoconfigure.ConfigurationPropertiesRebinderAutoConfiguration$$EnhancerBySpringCGLIB$$ddcfee86] is not eligible for getting processed by all BeanPostProcessors (for example: not eligible for auto-proxying)
2020-08-14 15:34:30.450 [main] INFO  com.safe.campus.SafeCampusApplicationTests - The following profiles are active: dev
2020-08-14 15:34:32.353 [main] INFO  org.springframework.data.repository.config.RepositoryConfigurationDelegate - Multiple Spring Data modules found, entering strict repository configuration mode!
2020-08-14 15:34:32.358 [main] INFO  org.springframework.data.repository.config.RepositoryConfigurationDelegate - Bootstrapping Spring Data Redis repositories in DEFAULT mode.
2020-08-14 15:34:32.466 [main] INFO  org.springframework.data.repository.config.RepositoryConfigurationDelegate - Finished Spring Data repository scanning in 84ms. Found 0 Redis repository interfaces.
2020-08-14 15:34:33.059 [main] INFO  org.springframework.cloud.context.scope.GenericScope - BeanFactory id=74212091-54ab-3d05-a271-cd57972654c8
2020-08-14 15:34:33.710 [main] INFO  org.springframework.context.support.PostProcessorRegistrationDelegate$BeanPostProcessorChecker - Bean 'org.springframework.transaction.annotation.ProxyTransactionManagementConfiguration' of type [org.springframework.transaction.annotation.ProxyTransactionManagementConfiguration] is not eligible for getting processed by all BeanPostProcessors (for example: not eligible for auto-proxying)
2020-08-14 15:34:34.113 [main] INFO  org.springframework.context.support.PostProcessorRegistrationDelegate$BeanPostProcessorChecker - Bean 'org.springframework.cloud.autoconfigure.ConfigurationPropertiesRebinderAutoConfiguration' of type [org.springframework.cloud.autoconfigure.ConfigurationPropertiesRebinderAutoConfiguration$$EnhancerBySpringCGLIB$$ddcfee86] is not eligible for getting processed by all BeanPostProcessors (for example: not eligible for auto-proxying)
2020-08-14 15:34:34.204 [main] INFO  com.alibaba.druid.spring.boot.autoconfigure.DruidDataSourceAutoConfigure - Init DruidDataSource
2020-08-14 15:34:38.555 [main] INFO  com.alibaba.druid.pool.DruidDataSource - {dataSource-1} inited
2020-08-14 15:34:38.671 [main] INFO  org.springframework.scheduling.concurrent.ThreadPoolTaskExecutor - Initializing ExecutorService 'applicationTaskExecutor'
2020-08-14 15:34:42.424 [main] INFO  springfox.documentation.spring.web.PropertySourcedRequestMappingHandlerMapping - Mapped URL path [/v2/api-docs] onto method [springfox.documentation.swagger2.web.Swagger2Controller#getDocumentation(String, HttpServletRequest)]
2020-08-14 15:34:46.579 [main] INFO  org.springframework.cloud.commons.util.InetUtils - Cannot determine local hostname
2020-08-14 15:34:46.681 [main] INFO  springfox.documentation.spring.web.plugins.DocumentationPluginsBootstrapper - Context refreshed
2020-08-14 15:34:46.711 [main] INFO  springfox.documentation.spring.web.plugins.DocumentationPluginsBootstrapper - Found 1 custom documentation plugin(s)
2020-08-14 15:34:46.771 [main] INFO  springfox.documentation.spring.web.scanners.ApiListingReferenceScanner - Scanning for api listing references
2020-08-14 15:34:47.547 [main] INFO  com.safe.campus.SafeCampusApplicationTests - Started SafeCampusApplicationTests in 22.073 seconds (JVM running for 24.46)
2020-08-14 15:34:48.148 [SpringContextShutdownHook] INFO  org.springframework.scheduling.concurrent.ThreadPoolTaskExecutor - Shutting down ExecutorService 'applicationTaskExecutor'
2020-08-14 15:34:48.193 [SpringContextShutdownHook] INFO  com.alibaba.druid.pool.DruidDataSource - {dataSource-1} closed
2020-08-14 15:46:43.281 [main] INFO  org.springframework.boot.test.context.SpringBootTestContextBootstrapper - Neither @ContextConfiguration nor @ContextHierarchy found for test class [com.safe.campus.SafeCampusApplicationTests], using SpringBootContextLoader
2020-08-14 15:46:43.300 [main] INFO  org.springframework.test.context.support.AbstractContextLoader - Could not detect default resource locations for test class [com.safe.campus.SafeCampusApplicationTests]: no resource found for suffixes {-context.xml, Context.groovy}.
2020-08-14 15:46:43.302 [main] INFO  org.springframework.test.context.support.AnnotationConfigContextLoaderUtils - Could not detect default configuration classes for test class [com.safe.campus.SafeCampusApplicationTests]: SafeCampusApplicationTests does not declare any static, non-private, non-final, nested classes annotated with @Configuration.
2020-08-14 15:46:43.606 [main] INFO  org.springframework.boot.test.context.SpringBootTestContextBootstrapper - Found @SpringBootConfiguration com.safe.campus.SafeCampusApplication for test class com.safe.campus.SafeCampusApplicationTests
2020-08-14 15:46:43.829 [main] INFO  org.springframework.boot.test.context.SpringBootTestContextBootstrapper - Loaded default TestExecutionListener class names from location [META-INF/spring.factories]: [org.springframework.boot.test.mock.mockito.MockitoTestExecutionListener, org.springframework.boot.test.mock.mockito.ResetMocksTestExecutionListener, org.springframework.boot.test.autoconfigure.restdocs.RestDocsTestExecutionListener, org.springframework.boot.test.autoconfigure.web.client.MockRestServiceServerResetTestExecutionListener, org.springframework.boot.test.autoconfigure.web.servlet.MockMvcPrintOnlyOnFailureTestExecutionListener, org.springframework.boot.test.autoconfigure.web.servlet.WebDriverTestExecutionListener, org.springframework.test.context.web.ServletTestExecutionListener, org.springframework.test.context.support.DirtiesContextBeforeModesTestExecutionListener, org.springframework.test.context.support.DependencyInjectionTestExecutionListener, org.springframework.test.context.support.DirtiesContextTestExecutionListener, org.springframework.test.context.transaction.TransactionalTestExecutionListener, org.springframework.test.context.jdbc.SqlScriptsTestExecutionListener, org.springframework.test.context.event.EventPublishingTestExecutionListener]
2020-08-14 15:46:43.886 [main] INFO  org.springframework.boot.test.context.SpringBootTestContextBootstrapper - Using TestExecutionListeners: [org.springframework.test.context.web.ServletTestExecutionListener@1e81f160, org.springframework.test.context.support.DirtiesContextBeforeModesTestExecutionListener@1acaf3d, org.springframework.boot.test.mock.mockito.MockitoTestExecutionListener@6986852, org.springframework.boot.test.autoconfigure.SpringBootDependencyInjectionTestExecutionListener@1bab8268, org.springframework.test.context.support.DirtiesContextTestExecutionListener@a307a8c, org.springframework.test.context.transaction.TransactionalTestExecutionListener@6e01f9b0, org.springframework.test.context.jdbc.SqlScriptsTestExecutionListener@2b9ed6da, org.springframework.test.context.event.EventPublishingTestExecutionListener@6c61a903, org.springframework.boot.test.mock.mockito.ResetMocksTestExecutionListener@658c5a19, org.springframework.boot.test.autoconfigure.restdocs.RestDocsTestExecutionListener@421e361, org.springframework.boot.test.autoconfigure.web.client.MockRestServiceServerResetTestExecutionListener@59d4cd39, org.springframework.boot.test.autoconfigure.web.servlet.MockMvcPrintOnlyOnFailureTestExecutionListener@389c4eb1, org.springframework.boot.test.autoconfigure.web.servlet.WebDriverTestExecutionListener@3fc79729]
2020-08-14 15:46:46.711 [main] INFO  org.springframework.context.support.PostProcessorRegistrationDelegate$BeanPostProcessorChecker - Bean 'configurationPropertiesRebinderAutoConfiguration' of type [org.springframework.cloud.autoconfigure.ConfigurationPropertiesRebinderAutoConfiguration$$EnhancerBySpringCGLIB$$da52ddb4] is not eligible for getting processed by all BeanPostProcessors (for example: not eligible for auto-proxying)
2020-08-14 15:46:48.967 [main] INFO  com.safe.campus.SafeCampusApplicationTests - The following profiles are active: dev
2020-08-14 15:46:50.995 [main] INFO  org.springframework.data.repository.config.RepositoryConfigurationDelegate - Multiple Spring Data modules found, entering strict repository configuration mode!
2020-08-14 15:46:51.003 [main] INFO  org.springframework.data.repository.config.RepositoryConfigurationDelegate - Bootstrapping Spring Data Redis repositories in DEFAULT mode.
2020-08-14 15:46:51.097 [main] INFO  org.springframework.data.repository.config.RepositoryConfigurationDelegate - Finished Spring Data repository scanning in 64ms. Found 0 Redis repository interfaces.
2020-08-14 15:46:51.623 [main] INFO  org.springframework.cloud.context.scope.GenericScope - BeanFactory id=74212091-54ab-3d05-a271-cd57972654c8
2020-08-14 15:46:52.207 [main] INFO  org.springframework.context.support.PostProcessorRegistrationDelegate$BeanPostProcessorChecker - Bean 'org.springframework.transaction.annotation.ProxyTransactionManagementConfiguration' of type [org.springframework.transaction.annotation.ProxyTransactionManagementConfiguration] is not eligible for getting processed by all BeanPostProcessors (for example: not eligible for auto-proxying)
2020-08-14 15:46:52.494 [main] INFO  org.springframework.context.support.PostProcessorRegistrationDelegate$BeanPostProcessorChecker - Bean 'org.springframework.cloud.autoconfigure.ConfigurationPropertiesRebinderAutoConfiguration' of type [org.springframework.cloud.autoconfigure.ConfigurationPropertiesRebinderAutoConfiguration$$EnhancerBySpringCGLIB$$da52ddb4] is not eligible for getting processed by all BeanPostProcessors (for example: not eligible for auto-proxying)
2020-08-14 15:46:52.569 [main] INFO  com.alibaba.druid.spring.boot.autoconfigure.DruidDataSourceAutoConfigure - Init DruidDataSource
2020-08-14 15:46:56.874 [main] INFO  com.alibaba.druid.pool.DruidDataSource - {dataSource-1} inited
2020-08-14 15:46:56.960 [main] INFO  org.springframework.scheduling.concurrent.ThreadPoolTaskExecutor - Initializing ExecutorService 'applicationTaskExecutor'
2020-08-14 15:47:01.181 [main] INFO  springfox.documentation.spring.web.PropertySourcedRequestMappingHandlerMapping - Mapped URL path [/v2/api-docs] onto method [springfox.documentation.swagger2.web.Swagger2Controller#getDocumentation(String, HttpServletRequest)]
2020-08-14 15:47:05.701 [main] INFO  org.springframework.cloud.commons.util.InetUtils - Cannot determine local hostname
2020-08-14 15:47:05.880 [main] INFO  springfox.documentation.spring.web.plugins.DocumentationPluginsBootstrapper - Context refreshed
2020-08-14 15:47:05.922 [main] INFO  springfox.documentation.spring.web.plugins.DocumentationPluginsBootstrapper - Found 1 custom documentation plugin(s)
2020-08-14 15:47:06.014 [main] INFO  springfox.documentation.spring.web.scanners.ApiListingReferenceScanner - Scanning for api listing references
2020-08-14 15:47:06.738 [main] INFO  com.safe.campus.SafeCampusApplicationTests - Started SafeCampusApplicationTests in 22.752 seconds (JVM running for 24.996)
2020-08-14 15:47:07.301 [SpringContextShutdownHook] INFO  org.springframework.scheduling.concurrent.ThreadPoolTaskExecutor - Shutting down ExecutorService 'applicationTaskExecutor'
2020-08-14 15:47:07.340 [SpringContextShutdownHook] INFO  com.alibaba.druid.pool.DruidDataSource - {dataSource-1} closed
2020-08-14 15:58:06.304 [main] INFO  org.springframework.boot.test.context.SpringBootTestContextBootstrapper - Neither @ContextConfiguration nor @ContextHierarchy found for test class [com.safe.campus.SafeCampusApplicationTests], using SpringBootContextLoader
2020-08-14 15:58:06.325 [main] INFO  org.springframework.test.context.support.AbstractContextLoader - Could not detect default resource locations for test class [com.safe.campus.SafeCampusApplicationTests]: no resource found for suffixes {-context.xml, Context.groovy}.
2020-08-14 15:58:06.329 [main] INFO  org.springframework.test.context.support.AnnotationConfigContextLoaderUtils - Could not detect default configuration classes for test class [com.safe.campus.SafeCampusApplicationTests]: SafeCampusApplicationTests does not declare any static, non-private, non-final, nested classes annotated with @Configuration.
2020-08-14 15:58:06.644 [main] INFO  org.springframework.boot.test.context.SpringBootTestContextBootstrapper - Found @SpringBootConfiguration com.safe.campus.SafeCampusApplication for test class com.safe.campus.SafeCampusApplicationTests
2020-08-14 15:58:06.846 [main] INFO  org.springframework.boot.test.context.SpringBootTestContextBootstrapper - Loaded default TestExecutionListener class names from location [META-INF/spring.factories]: [org.springframework.boot.test.mock.mockito.MockitoTestExecutionListener, org.springframework.boot.test.mock.mockito.ResetMocksTestExecutionListener, org.springframework.boot.test.autoconfigure.restdocs.RestDocsTestExecutionListener, org.springframework.boot.test.autoconfigure.web.client.MockRestServiceServerResetTestExecutionListener, org.springframework.boot.test.autoconfigure.web.servlet.MockMvcPrintOnlyOnFailureTestExecutionListener, org.springframework.boot.test.autoconfigure.web.servlet.WebDriverTestExecutionListener, org.springframework.test.context.web.ServletTestExecutionListener, org.springframework.test.context.support.DirtiesContextBeforeModesTestExecutionListener, org.springframework.test.context.support.DependencyInjectionTestExecutionListener, org.springframework.test.context.support.DirtiesContextTestExecutionListener, org.springframework.test.context.transaction.TransactionalTestExecutionListener, org.springframework.test.context.jdbc.SqlScriptsTestExecutionListener, org.springframework.test.context.event.EventPublishingTestExecutionListener]
2020-08-14 15:58:06.878 [main] INFO  org.springframework.boot.test.context.SpringBootTestContextBootstrapper - Using TestExecutionListeners: [org.springframework.test.context.web.ServletTestExecutionListener@1e81f160, org.springframework.test.context.support.DirtiesContextBeforeModesTestExecutionListener@1acaf3d, org.springframework.boot.test.mock.mockito.MockitoTestExecutionListener@6986852, org.springframework.boot.test.autoconfigure.SpringBootDependencyInjectionTestExecutionListener@1bab8268, org.springframework.test.context.support.DirtiesContextTestExecutionListener@a307a8c, org.springframework.test.context.transaction.TransactionalTestExecutionListener@6e01f9b0, org.springframework.test.context.jdbc.SqlScriptsTestExecutionListener@2b9ed6da, org.springframework.test.context.event.EventPublishingTestExecutionListener@6c61a903, org.springframework.boot.test.mock.mockito.ResetMocksTestExecutionListener@658c5a19, org.springframework.boot.test.autoconfigure.restdocs.RestDocsTestExecutionListener@421e361, org.springframework.boot.test.autoconfigure.web.client.MockRestServiceServerResetTestExecutionListener@59d4cd39, org.springframework.boot.test.autoconfigure.web.servlet.MockMvcPrintOnlyOnFailureTestExecutionListener@389c4eb1, org.springframework.boot.test.autoconfigure.web.servlet.WebDriverTestExecutionListener@3fc79729]
2020-08-14 15:58:09.706 [main] INFO  org.springframework.context.support.PostProcessorRegistrationDelegate$BeanPostProcessorChecker - Bean 'configurationPropertiesRebinderAutoConfiguration' of type [org.springframework.cloud.autoconfigure.ConfigurationPropertiesRebinderAutoConfiguration$$EnhancerBySpringCGLIB$$da52ddb4] is not eligible for getting processed by all BeanPostProcessors (for example: not eligible for auto-proxying)
2020-08-14 15:58:11.791 [main] INFO  com.safe.campus.SafeCampusApplicationTests - The following profiles are active: dev
2020-08-14 15:58:13.943 [main] INFO  org.springframework.data.repository.config.RepositoryConfigurationDelegate - Multiple Spring Data modules found, entering strict repository configuration mode!
2020-08-14 15:58:13.951 [main] INFO  org.springframework.data.repository.config.RepositoryConfigurationDelegate - Bootstrapping Spring Data Redis repositories in DEFAULT mode.
2020-08-14 15:58:14.051 [main] INFO  org.springframework.data.repository.config.RepositoryConfigurationDelegate - Finished Spring Data repository scanning in 72ms. Found 0 Redis repository interfaces.
2020-08-14 15:58:15.488 [main] INFO  org.springframework.cloud.context.scope.GenericScope - BeanFactory id=74212091-54ab-3d05-a271-cd57972654c8
2020-08-14 15:58:17.314 [main] INFO  org.springframework.context.support.PostProcessorRegistrationDelegate$BeanPostProcessorChecker - Bean 'org.springframework.transaction.annotation.ProxyTransactionManagementConfiguration' of type [org.springframework.transaction.annotation.ProxyTransactionManagementConfiguration] is not eligible for getting processed by all BeanPostProcessors (for example: not eligible for auto-proxying)
2020-08-14 15:58:17.790 [main] INFO  org.springframework.context.support.PostProcessorRegistrationDelegate$BeanPostProcessorChecker - Bean 'org.springframework.cloud.autoconfigure.ConfigurationPropertiesRebinderAutoConfiguration' of type [org.springframework.cloud.autoconfigure.ConfigurationPropertiesRebinderAutoConfiguration$$EnhancerBySpringCGLIB$$da52ddb4] is not eligible for getting processed by all BeanPostProcessors (for example: not eligible for auto-proxying)
2020-08-14 15:58:17.922 [main] INFO  com.alibaba.druid.spring.boot.autoconfigure.DruidDataSourceAutoConfigure - Init DruidDataSource
2020-08-14 15:58:22.683 [main] INFO  com.alibaba.druid.pool.DruidDataSource - {dataSource-1} inited
2020-08-14 15:58:22.794 [main] INFO  org.springframework.scheduling.concurrent.ThreadPoolTaskExecutor - Initializing ExecutorService 'applicationTaskExecutor'
2020-08-14 15:58:31.951 [main] INFO  springfox.documentation.spring.web.PropertySourcedRequestMappingHandlerMapping - Mapped URL path [/v2/api-docs] onto method [springfox.documentation.swagger2.web.Swagger2Controller#getDocumentation(String, HttpServletRequest)]
2020-08-14 15:58:42.650 [main] INFO  org.springframework.cloud.commons.util.InetUtils - Cannot determine local hostname
2020-08-14 15:58:42.984 [main] INFO  springfox.documentation.spring.web.plugins.DocumentationPluginsBootstrapper - Context refreshed
2020-08-14 15:58:43.596 [main] INFO  springfox.documentation.spring.web.plugins.DocumentationPluginsBootstrapper - Found 1 custom documentation plugin(s)
2020-08-14 15:58:43.757 [main] INFO  springfox.documentation.spring.web.scanners.ApiListingReferenceScanner - Scanning for api listing references
2020-08-14 15:58:45.358 [main] INFO  com.safe.campus.SafeCampusApplicationTests - Started SafeCampusApplicationTests in 38.405 seconds (JVM running for 40.538)
2020-08-14 15:58:46.119 [SpringContextShutdownHook] INFO  org.springframework.scheduling.concurrent.ThreadPoolTaskExecutor - Shutting down ExecutorService 'applicationTaskExecutor'
2020-08-14 15:58:46.209 [SpringContextShutdownHook] INFO  com.alibaba.druid.pool.DruidDataSource - {dataSource-1} closed
2020-08-14 16:41:22.004 [main] INFO  org.springframework.boot.test.context.SpringBootTestContextBootstrapper - Neither @ContextConfiguration nor @ContextHierarchy found for test class [com.safe.campus.SafeCampusApplicationTests], using SpringBootContextLoader
2020-08-14 16:41:22.040 [main] INFO  org.springframework.test.context.support.AbstractContextLoader - Could not detect default resource locations for test class [com.safe.campus.SafeCampusApplicationTests]: no resource found for suffixes {-context.xml, Context.groovy}.
2020-08-14 16:41:22.048 [main] INFO  org.springframework.test.context.support.AnnotationConfigContextLoaderUtils - Could not detect default configuration classes for test class [com.safe.campus.SafeCampusApplicationTests]: SafeCampusApplicationTests does not declare any static, non-private, non-final, nested classes annotated with @Configuration.
2020-08-14 16:41:22.368 [main] INFO  org.springframework.boot.test.context.SpringBootTestContextBootstrapper - Found @SpringBootConfiguration com.safe.campus.SafeCampusApplication for test class com.safe.campus.SafeCampusApplicationTests
2020-08-14 16:41:22.640 [main] INFO  org.springframework.boot.test.context.SpringBootTestContextBootstrapper - Loaded default TestExecutionListener class names from location [META-INF/spring.factories]: [org.springframework.boot.test.mock.mockito.MockitoTestExecutionListener, org.springframework.boot.test.mock.mockito.ResetMocksTestExecutionListener, org.springframework.boot.test.autoconfigure.restdocs.RestDocsTestExecutionListener, org.springframework.boot.test.autoconfigure.web.client.MockRestServiceServerResetTestExecutionListener, org.springframework.boot.test.autoconfigure.web.servlet.MockMvcPrintOnlyOnFailureTestExecutionListener, org.springframework.boot.test.autoconfigure.web.servlet.WebDriverTestExecutionListener, org.springframework.test.context.web.ServletTestExecutionListener, org.springframework.test.context.support.DirtiesContextBeforeModesTestExecutionListener, org.springframework.test.context.support.DependencyInjectionTestExecutionListener, org.springframework.test.context.support.DirtiesContextTestExecutionListener, org.springframework.test.context.transaction.TransactionalTestExecutionListener, org.springframework.test.context.jdbc.SqlScriptsTestExecutionListener, org.springframework.test.context.event.EventPublishingTestExecutionListener]
2020-08-14 16:41:22.714 [main] INFO  org.springframework.boot.test.context.SpringBootTestContextBootstrapper - Using TestExecutionListeners: [org.springframework.test.context.web.ServletTestExecutionListener@1e81f160, org.springframework.test.context.support.DirtiesContextBeforeModesTestExecutionListener@1acaf3d, org.springframework.boot.test.mock.mockito.MockitoTestExecutionListener@6986852, org.springframework.boot.test.autoconfigure.SpringBootDependencyInjectionTestExecutionListener@1bab8268, org.springframework.test.context.support.DirtiesContextTestExecutionListener@a307a8c, org.springframework.test.context.transaction.TransactionalTestExecutionListener@6e01f9b0, org.springframework.test.context.jdbc.SqlScriptsTestExecutionListener@2b9ed6da, org.springframework.test.context.event.EventPublishingTestExecutionListener@6c61a903, org.springframework.boot.test.mock.mockito.ResetMocksTestExecutionListener@658c5a19, org.springframework.boot.test.autoconfigure.restdocs.RestDocsTestExecutionListener@421e361, org.springframework.boot.test.autoconfigure.web.client.MockRestServiceServerResetTestExecutionListener@59d4cd39, org.springframework.boot.test.autoconfigure.web.servlet.MockMvcPrintOnlyOnFailureTestExecutionListener@389c4eb1, org.springframework.boot.test.autoconfigure.web.servlet.WebDriverTestExecutionListener@3fc79729]
2020-08-14 16:41:26.567 [main] INFO  org.springframework.context.support.PostProcessorRegistrationDelegate$BeanPostProcessorChecker - Bean 'configurationPropertiesRebinderAutoConfiguration' of type [org.springframework.cloud.autoconfigure.ConfigurationPropertiesRebinderAutoConfiguration$$EnhancerBySpringCGLIB$$da52ddb4] is not eligible for getting processed by all BeanPostProcessors (for example: not eligible for auto-proxying)
2020-08-14 16:41:28.686 [main] INFO  com.safe.campus.SafeCampusApplicationTests - The following profiles are active: dev
2020-08-14 16:41:31.004 [main] INFO  org.springframework.data.repository.config.RepositoryConfigurationDelegate - Multiple Spring Data modules found, entering strict repository configuration mode!
2020-08-14 16:41:31.015 [main] INFO  org.springframework.data.repository.config.RepositoryConfigurationDelegate - Bootstrapping Spring Data Redis repositories in DEFAULT mode.
2020-08-14 16:41:31.117 [main] INFO  org.springframework.data.repository.config.RepositoryConfigurationDelegate - Finished Spring Data repository scanning in 66ms. Found 0 Redis repository interfaces.
2020-08-14 16:41:31.869 [main] INFO  org.springframework.cloud.context.scope.GenericScope - BeanFactory id=74212091-54ab-3d05-a271-cd57972654c8
2020-08-14 16:41:32.489 [main] INFO  org.springframework.context.support.PostProcessorRegistrationDelegate$BeanPostProcessorChecker - Bean 'org.springframework.transaction.annotation.ProxyTransactionManagementConfiguration' of type [org.springframework.transaction.annotation.ProxyTransactionManagementConfiguration] is not eligible for getting processed by all BeanPostProcessors (for example: not eligible for auto-proxying)
2020-08-14 16:41:32.807 [main] INFO  org.springframework.context.support.PostProcessorRegistrationDelegate$BeanPostProcessorChecker - Bean 'org.springframework.cloud.autoconfigure.ConfigurationPropertiesRebinderAutoConfiguration' of type [org.springframework.cloud.autoconfigure.ConfigurationPropertiesRebinderAutoConfiguration$$EnhancerBySpringCGLIB$$da52ddb4] is not eligible for getting processed by all BeanPostProcessors (for example: not eligible for auto-proxying)
2020-08-14 16:41:32.898 [main] INFO  com.alibaba.druid.spring.boot.autoconfigure.DruidDataSourceAutoConfigure - Init DruidDataSource
2020-08-14 16:41:37.888 [main] INFO  com.alibaba.druid.pool.DruidDataSource - {dataSource-1} inited
2020-08-14 16:41:37.998 [main] INFO  org.springframework.scheduling.concurrent.ThreadPoolTaskExecutor - Initializing ExecutorService 'applicationTaskExecutor'
2020-08-14 16:41:42.262 [main] INFO  springfox.documentation.spring.web.PropertySourcedRequestMappingHandlerMapping - Mapped URL path [/v2/api-docs] onto method [springfox.documentation.swagger2.web.Swagger2Controller#getDocumentation(String, HttpServletRequest)]
2020-08-14 16:41:46.544 [main] INFO  org.springframework.cloud.commons.util.InetUtils - Cannot determine local hostname
2020-08-14 16:41:46.668 [main] INFO  springfox.documentation.spring.web.plugins.DocumentationPluginsBootstrapper - Context refreshed
2020-08-14 16:41:46.723 [main] INFO  springfox.documentation.spring.web.plugins.DocumentationPluginsBootstrapper - Found 1 custom documentation plugin(s)
2020-08-14 16:41:46.797 [main] INFO  springfox.documentation.spring.web.scanners.ApiListingReferenceScanner - Scanning for api listing references
2020-08-14 16:41:47.618 [main] INFO  com.safe.campus.SafeCampusApplicationTests - Started SafeCampusApplicationTests in 24.779 seconds (JVM running for 27.91)
2020-08-14 16:41:48.360 [SpringContextShutdownHook] INFO  org.springframework.scheduling.concurrent.ThreadPoolTaskExecutor - Shutting down ExecutorService 'applicationTaskExecutor'
2020-08-14 16:41:48.401 [SpringContextShutdownHook] INFO  com.alibaba.druid.pool.DruidDataSource - {dataSource-1} closed
2020-08-14 17:29:26.036 [main] INFO  org.springframework.boot.test.context.SpringBootTestContextBootstrapper - Neither @ContextConfiguration nor @ContextHierarchy found for test class [com.safe.campus.SafeCampusApplicationTests], using SpringBootContextLoader
2020-08-14 17:29:26.059 [main] INFO  org.springframework.test.context.support.AbstractContextLoader - Could not detect default resource locations for test class [com.safe.campus.SafeCampusApplicationTests]: no resource found for suffixes {-context.xml, Context.groovy}.
2020-08-14 17:29:26.062 [main] INFO  org.springframework.test.context.support.AnnotationConfigContextLoaderUtils - Could not detect default configuration classes for test class [com.safe.campus.SafeCampusApplicationTests]: SafeCampusApplicationTests does not declare any static, non-private, non-final, nested classes annotated with @Configuration.
2020-08-14 17:29:26.402 [main] INFO  org.springframework.boot.test.context.SpringBootTestContextBootstrapper - Found @SpringBootConfiguration com.safe.campus.SafeCampusApplication for test class com.safe.campus.SafeCampusApplicationTests
2020-08-14 17:29:26.688 [main] INFO  org.springframework.boot.test.context.SpringBootTestContextBootstrapper - Loaded default TestExecutionListener class names from location [META-INF/spring.factories]: [org.springframework.boot.test.mock.mockito.MockitoTestExecutionListener, org.springframework.boot.test.mock.mockito.ResetMocksTestExecutionListener, org.springframework.boot.test.autoconfigure.restdocs.RestDocsTestExecutionListener, org.springframework.boot.test.autoconfigure.web.client.MockRestServiceServerResetTestExecutionListener, org.springframework.boot.test.autoconfigure.web.servlet.MockMvcPrintOnlyOnFailureTestExecutionListener, org.springframework.boot.test.autoconfigure.web.servlet.WebDriverTestExecutionListener, org.springframework.test.context.web.ServletTestExecutionListener, org.springframework.test.context.support.DirtiesContextBeforeModesTestExecutionListener, org.springframework.test.context.support.DependencyInjectionTestExecutionListener, org.springframework.test.context.support.DirtiesContextTestExecutionListener, org.springframework.test.context.transaction.TransactionalTestExecutionListener, org.springframework.test.context.jdbc.SqlScriptsTestExecutionListener, org.springframework.test.context.event.EventPublishingTestExecutionListener]
2020-08-14 17:29:26.749 [main] INFO  org.springframework.boot.test.context.SpringBootTestContextBootstrapper - Using TestExecutionListeners: [org.springframework.test.context.web.ServletTestExecutionListener@a307a8c, org.springframework.test.context.support.DirtiesContextBeforeModesTestExecutionListener@6e01f9b0, org.springframework.boot.test.mock.mockito.MockitoTestExecutionListener@2b9ed6da, org.springframework.boot.test.autoconfigure.SpringBootDependencyInjectionTestExecutionListener@6c61a903, org.springframework.test.context.support.DirtiesContextTestExecutionListener@658c5a19, org.springframework.test.context.transaction.TransactionalTestExecutionListener@421e361, org.springframework.test.context.jdbc.SqlScriptsTestExecutionListener@59d4cd39, org.springframework.test.context.event.EventPublishingTestExecutionListener@389c4eb1, org.springframework.boot.test.mock.mockito.ResetMocksTestExecutionListener@3fc79729, org.springframework.boot.test.autoconfigure.restdocs.RestDocsTestExecutionListener@34f6515b, org.springframework.boot.test.autoconfigure.web.client.MockRestServiceServerResetTestExecutionListener@4b34fff9, org.springframework.boot.test.autoconfigure.web.servlet.MockMvcPrintOnlyOnFailureTestExecutionListener@1187c9e8, org.springframework.boot.test.autoconfigure.web.servlet.WebDriverTestExecutionListener@127a7a2e]
2020-08-14 17:29:30.979 [main] INFO  org.springframework.context.support.PostProcessorRegistrationDelegate$BeanPostProcessorChecker - Bean 'configurationPropertiesRebinderAutoConfiguration' of type [org.springframework.cloud.autoconfigure.ConfigurationPropertiesRebinderAutoConfiguration$$EnhancerBySpringCGLIB$$ddcfee86] is not eligible for getting processed by all BeanPostProcessors (for example: not eligible for auto-proxying)
2020-08-14 17:29:32.821 [main] INFO  com.safe.campus.SafeCampusApplicationTests - The following profiles are active: dev
2020-08-14 17:29:34.607 [main] INFO  org.springframework.data.repository.config.RepositoryConfigurationDelegate - Multiple Spring Data modules found, entering strict repository configuration mode!
2020-08-14 17:29:34.615 [main] INFO  org.springframework.data.repository.config.RepositoryConfigurationDelegate - Bootstrapping Spring Data Redis repositories in DEFAULT mode.
2020-08-14 17:29:34.712 [main] INFO  org.springframework.data.repository.config.RepositoryConfigurationDelegate - Finished Spring Data repository scanning in 70ms. Found 0 Redis repository interfaces.
2020-08-14 17:29:35.371 [main] INFO  org.springframework.cloud.context.scope.GenericScope - BeanFactory id=74212091-54ab-3d05-a271-cd57972654c8
2020-08-14 17:29:35.870 [main] INFO  org.springframework.context.support.PostProcessorRegistrationDelegate$BeanPostProcessorChecker - Bean 'org.springframework.transaction.annotation.ProxyTransactionManagementConfiguration' of type [org.springframework.transaction.annotation.ProxyTransactionManagementConfiguration] is not eligible for getting processed by all BeanPostProcessors (for example: not eligible for auto-proxying)
2020-08-14 17:29:36.231 [main] INFO  org.springframework.context.support.PostProcessorRegistrationDelegate$BeanPostProcessorChecker - Bean 'org.springframework.cloud.autoconfigure.ConfigurationPropertiesRebinderAutoConfiguration' of type [org.springframework.cloud.autoconfigure.ConfigurationPropertiesRebinderAutoConfiguration$$EnhancerBySpringCGLIB$$ddcfee86] is not eligible for getting processed by all BeanPostProcessors (for example: not eligible for auto-proxying)
2020-08-14 17:29:36.313 [main] INFO  com.alibaba.druid.spring.boot.autoconfigure.DruidDataSourceAutoConfigure - Init DruidDataSource
2020-08-14 17:29:40.751 [main] INFO  com.alibaba.druid.pool.DruidDataSource - {dataSource-1} inited
2020-08-14 17:29:40.887 [main] INFO  org.springframework.scheduling.concurrent.ThreadPoolTaskExecutor - Initializing ExecutorService 'applicationTaskExecutor'
2020-08-14 17:29:45.357 [main] INFO  springfox.documentation.spring.web.PropertySourcedRequestMappingHandlerMapping - Mapped URL path [/v2/api-docs] onto method [springfox.documentation.swagger2.web.Swagger2Controller#getDocumentation(String, HttpServletRequest)]
2020-08-14 17:29:49.778 [main] INFO  org.springframework.cloud.commons.util.InetUtils - Cannot determine local hostname
2020-08-14 17:29:49.896 [main] INFO  springfox.documentation.spring.web.plugins.DocumentationPluginsBootstrapper - Context refreshed
2020-08-14 17:29:49.928 [main] INFO  springfox.documentation.spring.web.plugins.DocumentationPluginsBootstrapper - Found 1 custom documentation plugin(s)
2020-08-14 17:29:49.996 [main] INFO  springfox.documentation.spring.web.scanners.ApiListingReferenceScanner - Scanning for api listing references
2020-08-14 17:29:50.699 [main] INFO  com.safe.campus.SafeCampusApplicationTests - Started SafeCampusApplicationTests in 23.847 seconds (JVM running for 27.26)
2020-08-14 17:29:51.322 [SpringContextShutdownHook] INFO  org.springframework.scheduling.concurrent.ThreadPoolTaskExecutor - Shutting down ExecutorService 'applicationTaskExecutor'
2020-08-14 17:29:51.342 [SpringContextShutdownHook] INFO  com.alibaba.druid.pool.DruidDataSource - {dataSource-1} closed
2020-08-14 19:14:33.233 [main] INFO  org.springframework.boot.test.context.SpringBootTestContextBootstrapper - Neither @ContextConfiguration nor @ContextHierarchy found for test class [com.safe.campus.SafeCampusApplicationTests], using SpringBootContextLoader
2020-08-14 19:14:33.252 [main] INFO  org.springframework.test.context.support.AbstractContextLoader - Could not detect default resource locations for test class [com.safe.campus.SafeCampusApplicationTests]: no resource found for suffixes {-context.xml, Context.groovy}.
2020-08-14 19:14:33.255 [main] INFO  org.springframework.test.context.support.AnnotationConfigContextLoaderUtils - Could not detect default configuration classes for test class [com.safe.campus.SafeCampusApplicationTests]: SafeCampusApplicationTests does not declare any static, non-private, non-final, nested classes annotated with @Configuration.
2020-08-14 19:14:33.460 [main] INFO  org.springframework.boot.test.context.SpringBootTestContextBootstrapper - Found @SpringBootConfiguration com.safe.campus.SafeCampusApplication for test class com.safe.campus.SafeCampusApplicationTests
2020-08-14 19:14:33.690 [main] INFO  org.springframework.boot.test.context.SpringBootTestContextBootstrapper - Loaded default TestExecutionListener class names from location [META-INF/spring.factories]: [org.springframework.boot.test.mock.mockito.MockitoTestExecutionListener, org.springframework.boot.test.mock.mockito.ResetMocksTestExecutionListener, org.springframework.boot.test.autoconfigure.restdocs.RestDocsTestExecutionListener, org.springframework.boot.test.autoconfigure.web.client.MockRestServiceServerResetTestExecutionListener, org.springframework.boot.test.autoconfigure.web.servlet.MockMvcPrintOnlyOnFailureTestExecutionListener, org.springframework.boot.test.autoconfigure.web.servlet.WebDriverTestExecutionListener, org.springframework.test.context.web.ServletTestExecutionListener, org.springframework.test.context.support.DirtiesContextBeforeModesTestExecutionListener, org.springframework.test.context.support.DependencyInjectionTestExecutionListener, org.springframework.test.context.support.DirtiesContextTestExecutionListener, org.springframework.test.context.transaction.TransactionalTestExecutionListener, org.springframework.test.context.jdbc.SqlScriptsTestExecutionListener, org.springframework.test.context.event.EventPublishingTestExecutionListener]
2020-08-14 19:14:33.756 [main] INFO  org.springframework.boot.test.context.SpringBootTestContextBootstrapper - Using TestExecutionListeners: [org.springframework.test.context.web.ServletTestExecutionListener@1e81f160, org.springframework.test.context.support.DirtiesContextBeforeModesTestExecutionListener@1acaf3d, org.springframework.boot.test.mock.mockito.MockitoTestExecutionListener@6986852, org.springframework.boot.test.autoconfigure.SpringBootDependencyInjectionTestExecutionListener@1bab8268, org.springframework.test.context.support.DirtiesContextTestExecutionListener@a307a8c, org.springframework.test.context.transaction.TransactionalTestExecutionListener@6e01f9b0, org.springframework.test.context.jdbc.SqlScriptsTestExecutionListener@2b9ed6da, org.springframework.test.context.event.EventPublishingTestExecutionListener@6c61a903, org.springframework.boot.test.mock.mockito.ResetMocksTestExecutionListener@658c5a19, org.springframework.boot.test.autoconfigure.restdocs.RestDocsTestExecutionListener@421e361, org.springframework.boot.test.autoconfigure.web.client.MockRestServiceServerResetTestExecutionListener@59d4cd39, org.springframework.boot.test.autoconfigure.web.servlet.MockMvcPrintOnlyOnFailureTestExecutionListener@389c4eb1, org.springframework.boot.test.autoconfigure.web.servlet.WebDriverTestExecutionListener@3fc79729]
2020-08-14 19:14:36.664 [main] INFO  org.springframework.context.support.PostProcessorRegistrationDelegate$BeanPostProcessorChecker - Bean 'configurationPropertiesRebinderAutoConfiguration' of type [org.springframework.cloud.autoconfigure.ConfigurationPropertiesRebinderAutoConfiguration$$EnhancerBySpringCGLIB$$32af85d1] is not eligible for getting processed by all BeanPostProcessors (for example: not eligible for auto-proxying)
2020-08-14 19:14:38.807 [main] INFO  com.safe.campus.SafeCampusApplicationTests - The following profiles are active: dev
2020-08-14 19:14:40.842 [main] INFO  org.springframework.data.repository.config.RepositoryConfigurationDelegate - Multiple Spring Data modules found, entering strict repository configuration mode!
2020-08-14 19:14:40.848 [main] INFO  org.springframework.data.repository.config.RepositoryConfigurationDelegate - Bootstrapping Spring Data Redis repositories in DEFAULT mode.
2020-08-14 19:14:40.946 [main] INFO  org.springframework.data.repository.config.RepositoryConfigurationDelegate - Finished Spring Data repository scanning in 67ms. Found 0 Redis repository interfaces.
2020-08-14 19:14:41.615 [main] INFO  org.springframework.cloud.context.scope.GenericScope - BeanFactory id=74212091-54ab-3d05-a271-cd57972654c8
2020-08-14 19:14:42.160 [main] INFO  org.springframework.context.support.PostProcessorRegistrationDelegate$BeanPostProcessorChecker - Bean 'org.springframework.transaction.annotation.ProxyTransactionManagementConfiguration' of type [org.springframework.transaction.annotation.ProxyTransactionManagementConfiguration] is not eligible for getting processed by all BeanPostProcessors (for example: not eligible for auto-proxying)
2020-08-14 19:14:42.577 [main] INFO  org.springframework.context.support.PostProcessorRegistrationDelegate$BeanPostProcessorChecker - Bean 'org.springframework.cloud.autoconfigure.ConfigurationPropertiesRebinderAutoConfiguration' of type [org.springframework.cloud.autoconfigure.ConfigurationPropertiesRebinderAutoConfiguration$$EnhancerBySpringCGLIB$$32af85d1] is not eligible for getting processed by all BeanPostProcessors (for example: not eligible for auto-proxying)
2020-08-14 19:14:42.663 [main] INFO  com.alibaba.druid.spring.boot.autoconfigure.DruidDataSourceAutoConfigure - Init DruidDataSource
2020-08-14 19:14:47.031 [main] INFO  com.alibaba.druid.pool.DruidDataSource - {dataSource-1} inited
2020-08-14 19:14:47.132 [main] INFO  org.springframework.scheduling.concurrent.ThreadPoolTaskExecutor - Initializing ExecutorService 'applicationTaskExecutor'
2020-08-14 19:14:51.192 [main] INFO  springfox.documentation.spring.web.PropertySourcedRequestMappingHandlerMapping - Mapped URL path [/v2/api-docs] onto method [springfox.documentation.swagger2.web.Swagger2Controller#getDocumentation(String, HttpServletRequest)]
2020-08-14 19:14:55.587 [main] INFO  org.springframework.cloud.commons.util.InetUtils - Cannot determine local hostname
2020-08-14 19:14:55.728 [main] INFO  springfox.documentation.spring.web.plugins.DocumentationPluginsBootstrapper - Context refreshed
2020-08-14 19:14:55.809 [main] INFO  springfox.documentation.spring.web.plugins.DocumentationPluginsBootstrapper - Found 1 custom documentation plugin(s)
2020-08-14 19:14:55.891 [main] INFO  springfox.documentation.spring.web.scanners.ApiListingReferenceScanner - Scanning for api listing references
2020-08-14 19:14:56.916 [main] INFO  com.safe.campus.SafeCampusApplicationTests - Started SafeCampusApplicationTests in 23.081 seconds (JVM running for 25.44)
2020-08-14 19:14:57.583 [SpringContextShutdownHook] INFO  org.springframework.scheduling.concurrent.ThreadPoolTaskExecutor - Shutting down ExecutorService 'applicationTaskExecutor'
2020-08-14 19:14:57.621 [SpringContextShutdownHook] INFO  com.alibaba.druid.pool.DruidDataSource - {dataSource-1} closed
