2020-10-20 15:38:41.095 [main] INFO  org.springframework.boot.test.context.SpringBootTestContextBootstrapper - Neither @ContextConfiguration nor @ContextHierarchy found for test class [com.data.DataServiceApplicationTests], using SpringBootContextLoader
2020-10-20 15:38:41.108 [main] INFO  org.springframework.test.context.support.AbstractContextLoader - Could not detect default resource locations for test class [com.data.DataServiceApplicationTests]: no resource found for suffixes {-context.xml, Context.groovy}.
2020-10-20 15:38:41.110 [main] INFO  org.springframework.test.context.support.AnnotationConfigContextLoaderUtils - Could not detect default configuration classes for test class [com.data.DataServiceApplicationTests]: DataServiceApplicationTests does not declare any static, non-private, non-final, nested classes annotated with @Configuration.
2020-10-20 15:38:41.299 [main] INFO  org.springframework.boot.test.context.SpringBootTestContextBootstrapper - Found @SpringBootConfiguration com.data.DataServiceApplication for test class com.data.DataServiceApplicationTests
2020-10-20 15:38:41.444 [main] INFO  org.springframework.boot.test.context.SpringBootTestContextBootstrapper - Loaded default TestExecutionListener class names from location [META-INF/spring.factories]: [org.springframework.boot.test.mock.mockito.MockitoTestExecutionListener, org.springframework.boot.test.mock.mockito.ResetMocksTestExecutionListener, org.springframework.boot.test.autoconfigure.restdocs.RestDocsTestExecutionListener, org.springframework.boot.test.autoconfigure.web.client.MockRestServiceServerResetTestExecutionListener, org.springframework.boot.test.autoconfigure.web.servlet.MockMvcPrintOnlyOnFailureTestExecutionListener, org.springframework.boot.test.autoconfigure.web.servlet.WebDriverTestExecutionListener, org.springframework.test.context.web.ServletTestExecutionListener, org.springframework.test.context.support.DirtiesContextBeforeModesTestExecutionListener, org.springframework.test.context.support.DependencyInjectionTestExecutionListener, org.springframework.test.context.support.DirtiesContextTestExecutionListener, org.springframework.test.context.transaction.TransactionalTestExecutionListener, org.springframework.test.context.jdbc.SqlScriptsTestExecutionListener, org.springframework.test.context.event.EventPublishingTestExecutionListener]
2020-10-20 15:38:41.466 [main] INFO  org.springframework.boot.test.context.SpringBootTestContextBootstrapper - Using TestExecutionListeners: [org.springframework.test.context.web.ServletTestExecutionListener@5f77d0f9, org.springframework.test.context.support.DirtiesContextBeforeModesTestExecutionListener@463fd068, org.springframework.boot.test.mock.mockito.MockitoTestExecutionListener@895e367, org.springframework.boot.test.autoconfigure.SpringBootDependencyInjectionTestExecutionListener@1b266842, org.springframework.test.context.support.DirtiesContextTestExecutionListener@7a3793c7, org.springframework.test.context.transaction.TransactionalTestExecutionListener@42b3b079, org.springframework.test.context.jdbc.SqlScriptsTestExecutionListener@651aed93, org.springframework.test.context.event.EventPublishingTestExecutionListener@4dd6fd0a, org.springframework.boot.test.mock.mockito.ResetMocksTestExecutionListener@bb9e6dc, org.springframework.boot.test.autoconfigure.restdocs.RestDocsTestExecutionListener@5456afaa, org.springframework.boot.test.autoconfigure.web.client.MockRestServiceServerResetTestExecutionListener@6692b6c6, org.springframework.boot.test.autoconfigure.web.servlet.MockMvcPrintOnlyOnFailureTestExecutionListener@1cd629b3, org.springframework.boot.test.autoconfigure.web.servlet.WebDriverTestExecutionListener@589da3f3]
2020-10-20 15:38:44.110 [main] INFO  org.springframework.context.support.PostProcessorRegistrationDelegate$BeanPostProcessorChecker - Bean 'configurationPropertiesRebinderAutoConfiguration' of type [org.springframework.cloud.autoconfigure.ConfigurationPropertiesRebinderAutoConfiguration$$EnhancerBySpringCGLIB$$f0ce81d7] is not eligible for getting processed by all BeanPostProcessors (for example: not eligible for auto-proxying)
2020-10-20 15:38:46.006 [main] INFO  com.data.DataServiceApplicationTests - The following profiles are active: dev
2020-10-20 15:38:47.078 [main] INFO  org.springframework.data.repository.config.RepositoryConfigurationDelegate - Multiple Spring Data modules found, entering strict repository configuration mode!
2020-10-20 15:38:47.086 [main] INFO  org.springframework.data.repository.config.RepositoryConfigurationDelegate - Bootstrapping Spring Data Redis repositories in DEFAULT mode.
2020-10-20 15:38:47.276 [main] INFO  org.springframework.data.repository.config.RepositoryConfigurationDelegate - Finished Spring Data repository scanning in 44ms. Found 0 Redis repository interfaces.
2020-10-20 15:38:47.848 [main] INFO  org.springframework.cloud.context.scope.GenericScope - BeanFactory id=c37e5a57-5de6-3c59-ad63-47abe28257d2
2020-10-20 15:38:48.277 [main] INFO  org.springframework.context.support.PostProcessorRegistrationDelegate$BeanPostProcessorChecker - Bean 'org.springframework.transaction.annotation.ProxyTransactionManagementConfiguration' of type [org.springframework.transaction.annotation.ProxyTransactionManagementConfiguration] is not eligible for getting processed by all BeanPostProcessors (for example: not eligible for auto-proxying)
2020-10-20 15:38:48.465 [main] INFO  org.springframework.context.support.PostProcessorRegistrationDelegate$BeanPostProcessorChecker - Bean 'org.springframework.cloud.autoconfigure.ConfigurationPropertiesRebinderAutoConfiguration' of type [org.springframework.cloud.autoconfigure.ConfigurationPropertiesRebinderAutoConfiguration$$EnhancerBySpringCGLIB$$f0ce81d7] is not eligible for getting processed by all BeanPostProcessors (for example: not eligible for auto-proxying)
2020-10-20 15:38:48.538 [main] INFO  com.alibaba.druid.spring.boot.autoconfigure.DruidDataSourceAutoConfigure - Init DruidDataSource
2020-10-20 15:38:50.149 [main] INFO  com.alibaba.druid.pool.DruidDataSource - {dataSource-1} inited
2020-10-20 15:38:52.237 [main] INFO  org.springframework.scheduling.concurrent.ThreadPoolTaskExecutor - Initializing ExecutorService 'applicationTaskExecutor'
2020-10-20 15:38:54.426 [main] INFO  org.springframework.scheduling.concurrent.ThreadPoolTaskScheduler - Initializing ExecutorService 'taskScheduler'
2020-10-20 15:38:56.369 [main] INFO  org.springframework.cloud.commons.util.InetUtils - Cannot determine local hostname
2020-10-20 15:38:56.535 [main] INFO  com.data.DataServiceApplicationTests - Started DataServiceApplicationTests in 15.016 seconds (JVM running for 16.769)
2020-10-20 15:38:57.172 [main] INFO  com.data.DataServiceApplicationTests - now========> 2020-10-20 15:38:57
2020-10-20 15:38:57.173 [main] INFO  com.data.DataServiceApplicationTests - pre========> 2020-10-20 15:37:57
2020-10-20 15:38:57.250 [SpringContextShutdownHook] INFO  org.springframework.scheduling.concurrent.ThreadPoolTaskScheduler - Shutting down ExecutorService 'taskScheduler'
2020-10-20 15:38:57.278 [SpringContextShutdownHook] INFO  org.springframework.scheduling.concurrent.ThreadPoolTaskExecutor - Shutting down ExecutorService 'applicationTaskExecutor'
2020-10-20 15:38:57.295 [SpringContextShutdownHook] INFO  com.alibaba.druid.pool.DruidDataSource - {dataSource-1} closed
