2020-09-25 16:53:40.915 [main] INFO  org.springframework.boot.test.context.SpringBootTestContextBootstrapper - Neither @ContextConfiguration nor @ContextHierarchy found for test class [com.safe.campus.SafeCampusApplicationTests], using SpringBootContextLoader
2020-09-25 16:53:40.959 [main] INFO  org.springframework.test.context.support.AbstractContextLoader - Could not detect default resource locations for test class [com.safe.campus.SafeCampusApplicationTests]: no resource found for suffixes {-context.xml, Context.groovy}.
2020-09-25 16:53:40.963 [main] INFO  org.springframework.test.context.support.AnnotationConfigContextLoaderUtils - Could not detect default configuration classes for test class [com.safe.campus.SafeCampusApplicationTests]: SafeCampusApplicationTests does not declare any static, non-private, non-final, nested classes annotated with @Configuration.
2020-09-25 16:53:41.660 [main] INFO  org.springframework.boot.test.context.SpringBootTestContextBootstrapper - Found @SpringBootConfiguration com.safe.campus.SafeCampusApplication for test class com.safe.campus.SafeCampusApplicationTests
2020-09-25 16:53:41.967 [main] INFO  org.springframework.boot.test.context.SpringBootTestContextBootstrapper - Loaded default TestExecutionListener class names from location [META-INF/spring.factories]: [org.springframework.test.context.web.ServletTestExecutionListener, org.springframework.test.context.support.DirtiesContextBeforeModesTestExecutionListener, org.springframework.test.context.support.DependencyInjectionTestExecutionListener, org.springframework.test.context.support.DirtiesContextTestExecutionListener, org.springframework.test.context.transaction.TransactionalTestExecutionListener, org.springframework.test.context.jdbc.SqlScriptsTestExecutionListener, org.springframework.test.context.event.EventPublishingTestExecutionListener, org.springframework.boot.test.mock.mockito.MockitoTestExecutionListener, org.springframework.boot.test.mock.mockito.ResetMocksTestExecutionListener, org.springframework.boot.test.autoconfigure.restdocs.RestDocsTestExecutionListener, org.springframework.boot.test.autoconfigure.web.client.MockRestServiceServerResetTestExecutionListener, org.springframework.boot.test.autoconfigure.web.servlet.MockMvcPrintOnlyOnFailureTestExecutionListener, org.springframework.boot.test.autoconfigure.web.servlet.WebDriverTestExecutionListener]
2020-09-25 16:53:41.993 [main] INFO  org.springframework.boot.test.context.SpringBootTestContextBootstrapper - Using TestExecutionListeners: [org.springframework.test.context.web.ServletTestExecutionListener@404bbcbd, org.springframework.test.context.support.DirtiesContextBeforeModesTestExecutionListener@1e81f160, org.springframework.boot.test.mock.mockito.MockitoTestExecutionListener@1acaf3d, org.springframework.boot.test.autoconfigure.SpringBootDependencyInjectionTestExecutionListener@6986852, org.springframework.test.context.support.DirtiesContextTestExecutionListener@1bab8268, org.springframework.test.context.transaction.TransactionalTestExecutionListener@a307a8c, org.springframework.test.context.jdbc.SqlScriptsTestExecutionListener@6e01f9b0, org.springframework.test.context.event.EventPublishingTestExecutionListener@2b9ed6da, org.springframework.boot.test.mock.mockito.ResetMocksTestExecutionListener@6c61a903, org.springframework.boot.test.autoconfigure.restdocs.RestDocsTestExecutionListener@658c5a19, org.springframework.boot.test.autoconfigure.web.client.MockRestServiceServerResetTestExecutionListener@421e361, org.springframework.boot.test.autoconfigure.web.servlet.MockMvcPrintOnlyOnFailureTestExecutionListener@59d4cd39, org.springframework.boot.test.autoconfigure.web.servlet.WebDriverTestExecutionListener@389c4eb1]
2020-09-25 16:53:44.788 [main] INFO  org.springframework.context.support.PostProcessorRegistrationDelegate$BeanPostProcessorChecker - Bean 'configurationPropertiesRebinderAutoConfiguration' of type [org.springframework.cloud.autoconfigure.ConfigurationPropertiesRebinderAutoConfiguration$$EnhancerBySpringCGLIB$$32af85d1] is not eligible for getting processed by all BeanPostProcessors (for example: not eligible for auto-proxying)
2020-09-25 16:53:46.825 [main] INFO  com.safe.campus.SafeCampusApplicationTests - The following profiles are active: dev
2020-09-25 16:53:49.460 [main] INFO  org.springframework.data.repository.config.RepositoryConfigurationDelegate - Multiple Spring Data modules found, entering strict repository configuration mode!
2020-09-25 16:53:49.471 [main] INFO  org.springframework.data.repository.config.RepositoryConfigurationDelegate - Bootstrapping Spring Data Redis repositories in DEFAULT mode.
2020-09-25 16:53:49.649 [main] INFO  org.springframework.data.repository.config.RepositoryConfigurationDelegate - Finished Spring Data repository scanning in 129ms. Found 0 Redis repository interfaces.
2020-09-25 16:53:50.363 [main] INFO  org.springframework.cloud.context.scope.GenericScope - BeanFactory id=ecf7aa0f-c382-363c-8a3a-99099e5f7d85
2020-09-25 16:53:51.119 [main] INFO  org.springframework.context.support.PostProcessorRegistrationDelegate$BeanPostProcessorChecker - Bean 'org.springframework.transaction.annotation.ProxyTransactionManagementConfiguration' of type [org.springframework.transaction.annotation.ProxyTransactionManagementConfiguration] is not eligible for getting processed by all BeanPostProcessors (for example: not eligible for auto-proxying)
2020-09-25 16:53:51.655 [main] INFO  org.springframework.context.support.PostProcessorRegistrationDelegate$BeanPostProcessorChecker - Bean 'org.springframework.cloud.autoconfigure.ConfigurationPropertiesRebinderAutoConfiguration' of type [org.springframework.cloud.autoconfigure.ConfigurationPropertiesRebinderAutoConfiguration$$EnhancerBySpringCGLIB$$32af85d1] is not eligible for getting processed by all BeanPostProcessors (for example: not eligible for auto-proxying)
2020-09-25 16:53:51.753 [main] INFO  com.alibaba.druid.spring.boot.autoconfigure.DruidDataSourceAutoConfigure - Init DruidDataSource
2020-09-25 16:53:56.162 [main] INFO  com.alibaba.druid.pool.DruidDataSource - {dataSource-1} inited
2020-09-25 16:53:56.280 [main] INFO  org.springframework.scheduling.concurrent.ThreadPoolTaskExecutor - Initializing ExecutorService 'applicationTaskExecutor'
2020-09-25 16:54:01.580 [main] INFO  springfox.documentation.spring.web.PropertySourcedRequestMappingHandlerMapping - Mapped URL path [/v2/api-docs] onto method [springfox.documentation.swagger2.web.Swagger2Controller#getDocumentation(String, HttpServletRequest)]
2020-09-25 16:54:06.837 [main] INFO  org.springframework.cloud.commons.util.InetUtils - Cannot determine local hostname
2020-09-25 16:54:07.067 [main] INFO  springfox.documentation.spring.web.plugins.DocumentationPluginsBootstrapper - Context refreshed
2020-09-25 16:54:07.162 [main] INFO  springfox.documentation.spring.web.plugins.DocumentationPluginsBootstrapper - Found 1 custom documentation plugin(s)
2020-09-25 16:54:07.280 [main] INFO  springfox.documentation.spring.web.scanners.ApiListingReferenceScanner - Scanning for api listing references
2020-09-25 16:54:07.887 [main] INFO  springfox.documentation.spring.web.readers.operation.CachingOperationNameGenerator - Generating unique operation named: listTeachersUsingGET_1
2020-09-25 16:54:08.568 [main] INFO  com.safe.campus.SafeCampusApplicationTests - Started SafeCampusApplicationTests in 26.479 seconds (JVM running for 30.351)
2020-09-25 16:54:09.319 [SpringContextShutdownHook] INFO  org.springframework.scheduling.concurrent.ThreadPoolTaskExecutor - Shutting down ExecutorService 'applicationTaskExecutor'
2020-09-25 16:54:09.347 [SpringContextShutdownHook] INFO  com.alibaba.druid.pool.DruidDataSource - {dataSource-1} closed
2020-09-25 19:36:09.593 [main] INFO  org.springframework.boot.test.context.SpringBootTestContextBootstrapper - Neither @ContextConfiguration nor @ContextHierarchy found for test class [com.safe.campus.SafeCampusApplicationTests], using SpringBootContextLoader
2020-09-25 19:36:09.622 [main] INFO  org.springframework.test.context.support.AbstractContextLoader - Could not detect default resource locations for test class [com.safe.campus.SafeCampusApplicationTests]: no resource found for suffixes {-context.xml, Context.groovy}.
2020-09-25 19:36:09.626 [main] INFO  org.springframework.test.context.support.AnnotationConfigContextLoaderUtils - Could not detect default configuration classes for test class [com.safe.campus.SafeCampusApplicationTests]: SafeCampusApplicationTests does not declare any static, non-private, non-final, nested classes annotated with @Configuration.
2020-09-25 19:36:09.909 [main] INFO  org.springframework.boot.test.context.SpringBootTestContextBootstrapper - Found @SpringBootConfiguration com.safe.campus.SafeCampusApplication for test class com.safe.campus.SafeCampusApplicationTests
2020-09-25 19:36:10.139 [main] INFO  org.springframework.boot.test.context.SpringBootTestContextBootstrapper - Loaded default TestExecutionListener class names from location [META-INF/spring.factories]: [org.springframework.test.context.web.ServletTestExecutionListener, org.springframework.test.context.support.DirtiesContextBeforeModesTestExecutionListener, org.springframework.test.context.support.DependencyInjectionTestExecutionListener, org.springframework.test.context.support.DirtiesContextTestExecutionListener, org.springframework.test.context.transaction.TransactionalTestExecutionListener, org.springframework.test.context.jdbc.SqlScriptsTestExecutionListener, org.springframework.test.context.event.EventPublishingTestExecutionListener, org.springframework.boot.test.mock.mockito.MockitoTestExecutionListener, org.springframework.boot.test.mock.mockito.ResetMocksTestExecutionListener, org.springframework.boot.test.autoconfigure.restdocs.RestDocsTestExecutionListener, org.springframework.boot.test.autoconfigure.web.client.MockRestServiceServerResetTestExecutionListener, org.springframework.boot.test.autoconfigure.web.servlet.MockMvcPrintOnlyOnFailureTestExecutionListener, org.springframework.boot.test.autoconfigure.web.servlet.WebDriverTestExecutionListener]
2020-09-25 19:36:10.179 [main] INFO  org.springframework.boot.test.context.SpringBootTestContextBootstrapper - Using TestExecutionListeners: [org.springframework.test.context.web.ServletTestExecutionListener@704deff2, org.springframework.test.context.support.DirtiesContextBeforeModesTestExecutionListener@379614be, org.springframework.boot.test.mock.mockito.MockitoTestExecutionListener@404bbcbd, org.springframework.boot.test.autoconfigure.SpringBootDependencyInjectionTestExecutionListener@1e81f160, org.springframework.test.context.support.DirtiesContextTestExecutionListener@1acaf3d, org.springframework.test.context.transaction.TransactionalTestExecutionListener@6986852, org.springframework.test.context.jdbc.SqlScriptsTestExecutionListener@1bab8268, org.springframework.test.context.event.EventPublishingTestExecutionListener@a307a8c, org.springframework.boot.test.mock.mockito.ResetMocksTestExecutionListener@6e01f9b0, org.springframework.boot.test.autoconfigure.restdocs.RestDocsTestExecutionListener@2b9ed6da, org.springframework.boot.test.autoconfigure.web.client.MockRestServiceServerResetTestExecutionListener@6c61a903, org.springframework.boot.test.autoconfigure.web.servlet.MockMvcPrintOnlyOnFailureTestExecutionListener@658c5a19, org.springframework.boot.test.autoconfigure.web.servlet.WebDriverTestExecutionListener@421e361]
2020-09-25 19:36:13.080 [main] INFO  org.springframework.context.support.PostProcessorRegistrationDelegate$BeanPostProcessorChecker - Bean 'configurationPropertiesRebinderAutoConfiguration' of type [org.springframework.cloud.autoconfigure.ConfigurationPropertiesRebinderAutoConfiguration$$EnhancerBySpringCGLIB$$1d06f913] is not eligible for getting processed by all BeanPostProcessors (for example: not eligible for auto-proxying)
2020-09-25 19:36:15.051 [main] INFO  com.safe.campus.SafeCampusApplicationTests - The following profiles are active: dev
2020-09-25 19:36:17.405 [main] INFO  org.springframework.data.repository.config.RepositoryConfigurationDelegate - Multiple Spring Data modules found, entering strict repository configuration mode!
2020-09-25 19:36:17.414 [main] INFO  org.springframework.data.repository.config.RepositoryConfigurationDelegate - Bootstrapping Spring Data Redis repositories in DEFAULT mode.
2020-09-25 19:36:17.580 [main] INFO  org.springframework.data.repository.config.RepositoryConfigurationDelegate - Finished Spring Data repository scanning in 128ms. Found 0 Redis repository interfaces.
2020-09-25 19:36:18.360 [main] INFO  org.springframework.cloud.context.scope.GenericScope - BeanFactory id=ecf7aa0f-c382-363c-8a3a-99099e5f7d85
2020-09-25 19:36:19.245 [main] INFO  org.springframework.context.support.PostProcessorRegistrationDelegate$BeanPostProcessorChecker - Bean 'org.springframework.transaction.annotation.ProxyTransactionManagementConfiguration' of type [org.springframework.transaction.annotation.ProxyTransactionManagementConfiguration] is not eligible for getting processed by all BeanPostProcessors (for example: not eligible for auto-proxying)
2020-09-25 19:36:19.710 [main] INFO  org.springframework.context.support.PostProcessorRegistrationDelegate$BeanPostProcessorChecker - Bean 'org.springframework.cloud.autoconfigure.ConfigurationPropertiesRebinderAutoConfiguration' of type [org.springframework.cloud.autoconfigure.ConfigurationPropertiesRebinderAutoConfiguration$$EnhancerBySpringCGLIB$$1d06f913] is not eligible for getting processed by all BeanPostProcessors (for example: not eligible for auto-proxying)
2020-09-25 19:36:19.842 [main] INFO  com.alibaba.druid.spring.boot.autoconfigure.DruidDataSourceAutoConfigure - Init DruidDataSource
2020-09-25 19:36:24.512 [main] INFO  com.alibaba.druid.pool.DruidDataSource - {dataSource-1} inited
2020-09-25 19:36:24.598 [main] INFO  org.springframework.scheduling.concurrent.ThreadPoolTaskExecutor - Initializing ExecutorService 'applicationTaskExecutor'
2020-09-25 19:36:29.775 [main] INFO  springfox.documentation.spring.web.PropertySourcedRequestMappingHandlerMapping - Mapped URL path [/v2/api-docs] onto method [springfox.documentation.swagger2.web.Swagger2Controller#getDocumentation(String, HttpServletRequest)]
2020-09-25 19:36:34.146 [main] INFO  org.springframework.cloud.commons.util.InetUtils - Cannot determine local hostname
2020-09-25 19:36:34.268 [main] INFO  springfox.documentation.spring.web.plugins.DocumentationPluginsBootstrapper - Context refreshed
2020-09-25 19:36:34.304 [main] INFO  springfox.documentation.spring.web.plugins.DocumentationPluginsBootstrapper - Found 1 custom documentation plugin(s)
2020-09-25 19:36:34.387 [main] INFO  springfox.documentation.spring.web.scanners.ApiListingReferenceScanner - Scanning for api listing references
2020-09-25 19:36:35.193 [main] INFO  springfox.documentation.spring.web.readers.operation.CachingOperationNameGenerator - Generating unique operation named: listTeachersUsingGET_1
2020-09-25 19:36:35.742 [main] INFO  com.safe.campus.SafeCampusApplicationTests - Started SafeCampusApplicationTests in 25.441 seconds (JVM running for 27.818)
2020-09-25 19:36:36.273 [SpringContextShutdownHook] INFO  org.springframework.scheduling.concurrent.ThreadPoolTaskExecutor - Shutting down ExecutorService 'applicationTaskExecutor'
2020-09-25 19:36:36.305 [SpringContextShutdownHook] INFO  com.alibaba.druid.pool.DruidDataSource - {dataSource-1} closed
