2020-10-14 17:29:09.053 [main] INFO  org.springframework.boot.test.context.SpringBootTestContextBootstrapper - Neither @ContextConfiguration nor @ContextHierarchy found for test class [com.data.DataServiceApplicationTests], using SpringBootContextLoader
2020-10-14 17:29:09.086 [main] INFO  org.springframework.test.context.support.AbstractContextLoader - Could not detect default resource locations for test class [com.data.DataServiceApplicationTests]: no resource found for suffixes {-context.xml, Context.groovy}.
2020-10-14 17:29:09.088 [main] INFO  org.springframework.test.context.support.AnnotationConfigContextLoaderUtils - Could not detect default configuration classes for test class [com.data.DataServiceApplicationTests]: DataServiceApplicationTests does not declare any static, non-private, non-final, nested classes annotated with @Configuration.
2020-10-14 17:29:09.422 [main] INFO  org.springframework.boot.test.context.SpringBootTestContextBootstrapper - Found @SpringBootConfiguration com.data.DataServiceApplication for test class com.data.DataServiceApplicationTests
2020-10-14 17:29:09.651 [main] INFO  org.springframework.boot.test.context.SpringBootTestContextBootstrapper - Loaded default TestExecutionListener class names from location [META-INF/spring.factories]: [org.springframework.boot.test.mock.mockito.MockitoTestExecutionListener, org.springframework.boot.test.mock.mockito.ResetMocksTestExecutionListener, org.springframework.boot.test.autoconfigure.restdocs.RestDocsTestExecutionListener, org.springframework.boot.test.autoconfigure.web.client.MockRestServiceServerResetTestExecutionListener, org.springframework.boot.test.autoconfigure.web.servlet.MockMvcPrintOnlyOnFailureTestExecutionListener, org.springframework.boot.test.autoconfigure.web.servlet.WebDriverTestExecutionListener, org.springframework.test.context.web.ServletTestExecutionListener, org.springframework.test.context.support.DirtiesContextBeforeModesTestExecutionListener, org.springframework.test.context.support.DependencyInjectionTestExecutionListener, org.springframework.test.context.support.DirtiesContextTestExecutionListener, org.springframework.test.context.transaction.TransactionalTestExecutionListener, org.springframework.test.context.jdbc.SqlScriptsTestExecutionListener, org.springframework.test.context.event.EventPublishingTestExecutionListener]
2020-10-14 17:29:09.709 [main] INFO  org.springframework.boot.test.context.SpringBootTestContextBootstrapper - Using TestExecutionListeners: [org.springframework.test.context.web.ServletTestExecutionListener@1cf56a1c, org.springframework.test.context.support.DirtiesContextBeforeModesTestExecutionListener@33f676f6, org.springframework.boot.test.mock.mockito.MockitoTestExecutionListener@4c5ae43b, org.springframework.boot.test.autoconfigure.SpringBootDependencyInjectionTestExecutionListener@264f218, org.springframework.test.context.support.DirtiesContextTestExecutionListener@3576ddc2, org.springframework.test.context.transaction.TransactionalTestExecutionListener@35b74c5c, org.springframework.test.context.jdbc.SqlScriptsTestExecutionListener@2e570ded, org.springframework.test.context.event.EventPublishingTestExecutionListener@b86de0d, org.springframework.boot.test.mock.mockito.ResetMocksTestExecutionListener@81d9a72, org.springframework.boot.test.autoconfigure.restdocs.RestDocsTestExecutionListener@747f281, org.springframework.boot.test.autoconfigure.web.client.MockRestServiceServerResetTestExecutionListener@1169afe1, org.springframework.boot.test.autoconfigure.web.servlet.MockMvcPrintOnlyOnFailureTestExecutionListener@2ca26d77, org.springframework.boot.test.autoconfigure.web.servlet.WebDriverTestExecutionListener@4808bc9b]
2020-10-14 17:29:14.395 [main] INFO  org.springframework.context.support.PostProcessorRegistrationDelegate$BeanPostProcessorChecker - Bean 'configurationPropertiesRebinderAutoConfiguration' of type [org.springframework.cloud.autoconfigure.ConfigurationPropertiesRebinderAutoConfiguration$$EnhancerBySpringCGLIB$$3e7edd0b] is not eligible for getting processed by all BeanPostProcessors (for example: not eligible for auto-proxying)
2020-10-14 17:29:16.310 [main] INFO  com.data.DataServiceApplicationTests - The following profiles are active: dev
2020-10-14 17:29:17.958 [main] INFO  org.springframework.data.repository.config.RepositoryConfigurationDelegate - Multiple Spring Data modules found, entering strict repository configuration mode!
2020-10-14 17:29:17.962 [main] INFO  org.springframework.data.repository.config.RepositoryConfigurationDelegate - Bootstrapping Spring Data Redis repositories in DEFAULT mode.
2020-10-14 17:29:18.007 [main] INFO  org.springframework.data.repository.config.RepositoryConfigurationDelegate - Finished Spring Data repository scanning in 16ms. Found 0 Redis repository interfaces.
2020-10-14 17:29:18.523 [main] INFO  org.springframework.cloud.context.scope.GenericScope - BeanFactory id=c37e5a57-5de6-3c59-ad63-47abe28257d2
2020-10-14 17:29:19.153 [main] INFO  org.springframework.context.support.PostProcessorRegistrationDelegate$BeanPostProcessorChecker - Bean 'org.springframework.transaction.annotation.ProxyTransactionManagementConfiguration' of type [org.springframework.transaction.annotation.ProxyTransactionManagementConfiguration] is not eligible for getting processed by all BeanPostProcessors (for example: not eligible for auto-proxying)
2020-10-14 17:29:19.422 [main] INFO  org.springframework.context.support.PostProcessorRegistrationDelegate$BeanPostProcessorChecker - Bean 'org.springframework.cloud.autoconfigure.ConfigurationPropertiesRebinderAutoConfiguration' of type [org.springframework.cloud.autoconfigure.ConfigurationPropertiesRebinderAutoConfiguration$$EnhancerBySpringCGLIB$$3e7edd0b] is not eligible for getting processed by all BeanPostProcessors (for example: not eligible for auto-proxying)
2020-10-14 17:29:19.495 [main] INFO  com.alibaba.druid.spring.boot.autoconfigure.DruidDataSourceAutoConfigure - Init DruidDataSource
2020-10-14 17:29:21.013 [main] INFO  com.alibaba.druid.pool.DruidDataSource - {dataSource-1} inited
2020-10-14 17:29:22.833 [main] INFO  org.springframework.scheduling.concurrent.ThreadPoolTaskExecutor - Initializing ExecutorService 'applicationTaskExecutor'
2020-10-14 17:29:24.993 [main] INFO  org.springframework.scheduling.concurrent.ThreadPoolTaskScheduler - Initializing ExecutorService 'taskScheduler'
2020-10-14 17:29:26.733 [main] INFO  org.springframework.cloud.commons.util.InetUtils - Cannot determine local hostname
2020-10-14 17:29:26.910 [main] INFO  com.data.DataServiceApplicationTests - Started DataServiceApplicationTests in 17.083 seconds (JVM running for 20.6)
2020-10-14 17:29:27.377 [main] INFO  com.data.DataServiceApplicationTests - now========> 2020-10-14 17:29:27
2020-10-14 17:29:27.378 [main] INFO  com.data.DataServiceApplicationTests - pre========> 2020-10-14 17:28:27
2020-10-14 17:29:27.405 [SpringContextShutdownHook] INFO  org.springframework.scheduling.concurrent.ThreadPoolTaskScheduler - Shutting down ExecutorService 'taskScheduler'
2020-10-14 17:29:27.646 [SpringContextShutdownHook] INFO  org.springframework.scheduling.concurrent.ThreadPoolTaskExecutor - Shutting down ExecutorService 'applicationTaskExecutor'
2020-10-14 17:29:27.681 [SpringContextShutdownHook] INFO  com.alibaba.druid.pool.DruidDataSource - {dataSource-1} closed
