2020-08-07 09:18:05.906 [main] INFO  com.safe.campus.SafeCampusApplication - Starting SafeCampusApplication on DESKTOP-63QBFM7 with PID 24684 (C:\Users\14256\Desktop\project\campus-parent\safe-campus\target\classes started by 14256 in C:\Users\14256\Desktop\project\campus-parent)
2020-08-07 09:18:05.913 [main] INFO  com.safe.campus.SafeCampusApplication - The following profiles are active: test
2020-08-07 09:18:07.609 [main] INFO  org.springframework.data.repository.config.RepositoryConfigurationDelegate - Multiple Spring Data modules found, entering strict repository configuration mode!
2020-08-07 09:18:07.619 [main] INFO  org.springframework.data.repository.config.RepositoryConfigurationDelegate - Bootstrapping Spring Data repositories in DEFAULT mode.
2020-08-07 09:18:07.666 [main] INFO  org.springframework.data.repository.config.RepositoryConfigurationDelegate - Finished Spring Data repository scanning in 31ms. Found 0 repository interfaces.
2020-08-07 09:18:08.075 [main] INFO  org.springframework.context.support.PostProcessorRegistrationDelegate$BeanPostProcessorChecker - Bean 'org.springframework.transaction.annotation.ProxyTransactionManagementConfiguration' of type [org.springframework.transaction.annotation.ProxyTransactionManagementConfiguration] is not eligible for getting processed by all BeanPostProcessors (for example: not eligible for auto-proxying)
2020-08-07 09:18:08.437 [main] INFO  org.springframework.boot.web.embedded.tomcat.TomcatWebServer - Tomcat initialized with port(s): 8070 (http)
2020-08-07 09:18:08.448 [main] INFO  org.apache.catalina.core.StandardService - Starting service [Tomcat]
2020-08-07 09:18:08.448 [main] INFO  org.apache.catalina.core.StandardEngine - Starting Servlet engine: [Apache Tomcat/9.0.27]
2020-08-07 09:18:08.451 [main] INFO  org.apache.catalina.core.AprLifecycleListener - An older version [1.2.21] of the APR based Apache Tomcat Native library is installed, while Tomcat recommends a minimum version of [1.2.23]
2020-08-07 09:18:08.451 [main] INFO  org.apache.catalina.core.AprLifecycleListener - Loaded APR based Apache Tomcat Native library [1.2.21] using APR version [1.6.5].
2020-08-07 09:18:08.451 [main] INFO  org.apache.catalina.core.AprLifecycleListener - APR capabilities: IPv6 [true], sendfile [true], accept filters [false], random [true].
2020-08-07 09:18:08.452 [main] INFO  org.apache.catalina.core.AprLifecycleListener - APR/OpenSSL configuration: useAprConnector [false], useOpenSSL [true]
2020-08-07 09:18:08.473 [main] INFO  org.apache.catalina.core.AprLifecycleListener - OpenSSL successfully initialized [OpenSSL 1.1.1a  20 Nov 2018]
2020-08-07 09:18:08.612 [main] INFO  org.apache.catalina.core.ContainerBase.[Tomcat].[localhost].[/] - Initializing Spring embedded WebApplicationContext
2020-08-07 09:18:08.613 [main] INFO  org.springframework.web.context.ContextLoader - Root WebApplicationContext: initialization completed in 2581 ms
2020-08-07 09:18:09.144 [main] INFO  com.alibaba.druid.spring.boot.autoconfigure.DruidDataSourceAutoConfigure - Init DruidDataSource
2020-08-07 09:18:09.601 [main] INFO  com.alibaba.druid.pool.DruidDataSource - {dataSource-1} inited
2020-08-07 09:18:11.010 [main] INFO  springfox.documentation.spring.web.PropertySourcedRequestMappingHandlerMapping - Mapped URL path [/v2/api-docs] onto method [springfox.documentation.swagger2.web.Swagger2Controller#getDocumentation(String, HttpServletRequest)]
2020-08-07 09:18:11.307 [main] INFO  org.springframework.scheduling.concurrent.ThreadPoolTaskExecutor - Initializing ExecutorService 'applicationTaskExecutor'
2020-08-07 09:18:12.297 [main] INFO  springfox.documentation.spring.web.plugins.DocumentationPluginsBootstrapper - Context refreshed
2020-08-07 09:18:12.331 [main] INFO  springfox.documentation.spring.web.plugins.DocumentationPluginsBootstrapper - Found 1 custom documentation plugin(s)
2020-08-07 09:18:12.403 [main] INFO  springfox.documentation.spring.web.scanners.ApiListingReferenceScanner - Scanning for api listing references
2020-08-07 09:18:12.883 [main] INFO  org.springframework.boot.web.embedded.tomcat.TomcatWebServer - Tomcat started on port(s): 8070 (http) with context path ''
2020-08-07 09:18:12.887 [main] INFO  com.safe.campus.SafeCampusApplication - Started SafeCampusApplication in 8.133 seconds (JVM running for 11.948)
2020-08-07 09:18:57.379 [http-nio-8070-exec-1] INFO  org.apache.catalina.core.ContainerBase.[Tomcat].[localhost].[/] - Initializing Spring DispatcherServlet 'dispatcherServlet'
2020-08-07 09:18:57.379 [http-nio-8070-exec-1] INFO  org.springframework.web.servlet.DispatcherServlet - Initializing Servlet 'dispatcherServlet'
2020-08-07 09:18:57.388 [http-nio-8070-exec-1] INFO  org.springframework.web.servlet.DispatcherServlet - Completed initialization in 9 ms
2020-08-07 18:02:39.385 [main] INFO  com.safe.campus.SafeCampusApplication - Starting SafeCampusApplication on DESKTOP-63QBFM7 with PID 22728 (C:\Users\14256\Desktop\project\campus-parent\safe-campus\target\classes started by 14256 in C:\Users\14256\Desktop\project\campus-parent)
2020-08-07 18:02:39.399 [main] INFO  com.safe.campus.SafeCampusApplication - The following profiles are active: test
2020-08-07 18:02:41.670 [main] INFO  org.springframework.data.repository.config.RepositoryConfigurationDelegate - Multiple Spring Data modules found, entering strict repository configuration mode!
2020-08-07 18:02:41.674 [main] INFO  org.springframework.data.repository.config.RepositoryConfigurationDelegate - Bootstrapping Spring Data repositories in DEFAULT mode.
2020-08-07 18:02:41.765 [main] INFO  org.springframework.data.repository.config.RepositoryConfigurationDelegate - Finished Spring Data repository scanning in 49ms. Found 0 repository interfaces.
2020-08-07 18:02:42.326 [main] INFO  org.springframework.context.support.PostProcessorRegistrationDelegate$BeanPostProcessorChecker - Bean 'org.springframework.transaction.annotation.ProxyTransactionManagementConfiguration' of type [org.springframework.transaction.annotation.ProxyTransactionManagementConfiguration] is not eligible for getting processed by all BeanPostProcessors (for example: not eligible for auto-proxying)
2020-08-07 18:02:42.769 [main] INFO  org.springframework.boot.web.embedded.tomcat.TomcatWebServer - Tomcat initialized with port(s): 8070 (http)
2020-08-07 18:02:42.785 [main] INFO  org.apache.catalina.core.StandardService - Starting service [Tomcat]
2020-08-07 18:02:42.785 [main] INFO  org.apache.catalina.core.StandardEngine - Starting Servlet engine: [Apache Tomcat/9.0.27]
2020-08-07 18:02:42.788 [main] INFO  org.apache.catalina.core.AprLifecycleListener - An older version [1.2.21] of the APR based Apache Tomcat Native library is installed, while Tomcat recommends a minimum version of [1.2.23]
2020-08-07 18:02:42.788 [main] INFO  org.apache.catalina.core.AprLifecycleListener - Loaded APR based Apache Tomcat Native library [1.2.21] using APR version [1.6.5].
2020-08-07 18:02:42.788 [main] INFO  org.apache.catalina.core.AprLifecycleListener - APR capabilities: IPv6 [true], sendfile [true], accept filters [false], random [true].
2020-08-07 18:02:42.788 [main] INFO  org.apache.catalina.core.AprLifecycleListener - APR/OpenSSL configuration: useAprConnector [false], useOpenSSL [true]
2020-08-07 18:02:42.794 [main] INFO  org.apache.catalina.core.AprLifecycleListener - OpenSSL successfully initialized [OpenSSL 1.1.1a  20 Nov 2018]
2020-08-07 18:02:42.974 [main] INFO  org.apache.catalina.core.ContainerBase.[Tomcat].[localhost].[/] - Initializing Spring embedded WebApplicationContext
2020-08-07 18:02:42.975 [main] INFO  org.springframework.web.context.ContextLoader - Root WebApplicationContext: initialization completed in 3168 ms
2020-08-07 18:02:43.463 [main] INFO  com.alibaba.druid.spring.boot.autoconfigure.DruidDataSourceAutoConfigure - Init DruidDataSource
2020-08-07 18:02:44.030 [main] INFO  com.alibaba.druid.pool.DruidDataSource - {dataSource-1} inited
2020-08-07 18:02:45.306 [main] INFO  springfox.documentation.spring.web.PropertySourcedRequestMappingHandlerMapping - Mapped URL path [/v2/api-docs] onto method [springfox.documentation.swagger2.web.Swagger2Controller#getDocumentation(String, HttpServletRequest)]
2020-08-07 18:02:45.566 [main] INFO  org.springframework.scheduling.concurrent.ThreadPoolTaskExecutor - Initializing ExecutorService 'applicationTaskExecutor'
2020-08-07 18:02:46.340 [main] INFO  springfox.documentation.spring.web.plugins.DocumentationPluginsBootstrapper - Context refreshed
2020-08-07 18:02:46.358 [main] INFO  springfox.documentation.spring.web.plugins.DocumentationPluginsBootstrapper - Found 1 custom documentation plugin(s)
2020-08-07 18:02:46.407 [main] INFO  springfox.documentation.spring.web.scanners.ApiListingReferenceScanner - Scanning for api listing references
2020-08-07 18:02:46.746 [main] INFO  org.springframework.boot.web.embedded.tomcat.TomcatWebServer - Tomcat started on port(s): 8070 (http) with context path ''
2020-08-07 18:02:46.749 [main] INFO  com.safe.campus.SafeCampusApplication - Started SafeCampusApplication in 8.253 seconds (JVM running for 10.806)
2020-08-07 18:04:57.989 [main] INFO  com.safe.campus.SafeCampusApplication - Starting SafeCampusApplication on DESKTOP-63QBFM7 with PID 19976 (C:\Users\14256\Desktop\project\campus-parent\safe-campus\target\classes started by 14256 in C:\Users\14256\Desktop\project\campus-parent)
2020-08-07 18:04:57.994 [main] INFO  com.safe.campus.SafeCampusApplication - The following profiles are active: test
2020-08-07 18:04:59.539 [main] INFO  org.springframework.data.repository.config.RepositoryConfigurationDelegate - Multiple Spring Data modules found, entering strict repository configuration mode!
2020-08-07 18:04:59.542 [main] INFO  org.springframework.data.repository.config.RepositoryConfigurationDelegate - Bootstrapping Spring Data repositories in DEFAULT mode.
2020-08-07 18:04:59.585 [main] INFO  org.springframework.data.repository.config.RepositoryConfigurationDelegate - Finished Spring Data repository scanning in 28ms. Found 0 repository interfaces.
2020-08-07 18:04:59.911 [main] INFO  org.springframework.context.support.PostProcessorRegistrationDelegate$BeanPostProcessorChecker - Bean 'org.springframework.transaction.annotation.ProxyTransactionManagementConfiguration' of type [org.springframework.transaction.annotation.ProxyTransactionManagementConfiguration] is not eligible for getting processed by all BeanPostProcessors (for example: not eligible for auto-proxying)
2020-08-07 18:05:00.166 [main] INFO  org.springframework.boot.web.embedded.tomcat.TomcatWebServer - Tomcat initialized with port(s): 8070 (http)
2020-08-07 18:05:00.175 [main] INFO  org.apache.catalina.core.StandardService - Starting service [Tomcat]
2020-08-07 18:05:00.176 [main] INFO  org.apache.catalina.core.StandardEngine - Starting Servlet engine: [Apache Tomcat/9.0.27]
2020-08-07 18:05:00.177 [main] INFO  org.apache.catalina.core.AprLifecycleListener - An older version [1.2.21] of the APR based Apache Tomcat Native library is installed, while Tomcat recommends a minimum version of [1.2.23]
2020-08-07 18:05:00.177 [main] INFO  org.apache.catalina.core.AprLifecycleListener - Loaded APR based Apache Tomcat Native library [1.2.21] using APR version [1.6.5].
2020-08-07 18:05:00.178 [main] INFO  org.apache.catalina.core.AprLifecycleListener - APR capabilities: IPv6 [true], sendfile [true], accept filters [false], random [true].
2020-08-07 18:05:00.178 [main] INFO  org.apache.catalina.core.AprLifecycleListener - APR/OpenSSL configuration: useAprConnector [false], useOpenSSL [true]
2020-08-07 18:05:00.181 [main] INFO  org.apache.catalina.core.AprLifecycleListener - OpenSSL successfully initialized [OpenSSL 1.1.1a  20 Nov 2018]
2020-08-07 18:05:00.280 [main] INFO  org.apache.catalina.core.ContainerBase.[Tomcat].[localhost].[/] - Initializing Spring embedded WebApplicationContext
2020-08-07 18:05:00.281 [main] INFO  org.springframework.web.context.ContextLoader - Root WebApplicationContext: initialization completed in 2207 ms
2020-08-07 18:05:00.594 [main] INFO  com.alibaba.druid.spring.boot.autoconfigure.DruidDataSourceAutoConfigure - Init DruidDataSource
2020-08-07 18:05:00.908 [main] INFO  com.alibaba.druid.pool.DruidDataSource - {dataSource-1} inited
2020-08-07 18:05:01.878 [main] INFO  springfox.documentation.spring.web.PropertySourcedRequestMappingHandlerMapping - Mapped URL path [/v2/api-docs] onto method [springfox.documentation.swagger2.web.Swagger2Controller#getDocumentation(String, HttpServletRequest)]
2020-08-07 18:05:02.008 [main] INFO  org.springframework.scheduling.concurrent.ThreadPoolTaskExecutor - Initializing ExecutorService 'applicationTaskExecutor'
2020-08-07 18:05:02.597 [main] INFO  springfox.documentation.spring.web.plugins.DocumentationPluginsBootstrapper - Context refreshed
2020-08-07 18:05:02.609 [main] INFO  springfox.documentation.spring.web.plugins.DocumentationPluginsBootstrapper - Found 1 custom documentation plugin(s)
2020-08-07 18:05:02.643 [main] INFO  springfox.documentation.spring.web.scanners.ApiListingReferenceScanner - Scanning for api listing references
2020-08-07 18:05:02.952 [main] INFO  org.springframework.boot.web.embedded.tomcat.TomcatWebServer - Tomcat started on port(s): 8070 (http) with context path ''
2020-08-07 18:05:02.955 [main] INFO  com.safe.campus.SafeCampusApplication - Started SafeCampusApplication in 5.725 seconds (JVM running for 7.428)
