2020-10-15 16:57:45.042 [main] INFO  org.springframework.boot.test.context.SpringBootTestContextBootstrapper - Neither @ContextConfiguration nor @ContextHierarchy found for test class [com.safe.campus.SafeCampusApplicationTests], using SpringBootContextLoader
2020-10-15 16:57:45.085 [main] INFO  org.springframework.test.context.support.AbstractContextLoader - Could not detect default resource locations for test class [com.safe.campus.SafeCampusApplicationTests]: no resource found for suffixes {-context.xml, Context.groovy}.
2020-10-15 16:57:45.090 [main] INFO  org.springframework.test.context.support.AnnotationConfigContextLoaderUtils - Could not detect default configuration classes for test class [com.safe.campus.SafeCampusApplicationTests]: SafeCampusApplicationTests does not declare any static, non-private, non-final, nested classes annotated with @Configuration.
2020-10-15 16:57:45.433 [main] INFO  org.springframework.boot.test.context.SpringBootTestContextBootstrapper - Found @SpringBootConfiguration com.safe.campus.SafeCampusApplication for test class com.safe.campus.SafeCampusApplicationTests
2020-10-15 16:57:45.680 [main] INFO  org.springframework.boot.test.context.SpringBootTestContextBootstrapper - Loaded default TestExecutionListener class names from location [META-INF/spring.factories]: [org.springframework.test.context.web.ServletTestExecutionListener, org.springframework.test.context.support.DirtiesContextBeforeModesTestExecutionListener, org.springframework.test.context.support.DependencyInjectionTestExecutionListener, org.springframework.test.context.support.DirtiesContextTestExecutionListener, org.springframework.test.context.transaction.TransactionalTestExecutionListener, org.springframework.test.context.jdbc.SqlScriptsTestExecutionListener, org.springframework.test.context.event.EventPublishingTestExecutionListener, org.springframework.boot.test.mock.mockito.MockitoTestExecutionListener, org.springframework.boot.test.mock.mockito.ResetMocksTestExecutionListener, org.springframework.boot.test.autoconfigure.restdocs.RestDocsTestExecutionListener, org.springframework.boot.test.autoconfigure.web.client.MockRestServiceServerResetTestExecutionListener, org.springframework.boot.test.autoconfigure.web.servlet.MockMvcPrintOnlyOnFailureTestExecutionListener, org.springframework.boot.test.autoconfigure.web.servlet.WebDriverTestExecutionListener]
2020-10-15 16:57:45.737 [main] INFO  org.springframework.boot.test.context.SpringBootTestContextBootstrapper - Using TestExecutionListeners: [org.springframework.test.context.web.ServletTestExecutionListener@1acaf3d, org.springframework.test.context.support.DirtiesContextBeforeModesTestExecutionListener@6986852, org.springframework.boot.test.mock.mockito.MockitoTestExecutionListener@1bab8268, org.springframework.boot.test.autoconfigure.SpringBootDependencyInjectionTestExecutionListener@a307a8c, org.springframework.test.context.support.DirtiesContextTestExecutionListener@6e01f9b0, org.springframework.test.context.transaction.TransactionalTestExecutionListener@2b9ed6da, org.springframework.test.context.jdbc.SqlScriptsTestExecutionListener@6c61a903, org.springframework.test.context.event.EventPublishingTestExecutionListener@658c5a19, org.springframework.boot.test.mock.mockito.ResetMocksTestExecutionListener@421e361, org.springframework.boot.test.autoconfigure.restdocs.RestDocsTestExecutionListener@59d4cd39, org.springframework.boot.test.autoconfigure.web.client.MockRestServiceServerResetTestExecutionListener@389c4eb1, org.springframework.boot.test.autoconfigure.web.servlet.MockMvcPrintOnlyOnFailureTestExecutionListener@3fc79729, org.springframework.boot.test.autoconfigure.web.servlet.WebDriverTestExecutionListener@34f6515b]
2020-10-15 16:57:49.547 [main] INFO  org.springframework.context.support.PostProcessorRegistrationDelegate$BeanPostProcessorChecker - Bean 'configurationPropertiesRebinderAutoConfiguration' of type [org.springframework.cloud.autoconfigure.ConfigurationPropertiesRebinderAutoConfiguration$$EnhancerBySpringCGLIB$$486af6d] is not eligible for getting processed by all BeanPostProcessors (for example: not eligible for auto-proxying)
2020-10-15 16:57:52.004 [main] INFO  com.safe.campus.SafeCampusApplicationTests - The following profiles are active: dev
2020-10-15 16:57:55.252 [main] INFO  org.springframework.data.repository.config.RepositoryConfigurationDelegate - Multiple Spring Data modules found, entering strict repository configuration mode!
2020-10-15 16:57:55.259 [main] INFO  org.springframework.data.repository.config.RepositoryConfigurationDelegate - Bootstrapping Spring Data Redis repositories in DEFAULT mode.
2020-10-15 16:57:55.443 [main] INFO  org.springframework.data.repository.config.RepositoryConfigurationDelegate - Finished Spring Data repository scanning in 154ms. Found 0 Redis repository interfaces.
2020-10-15 16:57:56.813 [main] INFO  org.springframework.cloud.context.scope.GenericScope - BeanFactory id=ecf7aa0f-c382-363c-8a3a-99099e5f7d85
2020-10-15 16:57:57.406 [main] INFO  org.springframework.context.support.PostProcessorRegistrationDelegate$BeanPostProcessorChecker - Bean 'org.springframework.transaction.annotation.ProxyTransactionManagementConfiguration' of type [org.springframework.transaction.annotation.ProxyTransactionManagementConfiguration] is not eligible for getting processed by all BeanPostProcessors (for example: not eligible for auto-proxying)
2020-10-15 16:57:57.820 [main] INFO  org.springframework.context.support.PostProcessorRegistrationDelegate$BeanPostProcessorChecker - Bean 'org.springframework.cloud.autoconfigure.ConfigurationPropertiesRebinderAutoConfiguration' of type [org.springframework.cloud.autoconfigure.ConfigurationPropertiesRebinderAutoConfiguration$$EnhancerBySpringCGLIB$$486af6d] is not eligible for getting processed by all BeanPostProcessors (for example: not eligible for auto-proxying)
2020-10-15 16:57:57.914 [main] INFO  com.alibaba.druid.spring.boot.autoconfigure.DruidDataSourceAutoConfigure - Init DruidDataSource
2020-10-15 16:58:02.894 [main] INFO  com.alibaba.druid.pool.DruidDataSource - {dataSource-1} inited
2020-10-15 16:58:02.993 [main] INFO  org.springframework.scheduling.concurrent.ThreadPoolTaskExecutor - Initializing ExecutorService 'applicationTaskExecutor'
2020-10-15 16:58:07.810 [main] INFO  springfox.documentation.spring.web.PropertySourcedRequestMappingHandlerMapping - Mapped URL path [/v2/api-docs] onto method [springfox.documentation.swagger2.web.Swagger2Controller#getDocumentation(String, HttpServletRequest)]
2020-10-15 16:58:11.739 [main] INFO  org.springframework.cloud.commons.util.InetUtils - Cannot determine local hostname
2020-10-15 16:58:11.901 [main] INFO  springfox.documentation.spring.web.plugins.DocumentationPluginsBootstrapper - Context refreshed
2020-10-15 16:58:11.966 [main] INFO  springfox.documentation.spring.web.plugins.DocumentationPluginsBootstrapper - Found 1 custom documentation plugin(s)
2020-10-15 16:58:12.063 [main] INFO  springfox.documentation.spring.web.scanners.ApiListingReferenceScanner - Scanning for api listing references
2020-10-15 16:58:12.611 [main] INFO  springfox.documentation.spring.web.readers.operation.CachingOperationNameGenerator - Generating unique operation named: listTeachersUsingGET_1
2020-10-15 16:58:13.140 [main] INFO  com.safe.campus.SafeCampusApplicationTests - Started SafeCampusApplicationTests in 27.313 seconds (JVM running for 31.139)
2020-10-15 16:58:13.860 [SpringContextShutdownHook] INFO  org.springframework.scheduling.concurrent.ThreadPoolTaskExecutor - Shutting down ExecutorService 'applicationTaskExecutor'
2020-10-15 16:58:13.876 [SpringContextShutdownHook] INFO  com.alibaba.druid.pool.DruidDataSource - {dataSource-1} closed
