2020-10-13 17:02:37.558 [main] INFO  org.springframework.boot.test.context.SpringBootTestContextBootstrapper - Neither @ContextConfiguration nor @ContextHierarchy found for test class [com.data.DataServiceApplicationTests], using SpringBootContextLoader
2020-10-13 17:02:37.576 [main] INFO  org.springframework.test.context.support.AbstractContextLoader - Could not detect default resource locations for test class [com.data.DataServiceApplicationTests]: no resource found for suffixes {-context.xml, Context.groovy}.
2020-10-13 17:02:37.579 [main] INFO  org.springframework.test.context.support.AnnotationConfigContextLoaderUtils - Could not detect default configuration classes for test class [com.data.DataServiceApplicationTests]: DataServiceApplicationTests does not declare any static, non-private, non-final, nested classes annotated with @Configuration.
2020-10-13 17:02:37.922 [main] INFO  org.springframework.boot.test.context.SpringBootTestContextBootstrapper - Found @SpringBootConfiguration com.data.DataServiceApplication for test class com.data.DataServiceApplicationTests
2020-10-13 17:02:38.289 [main] INFO  org.springframework.boot.test.context.SpringBootTestContextBootstrapper - Loaded default TestExecutionListener class names from location [META-INF/spring.factories]: [org.springframework.boot.test.mock.mockito.MockitoTestExecutionListener, org.springframework.boot.test.mock.mockito.ResetMocksTestExecutionListener, org.springframework.boot.test.autoconfigure.restdocs.RestDocsTestExecutionListener, org.springframework.boot.test.autoconfigure.web.client.MockRestServiceServerResetTestExecutionListener, org.springframework.boot.test.autoconfigure.web.servlet.MockMvcPrintOnlyOnFailureTestExecutionListener, org.springframework.boot.test.autoconfigure.web.servlet.WebDriverTestExecutionListener, org.springframework.test.context.web.ServletTestExecutionListener, org.springframework.test.context.support.DirtiesContextBeforeModesTestExecutionListener, org.springframework.test.context.support.DependencyInjectionTestExecutionListener, org.springframework.test.context.support.DirtiesContextTestExecutionListener, org.springframework.test.context.transaction.TransactionalTestExecutionListener, org.springframework.test.context.jdbc.SqlScriptsTestExecutionListener, org.springframework.test.context.event.EventPublishingTestExecutionListener]
2020-10-13 17:02:38.327 [main] INFO  org.springframework.boot.test.context.SpringBootTestContextBootstrapper - Using TestExecutionListeners: [org.springframework.test.context.web.ServletTestExecutionListener@47c81abf, org.springframework.test.context.support.DirtiesContextBeforeModesTestExecutionListener@776a6d9b, org.springframework.boot.test.mock.mockito.MockitoTestExecutionListener@21d03963, org.springframework.boot.test.autoconfigure.SpringBootDependencyInjectionTestExecutionListener@1f760b47, org.springframework.test.context.support.DirtiesContextTestExecutionListener@18ece7f4, org.springframework.test.context.transaction.TransactionalTestExecutionListener@3cce57c7, org.springframework.test.context.jdbc.SqlScriptsTestExecutionListener@1cf56a1c, org.springframework.test.context.event.EventPublishingTestExecutionListener@33f676f6, org.springframework.boot.test.mock.mockito.ResetMocksTestExecutionListener@4c5ae43b, org.springframework.boot.test.autoconfigure.restdocs.RestDocsTestExecutionListener@264f218, org.springframework.boot.test.autoconfigure.web.client.MockRestServiceServerResetTestExecutionListener@3576ddc2, org.springframework.boot.test.autoconfigure.web.servlet.MockMvcPrintOnlyOnFailureTestExecutionListener@35b74c5c, org.springframework.boot.test.autoconfigure.web.servlet.WebDriverTestExecutionListener@2e570ded]
2020-10-13 17:02:41.365 [main] INFO  org.springframework.context.support.PostProcessorRegistrationDelegate$BeanPostProcessorChecker - Bean 'configurationPropertiesRebinderAutoConfiguration' of type [org.springframework.cloud.autoconfigure.ConfigurationPropertiesRebinderAutoConfiguration$$EnhancerBySpringCGLIB$$cd0cf1e2] is not eligible for getting processed by all BeanPostProcessors (for example: not eligible for auto-proxying)
2020-10-13 17:02:43.351 [main] INFO  com.data.DataServiceApplicationTests - The following profiles are active: dev
2020-10-13 17:02:44.501 [main] INFO  org.springframework.data.repository.config.RepositoryConfigurationDelegate - Multiple Spring Data modules found, entering strict repository configuration mode!
2020-10-13 17:02:44.510 [main] INFO  org.springframework.data.repository.config.RepositoryConfigurationDelegate - Bootstrapping Spring Data Redis repositories in DEFAULT mode.
2020-10-13 17:02:44.571 [main] INFO  org.springframework.data.repository.config.RepositoryConfigurationDelegate - Finished Spring Data repository scanning in 24ms. Found 0 Redis repository interfaces.
2020-10-13 17:02:45.264 [main] INFO  org.springframework.cloud.context.scope.GenericScope - BeanFactory id=5b6cdffb-9f55-30db-8204-00ae6f5ab565
2020-10-13 17:02:45.840 [main] INFO  org.springframework.context.support.PostProcessorRegistrationDelegate$BeanPostProcessorChecker - Bean 'org.springframework.transaction.annotation.ProxyTransactionManagementConfiguration' of type [org.springframework.transaction.annotation.ProxyTransactionManagementConfiguration] is not eligible for getting processed by all BeanPostProcessors (for example: not eligible for auto-proxying)
2020-10-13 17:02:46.073 [main] INFO  org.springframework.context.support.PostProcessorRegistrationDelegate$BeanPostProcessorChecker - Bean 'org.springframework.cloud.autoconfigure.ConfigurationPropertiesRebinderAutoConfiguration' of type [org.springframework.cloud.autoconfigure.ConfigurationPropertiesRebinderAutoConfiguration$$EnhancerBySpringCGLIB$$cd0cf1e2] is not eligible for getting processed by all BeanPostProcessors (for example: not eligible for auto-proxying)
2020-10-13 17:02:46.154 [main] INFO  com.alibaba.druid.spring.boot.autoconfigure.DruidDataSourceAutoConfigure - Init DruidDataSource
2020-10-13 17:02:47.605 [main] INFO  com.alibaba.druid.pool.DruidDataSource - {dataSource-1} inited
2020-10-13 17:02:49.052 [main] INFO  org.springframework.scheduling.concurrent.ThreadPoolTaskExecutor - Initializing ExecutorService 'applicationTaskExecutor'
2020-10-13 17:02:50.935 [main] INFO  org.springframework.scheduling.concurrent.ThreadPoolTaskScheduler - Initializing ExecutorService 'taskScheduler'
2020-10-13 17:02:52.721 [main] INFO  org.springframework.cloud.commons.util.InetUtils - Cannot determine local hostname
2020-10-13 17:02:52.831 [main] INFO  com.data.DataServiceApplicationTests - Started DataServiceApplicationTests in 14.401 seconds (JVM running for 17.93)
2020-10-13 17:02:53.159 [main] INFO  com.data.DataServiceApplicationTests - now 2020-10-13 17:02:53
2020-10-13 17:02:53.163 [main] INFO  com.data.DataServiceApplicationTests - pre 2020-10-13 01:02:53
2020-10-13 17:02:53.397 [SpringContextShutdownHook] INFO  org.springframework.scheduling.concurrent.ThreadPoolTaskScheduler - Shutting down ExecutorService 'taskScheduler'
2020-10-13 17:02:53.425 [SpringContextShutdownHook] INFO  org.springframework.scheduling.concurrent.ThreadPoolTaskExecutor - Shutting down ExecutorService 'applicationTaskExecutor'
2020-10-13 17:02:53.457 [SpringContextShutdownHook] INFO  com.alibaba.druid.pool.DruidDataSource - {dataSource-1} closed
2020-10-13 17:04:50.418 [main] INFO  org.springframework.boot.test.context.SpringBootTestContextBootstrapper - Neither @ContextConfiguration nor @ContextHierarchy found for test class [com.data.DataServiceApplicationTests], using SpringBootContextLoader
2020-10-13 17:04:50.443 [main] INFO  org.springframework.test.context.support.AbstractContextLoader - Could not detect default resource locations for test class [com.data.DataServiceApplicationTests]: no resource found for suffixes {-context.xml, Context.groovy}.
2020-10-13 17:04:50.445 [main] INFO  org.springframework.test.context.support.AnnotationConfigContextLoaderUtils - Could not detect default configuration classes for test class [com.data.DataServiceApplicationTests]: DataServiceApplicationTests does not declare any static, non-private, non-final, nested classes annotated with @Configuration.
2020-10-13 17:04:50.688 [main] INFO  org.springframework.boot.test.context.SpringBootTestContextBootstrapper - Found @SpringBootConfiguration com.data.DataServiceApplication for test class com.data.DataServiceApplicationTests
2020-10-13 17:04:50.890 [main] INFO  org.springframework.boot.test.context.SpringBootTestContextBootstrapper - Loaded default TestExecutionListener class names from location [META-INF/spring.factories]: [org.springframework.boot.test.mock.mockito.MockitoTestExecutionListener, org.springframework.boot.test.mock.mockito.ResetMocksTestExecutionListener, org.springframework.boot.test.autoconfigure.restdocs.RestDocsTestExecutionListener, org.springframework.boot.test.autoconfigure.web.client.MockRestServiceServerResetTestExecutionListener, org.springframework.boot.test.autoconfigure.web.servlet.MockMvcPrintOnlyOnFailureTestExecutionListener, org.springframework.boot.test.autoconfigure.web.servlet.WebDriverTestExecutionListener, org.springframework.test.context.web.ServletTestExecutionListener, org.springframework.test.context.support.DirtiesContextBeforeModesTestExecutionListener, org.springframework.test.context.support.DependencyInjectionTestExecutionListener, org.springframework.test.context.support.DirtiesContextTestExecutionListener, org.springframework.test.context.transaction.TransactionalTestExecutionListener, org.springframework.test.context.jdbc.SqlScriptsTestExecutionListener, org.springframework.test.context.event.EventPublishingTestExecutionListener]
2020-10-13 17:04:50.938 [main] INFO  org.springframework.boot.test.context.SpringBootTestContextBootstrapper - Using TestExecutionListeners: [org.springframework.test.context.web.ServletTestExecutionListener@47c81abf, org.springframework.test.context.support.DirtiesContextBeforeModesTestExecutionListener@776a6d9b, org.springframework.boot.test.mock.mockito.MockitoTestExecutionListener@21d03963, org.springframework.boot.test.autoconfigure.SpringBootDependencyInjectionTestExecutionListener@1f760b47, org.springframework.test.context.support.DirtiesContextTestExecutionListener@18ece7f4, org.springframework.test.context.transaction.TransactionalTestExecutionListener@3cce57c7, org.springframework.test.context.jdbc.SqlScriptsTestExecutionListener@1cf56a1c, org.springframework.test.context.event.EventPublishingTestExecutionListener@33f676f6, org.springframework.boot.test.mock.mockito.ResetMocksTestExecutionListener@4c5ae43b, org.springframework.boot.test.autoconfigure.restdocs.RestDocsTestExecutionListener@264f218, org.springframework.boot.test.autoconfigure.web.client.MockRestServiceServerResetTestExecutionListener@3576ddc2, org.springframework.boot.test.autoconfigure.web.servlet.MockMvcPrintOnlyOnFailureTestExecutionListener@35b74c5c, org.springframework.boot.test.autoconfigure.web.servlet.WebDriverTestExecutionListener@2e570ded]
2020-10-13 17:04:55.466 [main] INFO  org.springframework.context.support.PostProcessorRegistrationDelegate$BeanPostProcessorChecker - Bean 'configurationPropertiesRebinderAutoConfiguration' of type [org.springframework.cloud.autoconfigure.ConfigurationPropertiesRebinderAutoConfiguration$$EnhancerBySpringCGLIB$$cd0cf1e2] is not eligible for getting processed by all BeanPostProcessors (for example: not eligible for auto-proxying)
2020-10-13 17:04:57.604 [main] INFO  com.data.DataServiceApplicationTests - The following profiles are active: dev
2020-10-13 17:04:58.885 [main] INFO  org.springframework.data.repository.config.RepositoryConfigurationDelegate - Multiple Spring Data modules found, entering strict repository configuration mode!
2020-10-13 17:04:58.892 [main] INFO  org.springframework.data.repository.config.RepositoryConfigurationDelegate - Bootstrapping Spring Data Redis repositories in DEFAULT mode.
2020-10-13 17:04:58.956 [main] INFO  org.springframework.data.repository.config.RepositoryConfigurationDelegate - Finished Spring Data repository scanning in 21ms. Found 0 Redis repository interfaces.
2020-10-13 17:04:59.777 [main] INFO  org.springframework.cloud.context.scope.GenericScope - BeanFactory id=5b6cdffb-9f55-30db-8204-00ae6f5ab565
2020-10-13 17:05:00.315 [main] INFO  org.springframework.context.support.PostProcessorRegistrationDelegate$BeanPostProcessorChecker - Bean 'org.springframework.transaction.annotation.ProxyTransactionManagementConfiguration' of type [org.springframework.transaction.annotation.ProxyTransactionManagementConfiguration] is not eligible for getting processed by all BeanPostProcessors (for example: not eligible for auto-proxying)
2020-10-13 17:05:00.653 [main] INFO  org.springframework.context.support.PostProcessorRegistrationDelegate$BeanPostProcessorChecker - Bean 'org.springframework.cloud.autoconfigure.ConfigurationPropertiesRebinderAutoConfiguration' of type [org.springframework.cloud.autoconfigure.ConfigurationPropertiesRebinderAutoConfiguration$$EnhancerBySpringCGLIB$$cd0cf1e2] is not eligible for getting processed by all BeanPostProcessors (for example: not eligible for auto-proxying)
2020-10-13 17:05:00.727 [main] INFO  com.alibaba.druid.spring.boot.autoconfigure.DruidDataSourceAutoConfigure - Init DruidDataSource
2020-10-13 17:05:02.057 [main] INFO  com.alibaba.druid.pool.DruidDataSource - {dataSource-1} inited
2020-10-13 17:05:03.646 [main] INFO  org.springframework.scheduling.concurrent.ThreadPoolTaskExecutor - Initializing ExecutorService 'applicationTaskExecutor'
2020-10-13 17:05:05.683 [main] INFO  org.springframework.scheduling.concurrent.ThreadPoolTaskScheduler - Initializing ExecutorService 'taskScheduler'
2020-10-13 17:05:07.554 [main] INFO  org.springframework.cloud.commons.util.InetUtils - Cannot determine local hostname
2020-10-13 17:05:07.684 [main] INFO  com.data.DataServiceApplicationTests - Started DataServiceApplicationTests in 16.657 seconds (JVM running for 19.496)
2020-10-13 17:05:08.055 [main] INFO  com.data.DataServiceApplicationTests - now 2020-10-13 17:05:08
2020-10-13 17:05:08.057 [main] INFO  com.data.DataServiceApplicationTests - pre 2020-10-13 17:04:08
2020-10-13 17:05:08.354 [SpringContextShutdownHook] INFO  org.springframework.scheduling.concurrent.ThreadPoolTaskScheduler - Shutting down ExecutorService 'taskScheduler'
2020-10-13 17:05:08.381 [SpringContextShutdownHook] INFO  org.springframework.scheduling.concurrent.ThreadPoolTaskExecutor - Shutting down ExecutorService 'applicationTaskExecutor'
2020-10-13 17:05:08.404 [SpringContextShutdownHook] INFO  com.alibaba.druid.pool.DruidDataSource - {dataSource-1} closed
